Slot size is 40 ms.
Time adaption is on.

Listening on port 15002 (lo, 127.0.0.1), joined 225.10.1.2
   ========= Frame: 1421134962  ==================
 1421134962026 (slot  1): received 'team 02-21' A next slot: 13 TX: 1421134962026 (0 / 0)
 1421134962026 (slot  1): received 'team 02-12' A next slot: 14 TX: 1421134962026 (0 / 0)
    >>>> collides with previous packet. (Frame: 1421134962)
 1421134962146 (slot  4): received 'team 02-20' A next slot: 20 TX: 1421134962146 (0 / 0)
 1421134962187 (slot  5): received 'team 02-22' A next slot: 23 TX: 1421134962187 (0 / 0)
 1421134962386 (slot 10): received 'team 02-04' A next slot: 15 TX: 1421134962386 (0 / 0)
 1421134962426 (slot 11): received 'team 02-16' A next slot:  5 TX: 1421134962426 (0 / 0)
 1421134962506 (slot 13): received 'team 02-01' A next slot:  4 TX: 1421134962506 (0 / 0)
 1421134962506 (slot 13): received 'team 02-11' A next slot:  2 TX: 1421134962506 (0 / 0)
    >>>> collides with previous packet. (Frame: 1421134962)
 1421134962546 (slot 14): received 'team 02-19' A next slot:  2 TX: 1421134962546 (0 / 0)
 1421134962546 (slot 14): received 'team 02-10' A next slot: 17 TX: 1421134962546 (0 / 0)
    >>>> collides with previous packet. (Frame: 1421134962)
 1421134962586 (slot 15): received 'team 02-02' A next slot: 16 TX: 1421134962586 (0 / 0)
 1421134962626 (slot 16): received 'team 02-08' A next slot:  7 TX: 1421134962626 (0 / 0)
 1421134962706 (slot 18): received 'team 02-07' A next slot:  6 TX: 1421134962706 (0 / 0)
 1421134962786 (slot 20): received 'team 02-03' A next slot: 21 TX: 1421134962786 (0 / 0)
 1421134962826 (slot 21): received 'team 02-13' A next slot: 12 TX: 1421134962826 (0 / 0)
 1421134962866 (slot 22): received 'team 02-09' A next slot: 10 TX: 1421134962866 (0 / 0)
 1421134962986 (slot 25): received 'team 02-06' A next slot: 24 TX: 1421134962986 (0 / 0)
 1421134962986 (slot 25): received 'team 02-17' A next slot: 24 TX: 1421134962986 (0 / 0)
    >>>> collides with previous packet. (Frame: 1421134962)
   ========= Frame: 1421134963  ==================
 1421134963026 (slot  1): received 'team 02-06' A next slot: 15 TX: 1421134963026 (0 / 0)
 1421134963026 (slot  1): received 'team 02-15' A next slot: 18 TX: 1421134963026 (0 / 0)
    >>>> collides with previous packet. (Frame: 1421134963)
 1421134963146 (slot  4): received 'team 02-11' A next slot: 24 TX: 1421134963146 (0 / 0)
 1421134963146 (slot  4): received 'team 02-24' A next slot: 21 TX: 1421134963146 (0 / 0)
    >>>> collides with previous packet. (Frame: 1421134963)
 1421134963146 (slot  4): received 'team 02-23' A next slot: 21 TX: 1421134963146 (0 / 0)
    >>>> collides with previous packet. (Frame: 1421134963)
 1421134963226 (slot  6): received 'team 02-16' A next slot: 20 TX: 1421134963226 (0 / 0)
 1421134963266 (slot  7): received 'team 02-07' A next slot:  8 TX: 1421134963266 (0 / 0)
 1421134963306 (slot  8): received 'team 02-08' A next slot:  4 TX: 1421134963306 (0 / 0)
 1421134963346 (slot  9): received 'team 02-12' A next slot:  5 TX: 1421134963346 (0 / 0)
 1421134963426 (slot 11): received 'team 02-09' A next slot: 19 TX: 1421134963426 (0 / 0)
 1421134963466 (slot 12): received 'team 02-21' A next slot:  3 TX: 1421134963466 (0 / 0)
 1421134963466 (slot 12): received 'team 02-18' A next slot: 10 TX: 1421134963466 (0 / 0)
    >>>> collides with previous packet. (Frame: 1421134963)
 1421134963506 (slot 13): received 'team 02-13' A next slot:  3 TX: 1421134963506 (0 / 0)
 1421134963546 (slot 14): received 'team 02-25' A next slot: 18 TX: 1421134963546 (0 / 0)
 1421134963626 (slot 16): received 'team 02-04' A next slot: 16 TX: 1421134963626 (0 / 0)
 1421134963666 (slot 17): received 'team 02-02' A next slot: 23 TX: 1421134963666 (0 / 0)
 1421134963706 (slot 18): received 'team 02-01' A next slot: 15 TX: 1421134963706 (0 / 0)
 1421134963706 (slot 18): received 'team 02-10' A next slot: 13 TX: 1421134963706 (0 / 0)
    >>>> collides with previous packet. (Frame: 1421134963)
 1421134963746 (slot 19): received 'team 02-17' A next slot: 12 TX: 1421134963746 (0 / 0)
 1421134963786 (slot 20): received 'team 02-05' A next slot: 22 TX: 1421134963786 (0 / 0)
 1421134963826 (slot 21): received 'team 02-20' A next slot: 21 TX: 1421134963826 (0 / 0)
 1421134963866 (slot 22): received 'team 02-03' A next slot: 11 TX: 1421134963866 (0 / 0)
 1421134963906 (slot 23): received 'team 02-19' A next slot: 24 TX: 1421134963906 (0 / 0)
 1421134963946 (slot 24): received 'team 02-22' A next slot:  7 TX: 1421134963946 (0 / 0)
 1421134963986 (slot 25): received 'team 02-14' A next slot:  2 TX: 1421134963986 (0 / 0)
   ========= Frame: 1421134964  ==================
 1421134964026 (slot  1): received 'team 02-01' A next slot: 22 TX: 1421134964026 (0 / 0)
 1421134964066 (slot  2): received 'team 02-18' A next slot:  4 TX: 1421134964066 (0 / 0)
 1421134964066 (slot  2): received 'team 02-06' A next slot:  7 TX: 1421134964066 (0 / 0)
    >>>> collides with previous packet. (Frame: 1421134964)
 1421134964066 (slot  2): received 'team 02-11' A next slot: 18 TX: 1421134964066 (0 / 0)
    >>>> collides with previous packet. (Frame: 1421134964)
 1421134964106 (slot  3): received 'team 02-14' A next slot: 15 TX: 1421134964106 (0 / 0)
 1421134964146 (slot  4): received 'team 02-13' A next slot: 20 TX: 1421134964146 (0 / 0)
 1421134964186 (slot  5): received 'team 02-08' A next slot: 21 TX: 1421134964186 (0 / 0)
 1421134964226 (slot  6): received 'team 02-12' A next slot:  2 TX: 1421134964226 (0 / 0)
 1421134964306 (slot  8): received 'team 02-22' A next slot:  5 TX: 1421134964306 (0 / 0)
 1421134964346 (slot  9): received 'team 02-07' A next slot: 18 TX: 1421134964346 (0 / 0)
 1421134964466 (slot 12): received 'team 02-03' A next slot:  3 TX: 1421134964466 (0 / 0)
 1421134964509 (slot 13): received 'team 02-17' A next slot: 19 TX: 1421134964509 (0 / 0)
 1421134964546 (slot 14): received 'team 02-23' A next slot: 11 TX: 1421134964546 (0 / 0)
 1421134964546 (slot 14): received 'team 02-15' A next slot: 14 TX: 1421134964546 (0 / 0)
    >>>> collides with previous packet. (Frame: 1421134964)
 1421134964586 (slot 15): received 'team 02-24' A next slot: 10 TX: 1421134964586 (0 / 0)
 1421134964586 (slot 15): received 'team 02-21' A next slot: 10 TX: 1421134964586 (0 / 0)
    >>>> collides with previous packet. (Frame: 1421134964)
 1421134964666 (slot 17): received 'team 02-04' A next slot: 23 TX: 1421134964666 (0 / 0)
 1421134964706 (slot 18): received 'team 02-10' A next slot: 10 TX: 1421134964706 (0 / 0)
 1421134964746 (slot 19): received 'team 02-25' A next slot: 13 TX: 1421134964746 (0 / 0)
 1421134964786 (slot 20): received 'team 02-09' A next slot:  9 TX: 1421134964786 (0 / 0)
 1421134964826 (slot 21): received 'team 02-16' A next slot:  0 TX: 1421134964826 (0 / 0)
 1421134964866 (slot 22): received 'team 02-20' A next slot:  6 TX: 1421134964866 (0 / 0)
 1421134964906 (slot 23): received 'team 02-05' A next slot: 11 TX: 1421134964906 (0 / 0)
 1421134964949 (slot 24): received 'team 02-02' A next slot: 12 TX: 1421134964949 (0 / 0)
 1421134964986 (slot 25): received 'team 02-19' A next slot:  4 TX: 1421134964986 (0 / 0)
   ========= Frame: 1421134965  ==================
 1421134965026 (slot  1): received 'team 02-16' A next slot: 19 TX: 1421134965026 (0 / 0)
 1421134965066 (slot  2): received 'team 02-24' A next slot: 23 TX: 1421134965066 (0 / 0)
 1421134965109 (slot  3): received 'team 02-12' A next slot: 15 TX: 1421134965109 (0 / 0)
 1421134965149 (slot  4): received 'team 02-03' A next slot:  4 TX: 1421134965149 (0 / 0)
 1421134965186 (slot  5): received 'team 02-19' A next slot:  5 TX: 1421134965186 (0 / 0)
 1421134965226 (slot  6): received 'team 02-22' A next slot:  2 TX: 1421134965226 (0 / 0)
 1421134965266 (slot  7): received 'team 02-20' A next slot:  9 TX: 1421134965266 (0 / 0)
 1421134965306 (slot  8): received 'team 02-15' A next slot: 12 TX: 1421134965306 (0 / 0)
 1421134965306 (slot  8): received 'team 02-23' A next slot: 14 TX: 1421134965306 (0 / 0)
    >>>> collides with previous packet. (Frame: 1421134965)
 1421134965386 (slot 10): received 'team 02-09' A next slot: 16 TX: 1421134965386 (0 / 0)
 1421134965426 (slot 11): received 'team 02-10' A next slot: 10 TX: 1421134965426 (0 / 0)
 1421134965467 (slot 12): received 'team 02-05' A next slot: 22 TX: 1421134965467 (0 / 0)
 1421134965506 (slot 13): received 'team 02-02' A next slot: 24 TX: 1421134965506 (0 / 0)
 1421134965546 (slot 14): received 'team 02-25' A next slot: 11 TX: 1421134965546 (0 / 0)
 1421134965587 (slot 15): received 'team 02-18' A next slot:  8 TX: 1421134965587 (0 / 0)
 1421134965626 (slot 16): received 'team 02-14' A next slot:  0 TX: 1421134965626 (0 / 0)
 1421134965706 (slot 18): received 'team 02-06' A next slot:  7 TX: 1421134965706 (0 / 0)
 1421134965706 (slot 18): received 'team 02-11' A next slot: 20 TX: 1421134965706 (0 / 0)
    >>>> collides with previous packet. (Frame: 1421134965)
 1421134965746 (slot 19): received 'team 02-07' A next slot:  7 TX: 1421134965746 (0 / 0)
 1421134965786 (slot 20): received 'team 02-17' A next slot:  1 TX: 1421134965786 (0 / 0)
 1421134965826 (slot 21): received 'team 02-13' A next slot: 12 TX: 1421134965826 (0 / 0)
 1421134965866 (slot 22): received 'team 02-08' A next slot:  3 TX: 1421134965866 (0 / 0)
 1421134965911 (slot 23): received 'team 02-01' A next slot: 18 TX: 1421134965911 (0 / 0)
 1421134965946 (slot 24): received 'team 02-04' A next slot: 21 TX: 1421134965946 (0 / 0)
 1421134965986 (slot 25): received 'team 02-21' A next slot: 20 TX: 1421134965986 (0 / 0)
   ========= Frame: 1421134966  ==================
 1421134966026 (slot  1): received 'team 02-14' A next slot: 21 TX: 1421134966026 (0 / 0)
 1421134966066 (slot  2): received 'team 02-17' A next slot: 19 TX: 1421134966066 (0 / 0)
 1421134966106 (slot  3): received 'team 02-22' A next slot: 18 TX: 1421134966106 (0 / 0)
 1421134966146 (slot  4): received 'team 02-08' A next slot: 14 TX: 1421134966146 (0 / 0)
 1421134966190 (slot  5): received 'team 02-03' A next slot:  9 TX: 1421134966190 (0 / 0)
 1421134966226 (slot  6): received 'team 02-19' A next slot:  7 TX: 1421134966226 (0 / 0)
 1421134966266 (slot  7): received 'team 02-15' A next slot:  3 TX: 1421134966266 (0 / 0)
 1421134966307 (slot  8): received 'team 02-07' A next slot: 11 TX: 1421134966307 (0 / 0)
 1421134966346 (slot  9): received 'team 02-18' A next slot: 15 TX: 1421134966346 (0 / 0)
 1421134966386 (slot 10): received 'team 02-20' A next slot:  8 TX: 1421134966386 (0 / 0)
 1421134966426 (slot 11): received 'team 02-10' A next slot: 22 TX: 1421134966426 (0 / 0)
 1421134966466 (slot 12): received 'team 02-25' A next slot:  0 TX: 1421134966466 (0 / 0)
 1421134966510 (slot 13): received 'team 02-13' A next slot: 10 TX: 1421134966510 (0 / 0)
 1421134966546 (slot 14): received 'team 02-11' A next slot: 20 TX: 1421134966546 (0 / 0)
 1421134966548 (slot 14): received 'team 02-06' A next slot: 12 TX: 1421134966548 (0 / 0)
    >>>> collides with previous packet. (Frame: 1421134966)
 1421134966626 (slot 16): received 'team 02-12' A next slot:  1 TX: 1421134966626 (0 / 0)
 1421134966666 (slot 17): received 'team 02-09' A next slot: 20 TX: 1421134966666 (0 / 0)
 1421134966706 (slot 18): received 'team 02-23' A next slot: 12 TX: 1421134966706 (0 / 0)
 1421134966749 (slot 19): received 'team 02-01' A next slot: 17 TX: 1421134966748 (1 / 0)
 1421134966787 (slot 20): received 'team 02-16' A next slot:  2 TX: 1421134966787 (0 / 0)
 1421134966826 (slot 21): received 'team 02-21' A next slot:  6 TX: 1421134966826 (0 / 0)
 1421134966866 (slot 22): received 'team 02-04' A next slot: 16 TX: 1421134966866 (0 / 0)
 1421134966907 (slot 23): received 'team 02-05' A next slot: 24 TX: 1421134966907 (0 / 0)
 1421134966946 (slot 24): received 'team 02-24' A next slot: 23 TX: 1421134966946 (0 / 0)
 1421134966986 (slot 25): received 'team 02-02' A next slot:  5 TX: 1421134966986 (0 / 0)
   ========= Frame: 1421134967  ==================
 1421134967026 (slot  1): received 'team 02-25' A next slot: 23 TX: 1421134967026 (0 / 0)
 1421134967066 (slot  2): received 'team 02-12' A next slot: 19 TX: 1421134967066 (0 / 0)
 1421134967106 (slot  3): received 'team 02-16' A next slot:  5 TX: 1421134967106 (0 / 0)
 1421134967147 (slot  4): received 'team 02-15' A next slot: 24 TX: 1421134967147 (0 / 0)
 1421134967186 (slot  5): received 'team 02-11' A next slot:  7 TX: 1421134967186 (0 / 0)
 1421134967186 (slot  5): received 'team 02-06' A next slot:  7 TX: 1421134967186 (0 / 0)
    >>>> collides with previous packet. (Frame: 1421134967)
 1421134967226 (slot  6): received 'team 02-02' A next slot: 17 TX: 1421134967226 (0 / 0)
 1421134967266 (slot  7): received 'team 02-21' A next slot:  3 TX: 1421134967266 (0 / 0)
 1421134967306 (slot  8): received 'team 02-19' A next slot:  8 TX: 1421134967306 (0 / 0)
 1421134967346 (slot  9): received 'team 02-20' A next slot: 20 TX: 1421134967346 (0 / 0)
 1421134967386 (slot 10): received 'team 02-03' A next slot:  7 TX: 1421134967386 (0 / 0)
 1421134967426 (slot 11): received 'team 02-13' A next slot: 21 TX: 1421134967426 (0 / 0)
 1421134967466 (slot 12): received 'team 02-07' A next slot:  4 TX: 1421134967466 (0 / 0)
 1421134967506 (slot 13): received 'team 02-23' A next slot: 12 TX: 1421134967506 (0 / 0)
 1421134967586 (slot 15): received 'team 02-08' A next slot: 22 TX: 1421134967586 (0 / 0)
 1421134967626 (slot 16): received 'team 02-18' A next slot:  9 TX: 1421134967626 (0 / 0)
 1421134967666 (slot 17): received 'team 02-04' A next slot: 13 TX: 1421134967666 (0 / 0)
 1421134967707 (slot 18): received 'team 02-01' A next slot: 15 TX: 1421134967707 (0 / 0)
 1421134967746 (slot 19): received 'team 02-22' A next slot:  6 TX: 1421134967746 (0 / 0)
 1421134967788 (slot 20): received 'team 02-17' A next slot:  0 TX: 1421134967787 (1 / 0)
 1421134967826 (slot 21): received 'team 02-09' A next slot: 10 TX: 1421134967826 (0 / 0)
 1421134967866 (slot 22): received 'team 02-14' A next slot:  2 TX: 1421134967866 (0 / 0)
 1421134967906 (slot 23): received 'team 02-10' A next slot: 14 TX: 1421134967906 (0 / 0)
 1421134967946 (slot 24): received 'team 02-24' A next slot: 18 TX: 1421134967946 (0 / 0)
 1421134967990 (slot 25): received 'team 02-05' A next slot: 16 TX: 1421134967989 (1 / 0)
   ========= Frame: 1421134968  ==================
 1421134968026 (slot  1): received 'team 02-17' A next slot: 20 TX: 1421134968026 (0 / 0)
 1421134968066 (slot  2): received 'team 02-11' A next slot: 21 TX: 1421134968066 (0 / 0)
 1421134968106 (slot  3): received 'team 02-14' A next slot:  0 TX: 1421134968106 (0 / 0)
 1421134968146 (slot  4): received 'team 02-21' A next slot: 11 TX: 1421134968146 (0 / 0)
 1421134968186 (slot  5): received 'team 02-07' A next slot:  6 TX: 1421134968186 (0 / 0)
 1421134968229 (slot  6): received 'team 02-16' A next slot: 22 TX: 1421134968228 (1 / 0)
 1421134968266 (slot  7): received 'team 02-22' A next slot:  2 TX: 1421134968266 (0 / 0)
 1421134968307 (slot  8): received 'team 02-03' A next slot: 15 TX: 1421134968306 (1 / 0)
 1421134968349 (slot  9): received 'team 02-19' A next slot: 18 TX: 1421134968349 (0 / 0)
 1421134968386 (slot 10): received 'team 02-18' A next slot: 12 TX: 1421134968386 (0 / 0)
 1421134968426 (slot 11): received 'team 02-09' A next slot: 17 TX: 1421134968426 (0 / 0)
 1421134968466 (slot 12): received 'team 02-06' A next slot: 23 TX: 1421134968466 (0 / 0)
 1421134968506 (slot 13): received 'team 02-23' A next slot: 13 TX: 1421134968506 (0 / 0)
 1421134968546 (slot 14): received 'team 02-04' A next slot:  4 TX: 1421134968546 (0 / 0)
 1421134968586 (slot 15): received 'team 02-10' A next slot:  3 TX: 1421134968586 (0 / 0)
 1421134968626 (slot 16): received 'team 02-01' A next slot:  5 TX: 1421134968626 (0 / 0)
 1421134968666 (slot 17): received 'team 02-05' A next slot:  9 TX: 1421134968666 (0 / 0)
 1421134968706 (slot 18): received 'team 02-02' A next slot:  7 TX: 1421134968706 (0 / 0)
 1421134968746 (slot 19): received 'team 02-24' A next slot: 16 TX: 1421134968746 (0 / 0)
 1421134968786 (slot 20): received 'team 02-12' A next slot: 14 TX: 1421134968786 (0 / 0)
 1421134968826 (slot 21): received 'team 02-20' A next slot:  1 TX: 1421134968826 (0 / 0)
 1421134968866 (slot 22): received 'team 02-13' A next slot: 10 TX: 1421134968866 (0 / 0)
 1421134968906 (slot 23): received 'team 02-08' A next slot: 19 TX: 1421134968906 (0 / 0)
 1421134968946 (slot 24): received 'team 02-25' A next slot: 24 TX: 1421134968946 (0 / 0)
 1421134968986 (slot 25): received 'team 02-15' A next slot:  8 TX: 1421134968986 (0 / 0)
   ========= Frame: 1421134969  ==================
 1421134969026 (slot  1): received 'team 02-14' A next slot: 18 TX: 1421134969026 (0 / 0)
 1421134969070 (slot  2): received 'team 02-20' A next slot:  1 TX: 1421134969070 (0 / 0)
 1421134969106 (slot  3): received 'team 02-22' A next slot: 17 TX: 1421134969106 (0 / 0)
 1421134969146 (slot  4): received 'team 02-10' A next slot:  8 TX: 1421134969146 (0 / 0)
 1421134969186 (slot  5): received 'team 02-04' A next slot: 12 TX: 1421134969186 (0 / 0)
 1421134969226 (slot  6): received 'team 02-01' A next slot:  3 TX: 1421134969226 (0 / 0)
 1421134969266 (slot  7): received 'team 02-07' A next slot: 11 TX: 1421134969266 (0 / 0)
 1421134969309 (slot  8): received 'team 02-02' A next slot: 24 TX: 1421134969308 (1 / 0)
 1421134969346 (slot  9): received 'team 02-15' A next slot: 10 TX: 1421134969346 (0 / 0)
 1421134969386 (slot 10): received 'team 02-05' A next slot: 13 TX: 1421134969386 (0 / 0)
 1421134969426 (slot 11): received 'team 02-13' A next slot: 23 TX: 1421134969426 (0 / 0)
 1421134969467 (slot 12): received 'team 02-21' A next slot: 19 TX: 1421134969466 (1 / 0)
 1421134969507 (slot 13): received 'team 02-18' A next slot:  0 TX: 1421134969506 (1 / 0)
 1421134969546 (slot 14): received 'team 02-23' A next slot: 20 TX: 1421134969546 (0 / 0)
 1421134969587 (slot 15): received 'team 02-12' A next slot:  7 TX: 1421134969587 (0 / 0)
 1421134969627 (slot 16): received 'team 02-03' A next slot: 22 TX: 1421134969627 (0 / 0)
 1421134969666 (slot 17): received 'team 02-24' A next slot:  9 TX: 1421134969666 (0 / 0)
 1421134969706 (slot 18): received 'team 02-09' A next slot: 15 TX: 1421134969706 (0 / 0)
 1421134969746 (slot 19): received 'team 02-19' A next slot: 14 TX: 1421134969746 (0 / 0)
 1421134969786 (slot 20): received 'team 02-08' A next slot:  5 TX: 1421134969786 (0 / 0)
 1421134969826 (slot 21): received 'team 02-17' A next slot:  4 TX: 1421134969826 (0 / 0)
 1421134969866 (slot 22): received 'team 02-11' A next slot:  2 TX: 1421134969866 (0 / 0)
 1421134969906 (slot 23): received 'team 02-16' A next slot: 21 TX: 1421134969906 (0 / 0)
 1421134969946 (slot 24): received 'team 02-06' A next slot:  6 TX: 1421134969946 (0 / 0)
 1421134969986 (slot 25): received 'team 02-25' A next slot: 16 TX: 1421134969986 (0 / 0)
   ========= Frame: 1421134970  ==================
 1421134970026 (slot  1): received 'team 02-18' A next slot:  1 TX: 1421134970026 (0 / 0)
 1421134970066 (slot  2): received 'team 02-20' A next slot: 11 TX: 1421134970066 (0 / 0)
 1421134970106 (slot  3): received 'team 02-11' A next slot: 10 TX: 1421134970106 (0 / 0)
 1421134970155 (slot  4): received 'team 02-01' A next slot: 23 TX: 1421134970155 (0 / 0)
 1421134970186 (slot  5): received 'team 02-17' A next slot:  9 TX: 1421134970186 (0 / 0)
 1421134970226 (slot  6): received 'team 02-08' A next slot:  0 TX: 1421134970226 (0 / 0)
 1421134970266 (slot  7): received 'team 02-06' A next slot:  6 TX: 1421134970266 (0 / 0)
 1421134970306 (slot  8): received 'team 02-12' A next slot:  7 TX: 1421134970306 (0 / 0)
 1421134970346 (slot  9): received 'team 02-10' A next slot: 17 TX: 1421134970346 (0 / 0)
 1421134970386 (slot 10): received 'team 02-24' A next slot:  5 TX: 1421134970386 (0 / 0)
 1421134970426 (slot 11): received 'team 02-15' A next slot: 13 TX: 1421134970426 (0 / 0)
 1421134970466 (slot 12): received 'team 02-07' A next slot: 15 TX: 1421134970466 (0 / 0)
 1421134970506 (slot 13): received 'team 02-04' A next slot: 24 TX: 1421134970506 (0 / 0)
 1421134970546 (slot 14): received 'team 02-05' A next slot: 18 TX: 1421134970546 (0 / 0)
 1421134970586 (slot 15): received 'team 02-19' A next slot: 21 TX: 1421134970586 (0 / 0)
 1421134970626 (slot 16): received 'team 02-09' A next slot: 19 TX: 1421134970626 (0 / 0)
 1421134970675 (slot 17): received 'team 02-25' A next slot:  2 TX: 1421134970675 (0 / 0)
 1421134970706 (slot 18): received 'team 02-22' A next slot:  4 TX: 1421134970706 (0 / 0)
 1421134970746 (slot 19): received 'team 02-14' A next slot: 20 TX: 1421134970746 (0 / 0)
 1421134970786 (slot 20): received 'team 02-21' A next slot:  3 TX: 1421134970786 (0 / 0)
 1421134970826 (slot 21): received 'team 02-23' A next slot:  8 TX: 1421134970826 (0 / 0)
 1421134970866 (slot 22): received 'team 02-16' A next slot: 22 TX: 1421134970866 (0 / 0)
 1421134970906 (slot 23): received 'team 02-03' A next slot: 14 TX: 1421134970906 (0 / 0)
 1421134970946 (slot 24): received 'team 02-13' A next slot: 16 TX: 1421134970946 (0 / 0)
 1421134970987 (slot 25): received 'team 02-02' A next slot: 12 TX: 1421134970987 (0 / 0)
   ========= Frame: 1421134971  ==================
 1421134971026 (slot  1): received 'team 02-08' A next slot: 21 TX: 1421134971026 (0 / 0)
 1421134971071 (slot  2): received 'team 02-18' A next slot:  8 TX: 1421134971071 (0 / 0)
 1421134971106 (slot  3): received 'team 02-25' A next slot: 10 TX: 1421134971106 (0 / 0)
 1421134971146 (slot  4): received 'team 02-21' A next slot: 11 TX: 1421134971146 (0 / 0)
 1421134971188 (slot  5): received 'team 02-22' A next slot:  2 TX: 1421134971187 (1 / 0)
 1421134971226 (slot  6): received 'team 02-24' A next slot:  5 TX: 1421134971226 (0 / 0)
 1421134971266 (slot  7): received 'team 02-06' A next slot:  1 TX: 1421134971266 (0 / 0)
 1421134971306 (slot  8): received 'team 02-12' A next slot: 12 TX: 1421134971306 (0 / 0)
 1421134971346 (slot  9): received 'team 02-23' A next slot:  3 TX: 1421134971346 (0 / 0)
 1421134971386 (slot 10): received 'team 02-17' A next slot: 14 TX: 1421134971386 (0 / 0)
 1421134971426 (slot 11): received 'team 02-11' A next slot: 15 TX: 1421134971426 (0 / 0)
 1421134971466 (slot 12): received 'team 02-20' A next slot:  9 TX: 1421134971466 (0 / 0)
 1421134971508 (slot 13): received 'team 02-02' A next slot: 20 TX: 1421134971506 (2 / 0)
 1421134971546 (slot 14): received 'team 02-15' A next slot: 19 TX: 1421134971546 (0 / 0)
 1421134971586 (slot 15): received 'team 02-03' A next slot: 24 TX: 1421134971586 (0 / 0)
 1421134971626 (slot 16): received 'team 02-07' A next slot: 13 TX: 1421134971626 (0 / 0)
 1421134971666 (slot 17): received 'team 02-13' A next slot: 17 TX: 1421134971666 (0 / 0)
 1421134971709 (slot 18): received 'team 02-10' A next slot:  6 TX: 1421134971708 (1 / 0)
 1421134971746 (slot 19): received 'team 02-05' A next slot: 22 TX: 1421134971746 (0 / 0)
 1421134971787 (slot 20): received 'team 02-09' A next slot: 16 TX: 1421134971787 (0 / 0)
 1421134971826 (slot 21): received 'team 02-14' A next slot:  0 TX: 1421134971826 (0 / 0)
 1421134971866 (slot 22): received 'team 02-19' A next slot:  7 TX: 1421134971866 (0 / 0)
 1421134971906 (slot 23): received 'team 02-16' A next slot:  4 TX: 1421134971906 (0 / 0)
 1421134971946 (slot 24): received 'team 02-01' A next slot: 23 TX: 1421134971946 (0 / 0)
 1421134971986 (slot 25): received 'team 02-04' A next slot: 18 TX: 1421134971986 (0 / 0)
   ========= Frame: 1421134972  ==================
 1421134972026 (slot  1): received 'team 02-14' A next slot: 21 TX: 1421134972026 (0 / 0)
 1421134972066 (slot  2): received 'team 02-06' A next slot: 23 TX: 1421134972066 (0 / 0)
 1421134972111 (slot  3): received 'team 02-22' A next slot: 20 TX: 1421134972111 (0 / 0)
 1421134972146 (slot  4): received 'team 02-23' A next slot:  5 TX: 1421134972146 (0 / 0)
 1421134972186 (slot  5): received 'team 02-16' A next slot: 24 TX: 1421134972186 (0 / 0)
 1421134972226 (slot  6): received 'team 02-24' A next slot: 13 TX: 1421134972226 (0 / 0)
 1421134972266 (slot  7): received 'team 02-10' A next slot:  3 TX: 1421134972266 (0 / 0)
 1421134972306 (slot  8): received 'team 02-19' A next slot:  8 TX: 1421134972306 (0 / 0)
 1421134972346 (slot  9): received 'team 02-18' A next slot:  7 TX: 1421134972346 (0 / 0)
 1421134972386 (slot 10): received 'team 02-20' A next slot: 18 TX: 1421134972386 (0 / 0)
 1421134972426 (slot 11): received 'team 02-25' A next slot: 12 TX: 1421134972426 (0 / 0)
 1421134972466 (slot 12): received