Slot size is 40 ms.
Time adaption is on.

Listening on port 50007 (lo, 127.0.0.1), joined 225.0.0.1
   ========= Frame: 1421069407  ==================
 1421069407026 (slot  1): received 'team 02-01' A next slot: 18 TX: 1421069407026 (0 / 0)
 1421069407226 (slot  6): received 'team 02-09' A next slot:  8 TX: 1421069407226 (0 / 0)
 1421069407266 (slot  7): received 'team 02-12' A next slot: 16 TX: 1421069407266 (0 / 0)
 1421069407346 (slot  9): received 'team 02-19' A next slot:  1 TX: 1421069407346 (0 / 0)
 1421069407346 (slot  9): received 'team 02-22' A next slot:  3 TX: 1421069407346 (0 / 0)
    >>>> collides with previous packet. (Frame: 1421069407)
 1421069407426 (slot 11): received 'team 02-21' A next slot: 13 TX: 1421069407426 (0 / 0)
 1421069407466 (slot 12): received 'team 02-18' A next slot: 20 TX: 1421069407466 (0 / 0)
 1421069407586 (slot 15): received 'team 02-04' A next slot:  3 TX: 1421069407586 (0 / 0)
 1421069407666 (slot 17): received 'team 02-15' A next slot: 17 TX: 1421069407666 (0 / 0)
 1421069407706 (slot 18): received 'team 02-03' A next slot: 10 TX: 1421069407706 (0 / 0)
 1421069407746 (slot 19): received 'team 02-17' A next slot: 19 TX: 1421069407746 (0 / 0)
 1421069407746 (slot 19): received 'team 02-13' A next slot: 14 TX: 1421069407746 (0 / 0)
    >>>> collides with previous packet. (Frame: 1421069407)
 1421069407826 (slot 21): received 'team 02-08' A next slot:  6 TX: 1421069407826 (0 / 0)
 1421069407906 (slot 23): received 'team 02-07' A next slot:  7 TX: 1421069407906 (0 / 0)
 1421069407906 (slot 23): received 'team 02-11' A next slot:  7 TX: 1421069407906 (0 / 0)
    >>>> collides with previous packet. (Frame: 1421069407)
 1421069407906 (slot 23): received 'team 02-25' A next slot: 22 TX: 1421069407906 (0 / 0)
    >>>> collides with previous packet. (Frame: 1421069407)
 1421069407946 (slot 24): received 'team 02-14' A next slot:  9 TX: 1421069407946 (0 / 0)
 1421069407946 (slot 24): received 'team 02-02' A next slot: 22 TX: 1421069407946 (0 / 0)
    >>>> collides with previous packet. (Frame: 1421069407)
 1421069407986 (slot 25): received 'team 02-24' A next slot: 14 TX: 1421069407986 (0 / 0)
   ========= Frame: 1421069408  ==================
 1421069408026 (slot  1): received 'team 02-07' A next slot: 14 TX: 1421069408026 (0 / 0)
 1421069408026 (slot  1): received 'team 02-02' A next slot: 19 TX: 1421069408026 (0 / 0)
    >>>> collides with previous packet. (Frame: 1421069408)
 1421069408026 (slot  1): received 'team 02-20' A next slot: 15 TX: 1421069408026 (0 / 0)
    >>>> collides with previous packet. (Frame: 1421069408)
 1421069408066 (slot  2): received 'team 02-14' A next slot: 17 TX: 1421069408066 (0 / 0)
 1421069408066 (slot  2): received 'team 02-11' A next slot: 17 TX: 1421069408066 (0 / 0)
    >>>> collides with previous packet. (Frame: 1421069408)
 1421069408066 (slot  2): received 'team 02-16' A next slot: 20 TX: 1421069408066 (0 / 0)
    >>>> collides with previous packet. (Frame: 1421069408)
 1421069408106 (slot  3): received 'team 02-25' A next slot: 17 TX: 1421069408106 (0 / 0)
 1421069408106 (slot  3): received 'team 02-17' A next slot: 14 TX: 1421069408106 (0 / 0)
    >>>> collides with previous packet. (Frame: 1421069408)
 1421069408146 (slot  4): received 'team 02-04' A next slot: 17 TX: 1421069408146 (0 / 0)
 1421069408186 (slot  5): received 'team 02-23' A next slot:  0 TX: 1421069408186 (0 / 0)
 1421069408186 (slot  5): received 'team 02-10' A next slot:  0 TX: 1421069408186 (0 / 0)
    >>>> collides with previous packet. (Frame: 1421069408)
 1421069408266 (slot  7): received 'team 02-08' A next slot:  3 TX: 1421069408266 (0 / 0)
 1421069408346 (slot  9): received 'team 02-09' A next slot:  7 TX: 1421069408346 (0 / 0)
 1421069408386 (slot 10): received 'team 02-05' A next slot: 15 TX: 1421069408386 (0 / 0)
 1421069408386 (slot 10): received 'team 02-22' A next slot:  2 TX: 1421069408386 (0 / 0)
    >>>> collides with previous packet. (Frame: 1421069408)
 1421069408427 (slot 11): received 'team 02-03' A next slot:  2 TX: 1421069408426 (1 / 0)
 1421069408466 (slot 12): received 'team 02-19' A next slot: 12 TX: 1421069408466 (0 / 0)
 1421069408546 (slot 14): received 'team 02-21' A next slot: 20 TX: 1421069408546 (0 / 0)
 1421069408587 (slot 15): received 'team 02-24' A next slot:  0 TX: 1421069408586 (1 / 0)
 1421069408666 (slot 17): received 'team 02-12' A next slot:  9 TX: 1421069408666 (0 / 0)
 1421069408706 (slot 18): received 'team 02-15' A next slot: 15 TX: 1421069408706 (0 / 0)
 1421069408746 (slot 19): received 'team 02-01' A next slot: 11 TX: 1421069408746 (0 / 0)
 1421069408827 (slot 21): received 'team 02-18' A next slot: 13 TX: 1421069408827 (0 / 0)
 1421069408866 (slot 22): received 'team 02-06' A next slot: 21 TX: 1421069408866 (0 / 0)
 1421069408906 (slot 23): received 'team 02-13' A next slot: 24 TX: 1421069408906 (0 / 0)
   ========= Frame: 1421069409  ==================
 1421069409027 (slot  1): received 'team 02-24' A next slot: 17 TX: 1421069409026 (1 / 0)
 1421069409107 (slot  3): received 'team 02-03' A next slot:  2 TX: 1421069409106 (1 / 0)
 1421069409146 (slot  4): received 'team 02-08' A next slot:  9 TX: 1421069409146 (0 / 0)
 1421069409226 (slot  6): received 'team 02-11' A next slot: 14 TX: 1421069409226 (0 / 0)
 1421069409266 (slot  7): received 'team 02-05' A next slot: 20 TX: 1421069409266 (0 / 0)
 1421069409308 (slot  8): received 'team 02-09' A next slot: 11 TX: 1421069409308 (0 / 0)
 1421069409346 (slot  9): received 'team 02-20' A next slot: 16 TX: 1421069409346 (0 / 0)
 1421069409346 (slot  9): received 'team 02-16' A next slot: 24 TX: 1421069409346 (0 / 0)
    >>>> collides with previous packet. (Frame: 1421069409)
 1421069409351 (slot  9): received 'team 02-14' A next slot: 12 TX: 1421069409351 (0 / 0)
    >>>> collides with previous packet. (Frame: 1421069409)
 1421069409386 (slot 10): received 'team 02-12' A next slot: 18 TX: 1421069409386 (0 / 0)
 1421069409466 (slot 12): received 'team 02-01' A next slot: 23 TX: 1421069409466 (0 / 0)
 1421069409506 (slot 13): received 'team 02-19' A next slot:  6 TX: 1421069409506 (0 / 0)
 1421069409546 (slot 14): received 'team 02-18' A next slot: 19 TX: 1421069409546 (0 / 0)
 1421069409586 (slot 15): received 'team 02-17' A next slot: 13 TX: 1421069409586 (0 / 0)
 1421069409586 (slot 15): received 'team 02-02' A next slot: 24 TX: 1421069409586 (0 / 0)
    >>>> collides with previous packet. (Frame: 1421069409)
 1421069409626 (slot 16): received 'team 02-15' A next slot: 15 TX: 1421069409626 (0 / 0)
 1421069409706 (slot 18): received 'team 02-04' A next slot:  1 TX: 1421069409706 (0 / 0)
 1421069409746 (slot 19): received 'team 02-22' A next slot:  4 TX: 1421069409746 (0 / 0)
 1421069409786 (slot 20): received 'team 02-10' A next slot: 12 TX: 1421069409786 (0 / 0)
 1421069409786 (slot 20): received 'team 02-07' A next slot: 12 TX: 1421069409786 (0 / 0)
    >>>> collides with previous packet. (Frame: 1421069409)
 1421069409826 (slot 21): received 'team 02-21' A next slot: 24 TX: 1421069409826 (0 / 0)
 1421069409866 (slot 22): received 'team 02-06' A next slot: 16 TX: 1421069409866 (0 / 0)
 1421069409906 (slot 23): received 'team 02-23' A next slot: 10 TX: 1421069409906 (0 / 0)
 1421069409947 (slot 24): received 'team 02-25' A next slot:  3 TX: 1421069409946 (1 / 0)
 1421069409986 (slot 25): received 'team 02-13' A next slot: 13 TX: 1421069409986 (0 / 0)
   ========= Frame: 1421069410  ==================
 1421069410066 (slot  2): received 'team 02-04' A next slot: 11 TX: 1421069410066 (0 / 0)
 1421069410107 (slot  3): received 'team 02-03' A next slot:  4 TX: 1421069410106 (1 / 0)
 1421069410147 (slot  4): received 'team 02-25' A next slot: 12 TX: 1421069410146 (1 / 0)
 1421069410186 (slot  5): received 'team 02-22' A next slot: 14 TX: 1421069410186 (0 / 0)
 1421069410226 (slot  6): received 'team 02-07' A next slot: 18 TX: 1421069410226 (0 / 0)
 1421069410266 (slot  7): received 'team 02-19' A next slot: 23 TX: 1421069410266 (0 / 0)
 1421069410307 (slot  8): received 'team 02-20' A next slot:  8 TX: 1421069410307 (0 / 0)
 1421069410346 (slot  9): received 'team 02-17' A next slot:  9 TX: 1421069410346 (0 / 0)
 1421069410347 (slot  9): received 'team 02-14' A next slot: 19 TX: 1421069410346 (1 / 0)
    >>>> collides with previous packet. (Frame: 1421069410)
 1421069410386 (slot 10): received 'team 02-08' A next slot: 21 TX: 1421069410386 (0 / 0)
 1421069410428 (slot 11): received 'team 02-23' A next slot: 10 TX: 1421069410428 (0 / 0)
 1421069410466 (slot 12): received 'team 02-09' A next slot:  9 TX: 1421069410466 (0 / 0)
 1421069410506 (slot 13): received 'team 02-02' A next slot: 13 TX: 1421069410506 (0 / 0)
 1421069410546 (slot 14): received 'team 02-13' A next slot:  6 TX: 1421069410546 (0 / 0)
 1421069410586 (slot 15): received 'team 02-11' A next slot: 16 TX: 1421069410586 (0 / 0)
 1421069410626 (slot 16): received 'team 02-15' A next slot:  3 TX: 1421069410626 (0 / 0)
 1421069410666 (slot 17): received 'team 02-06' A next slot: 15 TX: 1421069410666 (0 / 0)
 1421069410707 (slot 18): received 'team 02-24' A next slot: 17 TX: 1421069410706 (1 / 0)
 1421069410746 (slot 19): received 'team 02-12' A next slot:  7 TX: 1421069410746 (0 / 0)
 1421069410786 (slot 20): received 'team 02-18' A next slot:  0 TX: 1421069410786 (0 / 0)
 1421069410826 (slot 21): received 'team 02-05' A next slot: 19 TX: 1421069410826 (0 / 0)
 1421069410866 (slot 22): received 'team 02-10' A next slot: 22 TX: 1421069410866 (0 / 0)
 1421069410906 (slot 23): received 'team 02-16' A next slot:  1 TX: 1421069410906 (0 / 0)
 1421069410946 (slot 24): received 'team 02-01' A next slot: 24 TX: 1421069410946 (0 / 0)
 1421069410986 (slot 25): received 'team 02-21' A next slot:  2 TX: 1421069410986 (0 / 0)
   ========= Frame: 1421069411  ==================
 1421069411026 (slot  1): received 'team 02-18' A next slot: 23 TX: 1421069411026 (0 / 0)
 1421069411067 (slot  2): received 'team 02-16' A next slot:  7 TX: 1421069411067 (0 / 0)
 1421069411106 (slot  3): received 'team 02-21' A next slot:  5 TX: 1421069411106 (0 / 0)
 1421069411146 (slot  4): received 'team 02-15' A next slot: 24 TX: 1421069411146 (0 / 0)
 1421069411187 (slot  5): received 'team 02-03' A next slot: 17 TX: 1421069411186 (1 / 0)
 1421069411226 (slot  6): received 'team 02-17' A next slot: 21 TX: 1421069411226 (0 / 0)
 1421069411266 (slot  7): received 'team 02-13' A next slot: 22 TX: 1421069411266 (0 / 0)
 1421069411306 (slot  8): received 'team 02-12' A next slot: 16 TX: 1421069411306 (0 / 0)
 1421069411346 (slot  9): received 'team 02-20' A next slot: 13 TX: 1421069411346 (0 / 0)
 1421069411386 (slot 10): received 'team 02-09' A next slot:  6 TX: 1421069411386 (0 / 0)
 1421069411426 (slot 11): received 'team 02-23' A next slot:  9 TX: 1421069411426 (0 / 0)
 1421069411466 (slot 12): received 'team 02-04' A next slot:  0 TX: 1421069411466 (0 / 0)
 1421069411507 (slot 13): received 'team 02-25' A next slot: 15 TX: 1421069411506 (1 / 0)
 1421069411546 (slot 14): received 'team 02-02' A next slot: 14 TX: 1421069411546 (0 / 0)
 1421069411586 (slot 15): received 'team 02-22' A next slot:  2 TX: 1421069411586 (0 / 0)
 1421069411626 (slot 16): received 'team 02-06' A next slot:  8 TX: 1421069411626 (0 / 0)
 1421069411666 (slot 17): received 'team 02-11' A next slot: 11 TX: 1421069411666 (0 / 0)
 1421069411707 (slot 18): received 'team 02-24' A next slot:  3 TX: 1421069411706 (1 / 0)
 1421069411746 (slot 19): received 'team 02-07' A next slot: 18 TX: 1421069411746 (0 / 0)
 1421069411786 (slot 20): received 'team 02-05' A next slot:  4 TX: 1421069411786 (0 / 0)
 1421069411826 (slot 21): received 'team 02-14' A next slot: 20 TX: 1421069411826 (0 / 0)
 1421069411866 (slot 22): received 'team 02-08' A next slot: 12 TX: 1421069411866 (0 / 0)
 1421069411906 (slot 23): received 'team 02-10' A next slot: 10 TX: 1421069411906 (0 / 0)
 1421069411946 (slot 24): received 'team 02-19' A next slot:  1 TX: 1421069411946 (0 / 0)
 1421069411986 (slot 25): received 'team 02-01' A next slot: 19 TX: 1421069411986 (0 / 0)
   ========= Frame: 1421069412  ==================
 1421069412026 (slot  1): received 'team 02-04' A next slot: 17 TX: 1421069412026 (0 / 0)
 1421069412066 (slot  2): received 'team 02-19' A next slot: 16 TX: 1421069412066 (0 / 0)
 1421069412106 (slot  3): received 'team 02-22' A next slot: 12 TX: 1421069412106 (0 / 0)
 1421069412147 (slot  4): received 'team 02-24' A next slot:  8 TX: 1421069412146 (1 / 0)
 1421069412186 (slot  5): received 'team 02-05' A next slot:  2 TX: 1421069412186 (0 / 0)
 1421069412226 (slot  6): received 'team 02-21' A next slot: 15 TX: 1421069412226 (0 / 0)
 1421069412266 (slot  7): received 'team 02-09' A next slot: 21 TX: 1421069412266 (0 / 0)
 1421069412306 (slot  8): received 'team 02-16' A next slot:  4 TX: 1421069412306 (0 / 0)
 1421069412346 (slot  9): received 'team 02-06' A next slot:  5 TX: 1421069412346 (0 / 0)
 1421069412386 (slot 10): received 'team 02-23' A next slot:  9 TX: 1421069412386 (0 / 0)
 1421069412426 (slot 11): received 'team 02-10' A next slot: 10 TX: 1421069412426 (0 / 0)
 1421069412466 (slot 12): received 'team 02-11' A next slot:  6 TX: 1421069412466 (0 / 0)
 1421069412506 (slot 13): received 'team 02-08' A next slot: 22 TX: 1421069412506 (0 / 0)
 1421069412546 (slot 14): received 'team 02-20' A next slot: 14 TX: 1421069412546 (0 / 0)
 1421069412586 (slot 15): received 'team 02-02' A next slot:  1 TX: 1421069412586 (0 / 0)
 1421069412627 (slot 16): received 'team 02-25' A next slot: 24 TX: 1421069412626 (1 / 0)
 1421069412666 (slot 17): received 'team 02-12' A next slot:  0 TX: 1421069412666 (0 / 0)
 1421069412707 (slot 18): received 'team 02-03' A next slot: 20 TX: 1421069412706 (1 / 0)
 1421069412746 (slot 19): received 'team 02-07' A next slot: 23 TX: 1421069412746 (0 / 0)
 1421069412786 (slot 20): received 'team 02-01' A next slot: 18 TX: 1421069412786 (0 / 0)
 1421069412826 (slot 21): received 'team 02-14' A next slot: 13 TX: 1421069412826 (0 / 0)
 1421069412866 (slot 22): received 'team 02-17' A next slot: 19 TX: 1421069412866 (0 / 0)
 1421069412906 (slot 23): received 'team 02-13' A next slot: 11 TX: 1421069412906 (0 / 0)
 1421069412946 (slot 24): received 'team 02-18' A next slot:  3 TX: 1421069412946 (0 / 0)
 1421069412986 (slot 25): received 'team 02-15' A next slot:  7 TX: 1421069412986 (0 / 0)
   ========= Frame: 1421069413  ==================
 1421069413026 (slot  1): received 'team 02-12' A next slot:  1 TX: 1421069413026 (0 / 0)
 1421069413066 (slot  2): received 'team 02-02' A next slot: 13 TX: 1421069413066 (0 / 0)
 1421069413106 (slot  3): received 'team 02-05' A next slot: 10 TX: 1421069413106 (0 / 0)
 1421069413146 (slot  4): received 'team 02-18' A next slot:  6 TX: 1421069413146 (0 / 0)
 1421069413186 (slot  5): received 'team 02-16' A next slot:  4 TX: 1421069413186 (0 / 0)
 1421069413226 (slot  6): received 'team 02-06' A next slot: 14 TX: 1421069413226 (0 / 0)
 1421069413266 (slot  7): received 'team 02-11' A next slot: 24 TX: 1421069413266 (0 / 0)
 1421069413306 (slot  8): received 'team 02-15' A next slot: 12 TX: 1421069413306 (0 / 0)
 1421069413347 (slot  9): received 'team 02-24' A next slot:  0 TX: 1421069413346 (1 / 0)
 1421069413386 (slot 10): received 'team 02-23' A next slot:  7 TX: 1421069413386 (0 / 0)
 1421069413426 (slot 11): received 'team 02-10' A next slot: 17 TX: 1421069413426 (0 / 0)
 1421069413466 (slot 12): received 'team 02-13' A next slot:  2 TX: 1421069413466 (0 / 0)
 1421069413507 (slot 13): received 'team 02-22' A next slot: 16 TX: 1421069413507 (0 / 0)
 1421069413546 (slot 14): received 'team 02-14' A next slot:  8 TX: 1421069413546 (0 / 0)
 1421069413586 (slot 15): received 'team 02-20' A next slot: 20 TX: 1421069413586 (0 / 0)
 1421069413626 (slot 16): received 'team 02-21' A next slot: 23 TX: 1421069413626 (0 / 0)
 1421069413666 (slot 17): received 'team 02-19' A next slot:  3 TX: 1421069413666 (0 / 0)
 1421069413706 (slot 18): received 'team 02-04' A next slot: 15 TX: 1421069413706 (0 / 0)
 1421069413746 (slot 19): received 'team 02-01' A next slot: 11 TX: 1421069413746 (0 / 0)
 1421069413786 (slot 20): received 'team 02-17' A next slot: 21 TX: 1421069413786 (0 / 0)
 1421069413827 (slot 21): received 'team 02-03' A next slot: 19 TX: 1421069413826 (1 / 0)
 1421069413866 (slot 22): received 'team 02-09' A next slot:  9 TX: 1421069413866 (0 / 0)
 1421069413906 (slot 23): received 'team 02-08' A next slot: 22 TX: 1421069413906 (0 / 0)
 1421069413946 (slot 24): received 'team 02-07' A next slot: 18 TX: 1421069413946 (0 / 0)
 1421069413987 (slot 25): received 'team 02-25' A next slot:  5 TX: 1421069413986 (1 / 0)
   ========= Frame: 1421069414  ==================
 1421069414027 (slot  1): received 'team 02-24' A next slot: 15 TX: 1421069414026 (1 / 0)
 1421069414066 (slot  2): received 'team 02-12' A next slot:  4 TX: 1421069414066 (0 / 0)
 1421069414106 (slot  3): received 'team 02-13' A next slot: 11 TX: 1421069414106 (0 / 0)
 1421069414146 (slot  4): received 'team 02-19' A next slot:  6 TX: 1421069414146 (0 / 0)
 1421069414186 (slot  5): received 'team 02-16' A next slot: 23 TX: 1421069414186 (0 / 0)
 1421069414227 (slot  6): received 'team 02-25' A next slot: 24 TX: 1421069414226 (1 / 0)
 1421069414266 (slot  7): received 'team 02-18' A next slot: 19 TX: 1421069414266 (0 / 0)
 1421069414306 (slot  8): received 'team 02-23' A next slot:  8 TX: 1421069414306 (0 / 0)
 1421069414346 (slot  9): received 'team 02-14' A next slot:  3 TX: 1421069414346 (0 / 0)
 1421069414386 (slot 10): received 'team 02-09' A next slot:  7 TX: 1421069414386 (0 / 0)
 1421069414426 (slot 11): received 'team 02-05' A next slot: 13 TX: 1421069414426 (0 / 0)
 1421069414466 (slot 12): received 'team 02-01' A next slot:  1 TX: 1421069414466 (0 / 0)
 1421069414506 (slot 13): received 'team 02-15' A next slot: 17 TX: 1421069414506 (0 / 0)
 1421069414546 (slot 14): received 'team 02-02' A next slot: 21 TX: 1421069414546 (0 / 0)
 1421069414586 (slot 15): received 'team 02-06' A next slot:  5 TX: 1421069414586 (0 / 0)
 1421069414626 (slot 16): received 'team 02-04' A next slot: 12 TX: 1421069414626 (0 / 0)
 1421069414666 (slot 17): received 'team 02-22' A next slot:  9 TX: 1421069414666 (0 / 0)
 1421069414706 (slot 18): received 'team 02-10' A next slot: 10 TX: 1421069414706 (0 / 0)
 1421069414746 (slot 19): received 'team 02-07' A next slot: 20 TX: 1421069414746 (0 / 0)
 1421069414787 (slot 20): received 'team 02-03' A next slot: 14 TX: 1421069414786 (1 / 0)
 1421069414826 (slot 21): received 'team 02-20' A next slot: 18 TX: 1421069414826 (0 / 0)
 1421069414866 (slot 22): received 'team 02-17' A next slot: 16 TX: 1421069414866 (0 / 0)
 1421069414906 (slot 23): received 'team 02-08' A next slot:  2 TX: 1421069414906 (0 / 0)
 1421069414947 (slot 24): received 'team 02-21' A next slot:  0 TX: 1421069414947 (0 / 0)
 1421069414986 (slot 25): received 'team 02-11' A next slot: 22 TX: 1421069414986 (0 / 0)
   ========= Frame: 1421069415  ==================
 1421069415026 (slot  1): received 'team 02-21' A next slot: 11 TX: 1421069415026 (0 / 0)
 1421069415066 (slot  2): received 'team 02-01' A next slot: 17 TX: 1421069415066 (0 / 0)
 1421069415106 (slot  3): received 'team 02-08' A next slot:  1 TX: 1421069415106 (0 / 0)
 1421069415146 (slot  4): received 'team 02-14' A next slot:  7 TX: 1421069415146 (0 / 0)
 1421069415186 (slot  5): received 'team 02-12' A next slot: 19 TX: 1421069415186 (0 / 0)
 1421069415226 (slot  6): received 'team 02-06' A next slot:  2 TX: 1421069415226 (0 / 0)
 1421069415266 (slot  7): received 'team 02-19' A next slot:  5 TX: 1421069415266 (0 / 0)
 1421069415306 (slot  8): received 'team 02-09' A next slot: 14 TX: 1421069415306 (0 / 0)
 1421069415346 (slot  9): received 'team 02-23' A next slot: 10 TX: 1421069415346 (0 / 0)
 1421069415386 (slot 10): received 'team 02-22' A next slot:  9 TX: 1421069415386 (0 / 0)
 1421069415426 (slot 11): received 'team 02-10' A next slot:  4 TX: 1421069415426 (0 / 0)
 1421069415466 (slot 12): received 'team 02-13' A next slot: 24 TX: 1421069415466 (0 / 0)
 1421069415506 (slot 13): received 'team 02-04' A next slot: 22 TX: 1421069415506 (0 / 0)
 1421069415546 (slot 14): received 'team 02-05' A next slot: 20 TX: 1421069415546 (0 / 0)
 1421069415587 (slot 15): received 'team 02-03' A next slot: 15 TX: 1421069415586 (1 / 0)
 1421069415627 (slot 16): received 'team 02-24' A next slot: 21 TX: 1421069415626 (1 / 0)
 1421069415666 (slot 17): received 'team 02-17' A next slot:  3 TX: 1421069415666 (0 / 0)
 1421069415706 (slot 18): received 'team 02-15' A next slot: 18 TX: 1421069415706 (0 / 0)
 1421069415746 (slot 19): received 'team 02-20' A next slot: 16 TX: 1421069415746 (0 / 0)
 1421069415786 (slot 20): received 'team 02-18' A next slot: 13 TX: 1421069415786 (0 / 0)
 1421069415826 (slot 21): received 'team 02-07' A next slot:  8 TX: 1421069415826 (0 / 0)
 1421069415866 (slot 22): received 'team 02-02' A next slot: 23 TX: 1421069415866 (0 / 0)
 1421069415907 (slot 23): received 'team 02-11' A next slot: 12 TX: 1421069415907 (0 / 0)
 1421069415946 (slot 24): received 'team 02-16' A next slot:  6 TX: 1421069415946 (0 / 0)
 1421069415987 (slot 25): received 'team 02-25' A next slot:  0 TX: 1421069415986 (1 / 0)
   ========= Frame: 1421069416  ==================
 1421069416027 (slot  1): received 'team 02-25' A next slot: 15 TX: 1421069416026 (1 / 0)
 1421069416066 (slot  2): received 'team 02-08' A next slot: 16 TX: 1421069416066 (0 / 0)
 1421069416106 (slot  3): received 'team 02-06' A next slot:  4 TX: 1421069416106 (0 / 0)
 1421069416146 (slot  4): received 'team 02-17' A next slot:  7 TX: 1421069416146 (0 / 0)
 1421069416187 (slot  5): received 'team 02-10' A next slot: 21 TX: 1421069416187 (0 / 0)
 1421069416226 (slot  6): received 'team 02-19' A next slot:  0 TX: 1421069416226 (0 / 0)
 1421069416266 (slot  7): received 'team 02-16' A next slot:  2 TX: 1421069416266 (0 / 0)
 1421069416306 (slot  8): received 'team 02-14' A next slot:  9 TX: 1421069416306 (0 / 0)
 1421069416346 (slot  9): received 'team 02-07' A next slot: 10 TX: 1421069416346 (0 / 0)
 1421069416386 (slot 10): received 'team 02-22' A next slot: 12 TX: 1421069416386 (0 / 0)
 1421069416426 (slot 11): received 'team 02-23' A next slot: 19 TX: 1421069416426 (0 / 0)
 1421069416466 (slot 12): received 'team 02-21' A next slot: 24 TX: 1421069416466 (0 / 0)
 1421069416506 (slot 13): received 'team 02-11' A next slot: 14 TX: 1421069416506 (0 / 0)
 1421069416546 (slot 14): received 'team 02-18' A next slot:  6 TX: 1421069416546 (0 / 0)
 1421069416586 (slot 15): received 'team 02-09' A next slot: 13 TX: 1421069416586 (0 / 0)
 1421069416627 (slot 16): received 'team 02-03' A next slot: 17 TX: 1421069416626 (1 / 0)
 1421069416666 (slot 17): received 'team 02-20' A next slot:  3 TX: 1421069416666 (0 / 0)
 1421069416706 (slot 18): received 'team 02-01' A next slot:  8 TX: 1421069416706 (0 / 0)
 1421069416746 (slot 19): received 'team 02-15' A next slot: 20 TX: 1421069416746 (0 / 0)
 1421069416786 (slot 20): received 'team 02-12' A next slot: 23 TX: 1421069416786 (0 / 0)
 1421069416826 (slot 21): received 'team 02-05' A next slot:  5 TX: 1421069416826 (0 / 0)
 1421069416867 (slot 22): received 'team 02-24' A next slot: 11 TX: 1421069416866 (1 / 0)
 1421069416906 (slot 23): received 'team 02-04' A next slot:  1 TX: 1421069416906 (0 / 0)
 1421069416946 (slot 24): received 'team 02-02' A next slot: 22 TX: 1421069416946 (0 / 0)
 1421069416986 (slot 25): received 'team 02-13' A next slot: 18 TX: 1421069416986 (0 / 0)
   ========= Frame: 1421069417  ==================
 1421069417026 (slot  1): received 'team 02-19' A next slot: 17 TX: 1421069417026 (0 / 0)
 1421069417066 (slot  2): received 'team 02-04' A next slot: 19 TX: 1421069417066 (0 / 0)
 1421069417106 (slot  3): received 'team 02-16' A next slot:  0 TX: 1421069417106 (0 / 0)
 1421069417146 (slot  4): received 'team 02-20' A next slot:  6 TX: 1421069417146 (0 / 0)
 1421069417186 (slot  5): received 'team 02-06' A next slot:  3 TX: 1421069417186 (0 / 0)
 1421069417226 (slot  6): received 'team 02-05' A next slot: 24 TX: 1421069417226 (0 / 0)
 1421069417266 (slot  7): received 'team 02-18' A next slot: 22 TX: 1421069417266 (0 / 0)
 1421069417306 (slot  8): received 'team 02-17' A next slot:  4 TX: 1421069417306 (0 / 0)
 1421069417346 (slot  9): received 'team 02-01' A next slot: 21 TX: 1421069417346 (0 / 0)
 1421069417386 (slot 10): received 'team 02-14' A next slot:  8 TX: 1421069417386 (0 / 0)
 1421069417426 (slot 11): received 'team 02-07' A next slot: 12 TX: 1421069417426 (0 / 0)
 1421069417467 (slot 12): received 'team 02-24' A next slot: 11 TX: 1421069417466 (1 / 0)
 1421069417506 (slot 13): received 'team 02-22' A next slot:  5 TX: 1421069417506 (0 / 0)
 1421069417547 (slot 14): received 'team 02-09' A next slot: 20 TX: 1421069417547 (0 / 0)
 1421069417586 (slot 15): received 'team 02-11' A next slot:  1 TX: 1421069417586 (0 / 0)
 1421069417627 (slot 16): received 'team 02-25' A next slot: 23 TX: 1421069417626 (1 / 0)
 1421069417666 (slot 17): received 'team 02-08' A next slot: 18 TX: 1421069417666 (0 / 0)
 1421069417707 (slot 18): received 'team 02-03' A next slot: 10 TX: 1421069417706 (1 / 0)
 1421069417746 (slot 19): received 'team 02-13' A next slot:  7 TX: 1421069417746 (0 / 0)
 1421069417786 (slot 20): received 'team 02-23' A next slot: 14 TX: 1421069417786 (0 / 0)
 1421069417826 (slot 21): received 'team 02-15' A next slot: 15 TX: 1421069417826 (0 / 0)
 1421069417866 (slot 22): received 'team 02-10' A next slot: 16 TX: 1421069417866 (0 / 0)
 1421069417907 (slot 23): received 'team 02-02' A next slot: 13 TX: 1421069417907 (0 / 0)
 1421069417947 (slot 24): received 'team 02-12' A next slot:  2 TX: 1421069417947 (0 / 0)
 1421069417986 (slot 25): received 'team 02-21' A next slot:  9 TX: 1421069417986 (0 / 0)
   ========= Frame: 1421069418  ==================
 1421069418026 (slot  1): received 'team 02-16' A next slot:  8 TX: 1421069418026 (0 / 0)
 1421069418071 (slot  2): received 'team 02-11' A next slot: 10 TX: 1421069418071 (0 / 0)
 1421069418106 (slot  3): received 'team 02-12' A next slot: 11 TX: 1421069418106 (0 / 0)
 1421069418146 (slot  4): received 'team 02-06' A next slot: 22 TX: 1421069418146 (0 / 0)
 1421069418186 (slot  5): received 'team 02-17' A next slot:  1 TX: 1421069418186 (0 / 0)
 1421069418226 (slot  6): received 'team 02-22' A next slot: 18 TX: 1421069418226 (0 / 0)
 1421069418266 (slot  7): received 'team 02-20' A next slot:  3 TX: 1421069418266 (0 / 0)
 1421069418306 (slot  8): received 'team 02-13' A next slot:  5 TX: 1421069418306 (0 / 0)
 1421069418346 (slot  9): received 'team 02-14' A next slot: 24 TX: 1421069418346 (0 / 0)
 1421069418386 (slot 10): received 'team 02-21' A next slot: 21 TX: 1421069418386 (0 / 0)
 1421069418427 (slot 11): received 'team 02-03' A next slot:  2 TX: 1421069418426 (1 / 0)
 1421069418471 (slot 12): received 'team 02-24' A next slot: 23 TX: 1421069418470 (1 / 0)
 1421069418506 (slot 13): received 'team 02-07' A next slot:  7 TX: 1421069418506 (0 / 0)
 1421069418546 (slot 14): received 'team 02-02' A next slot: 15 TX: 1421069418546 (0 / 0)
 1421069418586 (slot 15): received 'team 02-23' A next slot: 14 TX: 1421069418586 (0 / 0)
 1421069418626 (slot 16): received 'team 02-15' A next slot:  0 TX: 1421069418626 (0 / 0)
 1421069418666 (slot 17): received 'team 02-10' A next slot: 12 TX: 1421069418666 (0 / 0)
 1421069418706 (slot 18): received 'team 02-19' A next slot:  4 TX: 1421069418706 (0 / 0)
 1421069418746 (slot 19): received 'team 02-08' A next slot:  6 TX: 1421069418746 (0 / 0)
 1421069418786 (slot 20): received 'team 02-04' A next slot:  9 TX: 1421069418786 (0 / 0)
 1421069418826 (slot 21): received 'team 02-09' A next slot: 16 TX: 1421069418826 (0 / 0)
 1421069418866 (slot 22): received 'team 02-01' A next slot: 13 TX: 1421069418866 (0 / 0)
 1421069418906 (slot 23): received 'team 02-18' A next slot: 19 TX: 1421069418906 (0 / 0)
 1421069418947 (slot 24): received 'team 02-25' A next slot: 20 TX: 1421069418946 (1 / 0)
 1421069418986 (slot 25): received 'team 02-05' A next slot: 17 TX: 1421069418986 (0 / 0)
   ========= Frame: 1421069419  ==================
 1421069419026 (slot  1): received 'team 02-15' A next slot:  6 TX: 1421069419026 (0 / 0)
 1421069419066 (slot  2): received 'team 02-17' A next slot: 11 TX: 1421069419066 (0 / 0)
 1421069419111 (slot  3): received 'team 02-03' A next slot: 19 TX: 1421069419110 (1 / 0)
 1421069419146 (slot  4): received 'team 02-20' A next slot:  5 TX: 1421069419146 (0 / 0)
 1421069419186 (slot  5): received 'team 02-19' A next slot:  0 TX: 1421069419186 (0 / 0)
 1421069419226 (slot  6): received 'team 02-13' A next slot:  1 TX: 1421069419226 (0 / 0)
 1421069419266 (slot  7): received 'team 02-08' A next slot: 16 TX: 1421069419266 (0 / 0)
 1421069419306 (slot  8): received 'team 02-07' A next slot: 20 TX: 1421069419306 (0 / 0)
 1421069419346 (slot  9): received 'team 02-16' A next slot: 24 TX: 1421069419346 (0 / 0)
 1421069419386 (slot 10): received 'team 02-04' A next slot:  9 TX: 1421069419386 (0 / 0)
 1421069419426 (slot 11): received 'team 02-11' A next slot: 12 TX: 1421069419426 (0 / 0)
 1421069419466 (slot 12): received 'team 02-12' A next slot: 18 TX: 1421069419466 (0 / 0)
 1421069419506 (slot 13): received 'team 02-10' A next slot: 13 TX: 1421069419506 (0 / 0)
 1421069419546 (slot 14): received 'team 02-01' A next slot: 22 TX: 1421069419546 (0 / 0)
 1421069419586 (slot 15): received 'team 02-23' A next slot:  8 TX: 1421069419586 (0 / 0)
 1421069419626 (slot 16): received 'team 02-02' A next slot:  4 TX: 1421069419626 (0 / 0)
 1421069419666 (slot 17): received 'team 02-09' A next slot: 17 TX: 1421069419666 (0 / 0)
 1421069419706 (slot 18): received 'team 02-05' A next slot: 15 TX: 1421069419706 (0 / 0)
 1421069419746 (slot 19): received 'team 02-22' A next slot: 14 TX: 1421069419746 (0 / 0)
 1421069419786 (slot 20): received 'team 02-18' A next slot: 10 TX: 1421069419786 (0 / 0)
 1421069419827 (slot 21): received 'team 02-25' A next slot:  2 TX: 1421069419826 (1 / 0)
 1421069419866 (slot 22): received 'team 02-21' A next slot: 23 TX: 1421069419866 (0 / 0)
 1421069419906 (slot 23): received 'team 02-06' A next slot:  3 TX: 1421069419906 (0 / 0)
 1421069419947 (slot 24): received 'team 02-24' A next slot: 21 TX: 1421069419946 (1 / 0)
 1421069419986 (slot 25): received 'team 02-14' A next slot:  7 TX: 1421069419986 (0 / 0)
   ========= Frame: 1421069420  ==================
 1421069420026 (slot  1): received 'team 02-19' A next slot: 16 TX: 1421069420026 (0 / 0)
 1421069420066 (slot  2): received 'team 02-13' A next slot: 18 TX: 1421069420066 (0 / 0)
 1421069420107 (slot  3): received 'team 02-25' A next slot: 10 TX: 1421069420106 (1 / 0)
 1421069420146 (slot  4): received 'team 02-06' A next slot:  5 TX: 1421069420146 (0 / 0)
 1421069420186 (slot  5): received 'team 02-02' A next slot:  6 TX: 1421069420186 (0 / 0)
 1421069420226 (slot  6): received 'team 02-20' A next slot:  0 TX: 1421069420226 (0 / 0)
 1421069420266 (slot  7): received 'team 02-15' A next slot:  2 TX: 1421069420266 (0 / 0)
 1421069420306 (slot  8): received 'team 02-14' A next slot: 24 TX: 1421069420306 (0 / 0)
 1421069420346 (slot  9): received 'team 02-23' A next slot:  4 TX: 1421069420346 (0 / 0)
 1421069420387 (slot 10): received 'team 02-04' A next slot:  8 TX: 1421069420387 (0 / 0)
 1421069420426 (slot 11): received 'team 02-18' A next slot: 12 TX: 1421069420426 (0 / 0)
 1421069420466 (slot 12): received 'team 02-17' A next slot: 11 TX: 1421069420466 (0 / 0)
 1421069420506 (slot 13): received 'team 02-11' A next slot: 22 TX: 1421069420506 (0 / 0)
 1421069420547 (slot 14): received 'team 02-10' A next slot: 15 TX: 1421069420547 (0 / 0)
 1421069420586 (slot 15): received 'team 02-22' A next slot:  7 TX: 1421069420586 (0 / 0)
 1421069420626 (slot 16): received 'team 02-05' A next slot:  9 TX: 1421069420626 (0 / 0)
 1421069420666 (slot 17): received 'team 02-08' A next slot:  1 TX: 1421069420666 (0 / 0)
 1421069420706 (slot 18): received 'team 02-09' A next slot: 14 TX: 1421069420706 (0 / 0)
 1421069420746 (slot 19): received 'team 02-12' A next slot:  3 TX: 1421069420746 (0 / 0)
 1421069420787 (slot 20): received 'team 02-03' A next slot: 23 TX: 1421069420786 (1 / 0)
 1421069420826 (slot 21): received 'team 02-07' A next slot: 19 TX: 1421069420826 (0 / 0)
 1421069420867 (slot 22): received 'team 02-24' A next slot: 20 TX: 1421069420866 (1 / 0)
 1421069420906 (slot 23): received 'team 02-01' A next slot: 17 TX: 1421069420906 (0 / 0)
 1421069420947 (slot 24): received 'team 02-21' A next slot: 13 TX: 1421069420947 (0 / 0)
 1421069420986 (slot 25): received 'team 02-16' A next slot: 21 TX: 1421069420986 (0 / 0)
   ========= Frame: 1421069421  ==================
 1421069421026 (slot  1): received 'team 02-20' A next slot: 17 TX: 1421069421026 (0 / 0)
 1421069421066 (slot  2): received 'team 02-08' A next slot:  8 TX: 1421069421066 (0 / 0)
 1421069421106 (slot  3): received 'team 02-15' A next slot: 16 TX: 1421069421106 (0 / 0)
 1421069421146 (slot  4): received 'team 02-12' A next slot:  4 TX: 1421069421146 (0 / 0)
 1421069421186 (slot  5): received 'team 02-23' A next slot:  1 TX: 1421069421186 (0 / 0)
 1421069421226 (slot  6): received 'team 02-06' A next slot: 18 TX: 1421069421226 (0 / 0)
 1421069421266 (slot  7): received 'team 02-02' A next slot: 23 TX: 1421069421266 (0 / 0)
 1421069421306 (slot  8): received 'team 02-22' A next slot: 11 TX: 1421069421306 (0 / 0)
 1421069421346 (slot  9): received 'team 02-04' A next slot: 19 TX: 1421069421346 (0 / 0)
 1421069421387 (slot 10): received 'team 02-05' A next slot: 15 TX: 1421069421386 (1 / 0)
 1421069421427 (slot 11): received 'team 02-25' A next slot: 20 TX: 1421069421426 (1 / 0)
 1421069421466 (slot 12): received 'team 02-17' A next slot:  5 TX: 1421069421466 (0 / 0)
 1421069421506 (slot 13): received 'team 02-18' A next slot:  2 TX: 1421069421506 (0 / 0)
 1421069421546 (slot 14): received 'team 02-21' A next slot: 14 TX: 1421069421546 (0 / 0)
 1421069421586 (slot 15): received 'team 02-09' A next slot: 22 TX: 1421069421586 (0 / 0)
 1421069421626 (slot 16): received 'team 02-10' A next slot: 12 TX: 1421069421626 (0 / 0)
 1421069421666 (slot 17): received 'team 02-19' A next slot: 21 TX: 1421069421666 (0 / 0)
 1421069421706 (slot 18): received 'team 02-01' A next slot:  7 TX: 1421069421706 (0 / 0)
 1421069421746 (slot 19): received 'team 02-13' A next slot:  6 TX: 1421069421746 (0 / 0)
 1421069421791 (slot 20): received 'team 02-07' A next slot:  0 TX: 1421069421791 (0 / 0)
 1421069421827 (slot 21): received 'team 02-24' A next slot: 13 TX: 1421069421826 (1 / 0)
 1421069421866 (slot 22): received 'team 02-16' A next slot:  9 TX: 1421069421866 (0 / 0)
 1421069421906 (slot 23): received 'team 02-11' A next slot:  3 TX: 1421069421906 (0 / 0)
 1421069421947 (slot 24): received 'team 02-03' A next slot: 10 TX: 1421069421946 (1 / 0)
 1421069421986 (slot 25): received 'team 02-14' A next slot: 24 TX: 1421069421986 (0 / 0)
   ========= Frame: 1421069422  ==================
 1421069422026 (slot  1): received 'team 02-07' A next slot: 14 TX: 1421069422026 (0 / 0)
 1421069422066 (slot  2): received 'team 02-23' A next slot: 19 TX: 1421069422066 (0 / 0)
 1421069422106 (slot  3): received 'team 02-18' A next slot: 23 TX: 1421069422106 (0 / 0)
 1421069422146 (slot  4): received 'team 02-11' A next slot:  0 TX: 1421069422146 (0 / 0)
 1421069422186 (slot  5): received 'team 02-12' A next slot: 10 TX: 1421069422186 (0 / 0)
 1421069422226 (slot  6): received 'team 02-17' A next slot:  2 TX: 1421069422226 (0 / 0)
 1421069422266 (slot  7): received 'team 02-13' A next slot: 17 TX: 1421069422266 (0 / 0)
 1421069422309 (slot  8): received 'team 02-01' A next slot: 18 TX: 1421069422309 (0 / 0)
 1421069422346 (slot  9): received 'team 02-08' A next slot:  9 TX: 1421069422346 (0 / 0)
 1421069422391 (slot 10): received 'team 02-16' A next slot: 20 TX: 1421069422391 (0 / 0)
 1421069422427 (slot 11): received 'team 02-03' A next slot: 11 TX: 1421069422426 (1 / 0)
 1421069422466 (slot 12): received 'team 02-22' A next slot:  1 TX: 1421069422466 (0 / 0)
 1421069422506 (slot 13): received 'team 02-10' A next slot: 15 TX: 1421069422506 (0 / 0)
 1421069422547 (slot 14): received 'team 02-24' A next slot:  3 TX: 1421069422546 (1 / 0)
 1421069422586 (slot 15): received 'team 02-21' A next slot:  4 TX: 1421069422586 (0 / 0)
 1421069422626 (slot 16): received 'team 02-05' A next slot: 22 TX: 1421069422626 (0 / 0)
 1421069422666 (slot 17): received 'team 02-15' A next slot: 21 TX: 1421069422666 (0 / 0)
 1421069422706 (slot 18): received 'team 02-20' A next slot: 24 TX: 1421069422706 (0 / 0)
 1421069422747 (slot 19): received 'team 02-06' A next slot: 12 TX: 1421069422746 (1 / 0)
 1421069422786 (slot 20): received 'team 02-04' A next slot:  5 TX: 1421069422786 (0 / 0)
 1421069422827 (slot 21): received 'team 02-25' A next slot:  6 TX: 1421069422826 (1 / 0)
 1421069422866 (slot 22): received 'team 02-19' A next slot: 16 TX: 1421069422866 (0 / 0)
 1421069422906 (slot 23): received 'team 02-09' A next slot:  7 TX: 1421069422906 (0 / 0)
 1421069422951 (slot 24): received 'team 02-02' A next slot:  8 TX: 1421069422951 (0 / 0)
 1421069422986 (slot 25): received 'team 02-14' A next slot: 13 TX: 1421069422986 (0 / 0)
   ========= Frame: 1421069423  ==================
 1421069423026 (slot  1): received 'team 02-11' A next slot: 17 TX: 1421069423026 (0 / 0)
 1421069423066 (slot  2): received 'team 02-22' A next slot: 21 TX: 1421069423066 (0 / 0)
 1421069423106 (slot  3): received 'team 02-17' A next slot: 12 TX: 1421069423106 (0 / 0)
 1421069423147 (slot  4): received 'team 02-24' A next slot: 18 TX: 1421069423146 (1 / 0)
 1421069423186 (slot  5): received 'team 02-21' A next slot: 19 TX: 1421069423186 (0 / 0)
 1421069423226 (slot  6): received 'team 02-04' A next slot:  0 TX: 1421069423226 (0 / 0)
 1421069423268 (slot  7): received 'team 02-25' A next slot:  5 TX: 1421069423267 (1 / 0)
 1421069423306 (slot  8): received 'team 02-09' A next slot:  4 TX: 1421069423306 (0 / 0)
 1421069423346 (slot  9): received 'team 02-02' A next slot:  6 TX: 1421069423346 (0 / 0)
 1421069423386 (slot 10): received 'team 02-08' A next slot:  7 TX: 1421069423386 (0 / 0)
 1421069423426 (slot 11): received 'team 02-12' A next slot:  3 TX: 1421069423426 (0 / 0)
 1421069423467 (slot 12): received 'team 02-03' A next slot: 11 TX: 1421069423466 (1 / 0)
 1421069423506 (slot 13): received 'team 02-06' A next slot: 22 TX: 1421069423506 (0 / 0)
 1421069423550 (slot 14): received 'team 02-14' A next slot: 20 TX: 1421069423550 (0 / 0)
 1421069423586 (slot 15): received 'team 02-07' A next slot: 14 TX: 1421069423586 (0 / 0)
 1421069423626 (slot 16): received 'team 02-10' A next slot: 15 TX: 1421069423626 (0 / 0)
 1421069423666 (slot 17): received 'team 02-19' A next slot: 24 TX: 1421069423666 (0 / 0)
 1421069423706 (slot 18): received 'team 02-13' A next slot: 23 TX: 1421069423706 (0 / 0)
 1421069423746 (slot 19): received 'team 02-01' A next slot:  9 TX: 1421069423746 (0 / 0)
 1421069423786 (slot 20): received 'team 02-23' A next slot: 13 TX: 1421069423786 (0 / 0)
 1421069423826 (slot 21): received 'team 02-16' A next slot:  8 TX: 1421069423826 (0 / 0)
 1421069423866 (slot 22): received 'team 02-15' A next slot: 10 TX: 1421069423866 (0 / 0)
 1421069423906 (slot 23): received 'team 02-05' A next slot: 16 TX: 1421069423906 (0 / 0)
 1421069423946 (slot 24): received 'team 02-18' A next slot:  2 TX: 1421069423946 (0 / 0)
 1421069423986 (slot 25): received 'team 02-20' A next slot:  1 TX: 1421069423986 (0 / 0)
   ========= Frame: 1421069424  ==================
 1421069424026 (slot  1): received 'team 02-04' A next slot: 16 TX: 1421069424026 (0 / 0)
 1421069424066 (slot  2): received 'team 02-20' A next slot: 17 TX: 1421069424066 (0 / 0)
 1421069424106 (slot  3): received 'team 02-18' A next slot:  6 TX: 1421069424106 (0 / 0)
 1421069424146 (slot  4): received 'team 02-12' A next slot:  1 TX: 1421069424146 (0 / 0)
 1421069424186 (slot  5): received 'team 02-09' A next slot: 14 TX: 1421069424186 (0 / 0)
 1421069424227 (slot  6): received 'team 02-25' A next slot:  0 TX: 1421069424226 (1 / 0)
 1421069424266 (slot  7): received 'team 02-02' A next slot:  5 TX: 1421069424266 (0 / 0)
 1421069424306 (slot  8): received 'team 02-08' A next slot:  4 TX: 1421069424306 (0 / 0)
 1421069424346 (slot  9): received 'team 02-16' A next slot: 23 TX: 1421069424346 (0 / 0)
 1421069424386 (slot 10): received 'team 02-01' A next slot: 11 TX: 1421069424386 (0 / 0)
 1421069424426 (slot 11): received 'team 02-15' A next slot: 24 TX: 1421069424426 (0 / 0)
 1421069424467 (slot 12): received 'team 02-03' A next slot: 18 TX: 1421069424466 (1 / 0)
 1421069424506 (slot 13): received 'team 02-17' A next slot:  7 TX: 1421069424506 (0 / 0)
 1421069424546 (slot 14): received 'team 0