9-client@SALLY.informatik.haw-hamburg.de-<0.38.0>-Gruppe1-2 Start: 20.10 16:00:52,800|
9-client@SALLY.informatik.haw-hamburg.de-<0.38.0>-Gruppe1-2: 2te_Nachricht. C Out: 20.10 16:00:57,855| gesendet
9-client@SALLY.informatik.haw-hamburg.de-<0.38.0>-Gruppe1-2: 14te_Nachricht. C Out: 20.10 16:01:02,862| gesendet
9-client@SALLY.informatik.haw-hamburg.de-<0.38.0>-Gruppe1-2: 22te_Nachricht. C Out: 20.10 16:01:07,870| gesendet
9-client@SALLY.informatik.haw-hamburg.de-<0.38.0>-Gruppe1-2: 34te_Nachricht. C Out: 20.10 16:01:12,878| gesendet
9-client@SALLY.informatik.haw-hamburg.de-<0.38.0>-Gruppe1-2: 42te_Nachricht. C Out: 20.10 16:01:17,885| gesendet
54te Nachricht um 20.10 16:01:17,901| vergessen zu senden
9-client@SALLY.informatik.haw-hamburg.de-<0.38.0>-Gruppe1-2 2te_Nachricht. COut: 20.10 16:00:57,855| HBQ In: 20.10 16:00:57,860|DLQ In: 20.10 16:00:57,860|*******C In:20.10 16:01:17,963|
8-client@SALLY.informatik.haw-hamburg.de-<0.38.0>-Gruppe1-2 3te_Nachricht. COut: 20.10 16:00:57,855| HBQ In: 20.10 16:00:57,859|DLQ In: 20.10 16:00:57,860|C In:20.10 16:01:18,010|
7-client@SALLY.informatik.haw-hamburg.de-<0.38.0>-Gruppe1-2 4te_Nachricht. COut: 20.10 16:00:57,855| HBQ In: 20.10 16:00:57,845|DLQ In: 20.10 16:00:57,860|C In:20.10 16:01:18,088|
6-client@SALLY.informatik.haw-hamburg.de-<0.38.0>-Gruppe1-2 5te_Nachricht. COut: 20.10 16:00:57,855| HBQ In: 20.10 16:00:57,845|DLQ In: 20.10 16:00:57,860|C In:20.10 16:01:18,166|
5-client@SALLY.informatik.haw-hamburg.de-<0.38.0>-Gruppe1-2 6te_Nachricht. COut: 20.10 16:00:57,870| HBQ In: 20.10 16:00:57,876|DLQ In: 20.10 16:00:57,876|C In:20.10 16:01:18,228|
4-client@SALLY.informatik.haw-hamburg.de-<0.38.0>-Gruppe1-2 7te_Nachricht. COut: 20.10 16:00:57,870| HBQ In: 20.10 16:00:57,875|DLQ In: 20.10 16:00:57,876|C In:20.10 16:01:18,338|
3-client@SALLY.informatik.haw-hamburg.de-<0.38.0>-Gruppe1-2 8te_Nachricht. COut: 20.10 16:00:57,886| HBQ In: 20.10 16:00:57,892|DLQ In: 20.10 16:00:57,892|C In:20.10 16:01:18,416|
2-client@SALLY.informatik.haw-hamburg.de-<0.38.0>-Gruppe1-2 9te_Nachricht. COut: 20.10 16:00:57,886| HBQ In: 20.10 16:00:57,891|DLQ In: 20.10 16:00:57,892|C In:20.10 16:01:18,494|
1-client@SALLY.informatik.haw-hamburg.de-<0.38.0>-Gruppe1-2 10te_Nachricht. COut: 20.10 16:00:57,886| HBQ In: 20.10 16:00:57,876|DLQ In: 20.10 16:00:57,892|C In:20.10 16:01:18,556|
6-client@SALLY.informatik.haw-hamburg.de-<0.38.0>-Gruppe1-2 11te_Nachricht. COut: 20.10 16:01:02,862| HBQ In: 20.10 16:01:02,883|DLQ In: 20.10 16:01:02,884|C In:20.10 16:01:18,634|
7-client@SALLY.informatik.haw-hamburg.de-<0.38.0>-Gruppe1-2 12te_Nachricht. COut: 20.10 16:01:02,862| HBQ In: 20.10 16:01:02,868|DLQ In: 20.10 16:01:02,884|C In:20.10 16:01:18,696|
8-client@SALLY.informatik.haw-hamburg.de-<0.38.0>-Gruppe1-2 13te_Nachricht. COut: 20.10 16:01:02,862| HBQ In: 20.10 16:01:02,867|DLQ In: 20.10 16:01:02,884|C In:20.10 16:01:18,790|
9-client@SALLY.informatik.haw-hamburg.de-<0.38.0>-Gruppe1-2 14te_Nachricht. COut: 20.10 16:01:02,862| HBQ In: 20.10 16:01:02,852|DLQ In: 20.10 16:01:02,884|*******C In:20.10 16:01:18,884|
10-client@SALLY.informatik.haw-hamburg.de-<0.38.0>-Gruppe1-2 15te_Nachricht. COut: 20.10 16:01:02,862| HBQ In: 20.10 16:01:02,851|DLQ In: 20.10 16:01:02,884|C In:20.10 16:01:18,962|
4-client@SALLY.informatik.haw-hamburg.de-<0.38.0>-Gruppe1-2 16te_Nachricht. COut: 20.10 16:01:02,878| HBQ In: 20.10 16:01:02,899|DLQ In: 20.10 16:01:02,899|C In:20.10 16:01:19,055|
5-client@SALLY.informatik.haw-hamburg.de-<0.38.0>-Gruppe1-2 17te_Nachricht. COut: 20.10 16:01:02,878| HBQ In: 20.10 16:01:02,884|DLQ In: 20.10 16:01:02,899|C In:20.10 16:01:19,149|
1-client@SALLY.informatik.haw-hamburg.de-<0.38.0>-Gruppe1-2 18te_Nachricht. COut: 20.10 16:01:02,894| HBQ In: 20.10 16:01:02,915|DLQ In: 20.10 16:01:02,915|C In:20.10 16:01:19,289|
2-client@SALLY.informatik.haw-hamburg.de-<0.38.0>-Gruppe1-2 19te_Nachricht. COut: 20.10 16:01:02,894| HBQ In: 20.10 16:01:02,899|DLQ In: 20.10 16:01:02,915|C In:20.10 16:01:19,367|
3-client@SALLY.informatik.haw-hamburg.de-<0.38.0>-Gruppe1-2 20te_Nachricht. COut: 20.10 16:01:02,894| HBQ In: 20.10 16:01:02,899|DLQ In: 20.10 16:01:02,915|C In:20.10 16:01:19,476|
10-client@SALLY.informatik.haw-hamburg.de-<0.38.0>-Gruppe1-2 21te_Nachricht. COut: 20.10 16:01:07,870| HBQ In: 20.10 16:01:07,891|DLQ In: 20.10 16:01:07,891|C In:20.10 16:01:19,554|
9-client@SALLY.informatik.haw-hamburg.de-<0.38.0>-Gruppe1-2 22te_Nachricht. COut: 20.10 16:01:07,870| HBQ In: 20.10 16:01:07,876|DLQ In: 20.10 16:01:07,891|*******C In:20.10 16:01:19,632|
8-client@SALLY.informatik.haw-hamburg.de-<0.38.0>-Gruppe1-2 23te_Nachricht. COut: 20.10 16:01:07,870| HBQ In: 20.10 16:01:07,875|DLQ In: 20.10 16:01:07,891|C In:20.10 16:01:19,695|
7-client@SALLY.informatik.haw-hamburg.de-<0.38.0>-Gruppe1-2 24te_Nachricht. COut: 20.10 16:01:07,870| HBQ In: 20.10 16:01:07,860|DLQ In: 20.10 16:01:07,891|C In:20.10 16:01:19,773|
6-client@SALLY.informatik.haw-hamburg.de-<0.38.0>-Gruppe1-2 25te_Nachricht. COut: 20.10 16:01:07,870| HBQ In: 20.10 16:01:07,859|DLQ In: 20.10 16:01:07,891|C In:20.10 16:01:19,851|
5-client@SALLY.informatik.haw-hamburg.de-<0.38.0>-Gruppe1-2 26te_Nachricht. COut: 20.10 16:01:07,886| HBQ In: 20.10 16:01:07,907|DLQ In: 20.10 16:01:07,907|C In:20.10 16:01:19,913|
4-client@SALLY.informatik.haw-hamburg.de-<0.38.0>-Gruppe1-2 27te_Nachricht. COut: 20.10 16:01:07,886| HBQ In: 20.10 16:01:07,907|DLQ In: 20.10 16:01:07,907|C In:20.10 16:01:19,991|
3-client@SALLY.informatik.haw-hamburg.de-<0.38.0>-Gruppe1-2 28te_Nachricht. COut: 20.10 16:01:07,901| HBQ In: 20.10 16:01:07,922|DLQ In: 20.10 16:01:07,922|C In:20.10 16:01:20,085|
2-client@SALLY.informatik.haw-hamburg.de-<0.38.0>-Gruppe1-2 29te_Nachricht. COut: 20.10 16:01:07,901| HBQ In: 20.10 16:01:07,922|DLQ In: 20.10 16:01:07,922|C In:20.10 16:01:20,147|
1-client@SALLY.informatik.haw-hamburg.de-<0.38.0>-Gruppe1-2 30te_Nachricht. COut: 20.10 16:01:07,901| HBQ In: 20.10 16:01:07,922|DLQ In: 20.10 16:01:07,922|C In:20.10 16:01:20,225|
6-client@SALLY.informatik.haw-hamburg.de-<0.38.0>-Gruppe1-2 31te_Nachricht. COut: 20.10 16:01:12,878| HBQ In: 20.10 16:01:12,915|DLQ In: 20.10 16:01:12,915|C In:20.10 16:01:20,319|
7-client@SALLY.informatik.haw-hamburg.de-<0.38.0>-Gruppe1-2 32te_Nachricht. COut: 20.10 16:01:12,878| HBQ In: 20.10 16:01:12,899|DLQ In: 20.10 16:01:12,915|C In:20.10 16:01:20,412|
8-client@SALLY.informatik.haw-hamburg.de-<0.38.0>-Gruppe1-2 33te_Nachricht. COut: 20.10 16:01:12,878| HBQ In: 20.10 16:01:12,899|DLQ In: 20.10 16:01:12,915|C In:20.10 16:01:20,506|
9-client@SALLY.informatik.haw-hamburg.de-<0.38.0>-Gruppe1-2 34te_Nachricht. COut: 20.10 16:01:12,878| HBQ In: 20.10 16:01:12,884|DLQ In: 20.10 16:01:12,915|*******C In:20.10 16:01:20,600|
10-client@SALLY.informatik.haw-hamburg.de-<0.38.0>-Gruppe1-2 35te_Nachricht. COut: 20.10 16:01:12,878| HBQ In: 20.10 16:01:12,883|DLQ In: 20.10 16:01:12,915|C In:20.10 16:01:20,709|
4-client@SALLY.informatik.haw-hamburg.de-<0.38.0>-Gruppe1-2 36te_Nachricht. COut: 20.10 16:01:12,893| HBQ In: 20.10 16:01:12,930|DLQ In: 20.10 16:01:12,930|C In:20.10 16:01:20,771|
5-client@SALLY.informatik.haw-hamburg.de-<0.38.0>-Gruppe1-2 37te_Nachricht. COut: 20.10 16:01:12,893| HBQ In: 20.10 16:01:12,915|DLQ In: 20.10 16:01:12,930|C In:20.10 16:01:20,865|
1-client@SALLY.informatik.haw-hamburg.de-<0.38.0>-Gruppe1-2 38te_Nachricht. COut: 20.10 16:01:12,909| HBQ In: 20.10 16:01:12,946|DLQ In: 20.10 16:01:12,946|C In:20.10 16:01:20,958|
2-client@SALLY.informatik.haw-hamburg.de-<0.38.0>-Gruppe1-2 39te_Nachricht. COut: 20.10 16:01:12,909| HBQ In: 20.10 16:01:12,946|DLQ In: 20.10 16:01:12,946|C In:20.10 16:01:21,036|
3-client@SALLY.informatik.haw-hamburg.de-<0.38.0>-Gruppe1-2 40te_Nachricht. COut: 20.10 16:01:12,909| HBQ In: 20.10 16:01:12,930|DLQ In: 20.10 16:01:12,946|C In:20.10 16:01:21,114|
10-client@SALLY.informatik.haw-hamburg.de-<0.38.0>-Gruppe1-2 41te_Nachricht. COut: 20.10 16:01:17,885| HBQ In: 20.10 16:01:17,922|DLQ In: 20.10 16:01:17,922|C In:20.10 16:01:21,193|
9-client@SALLY.informatik.haw-hamburg.de-<0.38.0>-Gruppe1-2 42te_Nachricht. COut: 20.10 16:01:17,885| HBQ In: 20.10 16:01:17,907|DLQ In: 20.10 16:01:17,922|*******C In:20.10 16:01:21,255|
8-client@SALLY.informatik.haw-hamburg.de-<0.38.0>-Gruppe1-2 43te_Nachricht. COut: 20.10 16:01:17,885| HBQ In: 20.10 16:01:17,907|DLQ In: 20.10 16:01:17,922|C In:20.10 16:01:21,333|
7-client@SALLY.informatik.haw-hamburg.de-<0.38.0>-Gruppe1-2 44te_Nachricht. COut: 20.10 16:01:17,885| HBQ In: 20.10 16:01:17,891|DLQ In: 20.10 16:01:17,922|C In:20.10 16:01:21,395|
6-client@SALLY.informatik.haw-hamburg.de-<0.38.0>-Gruppe1-2 45te_Nachricht. COut: 20.10 16:01:17,885| HBQ In: 20.10 16:01:17,891|DLQ In: 20.10 16:01:17,922|C In:20.10 16:01:21,473|
5-client@SALLY.informatik.haw-hamburg.de-<0.38.0>-Gruppe1-2 46te_Nachricht. COut: 20.10 16:01:17,901| HBQ In: 20.10 16:01:17,937|DLQ In: 20.10 16:01:17,938|C In:20.10 16:01:21,551|
4-client@SALLY.informatik.haw-hamburg.de-<0.38.0>-Gruppe1-2 47te_Nachricht. COut: 20.10 16:01:17,901| HBQ In: 20.10 16:01:17,922|DLQ In: 20.10 16:01:17,938|C In:20.10 16:01:21,614|
3-client@SALLY.informatik.haw-hamburg.de-<0.38.0>-Gruppe1-2 48te_Nachricht. COut: 20.10 16:01:17,916| HBQ In: 20.10 16:01:17,954|DLQ In: 20.10 16:01:17,954|C In:20.10 16:01:21,692|
2-client@SALLY.informatik.haw-hamburg.de-<0.38.0>-Gruppe1-2 49te_Nachricht. COut: 20.10 16:01:17,916| HBQ In: 20.10 16:01:17,938|DLQ In: 20.10 16:01:17,954|C In:20.10 16:01:21,754|
1-client@SALLY.informatik.haw-hamburg.de-<0.38.0>-Gruppe1-2 50te_Nachricht. COut: 20.10 16:01:17,915| HBQ In: 20.10 16:01:17,938|DLQ In: 20.10 16:01:17,954|C In:20.10 16:01:21,832|
..getmessages..Done..
Neuer Sendeintervall: 4 Sekunden (5)
9-client@SALLY.informatik.haw-hamburg.de-<0.38.0>-Gruppe1-2: 64te_Nachricht. C Out: 20.10 16:01:25,857| gesendet
9-client@SALLY.informatik.haw-hamburg.de-<0.38.0>-Gruppe1-2: 72te_Nachricht. C Out: 20.10 16:01:29,866| gesendet
9-client@SALLY.informatik.haw-hamburg.de-<0.38.0>-Gruppe1-2: 82te_Nachricht. C Out: 20.10 16:01:33,875| gesendet
9-client@SALLY.informatik.haw-hamburg.de-<0.38.0>-Gruppe1-2: 88te_Nachricht. C Out: 20.10 16:01:37,885| gesendet
9-client@SALLY.informatik.haw-hamburg.de-<0.38.0>-Gruppe1-2: 96te_Nachricht. C Out: 20.10 16:01:41,894| gesendet
106te Nachricht um 20.10 16:01:41,925| vergessen zu senden
9-client@SALLY.informatik.haw-hamburg.de-<0.38.0>-Gruppe1-2 2te_Nachricht. COut: 20.10 16:00:57,855| HBQ In: 20.10 16:00:57,860|DLQ In: 20.10 16:00:57,860|C In:20.10 16:01:41,941|
8-client@SALLY.informatik.haw-hamburg.de-<0.38.0>-Gruppe1-2 3te_Nachricht. COut: 20.10 16:00:57,855| HBQ In: 20.10 16:00:57,859|DLQ In: 20.10 16:00:57,860|C In:20.10 16:01:41,956|
7-client@SALLY.informatik.haw-hamburg.de-<0.38.0>-Gruppe1-2 4te_Nachricht. COut: 20.10 16:00:57,855| HBQ In: 20.10 16:00:57,845|DLQ In: 20.10 16:00:57,860|C In:20.10 16:01:41,987|
6-client@SALLY.informatik.haw-hamburg.de-<0.38.0>-Gruppe1-2 5te_Nachricht. COut: 20.10 16:00:57,855| HBQ In: 20.10 16:00:57,845|DLQ In: 20.10 16:00:57,860|C In:20.10 16:01:42,019|
5-client@SALLY.informatik.haw-hamburg.de-<0.38.0>-Gruppe1-2 6te_Nachricht. COut: 20.10 16:00:57,870| HBQ In: 20.10 16:00:57,876|DLQ In: 20.10 16:00:57,876|C In:20.10 16:01:42,050|
4-client@SALLY.informatik.haw-hamburg.de-<0.38.0>-Gruppe1-2 7te_Nachricht. COut: 20.10 16:00:57,870| HBQ In: 20.10 16:00:57,875|DLQ In: 20.10 16:00:57,876|C In:20.10 16:01:42,081|
3-client@SALLY.informatik.haw-hamburg.de-<0.38.0>-Gruppe1-2 8te_Nachricht. COut: 20.10 16:00:57,886| HBQ In: 20.10 16:00:57,892|DLQ In: 20.10 16:00:57,892|C In:20.10 16:01:42,112|
2-client@SALLY.informatik.haw-hamburg.de-<0.38.0>-Gruppe1-2 9te_Nachricht. COut: 20.10 16:00:57,886| HBQ In: 20.10 16:00:57,891|DLQ In: 20.10 16:00:57,892|C In:20.10 16:01:42,128|
1-client@SALLY.informatik.haw-hamburg.de-<0.38.0>-Gruppe1-2 10te_Nachricht. COut: 20.10 16:00:57,886| HBQ In: 20.10 16:00:57,876|DLQ In: 20.10 16:00:57,892|C In:20.10 16:01:42,159|
6-client@SALLY.informatik.haw-hamburg.de-<0.38.0>-Gruppe1-2 11te_Nachricht. COut: 20.10 16:01:02,862| HBQ In: 20.10 16:01:02,883|DLQ In: 20.10 16:01:02,884|C In:20.10 16:01:42,190|
7-client@SALLY.informatik.haw-hamburg.de-<0.38.0>-Gruppe1-2 12te_Nachricht. COut: 20.10 16:01:02,862| HBQ In: 20.10 16:01:02,868|DLQ In: 20.10 16:01:02,884|C In:20.10 16:01:42,221|
8-client@SALLY.informatik.haw-hamburg.de-<0.38.0>-Gruppe1-2 13te_Nachricht. COut: 20.10 16:01:02,862| HBQ In: 20.10 16:01:02,867|DLQ In: 20.10 16:01:02,884|C In:20.10 16:01:42,237|
9-client@SALLY.informatik.haw-hamburg.de-<0.38.0>-Gruppe1-2 14te_Nachricht. COut: 20.10 16:01:02,862| HBQ In: 20.10 16:01:02,852|DLQ In: 20.10 16:01:02,884|C In:20.10 16:01:42,268|
10-client@SALLY.informatik.haw-hamburg.de-<0.38.0>-Gruppe1-2 15te_Nachricht. COut: 20.10 16:01:02,862| HBQ In: 20.10 16:01:02,851|DLQ In: 20.10 16:01:02,884|C In:20.10 16:01:42,299|
4-client@SALLY.informatik.haw-hamburg.de-<0.38.0>-Gruppe1-2 16te_Nachricht. COut: 20.10 16:01:02,878| HBQ In: 20.10 16:01:02,899|DLQ In: 20.10 16:01:02,899|C In:20.10 16:01:42,331|
5-client@SALLY.informatik.haw-hamburg.de-<0.38.0>-Gruppe1-2 17te_Nachricht. COut: 20.10 16:01:02,878| HBQ In: 20.10 16:01:02,884|DLQ In: 20.10 16:01:02,899|C In:20.10 16:01:42,362|
1-client@SALLY.informatik.haw-hamburg.de-<0.38.0>-Gruppe1-2 18te_Nachricht. COut: 20.10 16:01:02,894| HBQ In: 20.10 16:01:02,915|DLQ In: 20.10 16:01:02,915|C In:20.10 16:01:42,377|
2-client@SALLY.informatik.haw-hamburg.de-<0.38.0>-Gruppe1-2 19te_Nachricht. COut: 20.10 16:01:02,894| HBQ In: 20.10 16:01:02,899|DLQ In: 20.10 16:01:02,915|C In:20.10 16:01:42,409|
3-client@SALLY.informatik.haw-hamburg.de-<0.38.0>-Gruppe1-2 20te_Nachricht. COut: 20.10 16:01:02,894| HBQ In: 20.10 16:01:02,899|DLQ In: 20.10 16:01:02,915|C In:20.10 16:01:42,440|
10-client@SALLY.informatik.haw-hamburg.de-<0.38.0>-Gruppe1-2 21te_Nachricht. COut: 20.10 16:01:07,870| HBQ In: 20.10 16:01:07,891|DLQ In: 20.10 16:01:07,891|C In:20.10 16:01:42,471|
9-client@SALLY.informatik.haw-hamburg.de-<0.38.0>-Gruppe1-2 22te_Nachricht. COut: 20.10 16:01:07,870| HBQ In: 20.10 16:01:07,876|DLQ In: 20.10 16:01:07,891|C In:20.10 16:01:42,502|
8-client@SALLY.informatik.haw-hamburg.de-<0.38.0>-Gruppe1-2 23te_Nachricht. COut: 20.10 16:01:07,870| HBQ In: 20.10 16:01:07,875|DLQ In: 20.10 16:01:07,891|C In:20.10 16:01:42,533|
7-client@SALLY.informatik.haw-hamburg.de-<0.38.0>-Gruppe1-2 24te_Nachricht. COut: 20.10 16:01:07,870| HBQ In: 20.10 16:01:07,860|DLQ In: 20.10 16:01:07,891|C In:20.10 16:01:42,565|
6-client@SALLY.informatik.haw-hamburg.de-<0.38.0>-Gruppe1-2 25te_Nachricht. COut: 20.10 16:01:07,870| HBQ In: 20.10 16:01:07,859|DLQ In: 20.10 16:01:07,891|C In:20.10 16:01:42,596|
5-client@SALLY.informatik.haw-hamburg.de-<0.38.0>-Gruppe1-2 26te_Nachricht. COut: 20.10 16:01:07,886| HBQ In: 20.10 16:01:07,907|DLQ In: 20.10 16:01:07,907|C In:20.10 16:01:42,627|
4-client@SALLY.informatik.haw-hamburg.de-<0.38.0>-Gruppe1-2 27te_Nachricht. COut: 20.10 16:01:07,886| HBQ In: 20.10 16:01:07,907|DLQ In: 20.10 16:01:07,907|C In:20.10 16:01:42,658|
3-client@SALLY.informatik.haw-hamburg.de-<0.38.0>-Gruppe1-2 28te_Nachricht. COut: 20.10 16:01:07,901| HBQ In: 20.10 16:01:07,922|DLQ In: 20.10 16:01:07,922|C In:20.10 16:01:42,689|
2-client@SALLY.informatik.haw-hamburg.de-<0.38.0>-Gruppe1-2 29te_Nachricht. COut: 20.10 16:01:07,901| HBQ In: 20.10 16:01:07,922|DLQ In: 20.10 16:01:07,922|C In:20.10 16:01:42,721|
1-client@SALLY.informatik.haw-hamburg.de-<0.38.0>-Gruppe1-2 30te_Nachricht. COut: 20.10 16:01:07,901| HBQ In: 20.10 16:01:07,922|DLQ In: 20.10 16:01:07,922|C In:20.10 16:01:42,752|
6-client@SALLY.informatik.haw-hamburg.de-<0.38.0>-Gruppe1-2 31te_Nachricht. COut: 20.10 16:01:12,878| HBQ In: 20.10 16:01:12,915|DLQ In: 20.10 16:01:12,915|C In:20.10 16:01:42,767|
7-client@SALLY.informatik.haw-hamburg.de-<0.38.0>-Gruppe1-2 32te_Nachricht. COut: 20.10 16:01:12,878| HBQ In: 20.10 16:01:12,899|DLQ In: 20.10 16:01:12,915|C In:20.10 16:01:42,799|
8-client@SALLY.informatik.haw-hamburg.de-<0.38.0>-Gruppe1-2 33te_Nachricht. COut: 20.10 16:01:12,878| HBQ In: 20.10 16:01:12,899|DLQ In: 20.10 16:01:12,915|C In:20.10 16:01:42,830|
9-client@SALLY.informatik.haw-hamburg.de-<0.38.0>-Gruppe1-2 34te_Nachricht. COut: 20.10 16:01:12,878| HBQ In: 20.10 16:01:12,884|DLQ In: 20.10 16:01:12,915|C In:20.10 16:01:42,861|
10-client@SALLY.informatik.haw-hamburg.de-<0.38.0>-Gruppe1-2 35te_Nachricht. COut: 20.10 16:01:12,878| HBQ In: 20.10 16:01:12,883|DLQ In: 20.10 16:01:12,915|C In:20.10 16:01:42,892|
4-client@SALLY.informatik.haw-hamburg.de-<0.38.0>-Gruppe1-2 36te_Nachricht. COut: 20.10 16:01:12,893| HBQ In: 20.10 16:01:12,930|DLQ In: 20.10 16:01:12,930|C In:20.10 16:01:42,923|
5-client@SALLY.informatik.haw-hamburg.de-<0.38.0>-Gruppe1-2 37te_Nachricht. COut: 20.10 16:01:12,893| HBQ In: 20.10 16:01:12,915|DLQ In: 20.10 16:01:12,930|C In:20.10 16:01:42,955|
1-client@SALLY.informatik.haw-hamburg.de-<0.38.0>-Gruppe1-2 38te_Nachricht. COut: 20.10 16:01:12,909| HBQ In: 20.10 16:01:12,946|DLQ In: 20.10 16:01:12,946|C In:20.10 16:01:42,970|
2-client@SALLY.informatik.haw-hamburg.de-<0.38.0>-Gruppe1-2 39te_Nachricht. COut: 20.10 16:01:12,909| HBQ In: 20.10 16:01:12,946|DLQ In: 20.10 16:01:12,946|C In:20.10 16:01:43,001|
3-client@SALLY.informatik.haw-hamburg.de-<0.38.0>-Gruppe1-2 40te_Nachricht. COut: 20.10 16:01:12,909| HBQ In: 20.10 16:01:12,930|DLQ In: 20.10 16:01:12,946|C In:20.10 16:01:43,033|
10-client@SALLY.informatik.haw-hamburg.de-<0.38.0>-Gruppe1-2 41te_Nachricht. COut: 20.10 16:01:17,885| HBQ In: 20.10 16:01:17,922|DLQ In: 20.10 16:01:17,922|C In:20.10 16:01:43,064|
9-client@SALLY.informatik.haw-hamburg.de-<0.38.0>-Gruppe1-2 42te_Nachricht. COut: 20.10 16:01:17,885| HBQ In: 20.10 16:01:17,907|DLQ In: 20.10 16:01:17,922|C In:20.10 16:01:43,235|
8-client@SALLY.informatik.haw-hamburg.de-<0.38.0>-Gruppe1-2 43te_Nachricht. COut: 20.10 16:01:17,885| HBQ In: 20.10 16:01:17,907|DLQ In: 20.10 16:01:17,922|C In:20.10 16:01:43,282|
7-client@SALLY.informatik.haw-hamburg.de-<0.38.0>-Gruppe1-2 44te_Nachricht. COut: 20.10 16:01:17,885| HBQ In: 20.10 16:01:17,891|DLQ In: 20.10 16:01:17,922|C In:20.10 16:01:43,329|
6-client@SALLY.informatik.haw-hamburg.de-<0.38.0>-Gruppe1-2 45te_Nachricht. COut: 20.10 16:01:17,885| HBQ In: 20.10 16:01:17,891|DLQ In: 20.10 16:01:17,922|C In:20.10 16:01:43,360|
5-client@SALLY.informatik.haw-hamburg.de-<0.38.0>-Gruppe1-2 46te_Nachricht. COut: 20.10 16:01:17,901| HBQ In: 20.10 16:01:17,937|DLQ In: 20.10 16:01:17,938|C In:20.10 16:01:43,391|
4-client@SALLY.informatik.haw-hamburg.de-<0.38.0>-Gruppe1-2 47te_Nachricht. COut: 20.10 16:01:17,901| HBQ In: 20.10 16:01:17,922|DLQ In: 20.10 16:01:17,938|C In:20.10 16:01:43,454|
3-client@SALLY.informatik.haw-hamburg.de-<0.38.0>-Gruppe1-2 48te_Nachricht. COut: 20.10 16:01:17,916| HBQ In: 20.10 16:01:17,954|DLQ In: 20.10 16:01:17,954|C In:20.10 16:01:43,485|
2-client@SALLY.informatik.haw-hamburg.de-<0.38.0>-Gruppe1-2 49te_Nachricht. COut: 20.10 16:01:17,916| HBQ In: 20.10 16:01:17,938|DLQ In: 20.10 16:01:17,954|C In:20.10 16:01:43,516|
1-client@SALLY.informatik.haw-hamburg.de-<0.38.0>-Gruppe1-2 50te_Nachricht. COut: 20.10 16:01:17,915| HBQ In: 20.10 16:01:17,938|DLQ In: 20.10 16:01:17,954|C In:20.10 16:01:43,532|
..getmessages..Done..
Neuer Sendeintervall: 3 Sekunden (4)
9-client@SALLY.informatik.haw-hamburg.de-<0.38.0>-Gruppe1-2: 110te_Nachricht. C Out: 20.10 16:01:46,543| gesendet
9-client@SALLY.informatik.haw-hamburg.de-<0.38.0>-Gruppe1-2: 119te_Nachricht. C Out: 20.10 16:01:49,552| gesendet
9-client@SALLY.informatik.haw-hamburg.de-<0.38.0>-Gruppe1-2: 123te_Nachricht. C Out: 20.10 16:01:52,564| gesendet
9-client@SALLY.informatik.haw-hamburg.de-<0.38.0>-Gruppe1-2: 131te_Nachricht. C Out: 20.10 16:01:55,575| gesendet
9-client@SALLY.informatik.haw-hamburg.de-<0.38.0>-Gruppe1-2: 135te_Nachricht. C Out: 20.10 16:01:58,585| gesendet
144te Nachricht um 20.10 16:01:58,586| vergessen zu senden
9-client@SALLY.informatik.haw-hamburg.de-<0.38.0>-Gruppe1-2 2te_Nachricht. COut: 20.10 16:00:57,855| HBQ In: 20.10 16:00:57,860|DLQ In: 20.10 16:00:57,860|C In:20.10 16:01:58,586|
8-client@SALLY.informatik.haw-hamburg.de-<0.38.0>-Gruppe1-2 3te_Nachricht. COut: 20.10 16:00:57,855| HBQ In: 20.10 16:00:57,859|DLQ In: 20.10 16:00:57,860|C In:20.10 16:01:58,602|
7-client@SALLY.informatik.haw-hamburg.de-<0.38.0>-Gruppe1-2 4te_Nachricht. COut: 20.10 16:00:57,855| HBQ In: 20.10 16:00:57,845|DLQ In: 20.10 16:00:57,860|C In:20.10 16:01:58,633|
6-client@SALLY.informatik.haw-hamburg.de-<0.38.0>-Gruppe1-2 5te_Nachricht. COut: 20.10 16:00:57,855| HBQ In: 20.10 16:00:57,845|DLQ In: 20.10 16:00:57,860|C In:20.10 16:01:58,648|
5-client@SALLY.informatik.haw-hamburg.de-<0.38.0>-Gruppe1-2 6te_Nachricht. COut: 20.10 16:00:57,870| HBQ In: 20.10 16:00:57,876|DLQ In: 20.10 16:00:57,876|C In:20.10 16:01:58,680|
4-client@SALLY.informatik.haw-hamburg.de-<0.38.0>-Gruppe1-2 7te_Nachricht. COut: 20.10 16:00:57,870| HBQ In: 20.10 16:00:57,875|DLQ In: 20.10 16:00:57,876|C In:20.10 16:01:58,695|
3-client@SALLY.informatik.haw-hamburg.de-<0.38.0>-Gruppe1-2 8te_Nachricht. COut: 20.10 16:00:57,886| HBQ In: 20.10 16:00:57,892|DLQ In: 20.10 16:00:57,892|C In:20.10 16:01:58,726|
2-client@SALLY.informatik.haw-hamburg.de-<0.38.0>-Gruppe1-2 9te_Nachricht. COut: 20.10 16:00:57,886| HBQ In: 20.10 16:00:57,891|DLQ In: 20.10 16:00:57,892|C In:20.10 16:01:58,789|
1-client@SALLY.informatik.haw-hamburg.de-<0.38.0>-Gruppe1-2 10te_Nachricht. COut: 20.10 16:00:57,886| HBQ In: 20.10 16:00:57,876|DLQ In: 20.10 16:00:57,892|C In:20.10 16:01:58,820|
6-client@SALLY.informatik.haw-hamburg.de-<0.38.0>-Gruppe1-2 11te_Nachricht. COut: 20.10 16:01:02,862| HBQ In: 20.10 16:01:02,883|DLQ In: 20.10 16:01:02,884|C In:20.10 16:01:58,836|
7-client@SALLY.informatik.haw-hamburg.de-<0.38.0>-Gruppe1-2 12te_Nachricht. COut: 20.10 16:01:02,862| HBQ In: 20.10 16:01:02,868|DLQ In: 20.10 16:01:02,884|C In:20.10 16:01:58,851|
8-client@SALLY.informatik.haw-hamburg.de-<0.38.0>-Gruppe1-2 13te_Nachricht. COut: 20.10 16:01:02,862| HBQ In: 20.10 16:01:02,867|DLQ In: 20.10 16:01:02,884|C In:20.10 16:01:58,867|
9-client@SALLY.informatik.haw-hamburg.de-<0.38.0>-Gruppe1-2 14te_Nachricht. COut: 20.10 16:01:02,862| HBQ In: 20.10 16:01:02,852|DLQ In: 20.10 16:01:02,884|C In:20.10 16:01:58,976|
10-client@SALLY.informatik.haw-hamburg.de-<0.38.0>-Gruppe1-2 15te_Nachricht. COut: 20.10 16:01:02,862| HBQ In: 20.10 16:01:02,851|DLQ In: 20.10 16:01:02,884|C In:20.10 16:01:59,085|
4-client@SALLY.informatik.haw-hamburg.de-<0.38.0>-Gruppe1-2 16te_Nachricht. COut: 20.10 16:01:02,878| HBQ In: 20.10 16:01:02,899|DLQ In: 20.10 16:01:02,899|C In:20.10 16:01:59,132|
5-client@SALLY.informatik.haw-hamburg.de-<0.38.0>-Gruppe1-2 17te_Nachricht. COut: 20.10 16:01:02,878| HBQ In: 20.10 16:01:02,884|DLQ In: 20.10 16:01:02,899|C In:20.10 16:01:59,163|
1-client@SALLY.informatik.haw-hamburg.de-<0.38.0>-Gruppe1-2 18te_Nachricht. COut: 20.10 16:01:02,894| HBQ In: 20.10 16:01:02,915|DLQ In: 20.10 16:01:02,915|C In:20.10 16:01:59,179|
2-client@SALLY.informatik.haw-hamburg.de-<0.38.0>-Gruppe1-2 19te_Nachricht. COut: 20.10 16:01:02,894| HBQ In: 20.10 16:01:02,899|DLQ In: 20.10 16:01:02,915|C In:20.10 16:01:59,210|
3-client@SALLY.informatik.haw-hamburg.de-<0.38.0>-Gruppe1-2 20te_Nachricht. COut: 20.10 16:01:02,894| HBQ In: 20.10 16:01:02,899|DLQ In: 20.10 16:01:02,915|C In:20.10 16:01:59,226|
10-client@SALLY.informatik.haw-hamburg.de-<0.38.0>-Gruppe1-2 21te_Nachricht. COut: 20.10 16:01:07,870| HBQ In: 20.10 16:01:07,891|DLQ In: 20.10 16:01:07,891|C In:20.10 16:01:59,257|
9-client@SALLY.informatik.haw-hamburg.de-<0.38.0>-Gruppe1-2 22te_Nachricht. COut: 20.10 16:01:07,870| HBQ In: 20.10 16:01:07,876|DLQ In: 20.10 16:01:07,891|C In:20.10 16:01:59,272|
8-client@SALLY.informatik.haw-hamburg.de-<0.38.0>-Gruppe1-2 23te_Nachricht. COut: 20.10 16:01:07,870| HBQ In: 20.10 16:01:07,875|DLQ In: 20.10 16:01:07,891|C In:20.10 16:01:59,288|
7-client@SALLY.informatik.haw-hamburg.de-<0.38.0>-Gruppe1-2 24te_Nachricht. COut: 20.10 16:01:07,870| HBQ In: 20.10 16:01:07,860|DLQ In: 20.10 16:01:07,891|C In:20.10 16:01:59,304|
6-client@SALLY.informatik.haw-hamburg.de-<0.38.0>-Gruppe1-2 25te_Nachricht. COut: 20.10 16:01:07,870| HBQ In: 20.10 16:01:07,859|DLQ In: 20.10 16:01:07,891|C In:20.10 16:01:59,319|
5-client@SALLY.informatik.haw-hamburg.de-<0.38.0>-Gruppe1-2 26te_Nachricht. COut: 20.10 16:01:07,886| HBQ In: 20.10 16:01:07,907|DLQ In: 20.10 16:01:07,907|C In:20.10 16:01:59,335|
4-client@SALLY.informatik.haw-hamburg.de-<0.38.0>-Gruppe1-2 27te_Nachricht. COut: 20.10 16:01:07,886| HBQ In: 20.10 16:01:07,907|DLQ In: 20.10 16:01:07,907|C In:20.10 16:01:59,350|
3-client@SALLY.informatik.haw-hamburg.de-<0.38.0>-Gruppe1-2 28te_Nachricht. COut: 20.10 16:01:07,901| HBQ In: 20.10 16:01:07,922|DLQ In: 20.10 16:01:07,922|C In:20.10 16:01:59,397|
2-client@SALLY.informatik.haw-hamburg.de-<0.38.0>-Gruppe1-2 29te_Nachricht. COut: 20.10 16:01:07,901| HBQ In: 20.10 16:01:07,922|DLQ In: 20.10 16:01:07,922|C In:20.10 16:01:59,475|
1-client@SALLY.informatik.haw-hamburg.de-<0.38.0>-Gruppe1-2 30te_Nachricht. COut: 20.10 16:01:07,901| HBQ In: 20.10 16:01:07,922|DLQ In: 20.10 16:01:07,922|C In:20.10 16:01:59,475|
6-client@SALLY.informatik.haw-hamburg.de-<0.38.0>-Gruppe1-2 31te_Nachricht. COut: 20.10 16:01:12,878| HBQ In: 20.10 16:01:12,915|DLQ In: 20.10 16:01:12,915|C In:20.10 16:01:59,491|
7-client@SALLY.informatik.haw-hamburg.de-<0.38.0>-Gruppe1-2 32te_Nachricht. COut: 20.10 16:01:12,878| HBQ In: 20.10 16:01:12,899|DLQ In: 20.10 16:01:12,915|C In:20.10 16:01:59,506|
8-client@SALLY.informatik.haw-hamburg.de-<0.38.0>-Gruppe1-2 33te_Nachricht. COut: 20.10 16:01:12,878| HBQ In: 20.10 16:01:12,899|DLQ In: 20.10 16:01:12,915|C In:20.10 16:01:59,522|
9-client@SALLY.informatik.haw-hamburg.de-<0.38.0>-Gruppe1-2 34te_Nachricht. COut: 20.10 16:01:12,878| HBQ In: 20.10 16:01:12,884|DLQ In: 20.10 16:01:12,915|C In:20.10 16:01:59,538|
10-client@SALLY.informatik.haw-hamburg.de-<0.38.0>-Gruppe1-2 35te_Nachricht. COut: 20.10 16:01:12,878| HBQ In: 20.10 16:01:12,883|DLQ In: 20.10 16:01:12,915|C In:20.10 16:01:59,553|
4-client@SALLY.informatik.haw-hamburg.de-<0.38.0>-Gruppe1-2 36te_Nachricht. COut: 20.10 16:01:12,893| HBQ In: 20.10 16:01:12,930|DLQ In: 20.10 16:01:12,930|C In:20.10 16:01:59,569|
5-client@SALLY.informatik.haw-hamburg.de-<0.38.0>-Gruppe1-2 37te_Nachricht. COut: 20.10 16:01:12,893| HBQ In: 20.10 16:01:12,915|DLQ In: 20.10 16:01:12,930|C In:20.10 16:01:59,584|
1-client@SALLY.informatik.haw-hamburg.de-<0.38.0>-Gruppe1-2 38te_Nachricht. COut: 20.10 16:01:12,909| HBQ In: 20.10 16:01:12,946|DLQ In: 20.10 16:01:12,946|C In:20.10 16:01:59,600|
2-client@SALLY.informatik.haw-hamburg.de-<0.38.0>-Gruppe1-2 39te_Nachricht. COut: 20.10 16:01:12,909| HBQ In: 20.10 16:01:12,946|DLQ In: 20.10 16:01:12,946|C In:20.10 16:01:59,616|
3-client@SALLY.informatik.haw-hamburg.de-<0.38.0>-Gruppe1-2 40te_Nachricht. COut: 20.10 16:01:12,909| HBQ In: 20.10 16:01:12,930|DLQ In: 20.10 16:01:12,946|C In:20.10 16:01:59,631|
10-client@SALLY.informatik.haw-hamburg.de-<0.38.0>-Gruppe1-2 41te_Nachricht. COut: 20.10 16:01:17,885| HBQ In: 20.10 16:01:17,922|DLQ In: 20.10 16:01:17,922|C In:20.10 16:01:59,647|
9-client@SALLY.informatik.haw-hamburg.de-<0.38.0>-Gruppe1-2 42te_Nachricht. COut: 20.10 16:01:17,885| HBQ In: 20.10 16:01:17,907|DLQ In: 20.10 16:01:17,922|C In:20.10 16:01:59,662|
8-client@SALLY.informatik.haw-hamburg.de-<0.38.0>-Gruppe1-2 43te_Nachricht. COut: 20.10 16:01:17,885| HBQ In: 20.10 16:01:17,907|DLQ In: 20.10 16:01:17,922|C In:20.10 16:01:59,678|
7-client@SALLY.informatik.haw-hamburg.de-<0.38.0>-Gruppe1-2 44te_Nachricht. COut: 20.10 16:01:17,885| HBQ In: 20.10 16:01:17,891|DLQ In: 20.10 16:01:17,922|C In:20.10 16:01:59,694|
6-client@SALLY.informatik.haw-hamburg.de-<0.38.0>-Gruppe1-2 45te_Nachricht. COut: 20.10 16:01:17,885| HBQ In: 20.10 16:01:17,891|DLQ In: 20.10 16:01:17,922|C In:20.10 16:01:59,709|
5-client@SALLY.informatik.haw-hamburg.de-<0.38.0>-Gruppe1-2 46te_Nachricht. COut: 20.10 16:01:17,901| HBQ In: 20.10 16:01:17,937|DLQ In: 20.10 16:01:17,938|C In:20.10 16:01:59,725|
4-client@SALLY.informatik.haw-hamburg.de-<0.38.0>-Gruppe1-2 47te_Nachricht. COut: 20.10 16:01:17,901| HBQ In: 20.10 16:01:17,922|DLQ In: 20.10 16:01:17,938|C In:20.10 16:01:59,740|
3-client@SALLY.informatik.haw-hamburg.de-<0.38.0>-Gruppe1-2 48te_Nachricht. COut: 20.10 16:01:17,916| HBQ In: 20.10 16:01:17,954|DLQ In: 20.10 16:01:17,954|C In:20.10 16:01:59,740|
2-client@SALLY.informatik.haw-hamburg.de-<0.38.0>-Gruppe1-2 49te_Nachricht. COut: 20.10 16:01:17,916| HBQ In: 20.10 16:01:17,938|DLQ In: 20.10 16:01:17,954|C In:20.10 16:01:59,756|
1-client@SALLY.informatik.haw-hamburg.de-<0.38.0>-Gruppe1-2 50te_Nachricht. COut: 20.10 16:01:17,915| HBQ In: 20.10 16:01:17,938|DLQ In: 20.10 16:01:17,954|C In:20.10 16:01:59,772|
***Fehlernachricht fuer Nachrichten 51 bis 60 um 20.10 16:01:51,853| 60te_Nachricht. COut:  HBQ In: DLQ In: 20.10 16:01:51,853|C In:20.10 16:01:59,787|
6-client@SALLY.informatik.haw-hamburg.de-<0.38.0>-Gruppe1-2 61te_Nachricht. COut: 20.10 16:01:25,810| HBQ In: 20.10 16:01:25,815|DLQ In: 20.10 16:01:51,853|C In:20.10 16:01:59,803|
7-client@SALLY.informatik.haw-hamburg.de-<0.38.0>-Gruppe1-2 62te_Nachricht. COut: 20.10 16:01:27,823| HBQ In: 20.10 16:01:27,829|DLQ In: 20.10 16:01:51,853|C In:20.10 16:01:59,834|
8-client@SALLY.informatik.haw-hamburg.de-<0.38.0>-Gruppe1-2 63te_Nachricht. COut: 20.10 16:01:27,838| HBQ In: 20.10 16:01:27,843|DLQ In: 20.10 16:01:51,853|C In:20.10 16:01:59,834|
9-client@SALLY.informatik.haw-hamburg.de-<0.38.0>-Gruppe1-2 64te_Nachricht. COut: 20.10 16:01:25,857| HBQ In: 20.10 16:01:25,863|DLQ In: 20.10 16:01:51,853|C In:20.10 16:01:59,850|
10-client@SALLY.informatik.haw-hamburg.de-<0.38.0>-Gruppe1-2 65te_Nachricht. COut: 20.10 16:01:25,873| HBQ In: 20.10 16:01:25,879|DLQ In: 20.10 16:01:51,853|C In:20.10 16:01:59,865|
4-client@SALLY.informatik.haw-hamburg.de-<0.38.0>-Gruppe1-2 66te_Nachricht. COut: 20.10 16:01:27,885| HBQ In: 20.10 16:01:27,891|DLQ In: 20.10 16:01:51,853|C In:20.10 16:01:59,881|
5-client@SALLY.informatik.haw-hamburg.de-<0.38.0>-Gruppe1-2 67te_Nachricht. COut: 20.10 16:01:27,901| HBQ In: 20.10 16:01:27,907|DLQ In: 20.10 16:01:51,853|C In:20.10 16:01:59,896|
1-client@SALLY.informatik.haw-hamburg.de-<0.38.0>-Gruppe1-2 68te_Nachricht. COut: 20.10 16:01:27,901| HBQ In: 20.10 16:01:27,907|DLQ In: 20.10 16:01:51,853|C In:20.10 16:01:59,912|
2-client@SALLY.informatik.haw-hamburg.de-<0.38.0>-Gruppe1-2 69te_Nachricht. COut: 20.10 16:01:27,915| HBQ In: 20.10 16:01:27,922|DLQ In: 20.10 16:01:51,853|C In:20.10 16:01:59,928|
3-client@SALLY.informatik.haw-hamburg.de-<0.38.0>-Gruppe1-2 70te_Nachricht. COut: 20.10 16:01:25,919| HBQ In: 20.10 16:01:25,925|DLQ In: 20.10 16:01:51,853|C In:20.10 16:01:59,943|
6-client@SALLY.informatik.haw-hamburg.de-<0.38.0>-Gruppe1-2 71te_Nachricht. COut: 20.10 16:01:29,819| HBQ In: 20.10 16:01:29,825|DLQ In: 20.10 16:01:51,853|C In:20.10 16:01:59,959|
9-client@SALLY.informatik.haw-hamburg.de-<0.38.0>-Gruppe1-2 72te_Nachricht. COut: 20.10 16:01:29,866| HBQ In: 20.10 16:01:29,871|DLQ In: 20.10 16:01:51,853|C In:20.10 16:01:59,974|
10-client@SALLY.informatik.haw-hamburg.de-<0.38.0>-Gruppe1-2 73te_Nachricht. COut: 20.10 16:01:29,882| HBQ In: 20.10 16:01:29,887|DLQ In: 20.10 16:01:51,853|C In:20.10 16:01:59,990|
3-client@SALLY.informatik.haw-hamburg.de-<0.38.0>-Gruppe1-2 74te_Nachricht. COut: 20.10 16:01:29,929| HBQ In: 20.10 16:01:29,935|DLQ In: 20.10 16:01:51,853|C In:20.10 16:02:00,006|
7-client@SALLY.informatik.haw-hamburg.de-<0.38.0>-Gruppe1-2 75te_Nachricht. COut: 20.10 16:01:33,829| HBQ In: 20.10 16:01:33,835|DLQ In: 20.10 16:01:51,853|C In:20.10 16:02:00,021|
8-client@SALLY.informatik.haw-hamburg.de-<0.38.0>-Gruppe1-2 76te_Nachricht. COut: 20.10 16:01:33,843| HBQ In: 20.10 16:01:33,850|DLQ In: 20.10 16:01:51,853|C In:20.10 16:02:00,037|
4-client@SALLY.informatik.haw-hamburg.de-<0.38.0>-Gruppe1-2 77te_Nachricht. COut: 20.10 16:01:33,891| HBQ In: 20.10 16:01:33,897|DLQ In: 20.10 16:01:51,853|C In:20.10 16:02:00,052|
1-client@SALLY.informatik.haw-hamburg.de-<0.38.0>-Gruppe1-2 78te_Nachricht. COut: 20.10 16:01:33,907| HBQ In: 20.10 16:01:33,913|DLQ In: 20.10 16:01:51,853|C In:20.10 16:02:00,068|
5-client@SALLY.informatik.haw-hamburg.de-<0.38.0>-Gruppe1-2 79te_Nachricht. COut: 20.10 16:01:33,907| HBQ In: 20.10 16:01:33,913|DLQ In: 20.10 16:01:51,853|C In:20.10 16:02:00,084|
2-client@SALLY.informatik.haw-hamburg.de-<0.38.0>-Gruppe1-2 80te_Nachricht. COut: 20.10 16:01:33,922| HBQ In: 20.10 16:01:33,927|DLQ In: 20.10 16:01:51,853|C In:20.10 16:02:00,099|
6-client@SALLY.informatik.haw-hamburg.de-<0.38.0>-Gruppe1-2 81te_Nachricht. COut: 20.10 16:01:33,829| HBQ In: 20.10 16:01:33,835|DLQ In: 20.10 16:01:51,853|C In:20.10 16:02:00,130|
9-client@SALLY.informatik.haw-hamburg.de-<0.38.0>-Gruppe1-2 82te_Nachricht. COut: 20.10 16:01:33,875| HBQ In: 20.10 16:01:33,881|DLQ In: 20.10 16:01:51,853|C In:20.10 16:02:00,146|
10-client@SALLY.informatik.haw-hamburg.de-<0.38.0>-Gruppe1-2 83te_Nachricht. COut: 20.10 16:01:33,891| HBQ In: 20.10 16:01:33,897|DLQ In: 20.10 16:01:51,853|C In:20.10 16:02:00,162|
3-client@SALLY.informatik.haw-hamburg.de-<0.38.0>-Gruppe1-2 84te_Nachricht. COut: 20.10 16:01:33,937| HBQ In: 20.10 16:01:33,944|DLQ In: 20.10 16:01:51,853|C In:20.10 16:02:00,177|
6-client@SALLY.informatik.haw-hamburg.de-<0.38.0>-Gruppe1-2 85te_Nachricht. COut: 20.10 16:01:37,838| HBQ In: 20.10 16:01:37,843|DLQ In: 20.10 16:01:51,853|C In:20.10 16:02:00,193|
7-client@SALLY.informatik.haw-hamburg.de-<0.38.0>-Gruppe1-2 86te_Nachricht. COut: 20.10 16:01:39,835| HBQ In: 20.10 16:01:39,841|DLQ In: 20.10 16:01:51,853|C In:20.10 16:02:00,208|
8-client@SALLY.informatik.haw-hamburg.de-<0.38.0>-Gruppe1-2 87te_Nachricht. COut: 20.10 16:01:39,850| HBQ In: 20.10 16:01:39,855|DLQ In: 20.10 16:01:51,853|C In:20.10 16:02:00,224|
9-client@SALLY.informatik.haw-hamburg.de-<0.38.0>-Gruppe1-2 88te_Nachricht. COut: 20.10 16:01:37,885| HBQ In: 20.10 16:01:37,891|DLQ In: 20.10 16:01:51,853|C In:20.10 16:02:00,240|
10-client@SALLY.informatik.haw-hamburg.de-<0.38.0>-Gruppe1-2 89te_Nachricht. COut: 20.10 16:01:37,899| HBQ In: 20.10 16:01:37,906|DLQ In: 20.10 16:01:51,853|C In:20.10 16:02:00,271|
4-client@SALLY.informatik.haw-hamburg.de-<0.38.0>-Gruppe1-2 90te_Nachricht. COut: 20.10 16:01:39,897| HBQ In: 20.10 16:01:39,950|DLQ In: 20.10 16:01:51,853|C In:20.10 16:02:00,286|
5-client@SALLY.informatik.haw-hamburg.de-<0.38.0>-Gruppe1-2 91te_Nachricht. COut: 20.10 16:01:39,913| HBQ In: 20.10 16:01:39,980|DLQ In: 20.10 16:01:51,853|C In:20.10 16:02:00,302|
1-client@SALLY.informatik.haw-hamburg.de-<0.38.0>-Gruppe1-2 92te_Nachricht. COut: 20.10 16:01:39,913| HBQ In: 20.10 16:01:39,964|DLQ In: 20.10 16:01:51,853|C In:20.10 16:02:00,318|
2-client@SALLY.informatik.haw-hamburg.de-<0.38.0>-Gruppe1-2 93te_Nachricht. COut: 20.10 16:01:39,927| HBQ In: 20.10 16:01:39,981|DLQ In: 20.10 16:01:51,853|C In:20.10 16:02:00,333|
3-client@SALLY.informatik.haw-hamburg.de-<0.38.0>-Gruppe1-2 94te_Nachricht. COut: 20.10 16:01:37,947| HBQ In: 20.10 16:01:37,952|DLQ In: 20.10 16:01:51,853|C In:20.10 16:02:00,349|
6-client@SALLY.informatik.haw-hamburg.de-<0.38.0>-Gruppe1-2 95te_Nachricht. COut: 20.10 16:01:41,847| HBQ In: 20.10 16:01:41,853|DLQ In: 20.10 16:01:51,853|C In:20.10 16:02:00,364|
9-client@SALLY.informatik.haw-hamburg.de-<0.38.0>-Gruppe1-2 96te_Nachricht. COut: 20.10 16:01:41,894| HBQ In: 20.10 16:01:41,931|DLQ In: 20.10 16:01:51,853|C In:20.10 16:02:00,396|
10-client@SALLY.informatik.haw-hamburg.de-<0.38.0>-Gruppe1-2 97te_Nachricht. COut: 20.10 16:01:41,909| HBQ In: 20.10 16:01:41,931|DLQ In: 20.10 16:01:51,853|C In:20.10 16:02:00,411|
3-client@SALLY.informatik.haw-hamburg.de-<0.38.0>-Gruppe1-2 98te_Nachricht. COut: 20.10 16:01:41,956| HBQ In: 20.10 16:01:41,992|DLQ In: 20.10 16:01:51,853|C In:20.10 16:02:00,442|
7-client@SALLY.informatik.haw-hamburg.de-<0.38.0>-Gruppe1-2 99te_Nachricht. COut: 20.10 16:01:45,841| HBQ In: 20.10 16:01:45,847|DLQ In: 20.10 16:01:51,853|C In:20.10 16:02:00,442|
8-client@SALLY.informatik.haw-hamburg.de-<0.38.0>-Gruppe1-2 100te_Nachricht. COut: 20.10 16:01:45,855| HBQ In: 20.10 16:01:45,862|DLQ In: 20.10 16:01:51,853|C In:20.10 16:02:00,474|
4-client@SALLY.informatik.haw-hamburg.de-<0.38.0>-Gruppe1-2 101te_Nachricht. COut: 20.10 16:01:45,903| HBQ In: 20.10 16:01:45,909|DLQ In: 20.10 16:01:51,853|C In:20.10 16:02:00,489|
1-client@SALLY.informatik.haw-hamburg.de-<0.38.0>-Gruppe1-2 102te_Nachricht. COut: 20.10 16:01:45,919| HBQ In: 20.10 16:01:45,925|DLQ In: 20.10 16:01:51,853|C In:20.10 16:02:00,505|
5-client@SALLY.informatik.haw-hamburg.de-<0.38.0>-Gruppe1-2 103te_Nachricht. COut: 20.10 16:01:45,919| HBQ In: 20.10 16:01:45,925|DLQ In: 20.10 16:01:51,853|C In:20.10 16:02:00,520|
2-client@SALLY.informatik.haw-hamburg.de-<0.38.0>-Gruppe1-2 104te_Nachricht. COut: 20.10 16:01:45,934| HBQ In: 20.10 16:01:45,939|DLQ In: 20.10 16:01:51,853|C In:20.10 16:02:00,536|
..getmessages..Done..
Neuer Sendeintervall: 2 Sekunden (3)
9-client@SALLY.informatik.haw-hamburg.de-<0.38.0>-Gruppe1-2: 147te_Nachricht. C Out: 20.10 16:02:02,548| gesendet
9-client@SALLY.informatik.haw-hamburg.de-<0.38.0>-Gruppe1-2: 150te_Nachricht. C Out: 20.10 16:02:04,560| gesendet
9-client@SALLY.informatik.haw-hamburg.de-<0.38.0>-Gruppe1-2: 159te_Nachricht. C Out: 20.10 16:02:06,573| gesendet
9-client@SALLY.informatik.haw-hamburg.de-<0.38.0>-Gruppe1-2: 162te_Nachricht. C Out: 20.10 16:02:08,585| gesendet
9-client@SALLY.informatik.haw-hamburg.de-<0.38.0>-Gruppe1-2: 165te_Nachricht. C Out: 20.10 16:02:10,597| gesendet
175te Nachricht um 20.10 16:02:10,598| vergessen zu senden
9-client@SALLY.informatik.haw-hamburg.de-<0.38.0>-Gruppe1-2 2te_Nachricht. COut: 20.10 16:00:57,855| HBQ In: 20.10 16:00:57,860|DLQ In: 20.10 16:00:57,860|C In:20.10 16:02:10,598|
8-client@SALLY.informatik.haw-hamburg.de-<0.38.0>-Gruppe1-2 3te_Nachricht. COut: 20.10 16:00:57,855| HBQ In: 20.10 16:00:57,859|DLQ In: 20.10 16:00:57,860|C In:20.10 16:02:10,614|
7-client@SALLY.informatik.haw-hamburg.de-<0.38.0>-Gruppe1-2 4te_Nachricht. COut: 20.10 16:00:57,855| HBQ In: 20.10 16:00:57,845|DLQ In: 20.10 16:00:57,860|C In:20.10 16:02:10,614|
6-client@SALLY.informatik.haw-hamburg.de-<0.38.0>-Gruppe1-2 5te_Nachricht. COut: 20.10 16:00:57,855| HBQ In: 20.10 16:00:57,845|DLQ In: 20.10 16:00:57,860|C In:20.10 16:02:10,629|
5-client@SALLY.informatik.haw-hamburg.de-<0.38.0>-Gruppe1-2 6te_Nachricht. COut: 20.10 16:00:57,870| HBQ In: 20.10 16:00:57,876|DLQ In: 20.10 16:00:57,876|C In:20.10 16:02:10,629|
4-client@SALLY.informatik.haw-hamburg.de-<0.38.0>-Gruppe1-2 7te_Nachricht. COut: 20.10 16:00:57,870| HBQ In: 20.10 16:00:57,875|DLQ In: 20.10 16:00:57,876|C In:20.10 16:02:10,660|
3-client@SALLY.informatik.haw-hamburg.de-<0.38.0>-Gruppe1-2 8te_Nachricht. COut: 20.10 16:00:57,886| HBQ In: 20.10 16:00:57,892|DLQ In: 20.10 16:00:57,892|C In:20.10 16:02:10,676|
2-client@SALLY.informatik.haw-hamburg.de-<0.38.0>-Gruppe1-2 9te_Nachricht. COut: 20.10 16:00:57,886| HBQ In: 20.10 16:00:57,891|DLQ In: 20.10 16:00:57,892|C In:20.10 16:02:10,676|
1-client@SALLY.informatik.haw-hamburg.de-<0.38.0>-Gruppe1-2 10te_Nachricht. COut: 20.10 16:00:57,886| HBQ In: 20.10 16:00:57,876|DLQ In: 20.10 16:00:57,892|C In:20.10 16:02:10,692|
6-client@SALLY.informatik.haw-hamburg.de-<0.38.0>-Gruppe1-2 11te_Nachricht. COut: 20.10 16:01:02,862| HBQ In: 20.10 16:01:02,883|DLQ In: 20.10 16:01:02,884|C In:20.10 16:02:10,707|
7-client@SALLY.informatik.haw-hamburg.de-<0.38.0>-Gruppe1-2 12te_Nachricht. COut: 20.10 16:01:02,862| HBQ In: 20.10 16:01:02,868|DLQ In: 20.10 16:01:02,884|C In:20.10 16:02:10,723|
8-client@SALLY.informatik.haw-hamburg.de-<0.38.0>-Gruppe1-2 13te_Nachricht. COut: 20.10 16:01:02,862| HBQ In: 20.10 16:01:02,867|DLQ In: 20.10 16:01:02,884|C In:20.10 16:02:10,754|
9-client@SALLY.informatik.haw-hamburg.de-<0.38.0>-Gruppe1-2 14te_Nachricht. COut: 20.10 16:01:02,862| HBQ In: 20.10 16:01:02,852|DLQ In: 20.10 16:01:02,884|C In:20.10 16:02:10,785|
10-client@SALLY.informatik.haw-hamburg.de-<0.38.0>-Gruppe1-2 15te_Nachricht. COut: 20.10 16:01:02,862| HBQ In: 20.10 16:01:02,851|DLQ In: 20.10 16:01:02,884|C In:20.10 16:02:10,801|
4-client@SALLY.informatik.haw-hamburg.de-<0.38.0>-Gruppe1-2 16te_Nachricht. COut: 20.10 16:01:02,878| HBQ In: 20.10 16:01:02,899|DLQ In: 20.10 16:01:02,899|C In:20.10 16:02:10,816|
5-client@SALLY.informatik.haw-hamburg.de-<0.38.0>-Gruppe1-2 17te_Nachricht. COut: 20.10 16:01:02,878| HBQ In: 20.10 16:01:02,884|DLQ In: 20.10 16:01:02,899|C In:20.10 16:02:10,832|
1-client@SALLY.informatik.haw-hamburg.de-<0.38.0>-Gruppe1-2 18te_Nachricht. COut: 20.10 16:01:02,894| HBQ In: 20.10 16:01:02,915|DLQ In: 20.10 16:01:02,915|C In:20.10 16:02:10,848|
2-client@SALLY.informatik.haw-hamburg.de-<0.38.0>-Gruppe1-2 19te_Nachricht. COut: 20.10 16:01:02,894| HBQ In: 20.10 16:01:02,899|DLQ In: 20.10 16:01:02,915|C In:20.10 16:02:10,863|
3-client@SALLY.informatik.haw-hamburg.de-<0.38.0>-Gruppe1-2 20te_Nachricht. COut: 20.10 16:01:02,894| HBQ In: 20.10 16:01:02,899|DLQ In: 20.10 16:01:02,915|C In:20.10 16:02:10,863|
10-client@SALLY.informatik.haw-hamburg.de-<0.38.0>-Gruppe1-2 21te_Nachricht. COut: 20.10 16:01:07,870| HBQ In: 20.10 16:01:07,891|DLQ In: 20.10 16:01:07,891|C In:20.10 16:02:10,879|
9-client@SALLY.informatik.haw-hamburg.de-<0.38.0>-Gruppe1-2 22te_Nachricht. COut: 20.10 16:01:07,870| HBQ In: 20.10 16:01:07,876|DLQ In: 20.10 16:01:07,891|C In:20.10 16:02:10,910|
8-client@SALLY.informatik.haw-hamburg.de-<0.38.0>-Gruppe1-2 23te_Nachricht. COut: 20.10 16:01:07,870| HBQ In: 20.10 16:01:07,875|DLQ In: 20.10 16:01:07,891|C In:20.10 16:02:10,926|
7-client@SALLY.informatik.haw-hamburg.de-<0.38.0>-Gruppe1-2 24te_Nachricht. COut: 20.10 16:01:07,870| HBQ In: 20.10 16:01:07,860|DLQ In: 20.10 16:01:07,891|C In:20.10 16:02:10,941|
6-client@SALLY.informatik.haw-hamburg.de-<0.38.0>-Gruppe1-2 25te_Nachricht. COut: 20.10 16:01:07,870| HBQ In: 20.10 16:01:07,859|DLQ In: 20.10 16:01:07,891|C In:20.10 16:02:10,957|
5-client@SALLY.informatik.haw-hamburg.de-<0.38.0>-Gruppe1-2 26te_Nachricht. COut: 20.10 16:01:07,886| HBQ In: 20.10 16:01:07,907|DLQ In: 20.10 16:01:07,907|C In:20.10 16:02:10,972|
4-client@SALLY.informatik.haw-hamburg.de-<0.38.0>-Gruppe1-2 27te_Nachricht. COut: 20.10 16:01:07,886| HBQ In: 20.10 16:01:07,907|DLQ In: 20.10 16:01:07,907|C In:20.10 16:02:10,988|
3-client@SALLY.informatik.haw-hamburg.de-<0.38.0>-Gruppe1-2 28te_Nachricht. COut: 20.10 16:01:07,901| HBQ In: 20.10 16:01:07,922|DLQ In: 20.10 16:01:07,922|C In:20.10 16:02:11,004|
2-client@SALLY.informatik.haw-hamburg.de-<0.38.0>-Gruppe1-2 29te_Nachricht. COut: 20.10 16:01:07,901| HBQ In: 20.10 16:01:07,922|DLQ In: 20.10 16:01:07,922|C In:20.10 16:02:11,019|
1-client@SALLY.informatik.haw-hamburg.de-<0.38.0>-Gruppe1-2 30te_Nachricht. COut: 20.10 16:01:07,901| HBQ In: 20.10 16:01:07,922|DLQ In: 20.10 16:01:07,922|C In:20.10 16:02:11,035|
6-client@SALLY.informatik.haw-hamburg.de-<0.38.0>-Gruppe1-2 31te_Nachricht. COut: 20.10 16:01:12,878| HBQ In: 20.10 16:01:12,915|DLQ In: 20.10 16:01:12,915|C In:20.10 16:02:11,050|
7-client@SALLY.informatik.haw-hamburg.de-<0.38.0>-Gruppe1-2 32te_Nachricht. COut: 20.10 16:01:12,878| HBQ In: 20.10 16:01:12,899|DLQ In: 20.10 16:01:12,915|C In:20.10 16:02:11,066|
8-client@SALLY.informatik.haw-hamburg.de-<0.38.0>-Gruppe1-2 33te_Nachricht. COut: 20.10 16:01:12,878| HBQ In: 20.10 16:01:12,899|DLQ In: 20.10 16:01:12,915|C In:20.10 16:02:11,082|
9-client@SALLY.informatik.haw-hamburg.de-<0.38.0>-Gruppe1-2 34te_Nachricht. COut: 20.10 16:01:12,878| HBQ In: 20.10 16:01:12,884|DLQ In: 20.10 16:01:12,915|C In:20.10 16:02:11,113|
10-client@SALLY.informatik.haw-hamburg.de-<0.38.0>-Gruppe1-2 35te_Nachricht. COut: 20.10 16:01:12,878| HBQ In: 20.10 16:01:12,883|DLQ In: 20.10 16:01:12,915|C In:20.10 16:02:11,128|
4-client@SALLY.informatik.haw-hamburg.de-<0.38.0>-Gruppe1-2 36te_Nachricht. COut: 20.10 16:01:12,893| HBQ In: 20.10 16:01:12,930|DLQ In: 20.10 16:01:12,930|C In:20.10 16:02:11,144|
5-client@SALLY.informatik.haw-hamburg.de-<0.38.0>-Gruppe1-2 37te_Nachricht. COut: 20.10 16:01:12,893| HBQ In: 20.10 16:01:12,915|DLQ In: 20.10 16:01:12,930|C In:20.10 16:02:11,160|
1-client@SALLY.informatik.haw-hamburg.de-<0.38.0>-Gruppe1-2 38te_Nachricht. COut: 20.10 16:01:12,909| HBQ In: 20.10 16:01:12,946|DLQ In: 20.10 16:01:12,946|C In:20.10 16:02:11,175|
2-client@SALLY.informatik.haw-hamburg.de-<0.38.0>-Gruppe1-2 39te_Nachricht. COut: 20.10 16:01:12,909| HBQ In: 20.10 16:01:12,946|DLQ In: 20.10 16:01:12,946|C In:20.10 16:02:11,191|
3-client@SALLY.informatik.haw-hamburg.de-<0.38.0>-Gruppe1-2 40te_Nachricht. COut: 20.10 16:01:12,909| HBQ In: 20.10 16:01:12,930|DLQ In: 20.10 16:01:12,946|C In:20.10 16:02:11,206|
10-client@SALLY.informatik.haw-hamburg.de-<0.38.0>-Gruppe1-2 41te_Nachricht. COut: 20.10 16:01:17,885| HBQ In: 20.10 16:01:17,922|DLQ In: 20.10 16:01:17,922|C In:20.10 16:02:11,222|
9-client@SALLY.informatik.haw-hamburg.de-<0.38.0>-Gruppe1-2 42te_Nachricht. COut: 20.10 16:01:17,885| HBQ In: 20.10 16:01:17,907|DLQ In: 20.10 16:01:17,922|C In:20.10 16:02:11,238|
8-client@SALLY.informatik.haw-hamburg.de-<0.38.0>-Gruppe1-2 43te_Nachricht. COut: 20.10 16:01:17,885| HBQ In: 20.10 16:01:17,907|DLQ In: 20.10 16:01:17,922|C In:20.10 16:02:11,253|
7-client@SALLY.informatik.haw-hamburg.de-<0.38.0>-Gruppe1-2 44te_Nachricht. COut: 20.10 16:01:17,885| HBQ In: 20.10 16:01:17,891|DLQ In: 20.10 16:01:17,922|C In:20.10 16:02:11,269|
6-client@SALLY.informatik.haw-hamburg.de-<0.38.0>-Gruppe1-2 45te_Nachricht. COut: 20.10 16:01:17,885| HBQ In: 20.10 16:01:17,891|DLQ In: 20.10 16:01:17,922|C In:20.10 16:02:11,284|
5-client@SALLY.informatik.haw-hamburg.de-<0.38.0>-Gruppe1-2 46te_Nachricht. COut: 20.10 16:01:17,901| HBQ In: 20.10 16:01:17,937|DLQ In: 20.10 16:01:17,938|C In:20.10 16:02:11,300|
4-client@SALLY.informatik.haw-hamburg.de-<0.38.0>-Gruppe1-2 47te_Nachricht. COut: 20.10 16:01:17,901| HBQ In: 20.10 16:01:17,922|DLQ In: 20.10 16:01:17,938|C In:20.10 16:02:11,316|
3-client@SALLY.informatik.haw-hamburg.de-<0.38.0>-Gruppe1-2 48te_Nachricht. COut: 20.10 16:01:17,916| HBQ In: 20.10 16:01:17,954|DLQ In: 20.10 16:01:17,954|C In:20.10 16:02:11,316|
2-client@SALLY.informatik.haw-hamburg.de-<0.38.0>-Gruppe1-2 49te_Nachricht. COut: 20.10 16:01:17,916| HBQ In: 20.10 16:01:17,938|DLQ In: 20.10 16:01:17,954|C In:20.10 16:02:11,331|
1-client@SALLY.informatik.haw-hamburg.de-<0.38.0>-Gruppe1-2 50te_Nachricht. COut: 20.10 16:01:17,915| HBQ In: 20.10 16:01:17,938|DLQ In: 20.10 16:01:17,954|C In:20.10 16:02:11,347|
***Fehlernachricht fuer Nachrichten 51 bis 60 um 20.10 16:01:51,853| 60te_Nachricht. COut:  HBQ In: DLQ In: 20.10 16:01:51,853|C In:20.10 16:02:11,362|
6-client@SALLY.informatik.haw-hamburg.de-<0.38.0>-Gruppe1-2 61te_Nachricht. COut: 20.10 16:01:25,810| HBQ In: 20.10 16:01:25,815|DLQ In: 20.10 16:01:51,853|C In:20.10 16:02:11,378|
7-client@SALLY.informatik.haw-hamburg.de-<0.38.0>-Gruppe1-2 62te_Nachricht. COut: 20.10 16:01:27,823| HBQ In: 20.10 16:01:27,829|DLQ In: 20.10 16:01:51,853|C In:20.10 16:02:11,394|
8-client@SALLY.informatik.haw-hamburg.de-<0.38.0>-Gruppe1-2 63te_Nachricht. COut: 20.10 16:01:27,838| HBQ In: 20.10 16:01:27,843|DLQ In: 20.10 16:01:51,853|C In:20.10 16:02:11,409|
9-client@SALLY.informatik.haw-hamburg.de-<0.38.0>-Gruppe1-2 64te_Nachricht. COut: 20.10 16:01:25,857| HBQ In: 20.10 16:01:25,863|DLQ In: 20.10 16:01:51,853|C In:20.10 16:02:11,425|
10-client@SALLY.informatik.haw-hamburg.de-<0.38.0>-Gruppe1-2 65te_Nachricht. COut: 20.10 16:01:25,873| HBQ In: 20.10 16:01:25,879|DLQ In: 20.10 16:01:51,853|C In:20.10 16:02:11,440|
4-client@SALLY.informatik.haw-hamburg.de-<0.38.0>-Gruppe1-2 66te_Nachricht. COut: 20.10 16:01:27,885| HBQ In: 20.10 16:01:27,891|DLQ In: 20.10 16:01:51,853|C In:20.10 16:02:11,456|
5-client@SALLY.informatik.haw-hamburg.de-<0.38.0>-Gruppe1-2 67te_Nachricht. COut: 20.10 16:01:27,901| HBQ In: 20.10 16:01:27,907|DLQ In: 20.10 16:01:51,853|C In:20.10 16:02:11,472|
1-client@SALLY.informatik.haw-hamburg.de-<0.38.0>-Gruppe1-2 68te_Nachricht. COut: 20.10 16:01:27,901| HBQ In: 20.10 16:01:27,907|DLQ In: 20.10 16:01:51,853|C In:20.10 16:02:11,472|
2-client@SALLY.informatik.haw-hamburg.de-<0.38.0>-Gruppe1-2 69te_Nachricht. COut: 20.10 16:01:27,915| HBQ In: 20.10 16:01:27,922|DLQ In: 20.10 16:01:51,853|C In:20.10 16:02:11,487|
3-client@SALLY.informatik.haw-hamburg.de-<0.38.0>-Gruppe1-2 70te_Nachricht. COut: 20.10 16:01:25,919| HBQ In: 20.10 16:01:25,925|DLQ In: 20.10 16:01:51,853|C In:20.10 16:02:11,503|
6-client@SALLY.informatik.haw-hamburg.de-<0.38.0>-Gruppe1-2 71te_Nachricht. COut: 20.10 16:01:29,819| HBQ In: 20.10 16:01:29,825|DLQ In: 20.10 16:01:51,853|C In:20.10 16:02:11,518|
9-client@SALLY.informatik.haw-hamburg.de-<0.38.0>-Gruppe1-2 72te_Nachricht. COut: 20.10 16:01:29,866| HBQ In: 20.10 16:01:29,871|DLQ In: 20.10 16:01:51,853|C In:20.10 16:02:11,534|
10-client@SALLY.informatik.haw-hamburg.de-<0.38.0>-Gruppe1-2 73te_Nachricht. COut: 20.10 16:01:29,882| HBQ In: 20.10 16:01:29,887|DLQ In: 20.10 16:01:51,853|C In:20.10 16:02:11,550|
3-client@SALLY.informatik.haw-hamburg.de-<0.38.0>-Gruppe1-2 74te_Nachricht. COut: 20.10 16:01:29,929| HBQ In: 20.10 16:01:29,935|DLQ In: 20.10 16:01:51,853|C In:20.10 16:02:11,565|
7-client@SALLY.informatik.haw-hamburg.de-<0.38.0>-Gruppe1-2 75te_Nachricht. COut: 20.10 16:01:33,829| HBQ In: 20.10 16:01:33,835|DLQ In: 20.10 16:01:51,853|C In:20.10 16:02:11,581|
8-client@SALLY.informatik.haw-hamburg.de-<0.38.0>-Gruppe1-2 76te_Nachricht. COut: 20.10 16:01:33,843| HBQ In: 20.10 16:01:33,850|DLQ In: 20.10 16:01:51,853|C In:20.10 16:02:11,596|
4-client@SALLY.informatik.haw-hamburg.de-<0.38.0>-Gruppe1-2 77te_Nachricht. COut: 20.10 16:01:33,891| HBQ In: 20.10 16:01:33,897|DLQ In: 20.10 16:01:51,853|C In:20.10 16:02:11,612|
1-client@SALLY.informatik.haw-hamburg.de-<0.38.0>-Gruppe1-2 78te_Nachricht. COut: 20.10 16:01:33,907| HBQ In: 20.10 16:01:33,913|DLQ In: 20.10 16:01:51,853|C In:20.10 16:02:11,628|
5-client@SALLY.informatik.haw-hamburg.de-<0.38.0>-Gruppe1-2 79te_Nachricht. COut: 20.10 16:01:33,907| HBQ In: 20.10 16:01:33,913|DLQ In: 20.10 16:01:51,853|C In:20.10 16:02:11,628|
2-client@SALLY.informatik.haw-hamburg.de-<0.38.0>-Gruppe1-2 80te_Nachricht. COut: 20.10 16:01:33,922| HBQ In: 20.10 16:01:33,927|DLQ In: 20.10 16:01:51,853|C In:20.10 16:02:11,643|
6-client@SALLY.informatik.haw-hamburg.de-<0.38.0>-Gruppe1-2 81te_Nachricht. COut: 20.10 16:01:33,829| HBQ In: 20.10 16:01:33,835|DLQ In: 20.10 16:01:51,853|C In:20.10 16:02:11,659|
9-client@SALLY.informatik.haw-hamburg.de-<0.38.0>-Gruppe1-2 82te_Nachricht. COut: 20.10 16:01:33,875| HBQ In: 20.10 16:01:33,881|DLQ In: 20.10 16:01:51,853|C In:20.10 16:02:11,674|
10-client@SALLY.informatik.haw-hamburg.de-<0.38.0>-Gruppe1-2 83te_Nachricht. COut: 20.10 16:01:33,891| HBQ In: 20.10 16:01:33,897|DLQ In: 20.10 16:01:51,853|C In:20.10 16:02:11,690|
3-client@SALLY.informatik.haw-hamburg.de-<0.38.0>-Gruppe1-2 84te_Nachricht. COut: 20.10 16:01:33,937| HBQ In: 20.10 16:01:33,944|DLQ In: 20.10 16:01:51,853|C In:20.10 16:02:11,706|
6-client@SALLY.informatik.haw-hamburg.de-<0.38.0>-Gruppe1-2 85te_Nachricht. COut: 20.10 16:01:37,838| HBQ In: 20.10 16:01:37,843|DLQ In: 20.10 16:01:51,853|C In:20.10 16:02:11,721|
7-client@SALLY.informatik.haw-hamburg.de-<0.38.0>-Gruppe1-2 86te_Nachricht. COut: 20.10 16:01:39,835| HBQ In: 20.10 16:01:39,841|DLQ In: 20.10 16:01:51,853|C In:20.10 16:02:11,737|
8-client@SALLY.informatik.haw-hamburg.de-<0.38.0>-Gruppe1-2 87te_Nachricht. COut: 20.10 16:01:39,850| HBQ In: 20.10 16:01:39,855|DLQ In: 20.10 16:01:51,853|C In:20.10 16:02:11,752|
9-client@SALLY.informatik.haw-hamburg.de-<0.38.0>-Gruppe1-2 88te_Nachricht. COut: 20.10 16:01:37,885| HBQ In: 20.10 16:01:37,891|DLQ In: 20.10 16:01:51,853|C In:20.10 16:02:11,752|
10-client@SALLY.informatik.haw-hamburg.de-<0.38.0>-Gruppe1-2 89te_Nachricht. COut: 20.10 16:01:37,899| HBQ In: 20.10 16:01:37,906|DLQ In: 20.10 16:01:51,853|C In:20.10 16:02:11,768|
4-client@SALLY.informatik.haw-hamburg.de-<0.38.0>-Gruppe1-2 90te_Nachricht. COut: 20.10 16:01:39,897| HBQ In: 20.10 16:01:39,950|DLQ In: 20.10 16:01:51,853|C In:20.10 16:02:11,784|
5-client@SALLY.informatik.haw-hamburg.de-<0.38.0>-Gruppe1-2 91te_Nachricht. COut: 20.10 16:01:39,913| HBQ In: 20.10 16:01:39,980|DLQ In: 20.10 16:01:51,853|C In:20.10 16:02:11,799|
1-client@SALLY.informatik.haw-hamburg.de-<0.38.0>-Gruppe1-2 92te_Nachricht. COut: 20.10 16:01:39,913| HBQ In: 20.10 16:01:39,964|DLQ In: 20.10 16:01:51,853|C In:20.10 16:02:11,815|
2-client@SALLY.informatik.haw-hamburg.de-<0.38.0>-Gruppe1-2 93te_Nachricht. COut: 20.10 16:01:39,927| HBQ In: 20.10 16:01:39,981|DLQ In: 20.10 16:01:51,853|C In:20.10 16:02:11,830|
3-client@SALLY.informatik.haw-hamburg.de-<0.38.0>-Gruppe1-2 94te_Nachricht. COut: 20.10 16:01:37,947| HBQ In: 20.10 16:01:37,952|DLQ In: 20.10 16:01:51,853|C In:20.10 16:02:11,846|
6-client@SALLY.informatik.haw-hamburg.de-<0.38.0>-Gruppe1-2 95te_Nachricht. COut: 20.10 16:01:41,847| HBQ In: 20.10 16:01:41,853|DLQ In: 20.10 16:01:51,853|C In:20.10 16:02:11,862|
9-client@SALLY.informatik.haw-hamburg.de-<0.38.0>-Gruppe1-2 96te_Nachricht. COut: 20.10 16:01:41,894| HBQ In: 20.10 16:01:41,931|DLQ In: 20.10 16:01:51,853|C In:20.10 16:02:11,862|
10-client@SALLY.informatik.haw-hamburg.de-<0.38.0>-Gruppe1-2 97te_Nachricht. COut: 20.10 16:01:41,909| HBQ In: 20.10 16:01:41,931|DLQ In: 20.10 16:01:51,853|C In:20.10 16:02:11,877|
3-client@SALLY.informatik.haw-hamburg.de-<0.38.0>-Gruppe1-2 98te_Nachricht. COut: 20.10 16:01:41,956| HBQ In: 20.10 16:01:41,992|DLQ In: 20.10 16:01:51,853|C In:20.10 16:02:11,893|
7-client@SALLY.informatik.haw-hamburg.de-<0.38.0>-Gruppe1-2 99te_Nachricht. COut: 20.10 16:01:45,841| HBQ In: 20.10 16:01:45,847|DLQ In: 20.10 16:01:51,853|C In:20.10 16:02:11,908|
8-client@SALLY.informatik.haw-hamburg.de-<0.38.0>-Gruppe1-2 100te_Nachricht. COut: 20.10 16:01:45,855| HBQ In: 20.10 16:01:45,862|DLQ In: 20.10 16:01:51,853|C In:20.10 16:02:11,924|
4-client@SALLY.informatik.haw-hamburg.de-<0.38.0>-Gruppe1-2 101te_Nachricht. COut: 20.10 16:01:45,903| HBQ In: 20.10 16:01:45,909|DLQ In: 20.10 16:01:51,853|C In:20.10 16:02:11,940|
1-client@SALLY.informatik.haw-hamburg.de-<0.38.0>-Gruppe1-2 102te_Nachricht. COut: 20.10 16:01:45,919| HBQ In: 20.10 16:01:45,925|DLQ In: 20.10 16:01:51,853|C In:20.10 16:02:11,955|
5-client@SALLY.informatik.haw-hamburg.de-<0.38.0>-Gruppe1-2 103te_Nachricht. COut: 20.10 16:01:45,919| HBQ In: 20.10 16:01:45,925|DLQ In: 20.10 16:01:51,853|C In:20.10 16:02:11,971|
2-client@SALLY.informatik.haw-hamburg.de-<0.38.0>-Gruppe1-2 104te_Nachricht. COut: 20.10 16:01:45,934| HBQ In: 20.10 16:01:45,939|DLQ In: 20.10 16:01:51,853|C In:20.10 16:02:11,986|
..getmessages..Done..
Neuer Sendeintervall: 3 Sekunden (2)
9-client@SALLY.informatik.haw-hamburg.de-<0.38.0>-Gruppe1-2: 178te_Nachricht. C Out: 20.10 16:02:15,996| gesendet
9-client@SALLY.informatik.haw-hamburg.de-<0.38.0>-Gruppe1-2: 181te_Nachricht. C Out: 20.10 16:02:18,008| gesendet
9-client@SALLY.informatik.haw-hamburg.de-<0.38.0>-Gruppe1-2: 191te_Nachricht. C Out: 20.10 16:02:21,018| gesendet
9-client@SALLY.informatik.haw-hamburg.de-<0.38.0>-Gruppe1-2: 193te_Nachricht. C Out: 20.10 16:02:24,030| gesendet
9-client@SALLY.informatik.haw-hamburg.de-<0.38.0>-Gruppe1-2: 199te_Nachricht. C Out: 20.10 16:02:27,040| gesendet
208te Nachricht um 20.10 16:02:27,041| vergessen zu senden
4-client@SALLY.informatik.haw-hamburg.de-<0.38.0>-Gruppe1-2 27te_Nachricht. COut: 20.10 16:01:07,886| HBQ In: 20.10 16:01:07,907|DLQ In: 20.10 16:01:07,907|C In:20.10 16:02:27,056|
3-client@SALLY.informatik.haw-hamburg.de-<0.38.0>-Gruppe1-2 28te_Nachricht. COut: 20.10 16:01:07,901| HBQ In: 20.10 16:01:07,922|DLQ In: 20.10 16:01:07,922|C In:20.10 16:02:27,056|
2-client@SALLY.informatik.haw-hamburg.de-<0.38.0>-Gruppe1-2 29te_Nachricht. COut: 20.10 16:01:07,901| HBQ In: 20.10 16:01:07,922|DLQ In: 20.10 16:01:07,922|C In:20.10 16:02:27,072|
1-client@SALLY.informatik.haw-hamburg.de-<0.38.0>-Gruppe1-2 30te_Nachricht. COut: 20.10 16:01:07,901| HBQ In: 20.10 16:01:07,922|DLQ In: 20.10 16:01:07,922|C In:20.10 16:02:27,072|
6-client@SALLY.informatik.haw-hamburg.de-<0.38.0>-Gruppe1-2 31te_Nachricht. COut: 20.10 16:01:12,878| HBQ In: 20.10 16:01:12,915|DLQ In: 20.10 16:01:12,915|C In:20.10 16:02:27,087|
7-client@SALLY.informatik.haw-hamburg.de-<0.38.0>-Gruppe1-2 32te_Nachricht. COut: 20.10 16:01:12,878| HBQ In: 20.10 16:01:12,899|DLQ In: 20.10 16:01:12,915|C In:20.10 16:02:27,087|
8-client@SALLY.informatik.haw-hamburg.de-<0.38.0>-Gruppe1-2 33te_Nachricht. COut: 20.10 16:01:12,878| HBQ In: 20.10 16:01:12,899|DLQ In: 20.10 16:01:12,915|C In:20.10 16:02:27,087|
9-client@SALLY.informatik.haw-hamburg.de-<0.38.0>-Gruppe1-2 34te_Nachricht. COut: 20.10 16:01:12,878| HBQ In: 20.10 16:01:12,884|DLQ In: 20.10 16:01:12,915|C In:20.10 16:02:27,103|
10-client@SALLY.informatik.haw-hamburg.de-<0.38.0>-Gruppe1-2 35te_Nachricht. COut: 20.10 16:01:12,878| HBQ In: 20.10 16:01:12,883|DLQ In: 20.10 16:01:12,915|C In:20.10 16:02:27,119|
4-client@SALLY.informatik.haw-hamburg.de-<0.38.0>-Gruppe1-2 36te_Nachricht. COut: 20.10 16:01:12,893| HBQ In: 20.10 16:01:12,930|DLQ In: 20.10 16:01:12,930|C In:20.10 16:02:27,119|
5-client@SALLY.informatik.haw-hamburg.de-<0.38.0>-Gruppe1-2 37te_Nachricht. COut: 20.10 16:01:12,893| HBQ In: 20.10 16:01:12,915|DLQ In: 20.10 16:01:12,930|C In:20.10 16:02:27,134|
1-client@SALLY.informatik.haw-hamburg.de-<0.38.0>-Gruppe1-2 38te_Nachricht. COut: 20.10 16:01:12,909| HBQ In: 20.10 16:01:12,946|DLQ In: 20.10 16:01:12,946|C In:20.10 16:02:27,150|
2-client@SALLY.informatik.haw-hamburg.de-<0.38.0>-Gruppe1-2 39te_Nachricht. COut: 20.10 16:01:12,909| HBQ In: 20.10 16:01:12,946|DLQ In: 20.10 16:01:12,946|C In:20.10 16:02:27,165|
3-client@SALLY.informatik.haw-hamburg.de-<0.38.0>-Gruppe1-2 40te_Nachricht. COut: 20.10 16:01:12,909| HBQ In: 20.10 16:01:12,930|DLQ In: 20.10 16:01:12,946|C In:20.10 16:02:27,181|
10-client@SALLY.informatik.haw-hamburg.de-<0.38.0>-Gruppe1-2 41te_Nachricht. COut: 20.10 16:01:17,885| HBQ In: 20.10 16:01:17,922|DLQ In: 20.10 16:01:17,922|C In:20.10 16:02:27,197|
9-client@SALLY.informatik.haw-hamburg.de-<0.38.0>-Gruppe1-2 42te_Nachricht. COut: 20.10 16:01:17,885| HBQ In: 20.10 16:01:17,907|DLQ In: 20.10 16:01:17,922|C In:20.10 16:02:27,212|
8-client@SALLY.informatik.haw-hamburg.de-<0.38.0>-Gruppe1-2 43te_Nachricht. COut: 20.10 16:01:17,885| HBQ In: 20.10 16:01:17,907|DLQ In: 20.10 16:01:17,922|C In:20.10 16:02:27,228|
7-client@SALLY.informatik.haw-hamburg.de-<0.38.0>-Gruppe1-2 44te_Nachricht. COut: 20.10 16:01:17,885| HBQ In: 20.10 16:01:17,891|DLQ In: 20.10 16:01:17,922|C In:20.10 16:02:27,243|
6-client@SALLY.informatik.haw-hamburg.de-<0.38.0>-Gruppe1-2 45te_Nachricht. COut: 20.10 16:01:17,885| HBQ In: 20.10 16:01:17,891|DLQ In: 20.10 16:01:17,922|C In:20.10 16:02:27,259|
5-client@SALLY.informatik.haw-hamburg.de-<0.38.0>-Gruppe1-2 46te_Nachricht. COut: 20.10 16:01:17,901| HBQ In: 20.10 16:01:17,937|DLQ In: 20.10 16:01:17,938|C In:20.10 16:02:27,259|
4-client@SALLY.informatik.haw-hamburg.de-<0.38.0>-Gruppe1-2 47te_Nachricht. COut: 20.10 16:01:17,901| HBQ In: 20.10 16:01:17,922|DLQ In: 20.10 16:01:17,938|C In:20.10 16:02:27,290|
3-client@SALLY.informatik.haw-hamburg.de-<0.38.0>-Gruppe1-2 48te_Nachricht. COut: 20.10 16:01:17,916| HBQ In: 20.10 16:01:17,954|DLQ In: 20.10 16:01:17,954|C In:20.10 16:02:27,306|
2-client@SALLY.informatik.haw-hamburg.de-<0.38.0>-Gruppe1-2 49te_Nachricht. COut: 20.10 16:01:17,916| HBQ In: 20.10 16:01:17,938|DLQ In: 20.10 16:01:17,954|C In:20.10 16:02:27,321|
1-client@SALLY.informatik.haw-hamburg.de-<0.38.0>-Gruppe1-2 50te_Nachricht. COut: 20.10 16:01:17,915| HBQ In: 20.10 16:01:17,938|DLQ In: 20.10 16:01:17,954|C In:20.10 16:02:27,337|
***Fehlernachricht fuer Nachrichten 51 bis 60 um 20.10 16:01:51,853| 60te_Nachricht. COut:  HBQ In: DLQ In: 20.10 16:01:51,853|C In:20.10 16:02:27,353|
6-client@SALLY.informatik.haw-hamburg.de-<0.38.0>-Gruppe1-2 61te_Nachricht. COut: 20.10 16:01:25,810| HBQ In: 20.10 16:01:25,815|DLQ In: 20.10 16:01:51,853|C In:20.10 16:02:27,368|
7-client@SALLY.informatik.haw-hamburg.de-<0.38.0>-Gruppe1-2 62te_Nachricht. COut: 20.10 16:01:27,823| HBQ In: 20.10 16:01:27,829|DLQ In: 20.10 16:01:51,853|C In:20.10 16:02:27,384|
8-client@SALLY.informatik.haw-hamburg.de-<0.38.0>-Gruppe1-2 63te_Nachricht. COut: 20.10 16:01:27,838| HBQ In: 20.10 16:01:27,843|DLQ In: 20.10 16:01:51,853|C In:20.10 16:02:27,399|
9-client@SALLY.informatik.haw-hamburg.de-<0.38.0>-Gruppe1-2 64te_Nachricht. COut: 20.10 16:01:25,857| HBQ In: 20.10 16:01:25,863|DLQ In: 20.10 16:01:51,853|C In:20.10 16:02:27,415|
10-client@SALLY.informatik.haw-hamburg.de-<0.38.0>-Gruppe1-2 65te_Nachricht. COut: 20.10 16:01:25,873| HBQ In: 20.10 16:01:25,879|DLQ In: 20.10 16:01:51,853|C In:20.10 16:02:27,415|
4-client@SALLY.informatik.haw-hamburg.de-<0.38.0>-Gruppe1-2 66te_Nachricht. COut: 20.10 16:01:27,885| HBQ In: 20.10 16:01:27,891|DLQ In: 20.10 16:01:51,853|C In:20.10 16:02:27,431|
5-client@SALLY.informatik.haw-hamburg.de-<0.38.0>-Gruppe1-2 67te_Nachricht. COut: 20.10 16:01:27,901| HBQ In: 20.10 16:01:27,907|DLQ In: 20.10 16:01:51,853|C In:20.10 16:02:27,446|
1-client@SALLY.informatik.haw-hamburg.de-<0.38.0>-Gruppe1-2 68te_Nachricht. COut: 20.10 16:01:27,901| HBQ In: 20.10 16:01:27,907|DLQ In: 20.10 16:01:51,853|C In:20.10 16:02:27,462|
2-client@SALLY.informatik.haw-hamburg.de-<0.38.0>-Gruppe1-2 69te_Nachricht. COut: 20.10 16:01:27,915| HBQ In: 20.10 16:01:27,922|DLQ In: 20.10 16:01:51,853|C In:20.10 16:02:27,477|
3-client@SALLY.informatik.haw-hamburg.de-<0.38.0>-Gruppe1-2 70te_Nachricht. COut: 20.10 16:01:25,919| HBQ In: 20.10 16:01:25,925|DLQ In: 20.10 16:01:51,853|C In:20.10 16:02:27,493|
6-client@SALLY.informatik.haw-hamburg.de-<0.38.0>-Gruppe1-2 71te_Nachricht. COut: 20.10 16:01:29,819| HBQ In: 20.10 16:01:29,825|DLQ In: 20.10 16:01:51,853|C In:20.10 16:02:27,509|
9-client@SALLY.informatik.haw-hamburg.de-<0.38.0>-Gruppe1-2 72te_Nachricht. COut: 20.10 16:01:29,866| HBQ In: 20.10 16:01:29,871|DLQ In: 20.10 16:01:51,853|C In:20.10 16:02:27,524|
10-client@SALLY.informatik.haw-hamburg.de-<0.38.0>-Gruppe1-2 73te_Nachricht. COut: 20.10 16:01:29,882| HBQ In: 20.10 16:01:29,887|DLQ In: 20.10 16:01:51,853|C In:20.10 16:02:27,540|
3-client@SALLY.informatik.haw-hamburg.de-<0.38.0>-Gruppe1-2 74te_Nachricht. COut: 20.10 16:01:29,929| HBQ In: 20.10 16:01:29,935|DLQ In: 20.10 16:01:51,853|C In:20.10 16:02:27,555|
7-client@SALLY.informatik.haw-hamburg.de-<0.38.0>-Gruppe1-2 75te_Nachricht. COut: 20.10 16:01:33,829| HBQ In: 20.10 16:01:33,835|DLQ In: 20.10 16:01:51,853|C In:20.10 16:02:27,555|
8-client@SALLY.informatik.haw-hamburg.de-<0.38.0>-Gruppe1-2 76te_Nachricht. COut: 20.10 16:01:33,843| HBQ In: 20.10 16:01:33,850|DLQ In: 20.10 16:01:51,853|C In:20.10 16:02:27,571|
4-client@SALLY.informatik.haw-hamburg.de-<0.38.0>-Gruppe1-2 77te_Nachricht. COut: 20.10 16:01:33,891| HBQ In: 20.10 16:01:33,897|DLQ In: 20.10 16:01:51,853|C In:20.10 16:02:27,587|
1-client@SALLY.informatik.haw-hamburg.de-<0.38.0>-Gruppe1-2 78te_Nachricht. COut: 20.10 16:01:33,907| HBQ In: 20.10 16:01:33,913|DLQ In: 20.10 16:01:51,853|C In:20.10 16:02:27,602|
5-client@SALLY.informatik.haw-hamburg.de-<0.38.0>-Gruppe1-2 79te_Nachricht. COut: 20.10 16:01:33,907| HBQ In: 20.10 16:01:33,913|DLQ In: 20.10 16:01:51,853|C In:20.10 16:02:27,618|
2-client@SALLY.informatik.haw-hamburg.de-<0.38.0>-Gruppe1-2 80te_Nachricht. COut: 20.10 16:01:33,922| HBQ In: 20.10 16:01:33,927|DLQ In: 20.10 16:01:51,853|C In:20.10 16:02:27,633|
6-client@SALLY.informatik.haw-hamburg.de-<0.38.0>-Gruppe1-2 81te_Nachricht. COut: 20.10 16:01:33,829| HBQ In: 20.10 16:01:33,835|DLQ In: 20.10 16:01:51,853|C In:20.10 16:02:27,649|
9-client@SALLY.informatik.haw-hamburg.de-<0.38.0>-Gruppe1-2 82te_Nachricht. COut: 20.10 16:01:33,875| HBQ In: 20.10 16:01:33,881|DLQ In: 20.10 16:01:51,853|C In:20.10 16:02:27,665|
10-client@SALLY.informatik.haw-hamburg.de-<0.38.0>-Gruppe1-2 83te_Nachricht. COut: 20.10 16:01:33,891| HBQ In: 20.10 16:01:33,897|DLQ In: 20.10 16:01:51,853|C In:20.10 16:02:27,680|
3-client@SALLY.informatik.haw-hamburg.de-<0.38.0>-Gruppe1-2 84te_Nachricht. COut: 20.10 16:01:33,937| HBQ In: 20.10 16:01:33,944|DLQ In: 20.10 16:01:51,853|C In:20.10 16:02:27,696|
6-client@SALLY.informatik.haw-hamburg.de-<0.38.0>-Gruppe1-2 85te_Nachricht. COut: 20.10 16:01:37,838| HBQ In: 20.10 16:01:37,843|DLQ In: 20.10 16:01:51,853|C In:20.10 16:02:27,711|
7-client@SALLY.informatik.haw-hamburg.de-<0.38.0>-Gruppe1-2 86te_Nachricht. COut: 20.10 16:01:39,835| HBQ In: 20.10 16:01:39,841|DLQ In: 20.10 16:01:51,853|C In:20.10 16:02:27,727|
8-client@SALLY.informatik.haw-hamburg.de-<0.38.0>-Gruppe1-2 87te_Nachricht. COut: 20.10 16:01:39,850| HBQ In: 20.10 16:01:39,855|DLQ In: 20.10 16:01:51,853|C In:20.10 16:02:27,727|
9-client@SALLY.informatik.haw-hamburg.de-<0.38.0>-Gruppe1-2 88te_Nachricht. COut: 20.10 16:01:37,885| HBQ In: 20.10 16:01:37,891|DLQ In: 20.10 16:01:51,853|C In:20.10 16:02:27,743|
10-client@SALLY.informatik.haw-hamburg.de-<0.38.0>-Gruppe1-2 89te_Nachricht. COut: 20.10 16:01:37,899| HBQ In: 20.10 16:01:37,906|DLQ In: 20.10 16:01:51,853|C In:20.10 16:02:27,758|
4-client@SALLY.informatik.haw-hamburg.de-<0.38.0>-Gruppe1-2 90te_Nachricht. COut: 20.10 16:01:39,897| HBQ In: 20.10 16:01:39,950|DLQ In: 20.10 16:01:51,853|C In:20.10 16:02:27,774|
5-client@SALLY.informatik.haw-hamburg.de-<0.38.0>-Gruppe1-2 91te_Nachricht. COut: 20.10 16:01:39,913| HBQ In: 20.10 16:01:39,980|DLQ In: 20.10 16:01:51,853|C In:20.10 16:02:27,789|
1-client@SALLY.informatik.haw-hamburg.de-<0.38.0>-Gruppe1-2 92te_Nachricht. COut: 20.10 16:01:39,913| HBQ In: 20.10 16:01:39,964|DLQ In: 20.10 16:01:51,853|C In:20.10 16:02:27,805|
2-client@SALLY.informatik.haw-hamburg.de-<0.38.0>-Gruppe1-2 93te_Nachricht. COut: 20.10 16:01:39,927| HBQ In: 20.10 16:01:39,981|DLQ In: 20.10 16:01:51,853|C In:20.10 16:02:27,836|
3-client@SALLY.informatik.haw-hamburg.de-<0.38.0>-Gruppe1-2 94te_Nachricht. COut: 20.10 16:01:37,947| HBQ In: 20.10 16:01:37,952|DLQ In: 20.10 16:01:51,853|C In:20.10 16:02:27,867|
6-client@SALLY.informatik.haw-hamburg.de-<0.38.0>-Gruppe1-2 95te_Nachricht. COut: 20.10 16:01:41,847| HBQ In: 20.10 16:01:41,853|DLQ In: 20.10 16:01:51,853|C In:20.10 16:02:27,883|
9-client@SALLY.informatik.haw-hamburg.de-<0.38.0>-Gruppe1-2 96te_Nachricht. COut: 20.10 16:01:41,894| HBQ In: 20.10 16:01:41,931|DLQ In: 20.10 16:01:51,853|C In:20.10 16:02:27,899|
10-client@SALLY.informatik.haw-hamburg.de-<0.38.0>-Gruppe1-2 97te_Nachricht. COut: 20.10 16:01:41,909| HBQ In: 20.10 16:01:41,931|DLQ In: 20.10 16:01:51,853|C In:20.10 16:02:27,914|
3-client@SALLY.informatik.haw-hamburg.de-<0.38.0>-Gruppe1-2 98te_Nachricht. COut: 20.10 16:01:41,956| HBQ In: 20.10 16:01:41,992|DLQ In: 20.10 16:01:51,853|C In:20.10 16:02:27,930|
7-client@SALLY.informatik.haw-hamburg.de-<0.38.0>-Gruppe1-2 99te_Nachricht. COut: 20.10 16:01:45,841| HBQ In: 20.10 16:01:45,847|DLQ In: 20.10 16:01:51,853|C In:20.10 16:02:27,930|
8-client@SALLY.informatik.haw-hamburg.de-<0.38.0>-Gruppe1-2 100te_Nachricht. COut: 20.10 16:01:45,855| HBQ In: 20.10 16:01:45,862|DLQ In: 20.10 16:01:51,853|C In:20.10 16:02:27,945|
4-client@SALLY.informatik.haw-hamburg.de-<0.38.0>-Gruppe1-2 101te_Nachricht. COut: 20.10 16:01:45,903| HBQ In: 20.10 16:01:45,909|DLQ In: 20.10 16:01:51,853|C In:20.10 16:02:27,961|
1-client@SALLY.informatik.haw-hamburg.de-<0.38.0>-Gruppe1-2 102te_Nachricht. COut: 20.10 16:01:45,919| HBQ In: 20.10 16:01:45,925|DLQ In: 20.10 16:01:51,853|C In:20.10 16:02:27,992|
5-client@SALLY.informatik.haw-hamburg.de-<0.38.0>-Gruppe1-2 103te_Nachricht. COut: 20.10 16:01:45,919| HBQ In: 20.10 16:01:45,925|DLQ In: 20.10 16:01:51,853|C In:20.10 16:02:28,008|
2-client@SALLY.informatik.haw-hamburg.de-<0.38.0>-Gruppe1-2 104te_Nachricht. COut: 20.10 16:01:45,934| HBQ In: 20.10 16:01:45,939|DLQ In: 20.10 16:01:51,853|C In:20.10 16:02:28,023|
***Fehlernachricht fuer Nachrichten 105 bis 108 um 20.10 16:02:15,003| 108te_Nachricht. COut:  HBQ In: DLQ In: 20.10 16:02:15,003|C In:20.10 16:02:28,039|
6-client@SALLY.informatik.haw-hamburg.de-<0.38.0>-Gruppe1-2 109te_Nachricht. COut: 20.10 16:01:48,508| HBQ In: 20.10 16:01:48,514|DLQ In: 20.10 16:02:15,003|C In:20.10 16:02:28,055|
9-client@SALLY.informatik.haw-hamburg.de-<0.38.0>-Gruppe1-2 110te_Nachricht. COut: 20.10 16:01:46,543| HBQ In: 20.10 16:01:46,548|DLQ In: 20.10 16:02:15,003|C In:20.10 16:02:28,055|
10-client@SALLY.informatik.haw-hamburg.de-<0.38.0>-Gruppe1-2 111te_Nachricht. COut: 20.10 16:01:46,558| HBQ In: 20.10 16:01:46,564|DLQ In: 20.10 16:02:15,003|C In:20.10 16:02:28,070|
3-client@SALLY.informatik.haw-hamburg.de-<0.38.0>-Gruppe1-2 112te_Nachricht. COut: 20.10 16:01:48,585| HBQ In: 20.10 16:01:48,592|DLQ In: 20.10 16:02:15,003|C In:20.10 16:02:28,148|
7-client@SALLY.informatik.haw-hamburg.de-<0.38.0>-Gruppe1-2 113te_Nachricht. COut: 20.10 16:01:51,847| HBQ In: 20.10 16:01:51,853|DLQ In: 20.10 16:02:15,003|C In:20.10 16:02:28,164|
8-client@SALLY.informatik.haw-hamburg.de-<0.38.0>-Gruppe1-2 114te_Nachricht. COut: 20.10 16:01:51,862| HBQ In: 20.10 16:01:51,867|DLQ In: 20.10 16:02:15,018|C In:20.10 16:02:28,179|
4-client@SALLY.informatik.haw-hamburg.de-<0.38.0>-Gruppe1-2 115te_Nachricht. COut: 20.10 16:01:51,909| HBQ In: 20.10 16:01:51,931|DLQ In: 20.10 16:02:15,034|C In:20.10 16:02:28,195|
5-client@SALLY.informatik.haw-hamburg.de-<0.38.0>-Gruppe1-2 116te_Nachricht. COut: 20.10 16:01:51,925| HBQ In: 20.10 16:01:51,962|DLQ In: 20.10 16:02:15,050|C In:20.10 16:02:28,211|
1-client@SALLY.informatik.haw-hamburg.de-<0.38.0>-Gruppe1-2 117te_Nachricht. COut: 20.10 16:01:51,925| HBQ In: 20.10 16:01:51,962|DLQ In: 20.10 16:02:15,050|C In:20.10 16:02:28,226|
2-client@SALLY.informatik.haw-hamburg.de-<0.38.0>-Gruppe1-2 118te_Nachricht. COut: 20.10 16:01:51,939| HBQ In: 20.10 16:01:51,976|DLQ In: 20.10 16:02:15,066|C In:20.10 16:02:28,242|
9-client@SALLY.informatik.haw-hamburg.de-<0.38.0>-Gruppe1-2 119te_Nachricht. COut: 20.10 16:01:49,552| HBQ In: 20.10 16:01:49,559|DLQ In: 20.10 16:02:15,066|C In:20.10 16:02:28,242|
10-client@SALLY.informatik.haw-hamburg.de-<0.38.0>-Gruppe1-2 120te_Nachricht. COut: 20.10 16:01:49,569| HBQ In: 20.10 16:01:49,575|DLQ In: 20.10 16:02:15,081|C In:20.10 16:02:28,257|
6-client@SALLY.informatik.haw-hamburg.de-<0.38.0>-Gruppe1-2 121te_Nachricht. COut: 20.10 16:01:53,516| HBQ In: 20.10 16:01:53,569|DLQ In: 20.10 16:02:15,081|C In:20.10 16:02:28,273|
3-client@SALLY.informatik.haw-hamburg.de-<0.38.0>-Gruppe1-2 122te_Nachricht. COut: 20.10 16:01:53,593| HBQ In: 20.10 16:01:53,647|DLQ In: 20.10 16:02:15,081|C In:20.10 16:02:28,289|
9-client@SALLY.informatik.haw-hamburg.de-<0.38.0>-Gruppe1-2 123te_Nachricht. COut: 20.10 16:01:52,564| HBQ In: 20.10 16:01:52,617|DLQ In: 20.10 16:02:15,097|C In:20.10 16:02:28,304|
10-client@SALLY.informatik.haw-hamburg.de-<0.38.0>-Gruppe1-2 124te_Nachricht. COut: 20.10 16:01:52,580| HBQ In: 20.10 16:01:52,633|DLQ In: 20.10 16:02:15,097|C In:20.10 16:02:28,320|
***Fehlernachricht fuer Nachrichten 125 bis 130 um 20.10 16:02:21,976| 130te_Nachricht. COut:  HBQ In: DLQ In: 20.10 16:02:21,976|C In:20.10 16:02:28,335|
9-client@SALLY.informatik.haw-hamburg.de-<0.38.0>-Gruppe1-2 131te_Nachricht. COut: 20.10 16:01:55,575| HBQ In: 20.10 16:01:55,628|DLQ In: 20.10 16:02:21,976|C In:20.10 16:02:28,351|
10-client@SALLY.informatik.haw-hamburg.de-<0.38.0>-Gruppe1-2 132te_Nachricht. COut: 20.10 16:01:55,591| HBQ In: 20.10 16:01:55,644|DLQ In: 20.10 16:02:21,992|C In:20.10 16:02:28,367|
6-client@SALLY.informatik.haw-hamburg.de-<0.38.0>-Gruppe1-2 133te_Nachricht. COut: 20.10 16:01:58,524| HBQ In: 20.10 16:01:58,530|DLQ In: 20.10 16:02:21,992|C In:20.10 16:02:28,367|
3-client@SALLY.informatik.haw-hamburg.de-<0.38.0>-Gruppe1-2 134te_Nachricht. COut: 20.10 16:01:58,602| HBQ In: 20.10 16:01:58,639|DLQ In: 20.10 16:02:22,008|C In:20.10 16:02:28,382|
9-client@SALLY.informatik.haw-hamburg.de-<0.38.0>-Gruppe1-2 135te_Nachricht. COut: 20.10 16:01:58,585| HBQ In: 20.10 16:01:58,592|DLQ In: 20.10 16:02:22,008|C In:20.10 16:02:28,398|
10-client@SALLY.informatik.haw-hamburg.de-<0.38.0>-Gruppe1-2 136te_Nachricht. COut: 20.10 16:01:58,601| HBQ In: 20.10 16:01:58,623|DLQ In: 20.10 16:02:22,008|C In:20.10 16:02:28,413|
7-client@SALLY.informatik.haw-hamburg.de-<0.38.0>-Gruppe1-2 137te_Nachricht. COut: 20.10 16:02:03,016| HBQ In: 20.10 16:02:03,022|DLQ In: 20.10 16:02:22,022|C In:20.10 16:02:28,429|
8-client@SALLY.informatik.haw-hamburg.de-<0.38.0>-Gruppe1-2 138te_Nachricht. COut: 20.10 16:02:01,034| HBQ In: 20.10 16:02:01,040|DLQ In: 20.10 16:02:22,023|C In:20.10 16:02:28,445|
4-client@SALLY.informatik.haw-hamburg.de-<0.38.0>-Gruppe1-2 139te_Nachricht. COut: 20.10 16:02:03,141| HBQ In: 20.10 16:02:03,147|DLQ In: 20.10 16:02:22,023|C In:20.10 16:02:28,460|
1-client@SALLY.informatik.haw-hamburg.de-<0.38.0>-Gruppe1-2 140te_Nachricht. COut: 20.10 16:02:03,157| HBQ In: 20.10 16:02:03,163|DLQ In: 20.10 16:02:22,038|C In:20.10 16:02:28,476|
5-client@SALLY.informatik.haw-hamburg.de-<0.38.0>-Gruppe1-2 141te_Nachricht. COut: 20.10 16:02:03,157| HBQ In: 20.10 16:02:03,163|DLQ In: 20.10 16:02:22,039|C In:20.10 16:02:28,491|
2-client@SALLY.informatik.haw-hamburg.de-<0.38.0>-Gruppe1-2 142te_Nachricht. COut: 20.10 16:02:03,171| HBQ In: 20.10 16:02:03,177|DLQ In: 20.10 16:02:22,054|C In:20.10 16:02:28,507|
6-client@SALLY.informatik.haw-hamburg.de-<0.38.0>-Gruppe1-2 143te_Nachricht. COut: 20.10 16:02:03,531| HBQ In: 20.10 16:02:03,536|DLQ In: 20.10 16:02:22,054|C In:20.10 16:02:28,523|
..getmessages..Done..
Neuer Sendeintervall: 4 Sekunden (3)
9-client@SALLY.informatik.haw-hamburg.de-<0.38.0>-Gruppe1-2: 211te_Nachricht. C Out: 20.10 16:02:32,532| gesendet
9-client@SALLY.informatik.haw-hamburg.de-<0.38.0>-Gruppe1-2: 221te_Nachricht. C Out: 20.10 16:02:36,540| gesendet
9-client@SALLY.informatik.haw-hamburg.de-<0.38.0>-Gruppe1-2: 231te_Nachricht. C Out: 20.10 16:02:40,550| gesendet
9-client@SALLY.informatik.haw-hamburg.de-<0.38.0>-Gruppe1-2: 236te_Nachricht. C Out: 20.10 16:02:44,559| gesendet
9-client@SALLY.informatik.haw-hamburg.de-<0.38.0>-Gruppe1-2: 248te_Nachricht. C Out: 20.10 16:02:48,569| gesendet
254te Nachricht um 20.10 16:02:48,569| vergessen zu senden
3-client@SALLY.informatik.haw-hamburg.de-<0.38.0>-Gruppe1-2 84te_Nachricht. COut: 20.10 16:01:33,937| HBQ In: 20.10 16:01:33,944|DLQ In: 20.10 16:01:51,853|C In:20.10 16:02:48,569|
6-client@SALLY.informatik.haw-hamburg.de-<0.38.0>-Gruppe1-2 85te_Nachricht. COut: 20.10 16:01:37,838| HBQ In: 20.10 16:01:37,843|DLQ In: 20.10 16:01:51,853|C In:20.10 16:02:48,584|
7-client@SALLY.informatik.haw-hamburg.de-<0.38.0>-Gruppe1-2 86te_Nachricht. COut: 20.10 16:01:39,835| HBQ In: 20.10 16:01:39,841|DLQ In: 20.10 16:01:51,853|C In:20.10 16:02:48,584|
8-client@SALLY.informatik.haw-hamburg.de-<0.38.0>-Gruppe1-2 87te_Nachricht. COut: 20.10 16:01:39,850| HBQ In: 20.10 16:01:39,855|DLQ In: 20.10 16:01:51,853|C In:20.10 16:02:48,600|
9-client@SALLY.informatik.haw-hamburg.de-<0.38.0>-Gruppe1-2 88te_Nachricht. COut: 20.10 16:01:37,885| HBQ In: 20.10 16:01:37,891|DLQ In: 20.10 16:01:51,853|C In:20.10 16:02:48,600|
10-client@SALLY.informatik.haw-hamburg.de-<0.38.0>-Gruppe1-2 89te_Nachricht. COut: 20.10 16:01:37,899| HBQ In: 20.10 16:01:37,906|DLQ In: 20.10 16:01:51,853|C In:20.10 16:02:48,615|
4-client@SALLY.informatik.haw-hamburg.de-<0.38.0>-Gruppe1-2 90te_Nachricht. COut: 20.10 16:01:39,897| HBQ In: 20.10 16:01:39,950|DLQ In: 20.10 16:01:51,853|C In:20.10 16:02:48,615|
5-client@SALLY.informatik.haw-hamburg.de-<0.38.0>-Gruppe1-2 91te_Nachricht. COut: 20.10 16:01:39,913| HBQ In: 20.10 16:01:39,980|DLQ In: 20.10 16:01:51,853|C In:20.10 16:02:48,615|
1-client@SALLY.informatik.haw-hamburg.de-<0.38.0>-Gruppe1-2 92te_Nachricht. COut: 20.10 16:01:39,913| HBQ In: 20.10 16:01:39,964|DLQ In: 20.10 16:01:51,853|C In:20.10 16:02:48,631|
2-client@SALLY.informatik.haw-hamburg.de-<0.38.0>-Gruppe1-2 93te_Nachricht. COut: 20.10 16:01:39,927| HBQ In: 20.10 16:01:39,981|DLQ In: 20.10 16:01:51,853|C In:20.10 16:02:48,631|
3-client@SALLY.informatik.haw-hamburg.de-<0.38.0>-Gruppe1-2 94te_Nachricht. COut: 20.10 16:01:37,947| HBQ In: 20.10 16:01:37,952|DLQ In: 20.10 16:01:51,853|C In:20.10 16:02:48,647|
6-client@SALLY.informatik.haw-hamburg.de-<0.38.0>-Gruppe1-2 95te_Nachricht. COut: 20.10 16:01:41,847| HBQ In: 20.10 16:01:41,853|DLQ In: 20.10 16:01:51,853|C In:20.10 16:02:48,662|
9-client@SALLY.informatik.haw-hamburg.de-<0.38.0>-Gruppe1-2 96te_Nachricht. COut: 20.10 16:01:41,894| HBQ In: 20.10 16:01:41,931|DLQ In: 20.10 16:01:51,853|C In:20.10 16:02:48,662|
10-client@SALLY.informatik.haw-hamburg.de-<0.38.0>-Gruppe1-2 97te_Nachricht. COut: 20.10 16:01:41,909| HBQ In: 20.10 16:01:41,931|DLQ In: 20.10 16:01:51,853|C In:20.10 16:02:48,678|
3-client@SALLY.informatik.haw-hamburg.de-<0.38.0>-Gruppe1-2 98te_Nachricht. COut: 20.10 16:01:41,956| HBQ In: 20.10 16:01:41,992|DLQ In: 20.10 16:01:51,853|C In:20.10 16:02:48,693|
7-client@SALLY.informatik.haw-hamburg.de-<0.38.0>-Gruppe1-2 99te_Nachricht. COut: 20.10 16:01:45,841| HBQ In: 20.10 16:01:45,847|DLQ In: 20.10 16:01:51,853|C In:20.10 16:02:48,709|
8-client@SALLY.informatik.haw-hamburg.de-<0.38.0>-Gruppe1-2 100te_Nachricht. COut: 20.10 16:01:45,855| HBQ In: 20.10 16:01:45,862|DLQ In: 20.10 16:01:51,853|C In:20.10 16:02:48,725|
4-client@SALLY.informatik.haw-hamburg.de-<0.38.0>-Gruppe1-2 101te_Nachricht. COut: 20.10 16:01:45,903| HBQ In: 20.10 16:01:45,909|DLQ In: 20.10 16:01:51,853|C In:20.10 16:02:48,740|
1-client@SALLY.informatik.haw-hamburg.de-<0.38.0>-Gruppe1-2 102te_Nachricht. COut: 20.10 16:01:45,919| HBQ In: 20.10 16:01:45,925|DLQ In: 20.10 16:01:51,853|C In:20.10 16:02:48,756|
5-client@SALLY.informatik.haw-hamburg.de-<0.38.0>-Gruppe1-2 103te_Nachricht. COut: 20.10 16:01:45,919| HBQ In: 20.10 16:01:45,925|DLQ In: 20.10 16:01:51,853|C In:20.10 16:02:48,771|
2-client@SALLY.informatik.haw-hamburg.de-<0.38.0>-Gruppe1-2 104te_Nachricht. COut: 20.10 16:01:45,934| HBQ In: 20.10 16:01:45,939|DLQ In: 20.10 16:01:51,853|C In:20.10 16:02:48,771|
***Fehlernachricht fuer Nachrichten 105 bis 108 um 20.10 16:02:15,003| 108te_Nachricht. COut:  HBQ In: DLQ In: 20.10 16:02:15,003|C In:20.10 16:02:48,787|
6-client@SALLY.informatik.haw-hamburg.de-<0.38.0>-Gruppe1-2 109te_Nachricht. COut: 20.10 16:01:48,508| HBQ In: 20.10 16:01:48,514|DLQ In: 20.10 16:02:15,003|C In:20.10 16:02:48,803|
9-client@SALLY.informatik.haw-hamburg.de-<0.38.0>-Gruppe1-2 110te_Nachricht. COut: 20.10 16:01:46,543| HBQ In: 20.10 16:01:46,548|DLQ In: 20.10 16:02:15,003|C In:20.10 16:02:48,818|
10-client@SALLY.informatik.haw-hamburg.de-<0.38.0>-Gruppe1-2 111te_Nachricht. COut: 20.10 16:01:46,558| HBQ In: 20.10 16:01:46,564|DLQ In: 20.10 16:02:15,003|C In:20.10 16:02:48,834|
3-client@SALLY.informatik.haw-hamburg.de-<0.38.0>-Gruppe1-2 112te_Nachricht. COut: 20.10 16:01:48,585| HBQ In: 20.10 16:01:48,592|DLQ In: 20.10 16:02:15,003|C In:20.10 16:02:48,849|
7-client@SALLY.informatik.haw-hamburg.de-<0.38.0>-Gruppe1-2 113te_Nachricht. COut: 20.10 16:01:51,847| HBQ In: 20.10 16:01:51,853|DLQ In: 20.10 16:02:15,003|C In:20.10 16:02:48,865|
8-client@SALLY.informatik.haw-hamburg.de-<0.38.0>-Gruppe1-2 114te_Nachricht. COut: 20.10 16:01:51,862| HBQ In: 20.10 16:01:51,867|DLQ In: 20.10 16:02:15,018|C In:20.10 16:02:48,881|
4-client@SALLY.informatik.haw-hamburg.de-<0.38.0>-Gruppe1-2 115te_Nachricht. COut: 20.10 16:01:51,909| HBQ In: 20.10 16:01:51,931|DLQ In: 20.10 16:02:15,034|C In:20.10 16:02:48,896|
5-client@SALLY.informatik.haw-hamburg.de-<0.38.0>-Gruppe1-2 116te_Nachricht. COut: 20.10 16:01:51,925| HBQ In: 20.10 16:01:51,962|DLQ In: 20.10 16:02:15,050|C In:20.10 16:02:48,912|
1-client@SALLY.informatik.haw-hamburg.de-<0.38.0>-Gruppe1-2 117te_Nachricht. COut: 20.10 16:01:51,925| HBQ In: 20.10 16:01:51,962|DLQ In: 20.10 16:02:15,050|C In:20.10 16:02:48,927|
2-client@SALLY.informatik.haw-hamburg.de-<0.38.0>-Gruppe1-2 118te_Nachricht. COut: 20.10 16:01:51,939| HBQ In: 20.10 16:01:51,976|DLQ In: 20.10 16:02:15,066|C In:20.10 16:02:48,943|
9-client@SALLY.informatik.haw-hamburg.de-<0.38.0>-Gruppe1-2 119te_Nachricht. COut: 20.10 16:01:49,552| HBQ In: 20.10 16:01:49,559|DLQ In: 20.10 16:02:15,066|C In:20.10 16:02:48,943|
10-client@SALLY.informatik.haw-hamburg.de-<0.38.0>-Gruppe1-2 120te_Nachricht. COut: 20.10 16:01:49,569| HBQ In: 20.10 16:01:49,575|DLQ In: 20.10 16:02:15,081|C In:20.10 16:02:48,959|
6-client@SALLY.informatik.haw-hamburg.de-<0.38.0>-Gruppe1-2 121te_Nachricht. COut: 20.10 16:01:53,516| HBQ In: 20.10 16:01:53,569|DLQ In: 20.10 16:02:15,081|C In:20.10 16:02:48,974|
3-client@SALLY.informatik.haw-hamburg.de-<0.38.0>-Gruppe1-2 122te_Nachricht. COut: 20.10 16:01:53,593| HBQ In: 20.10 16:01:53,647|DLQ In: 20.10 16:02:15,081|C In:20.10 16:02:48,990|
9-client@SALLY.informatik.haw-hamburg.de-<0.38.0>-Gruppe1-2 123te_Nachricht. COut: 20.10 16:01:52,564| HBQ In: 20.10 16:01:52,617|DLQ In: 20.10 16:02:15,097|C In:20.10 16:02:49,021|
10-client@SALLY.informatik.haw-hamburg.de-<0.38.0>-Gruppe1-2 124te_Nachricht. COut: 20.10 16:01:52,580| HBQ In: 20.10 16:01:52,633|DLQ In: 20.10 16:02:15,097|C In:20.10 16:02:49,037|
***Fehlernachricht fuer Nachrichten 125 bis 130 um 20.10 16:02:21,976| 130te_Nachricht. COut:  HBQ In: DLQ In: 20.10 16:02:21,976|C In:20.10 16:02:49,052|
9-client@SALLY.informatik.haw-hamburg.de-<0.38.0>-Gruppe1-2 131te_Nachricht. COut: 20.10 16:01:55,575| HBQ In: 20.10 16:01:55,628|DLQ In: 20.10 16:02:21,976|C In:20.10 16:02:49,052|
10-client@SALLY.informatik.haw-hamburg.de-<0.38.0>-Gruppe1-2 132te_Nachricht. COut: 20.10 16:01:55,591| HBQ In: 20.10 16:01:55,644|DLQ In: 20.10 16:02:21,992|C In:20.10 16:02:49,068|
6-client@SALLY.informatik.haw-hamburg.de-<0.38.0>-Gruppe1-2 133te_Nachricht. COut: 20.10 16:01:58,524| HBQ In: 20.10 16:01:58,530|DLQ In: 20.10 16:02:21,992|C In:20.10 16:02:49,083|
3-client@SALLY.informatik.haw-hamburg.de-<0.38.0>-Gruppe1-2 134te_Nachricht. COut: 20.10 16:01:58,602| HBQ In: 20.10 16:01:58,639|DLQ In: 20.10 16:02:22,008|C In:20.10 16:02:49,099|
9-client@SALLY.informatik.haw-hamburg.de-<0.38.0>-Gruppe1-2 135te_Nachricht. COut: 20.10 16:01:58,585| HBQ In: 20.10 16:01:58,592|DLQ In: 20.10 16:02:22,008|C In:20.10 16:02:49,115|
10-client@SALLY.informatik.haw-hamburg.de-<0.38.0>-Gruppe1-2 136te_Nachricht. COut: 20.10 16:01:58,601| HBQ In: 20.10 16:01:58,623|DLQ In: 20.10 16:02:22,008|C In:20.10 16:02:49,130|
7-client@SALLY.informatik.haw-hamburg.de-<0.38.0>-Gruppe1-2 137te_Nachricht. COut: 20.10 16:02:03,016| HBQ In: 20.10 16:02:03,022|DLQ In: 20.10 16:02:22,022|C In:20.10 16:02:49,146|
8-client@SALLY.informatik.haw-hamburg.de-<0.38.0>-Gruppe1-2 138te_Nachricht. COut: 20.10 16:02:01,034| HBQ In: 20.10 16:02:01,040|DLQ In: 20.10 16:02:22,023|C In:20.10 16:02:49,161|
4-client@SALLY.informatik.haw-hamburg.de-<0.38.0>-Gruppe1-2 139te_Nachricht. COut: 20.10 16:02:03,141| HBQ In: 20.10 16:02:03,147|DLQ In: 20.10 16:02:22,023|C In:20.10 16:02:49,177|
1-client@SALLY.informatik.haw-hamburg.de-<0.38.0>-Gruppe1-2 140te_Nachricht. COut: 20.10 16:02:03,157| HBQ In: 20.10 16:02:03,163|DLQ In: 20.10 16:02:22,038|C In:20.10 16:02:49,193|
5-client@SALLY.informatik.haw-hamburg.de-<0.38.0>-Gruppe1-2 141te_Nachricht. COut: 20.10 16:02:03,157| HBQ In: 20.10 16:02:03,163|DLQ In: 20.10 16:02:22,039|C In:20.10 16:02:49,193|
2-client@SALLY.informatik.haw-hamburg.de-<0.38.0>-Gruppe1-2 142te_Nachricht. COut: 20.10 16:02:03,171| HBQ In: 20.10 16:02:03,177|DLQ In: 20.10 16:02:22,054|C In:20.10 16:02:49,208|
6-client@SALLY.informatik.haw-hamburg.de-<0.38.0>-Gruppe1-2 143te_Nachricht. COut: 20.10 16:02:03,531| HBQ In: 20.10 16:02:03,536|DLQ In: 20.10 16:02:22,054|C In:20.10 16:02:49,224|
***Fehlernachricht fuer Nachrichten 144 bis 145 um 20.10 16:02:29,855| 145te_Nachricht. COut:  HBQ In: DLQ In: 20.10 16:02:29,855|C In:20.10 16:02:49,239|
3-client@SALLY.informatik.haw-hamburg.de-<0.38.0>-Gruppe1-2 146te_Nachricht. COut: 20.10 16:02:03,609| HBQ In: 20.10 16:02:03,615|DLQ In: 20.10 16:02:29,870|C In:20.10 16:02:49,255|
9-client@SALLY.informatik.haw-hamburg.de-<0.38.0>-Gruppe1-2 147te_Nachricht. COut: 20.10 16:02:02,548| HBQ In: 20.10 16:02:02,569|DLQ In: 20.10 16:02:29,870|C In:20.10 16:02:49,271|
10-client@SALLY.informatik.haw-hamburg.de-<0.38.0>-Gruppe1-2 148te_Nachricht. COut: 20.10 16:02:02,595| HBQ In: 20.10 16:02:02,601|DLQ In: 20.10 16:02:29,870|C In:20.10 16:02:49,286|
8-client@SALLY.informatik.haw-hamburg.de-<0.38.0>-Gruppe1-2 149te_Nachricht. COut: 20.10 16:02:06,042| HBQ In: 20.10 16:02:06,048|DLQ In: 20.10 16:02:29,886|C In:20.10 16:02:49,302|
9-client@SALLY.informatik.haw-hamburg.de-<0.38.0>-Gruppe1-2 150te_Nachricht. COut: 20.10 16:02:04,560| HBQ In: 20.10 16:02:04,566|DLQ In: 20.10 16:02:29,886|C In:20.10 16:02:49,317|
10-client@SALLY.informatik.haw-hamburg.de-<0.38.0>-Gruppe1-2 151te_Nachricht. COut: 20.10 16:02:04,608| HBQ In: 20.10 16:02:04,613|DLQ In: 20.10 16:02:29,886|C In:20.10 16:02:49,333|
7-client@SALLY.informatik.haw-hamburg.de-<0.38.0>-Gruppe1-2 152te_Nachricht. COut: 20.10 16:02:10,020| HBQ In: 20.10 16:02:10,026|DLQ In: 20.10 16:02:29,901|C In:20.10 16:02:49,349|
4-client@SALLY.informatik.haw-hamburg.de-<0.38.0>-Gruppe1-2 153te_Nachricht. COut: 20.10 16:02:10,145| HBQ In: 20.10 16:02:10,167|DLQ In: 20.10 16:02:29,901|C In:20.10 16:02:49,349|
5-client@SALLY.informatik.haw-hamburg.de-<0.38.0>-Gruppe1-2 154te_Nachricht. COut: 20.10 16:02:10,161| HBQ In: 20.10 16:02:10,183|DLQ In: 20.10 16:02:29,901|C In:20.10 16:02:49,364|
1-client@SALLY.informatik.haw-hamburg.de-<0.38.0>-Gruppe1-2 155te_Nachricht. COut: 20.10 16:02:10,161| HBQ In: 20.10 16:02:10,167|DLQ In: 20.10 16:02:29,917|C In:20.10 16:02:49,380|
2-client@SALLY.informatik.haw-hamburg.de-<0.38.0>-Gruppe1-2 156te_Nachricht. COut: 20.10 16:02:10,177| HBQ In: 20.10 16:02:10,183|DLQ In: 20.10 16:02:29,917|C In:20.10 16:02:49,395|
6-client@SALLY.informatik.haw-hamburg.de-<0.38.0>-Gruppe1-2 157te_Nachricht. COut: 20.10 16:02:08,539| HBQ In: 20.10 16:02:08,544|DLQ In: 20.10 16:02:29,933|C In:20.10 16:02:49,411|
3-client@SALLY.informatik.haw-hamburg.de-<0.38.0>-Gruppe1-2 158te_Nachricht. COut: 20.10 16:02:08,617| HBQ In: 20.10 16:02:08,637|DLQ In: 20.10 16:02:29,933|C In:20.10 16:02:49,442|
9-client@SALLY.informatik.haw-hamburg.de-<0.38.0>-Gruppe1-2 159te_Nachricht. COut: 20.10 16:02:06,573| HBQ In: 20.10 16:02:06,579|DLQ In: 20.10 16:02:29,933|C In:20.10 16:02:49,458|
10-client@SALLY.informatik.haw-hamburg.de-<0.38.0>-Gruppe1-2 160te_Nachricht. COut: 20.10 16:02:06,620| HBQ In: 20.10 16:02:06,625|DLQ In: 20.10 16:02:29,948|C In:20.10 16:02:49,473|
8-client@SALLY.informatik.haw-hamburg.de-<0.38.0>-Gruppe1-2 161te_Nachricht. COut: 20.10 16:02:11,050| HBQ In: 20.10 16:02:11,072|DLQ In: 20.10 16:02:29,948|C In:20.10 16:02:49,489|
9-client@SALLY.informatik.haw-hamburg.de-<0.38.0>-Gruppe1-2 162te_Nachricht. COut: 20.10 16:02:08,585| HBQ In: 20.10 16:02:08,607|DLQ In: 20.10 16:02:29,948|C In:20.10 16:02:49,505|
10-client@SALLY.informatik.haw-hamburg.de-<0.38.0>-Gruppe1-2 163te_Nachricht. COut: 20.10 16:02:08,632| HBQ In: 20.10 16:02:08,653|DLQ In: 20.10 16:02:29,964|C In:20.10 16:02:49,520|
***Fehlernachricht fuer Nachrichten 164 bis 164 um 20.10 16:02:40,697| 164te_Nachricht. COut:  HBQ In: DLQ In: 20.10 16:02:40,728|C In:20.10 16:02:49,536|
9-client@SALLY.informatik.haw-hamburg.de-<0.38.0>-Gruppe1-2 165te_Nachricht. COut: 20.10 16:02:10,597| HBQ In: 20.10 16:02:10,604|DLQ In: 20.10 16:02:40,728|C In:20.10 16:02:49,536|
***Fehlernachricht fuer Nachrichten 166 bis 166 um 20.10 16:02:40,884| 166te_Nachricht. COut:  HBQ In: DLQ In: 20.10 16:02:40,884|C In:20.10 16:02:49,551|
10-client@SALLY.informatik.haw-hamburg.de-<0.38.0>-Gruppe1-2 167te_Nachricht. COut: 20.10 16:02:10,645| HBQ In: 20.10 16:02:10,681|DLQ In: 20.10 16:02:40,899|C In:20.10 16:02:49,567|
6-client@SALLY.informatik.haw-hamburg.de-<0.38.0>-Gruppe1-2 168te_Nachricht. COut: 20.10 16:02:13,921| HBQ In: 20.10 16:02:13,927|DLQ In: 20.10 16:02:40,899|C In:20.10 16:02:49,583|
3-client@SALLY.informatik.haw-hamburg.de-<0.38.0>-Gruppe1-2 169te_Nachricht. COut: 20.10 16:02:15,964| HBQ In: 20.10 16:02:15,970|DLQ In: 20.10 16:02:40,899|C In:20.10 16:02:49,598|
7-client@SALLY.informatik.haw-hamburg.de-<0.38.0>-Gruppe1-2 170te_Nachricht. COut: 20.10 16:02:17,024| HBQ In: 20.10 16:02:17,030|DLQ In: 20.10 16:02:40,915|C In:20.10 16:02:49,614|
4-client@SALLY.informatik.haw-hamburg.de-<0.38.0>-Gruppe1-2 171te_Nachricht. COut: 20.10 16:02:17,149| HBQ In: 20.10 16:02:17,155|DLQ In: 20.10 16:02:40,915|C In:20.10 16:02:49,629|
1-client@SALLY.informatik.haw-hamburg.de-<0.38.0>-Gruppe1-2 172te_Nachricht. COut: 20.10 16:02:17,166| HBQ In: 20.10 16:02:17,172|DLQ In: 20.10 16:02:40,931|C In:20.10 16:02:49,645|
5-client@SALLY.informatik.haw-hamburg.de-<0.38.0>-Gruppe1-2 173te_Nachricht. COut: 20.10 16:02:17,165| HBQ In: 20.10 16:02:17,171|DLQ In: 20.10 16:02:40,931|C In:20.10 16:02:49,661|
2-client@SALLY.informatik.haw-hamburg.de-<0.38.0>-Gruppe1-2 174te_Nachricht. COut: 20.10 16:02:17,181| HBQ In: 20.10 16:02:17,187|DLQ In: 20.10 16:02:40,931|C In:20.10 16:02:49,676|
***Fehlernachricht fuer Nachrichten 175 bis 176 um 20.10 16:02:44,565| 176te_Nachricht. COut:  HBQ In: DLQ In: 20.10 16:02:44,565|C In:20.10 16:02:49,692|
8-client@SALLY.informatik.haw-hamburg.de-<0.38.0>-Gruppe1-2 177te_Nachricht. COut: 20.10 16:02:16,058| HBQ In: 20.10 16:02:16,064|DLQ In: 20.10 16:02:44,581|C In:20.10 16:02:49,707|
9-client@SALLY.informatik.haw-hamburg.de-<0.38.0>-Gruppe1-2 178te_Nachricht. COut: 20.10 16:02:15,996| HBQ In: 20.10 16:02:15,002|DLQ In: 20.10 16:02:44,581|C In:20.10 16:02:49,723|
10-client@SALLY.informatik.haw-hamburg.de-<0.38.0>-Gruppe1-2 179te_Nachricht. COut: 20.10 16:02:15,060| HBQ In: 20.10 16:02:15,097|DLQ In: 20.10 16:02:44,581|C In:20.10 16:02:49,739|
6-client@SALLY.informatik.haw-hamburg.de-<0.38.0>-Gruppe1-2 180te_Nachricht. COut: 20.10 16:02:17,930| HBQ In: 20.10 16:02:17,935|DLQ In: 20.10 16:02:44,597|C In:20.10 16:02:49,754|
9-client@SALLY.informatik.haw-hamburg.de-<0.38.0>-Gruppe1-2 181te_Nachricht. COut: 20.10 16:02:18,008| HBQ In: 20.10 16:02:18,014|DLQ In: 20.10 16:02:44,597|C In:20.10 16:02:49,754|
10-client@SALLY.informatik.haw-hamburg.de-<0.38.0>-Gruppe1-2 182te_Nachricht. COut: 20.10 16:02:18,070| HBQ In: 20.10 16:02:18,076|DLQ In: 20.10 16:02:44,597|C In:20.10 16:02:49,770|
3-client@SALLY.informatik.haw-hamburg.de-<0.38.0>-Gruppe1-2 183te_Nachricht. COut: 20.10 16:02:21,970| HBQ In: 20.10 16:02:21,976|DLQ In: 20.10 16:02:44,612|C In:20.10 16:02:49,785|
8-client@SALLY.informatik.haw-hamburg.de-<0.38.0>-Gruppe1-2 184te_Nachricht. COut: 20.10 16:02:21,066| HBQ In: 20.10 16:02:21,072|DLQ In: 20.10 16:02:44,612|C In:20.10 16:02:49,801|
7-client@SALLY.informatik.haw-hamburg.de-<0.38.0>-Gruppe1-2 185te_Nachricht. COut: 20.10 16:02:24,030| HBQ In: 20.10 16:02:24,036|DLQ In: 20.10 16:02:44,628|C In:20.10 16:02:49,817|
4-client@SALLY.informatik.haw-hamburg.de-<0.38.0>-Gruppe1-2 186te_Nachricht. COut: 20.10 16:02:24,155| HBQ In: 20.10 16:02:24,161|DLQ In: 20.10 16:02:44,628|C In:20.10 16:02:49,832|
5-client@SALLY.informatik.haw-hamburg.de-<0.38.0>-Gruppe1-2 187te_Nachricht. COut: 20.10 16:02:24,170| HBQ In: 20.10 16:02:24,176|DLQ In: 20.10 16:02:44,628|C In:20.10 16:02:49,848|
1-client@SALLY.informatik.haw-hamburg.de-<0.38.0>-Gruppe1-2 188te_Nachricht. COut: 20.10 16:02:24,169| HBQ In: 20.10 16:02:24,175|DLQ In: 20.10 16:02:44,643|C In:20.10 16:02:49,863|
2-client@SALLY.informatik.haw-hamburg.de-<0.38.0>-Gruppe1-2 189te_Nachricht. COut: 20.10 16:02:24,185| HBQ In: 20.10 16:02:24,191|DLQ In: 20.10 16:02:44,643|C In:20.10 16:02:49,879|
6-client@SALLY.informatik.haw-hamburg.de-<0.38.0>-Gruppe1-2 190te_Nachricht. COut: 20.10 16:02:21,939| HBQ In: 20.10 16:02:21,944|DLQ In: 20.10 16:02:44,643|C In:20.10 16:02:49,895|
9-client@SALLY.informatik.haw-hamburg.de-<0.38.0>-Gruppe1-2 191te_Nachricht. COut: 20.10 16:02:21,018| HBQ In: 20.10 16:02:21,024|DLQ In: 20.10 16:02:44,659|C In:20.10 16:02:49,910|
10-client@SALLY.informatik.haw-hamburg.de-<0.38.0>-Gruppe1-2 192te_Nachricht. COut: 20.10 16:02:21,081| HBQ In: 20.10 16:02:21,117|DLQ In: 20.10 16:02:44,659|C In:20.10 16:02:49,926|
9-client@SALLY.informatik.haw-hamburg.de-<0.38.0>-Gruppe1-2 193te_Nachricht. COut: 20.10 16:02:24,030| HBQ In: 20.10 16:02:24,036|DLQ In: 20.10 16:02:44,675|C In:20.10 16:02:49,926|
..getmessages..Done..
Neuer Sendeintervall: 3 Sekunden (4)
