3-client@SALLY.informatik.haw-hamburg.de-<0.38.0>-Gruppe1-2 Start: 20.10 16:00:52,800|
3-client@SALLY.informatik.haw-hamburg.de-<0.38.0>-Gruppe1-2: 8te_Nachricht. C Out: 20.10 16:00:57,886| gesendet
3-client@SALLY.informatik.haw-hamburg.de-<0.38.0>-Gruppe1-2: 20te_Nachricht. C Out: 20.10 16:01:02,894| gesendet
3-client@SALLY.informatik.haw-hamburg.de-<0.38.0>-Gruppe1-2: 28te_Nachricht. C Out: 20.10 16:01:07,901| gesendet
3-client@SALLY.informatik.haw-hamburg.de-<0.38.0>-Gruppe1-2: 40te_Nachricht. C Out: 20.10 16:01:12,909| gesendet
3-client@SALLY.informatik.haw-hamburg.de-<0.38.0>-Gruppe1-2: 48te_Nachricht. C Out: 20.10 16:01:17,916| gesendet
60te Nachricht um 20.10 16:01:17,948| vergessen zu senden
9-client@SALLY.informatik.haw-hamburg.de-<0.38.0>-Gruppe1-2 2te_Nachricht. COut: 20.10 16:00:57,855| HBQ In: 20.10 16:00:57,860|DLQ In: 20.10 16:00:57,860|C In:20.10 16:01:18,041|
8-client@SALLY.informatik.haw-hamburg.de-<0.38.0>-Gruppe1-2 3te_Nachricht. COut: 20.10 16:00:57,855| HBQ In: 20.10 16:00:57,859|DLQ In: 20.10 16:00:57,860|C In:20.10 16:01:18,119|
7-client@SALLY.informatik.haw-hamburg.de-<0.38.0>-Gruppe1-2 4te_Nachricht. COut: 20.10 16:00:57,855| HBQ In: 20.10 16:00:57,845|DLQ In: 20.10 16:00:57,860|C In:20.10 16:01:18,197|
6-client@SALLY.informatik.haw-hamburg.de-<0.38.0>-Gruppe1-2 5te_Nachricht. COut: 20.10 16:00:57,855| HBQ In: 20.10 16:00:57,845|DLQ In: 20.10 16:00:57,860|C In:20.10 16:01:18,291|
5-client@SALLY.informatik.haw-hamburg.de-<0.38.0>-Gruppe1-2 6te_Nachricht. COut: 20.10 16:00:57,870| HBQ In: 20.10 16:00:57,876|DLQ In: 20.10 16:00:57,876|C In:20.10 16:01:18,369|
4-client@SALLY.informatik.haw-hamburg.de-<0.38.0>-Gruppe1-2 7te_Nachricht. COut: 20.10 16:00:57,870| HBQ In: 20.10 16:00:57,875|DLQ In: 20.10 16:00:57,876|C In:20.10 16:01:18,447|
3-client@SALLY.informatik.haw-hamburg.de-<0.38.0>-Gruppe1-2 8te_Nachricht. COut: 20.10 16:00:57,886| HBQ In: 20.10 16:00:57,892|DLQ In: 20.10 16:00:57,892|*******C In:20.10 16:01:18,525|
2-client@SALLY.informatik.haw-hamburg.de-<0.38.0>-Gruppe1-2 9te_Nachricht. COut: 20.10 16:00:57,886| HBQ In: 20.10 16:00:57,891|DLQ In: 20.10 16:00:57,892|C In:20.10 16:01:18,587|
1-client@SALLY.informatik.haw-hamburg.de-<0.38.0>-Gruppe1-2 10te_Nachricht. COut: 20.10 16:00:57,886| HBQ In: 20.10 16:00:57,876|DLQ In: 20.10 16:00:57,892|C In:20.10 16:01:18,665|
6-client@SALLY.informatik.haw-hamburg.de-<0.38.0>-Gruppe1-2 11te_Nachricht. COut: 20.10 16:01:02,862| HBQ In: 20.10 16:01:02,883|DLQ In: 20.10 16:01:02,884|C In:20.10 16:01:18,743|
7-client@SALLY.informatik.haw-hamburg.de-<0.38.0>-Gruppe1-2 12te_Nachricht. COut: 20.10 16:01:02,862| HBQ In: 20.10 16:01:02,868|DLQ In: 20.10 16:01:02,884|C In:20.10 16:01:18,852|
8-client@SALLY.informatik.haw-hamburg.de-<0.38.0>-Gruppe1-2 13te_Nachricht. COut: 20.10 16:01:02,862| HBQ In: 20.10 16:01:02,867|DLQ In: 20.10 16:01:02,884|C In:20.10 16:01:18,915|
9-client@SALLY.informatik.haw-hamburg.de-<0.38.0>-Gruppe1-2 14te_Nachricht. COut: 20.10 16:01:02,862| HBQ In: 20.10 16:01:02,852|DLQ In: 20.10 16:01:02,884|C In:20.10 16:01:18,993|
10-client@SALLY.informatik.haw-hamburg.de-<0.38.0>-Gruppe1-2 15te_Nachricht. COut: 20.10 16:01:02,862| HBQ In: 20.10 16:01:02,851|DLQ In: 20.10 16:01:02,884|C In:20.10 16:01:19,086|
4-client@SALLY.informatik.haw-hamburg.de-<0.38.0>-Gruppe1-2 16te_Nachricht. COut: 20.10 16:01:02,878| HBQ In: 20.10 16:01:02,899|DLQ In: 20.10 16:01:02,899|C In:20.10 16:01:19,227|
5-client@SALLY.informatik.haw-hamburg.de-<0.38.0>-Gruppe1-2 17te_Nachricht. COut: 20.10 16:01:02,878| HBQ In: 20.10 16:01:02,884|DLQ In: 20.10 16:01:02,899|C In:20.10 16:01:19,320|
1-client@SALLY.informatik.haw-hamburg.de-<0.38.0>-Gruppe1-2 18te_Nachricht. COut: 20.10 16:01:02,894| HBQ In: 20.10 16:01:02,915|DLQ In: 20.10 16:01:02,915|C In:20.10 16:01:19,398|
2-client@SALLY.informatik.haw-hamburg.de-<0.38.0>-Gruppe1-2 19te_Nachricht. COut: 20.10 16:01:02,894| HBQ In: 20.10 16:01:02,899|DLQ In: 20.10 16:01:02,915|C In:20.10 16:01:19,523|
3-client@SALLY.informatik.haw-hamburg.de-<0.38.0>-Gruppe1-2 20te_Nachricht. COut: 20.10 16:01:02,894| HBQ In: 20.10 16:01:02,899|DLQ In: 20.10 16:01:02,915|*******C In:20.10 16:01:19,586|
10-client@SALLY.informatik.haw-hamburg.de-<0.38.0>-Gruppe1-2 21te_Nachricht. COut: 20.10 16:01:07,870| HBQ In: 20.10 16:01:07,891|DLQ In: 20.10 16:01:07,891|C In:20.10 16:01:19,664|
9-client@SALLY.informatik.haw-hamburg.de-<0.38.0>-Gruppe1-2 22te_Nachricht. COut: 20.10 16:01:07,870| HBQ In: 20.10 16:01:07,876|DLQ In: 20.10 16:01:07,891|C In:20.10 16:01:19,742|
8-client@SALLY.informatik.haw-hamburg.de-<0.38.0>-Gruppe1-2 23te_Nachricht. COut: 20.10 16:01:07,870| HBQ In: 20.10 16:01:07,875|DLQ In: 20.10 16:01:07,891|C In:20.10 16:01:19,804|
7-client@SALLY.informatik.haw-hamburg.de-<0.38.0>-Gruppe1-2 24te_Nachricht. COut: 20.10 16:01:07,870| HBQ In: 20.10 16:01:07,860|DLQ In: 20.10 16:01:07,891|C In:20.10 16:01:19,882|
6-client@SALLY.informatik.haw-hamburg.de-<0.38.0>-Gruppe1-2 25te_Nachricht. COut: 20.10 16:01:07,870| HBQ In: 20.10 16:01:07,859|DLQ In: 20.10 16:01:07,891|C In:20.10 16:01:19,960|
5-client@SALLY.informatik.haw-hamburg.de-<0.38.0>-Gruppe1-2 26te_Nachricht. COut: 20.10 16:01:07,886| HBQ In: 20.10 16:01:07,907|DLQ In: 20.10 16:01:07,907|C In:20.10 16:01:20,038|
4-client@SALLY.informatik.haw-hamburg.de-<0.38.0>-Gruppe1-2 27te_Nachricht. COut: 20.10 16:01:07,886| HBQ In: 20.10 16:01:07,907|DLQ In: 20.10 16:01:07,907|C In:20.10 16:01:20,116|
3-client@SALLY.informatik.haw-hamburg.de-<0.38.0>-Gruppe1-2 28te_Nachricht. COut: 20.10 16:01:07,901| HBQ In: 20.10 16:01:07,922|DLQ In: 20.10 16:01:07,922|*******C In:20.10 16:01:20,194|
2-client@SALLY.informatik.haw-hamburg.de-<0.38.0>-Gruppe1-2 29te_Nachricht. COut: 20.10 16:01:07,901| HBQ In: 20.10 16:01:07,922|DLQ In: 20.10 16:01:07,922|C In:20.10 16:01:20,272|
1-client@SALLY.informatik.haw-hamburg.de-<0.38.0>-Gruppe1-2 30te_Nachricht. COut: 20.10 16:01:07,901| HBQ In: 20.10 16:01:07,922|DLQ In: 20.10 16:01:07,922|C In:20.10 16:01:20,366|
6-client@SALLY.informatik.haw-hamburg.de-<0.38.0>-Gruppe1-2 31te_Nachricht. COut: 20.10 16:01:12,878| HBQ In: 20.10 16:01:12,915|DLQ In: 20.10 16:01:12,915|C In:20.10 16:01:20,459|
7-client@SALLY.informatik.haw-hamburg.de-<0.38.0>-Gruppe1-2 32te_Nachricht. COut: 20.10 16:01:12,878| HBQ In: 20.10 16:01:12,899|DLQ In: 20.10 16:01:12,915|C In:20.10 16:01:20,568|
8-client@SALLY.informatik.haw-hamburg.de-<0.38.0>-Gruppe1-2 33te_Nachricht. COut: 20.10 16:01:12,878| HBQ In: 20.10 16:01:12,899|DLQ In: 20.10 16:01:12,915|C In:20.10 16:01:20,631|
9-client@SALLY.informatik.haw-hamburg.de-<0.38.0>-Gruppe1-2 34te_Nachricht. COut: 20.10 16:01:12,878| HBQ In: 20.10 16:01:12,884|DLQ In: 20.10 16:01:12,915|C In:20.10 16:01:20,740|
10-client@SALLY.informatik.haw-hamburg.de-<0.38.0>-Gruppe1-2 35te_Nachricht. COut: 20.10 16:01:12,878| HBQ In: 20.10 16:01:12,883|DLQ In: 20.10 16:01:12,915|C In:20.10 16:01:20,818|
4-client@SALLY.informatik.haw-hamburg.de-<0.38.0>-Gruppe1-2 36te_Nachricht. COut: 20.10 16:01:12,893| HBQ In: 20.10 16:01:12,930|DLQ In: 20.10 16:01:12,930|C In:20.10 16:01:20,927|
5-client@SALLY.informatik.haw-hamburg.de-<0.38.0>-Gruppe1-2 37te_Nachricht. COut: 20.10 16:01:12,893| HBQ In: 20.10 16:01:12,915|DLQ In: 20.10 16:01:12,930|C In:20.10 16:01:20,990|
1-client@SALLY.informatik.haw-hamburg.de-<0.38.0>-Gruppe1-2 38te_Nachricht. COut: 20.10 16:01:12,909| HBQ In: 20.10 16:01:12,946|DLQ In: 20.10 16:01:12,946|C In:20.10 16:01:21,083|
2-client@SALLY.informatik.haw-hamburg.de-<0.38.0>-Gruppe1-2 39te_Nachricht. COut: 20.10 16:01:12,909| HBQ In: 20.10 16:01:12,946|DLQ In: 20.10 16:01:12,946|C In:20.10 16:01:21,146|
3-client@SALLY.informatik.haw-hamburg.de-<0.38.0>-Gruppe1-2 40te_Nachricht. COut: 20.10 16:01:12,909| HBQ In: 20.10 16:01:12,930|DLQ In: 20.10 16:01:12,946|*******C In:20.10 16:01:21,224|
10-client@SALLY.informatik.haw-hamburg.de-<0.38.0>-Gruppe1-2 41te_Nachricht. COut: 20.10 16:01:17,885| HBQ In: 20.10 16:01:17,922|DLQ In: 20.10 16:01:17,922|C In:20.10 16:01:21,286|
9-client@SALLY.informatik.haw-hamburg.de-<0.38.0>-Gruppe1-2 42te_Nachricht. COut: 20.10 16:01:17,885| HBQ In: 20.10 16:01:17,907|DLQ In: 20.10 16:01:17,922|C In:20.10 16:01:21,364|
8-client@SALLY.informatik.haw-hamburg.de-<0.38.0>-Gruppe1-2 43te_Nachricht. COut: 20.10 16:01:17,885| HBQ In: 20.10 16:01:17,907|DLQ In: 20.10 16:01:17,922|C In:20.10 16:01:21,442|
7-client@SALLY.informatik.haw-hamburg.de-<0.38.0>-Gruppe1-2 44te_Nachricht. COut: 20.10 16:01:17,885| HBQ In: 20.10 16:01:17,891|DLQ In: 20.10 16:01:17,922|C In:20.10 16:01:21,505|
6-client@SALLY.informatik.haw-hamburg.de-<0.38.0>-Gruppe1-2 45te_Nachricht. COut: 20.10 16:01:17,885| HBQ In: 20.10 16:01:17,891|DLQ In: 20.10 16:01:17,922|C In:20.10 16:01:21,583|
5-client@SALLY.informatik.haw-hamburg.de-<0.38.0>-Gruppe1-2 46te_Nachricht. COut: 20.10 16:01:17,901| HBQ In: 20.10 16:01:17,937|DLQ In: 20.10 16:01:17,938|C In:20.10 16:01:21,645|
4-client@SALLY.informatik.haw-hamburg.de-<0.38.0>-Gruppe1-2 47te_Nachricht. COut: 20.10 16:01:17,901| HBQ In: 20.10 16:01:17,922|DLQ In: 20.10 16:01:17,938|C In:20.10 16:01:21,723|
3-client@SALLY.informatik.haw-hamburg.de-<0.38.0>-Gruppe1-2 48te_Nachricht. COut: 20.10 16:01:17,916| HBQ In: 20.10 16:01:17,954|DLQ In: 20.10 16:01:17,954|*******C In:20.10 16:01:21,801|
2-client@SALLY.informatik.haw-hamburg.de-<0.38.0>-Gruppe1-2 49te_Nachricht. COut: 20.10 16:01:17,916| HBQ In: 20.10 16:01:17,938|DLQ In: 20.10 16:01:17,954|C In:20.10 16:01:21,863|
1-client@SALLY.informatik.haw-hamburg.de-<0.38.0>-Gruppe1-2 50te_Nachricht. COut: 20.10 16:01:17,915| HBQ In: 20.10 16:01:17,938|DLQ In: 20.10 16:01:17,954|C In:20.10 16:01:21,910|
..getmessages..Done..
Neuer Sendeintervall: 4 Sekunden (5)
3-client@SALLY.informatik.haw-hamburg.de-<0.38.0>-Gruppe1-2: 70te_Nachricht. C Out: 20.10 16:01:25,919| gesendet
3-client@SALLY.informatik.haw-hamburg.de-<0.38.0>-Gruppe1-2: 74te_Nachricht. C Out: 20.10 16:01:29,929| gesendet
3-client@SALLY.informatik.haw-hamburg.de-<0.38.0>-Gruppe1-2: 84te_Nachricht. C Out: 20.10 16:01:33,937| gesendet
3-client@SALLY.informatik.haw-hamburg.de-<0.38.0>-Gruppe1-2: 94te_Nachricht. C Out: 20.10 16:01:37,947| gesendet
3-client@SALLY.informatik.haw-hamburg.de-<0.38.0>-Gruppe1-2: 98te_Nachricht. C Out: 20.10 16:01:41,956| gesendet
108te Nachricht um 20.10 16:01:41,987| vergessen zu senden
9-client@SALLY.informatik.haw-hamburg.de-<0.38.0>-Gruppe1-2 2te_Nachricht. COut: 20.10 16:00:57,855| HBQ In: 20.10 16:00:57,860|DLQ In: 20.10 16:00:57,860|C In:20.10 16:01:42,019|
8-client@SALLY.informatik.haw-hamburg.de-<0.38.0>-Gruppe1-2 3te_Nachricht. COut: 20.10 16:00:57,855| HBQ In: 20.10 16:00:57,859|DLQ In: 20.10 16:00:57,860|C In:20.10 16:01:42,050|
7-client@SALLY.informatik.haw-hamburg.de-<0.38.0>-Gruppe1-2 4te_Nachricht. COut: 20.10 16:00:57,855| HBQ In: 20.10 16:00:57,845|DLQ In: 20.10 16:00:57,860|C In:20.10 16:01:42,065|
6-client@SALLY.informatik.haw-hamburg.de-<0.38.0>-Gruppe1-2 5te_Nachricht. COut: 20.10 16:00:57,855| HBQ In: 20.10 16:00:57,845|DLQ In: 20.10 16:00:57,860|C In:20.10 16:01:42,097|
5-client@SALLY.informatik.haw-hamburg.de-<0.38.0>-Gruppe1-2 6te_Nachricht. COut: 20.10 16:00:57,870| HBQ In: 20.10 16:00:57,876|DLQ In: 20.10 16:00:57,876|C In:20.10 16:01:42,128|
4-client@SALLY.informatik.haw-hamburg.de-<0.38.0>-Gruppe1-2 7te_Nachricht. COut: 20.10 16:00:57,870| HBQ In: 20.10 16:00:57,875|DLQ In: 20.10 16:00:57,876|C In:20.10 16:01:42,159|
3-client@SALLY.informatik.haw-hamburg.de-<0.38.0>-Gruppe1-2 8te_Nachricht. COut: 20.10 16:00:57,886| HBQ In: 20.10 16:00:57,892|DLQ In: 20.10 16:00:57,892|C In:20.10 16:01:42,175|
2-client@SALLY.informatik.haw-hamburg.de-<0.38.0>-Gruppe1-2 9te_Nachricht. COut: 20.10 16:00:57,886| HBQ In: 20.10 16:00:57,891|DLQ In: 20.10 16:00:57,892|C In:20.10 16:01:42,206|
1-client@SALLY.informatik.haw-hamburg.de-<0.38.0>-Gruppe1-2 10te_Nachricht. COut: 20.10 16:00:57,886| HBQ In: 20.10 16:00:57,876|DLQ In: 20.10 16:00:57,892|C In:20.10 16:01:42,237|
6-client@SALLY.informatik.haw-hamburg.de-<0.38.0>-Gruppe1-2 11te_Nachricht. COut: 20.10 16:01:02,862| HBQ In: 20.10 16:01:02,883|DLQ In: 20.10 16:01:02,884|C In:20.10 16:01:42,268|
7-client@SALLY.informatik.haw-hamburg.de-<0.38.0>-Gruppe1-2 12te_Nachricht. COut: 20.10 16:01:02,862| HBQ In: 20.10 16:01:02,868|DLQ In: 20.10 16:01:02,884|C In:20.10 16:01:42,299|
8-client@SALLY.informatik.haw-hamburg.de-<0.38.0>-Gruppe1-2 13te_Nachricht. COut: 20.10 16:01:02,862| HBQ In: 20.10 16:01:02,867|DLQ In: 20.10 16:01:02,884|C In:20.10 16:01:42,315|
9-client@SALLY.informatik.haw-hamburg.de-<0.38.0>-Gruppe1-2 14te_Nachricht. COut: 20.10 16:01:02,862| HBQ In: 20.10 16:01:02,852|DLQ In: 20.10 16:01:02,884|C In:20.10 16:01:42,346|
10-client@SALLY.informatik.haw-hamburg.de-<0.38.0>-Gruppe1-2 15te_Nachricht. COut: 20.10 16:01:02,862| HBQ In: 20.10 16:01:02,851|DLQ In: 20.10 16:01:02,884|C In:20.10 16:01:42,377|
4-client@SALLY.informatik.haw-hamburg.de-<0.38.0>-Gruppe1-2 16te_Nachricht. COut: 20.10 16:01:02,878| HBQ In: 20.10 16:01:02,899|DLQ In: 20.10 16:01:02,899|C In:20.10 16:01:42,409|
5-client@SALLY.informatik.haw-hamburg.de-<0.38.0>-Gruppe1-2 17te_Nachricht. COut: 20.10 16:01:02,878| HBQ In: 20.10 16:01:02,884|DLQ In: 20.10 16:01:02,899|C In:20.10 16:01:42,440|
1-client@SALLY.informatik.haw-hamburg.de-<0.38.0>-Gruppe1-2 18te_Nachricht. COut: 20.10 16:01:02,894| HBQ In: 20.10 16:01:02,915|DLQ In: 20.10 16:01:02,915|C In:20.10 16:01:42,455|
2-client@SALLY.informatik.haw-hamburg.de-<0.38.0>-Gruppe1-2 19te_Nachricht. COut: 20.10 16:01:02,894| HBQ In: 20.10 16:01:02,899|DLQ In: 20.10 16:01:02,915|C In:20.10 16:01:42,487|
3-client@SALLY.informatik.haw-hamburg.de-<0.38.0>-Gruppe1-2 20te_Nachricht. COut: 20.10 16:01:02,894| HBQ In: 20.10 16:01:02,899|DLQ In: 20.10 16:01:02,915|C In:20.10 16:01:42,533|
10-client@SALLY.informatik.haw-hamburg.de-<0.38.0>-Gruppe1-2 21te_Nachricht. COut: 20.10 16:01:07,870| HBQ In: 20.10 16:01:07,891|DLQ In: 20.10 16:01:07,891|C In:20.10 16:01:42,565|
9-client@SALLY.informatik.haw-hamburg.de-<0.38.0>-Gruppe1-2 22te_Nachricht. COut: 20.10 16:01:07,870| HBQ In: 20.10 16:01:07,876|DLQ In: 20.10 16:01:07,891|C In:20.10 16:01:42,580|
8-client@SALLY.informatik.haw-hamburg.de-<0.38.0>-Gruppe1-2 23te_Nachricht. COut: 20.10 16:01:07,870| HBQ In: 20.10 16:01:07,875|DLQ In: 20.10 16:01:07,891|C In:20.10 16:01:42,627|
7-client@SALLY.informatik.haw-hamburg.de-<0.38.0>-Gruppe1-2 24te_Nachricht. COut: 20.10 16:01:07,870| HBQ In: 20.10 16:01:07,860|DLQ In: 20.10 16:01:07,891|C In:20.10 16:01:42,658|
6-client@SALLY.informatik.haw-hamburg.de-<0.38.0>-Gruppe1-2 25te_Nachricht. COut: 20.10 16:01:07,870| HBQ In: 20.10 16:01:07,859|DLQ In: 20.10 16:01:07,891|C In:20.10 16:01:42,689|
5-client@SALLY.informatik.haw-hamburg.de-<0.38.0>-Gruppe1-2 26te_Nachricht. COut: 20.10 16:01:07,886| HBQ In: 20.10 16:01:07,907|DLQ In: 20.10 16:01:07,907|C In:20.10 16:01:42,705|
4-client@SALLY.informatik.haw-hamburg.de-<0.38.0>-Gruppe1-2 27te_Nachricht. COut: 20.10 16:01:07,886| HBQ In: 20.10 16:01:07,907|DLQ In: 20.10 16:01:07,907|C In:20.10 16:01:42,736|
3-client@SALLY.informatik.haw-hamburg.de-<0.38.0>-Gruppe1-2 28te_Nachricht. COut: 20.10 16:01:07,901| HBQ In: 20.10 16:01:07,922|DLQ In: 20.10 16:01:07,922|C In:20.10 16:01:42,767|
2-client@SALLY.informatik.haw-hamburg.de-<0.38.0>-Gruppe1-2 29te_Nachricht. COut: 20.10 16:01:07,901| HBQ In: 20.10 16:01:07,922|DLQ In: 20.10 16:01:07,922|C In:20.10 16:01:42,799|
1-client@SALLY.informatik.haw-hamburg.de-<0.38.0>-Gruppe1-2 30te_Nachricht. COut: 20.10 16:01:07,901| HBQ In: 20.10 16:01:07,922|DLQ In: 20.10 16:01:07,922|C In:20.10 16:01:42,830|
6-client@SALLY.informatik.haw-hamburg.de-<0.38.0>-Gruppe1-2 31te_Nachricht. COut: 20.10 16:01:12,878| HBQ In: 20.10 16:01:12,915|DLQ In: 20.10 16:01:12,915|C In:20.10 16:01:42,861|
7-client@SALLY.informatik.haw-hamburg.de-<0.38.0>-Gruppe1-2 32te_Nachricht. COut: 20.10 16:01:12,878| HBQ In: 20.10 16:01:12,899|DLQ In: 20.10 16:01:12,915|C In:20.10 16:01:42,877|
8-client@SALLY.informatik.haw-hamburg.de-<0.38.0>-Gruppe1-2 33te_Nachricht. COut: 20.10 16:01:12,878| HBQ In: 20.10 16:01:12,899|DLQ In: 20.10 16:01:12,915|C In:20.10 16:01:42,908|
9-client@SALLY.informatik.haw-hamburg.de-<0.38.0>-Gruppe1-2 34te_Nachricht. COut: 20.10 16:01:12,878| HBQ In: 20.10 16:01:12,884|DLQ In: 20.10 16:01:12,915|C In:20.10 16:01:42,939|
10-client@SALLY.informatik.haw-hamburg.de-<0.38.0>-Gruppe1-2 35te_Nachricht. COut: 20.10 16:01:12,878| HBQ In: 20.10 16:01:12,883|DLQ In: 20.10 16:01:12,915|C In:20.10 16:01:42,970|
4-client@SALLY.informatik.haw-hamburg.de-<0.38.0>-Gruppe1-2 36te_Nachricht. COut: 20.10 16:01:12,893| HBQ In: 20.10 16:01:12,930|DLQ In: 20.10 16:01:12,930|C In:20.10 16:01:43,001|
5-client@SALLY.informatik.haw-hamburg.de-<0.38.0>-Gruppe1-2 37te_Nachricht. COut: 20.10 16:01:12,893| HBQ In: 20.10 16:01:12,915|DLQ In: 20.10 16:01:12,930|C In:20.10 16:01:43,033|
1-client@SALLY.informatik.haw-hamburg.de-<0.38.0>-Gruppe1-2 38te_Nachricht. COut: 20.10 16:01:12,909| HBQ In: 20.10 16:01:12,946|DLQ In: 20.10 16:01:12,946|C In:20.10 16:01:43,048|
2-client@SALLY.informatik.haw-hamburg.de-<0.38.0>-Gruppe1-2 39te_Nachricht. COut: 20.10 16:01:12,909| HBQ In: 20.10 16:01:12,946|DLQ In: 20.10 16:01:12,946|C In:20.10 16:01:43,204|
3-client@SALLY.informatik.haw-hamburg.de-<0.38.0>-Gruppe1-2 40te_Nachricht. COut: 20.10 16:01:12,909| HBQ In: 20.10 16:01:12,930|DLQ In: 20.10 16:01:12,946|C In:20.10 16:01:43,267|
10-client@SALLY.informatik.haw-hamburg.de-<0.38.0>-Gruppe1-2 41te_Nachricht. COut: 20.10 16:01:17,885| HBQ In: 20.10 16:01:17,922|DLQ In: 20.10 16:01:17,922|C In:20.10 16:01:43,329|
9-client@SALLY.informatik.haw-hamburg.de-<0.38.0>-Gruppe1-2 42te_Nachricht. COut: 20.10 16:01:17,885| HBQ In: 20.10 16:01:17,907|DLQ In: 20.10 16:01:17,922|C In:20.10 16:01:43,360|
8-client@SALLY.informatik.haw-hamburg.de-<0.38.0>-Gruppe1-2 43te_Nachricht. COut: 20.10 16:01:17,885| HBQ In: 20.10 16:01:17,907|DLQ In: 20.10 16:01:17,922|C In:20.10 16:01:43,391|
7-client@SALLY.informatik.haw-hamburg.de-<0.38.0>-Gruppe1-2 44te_Nachricht. COut: 20.10 16:01:17,885| HBQ In: 20.10 16:01:17,891|DLQ In: 20.10 16:01:17,922|C In:20.10 16:01:43,438|
6-client@SALLY.informatik.haw-hamburg.de-<0.38.0>-Gruppe1-2 45te_Nachricht. COut: 20.10 16:01:17,885| HBQ In: 20.10 16:01:17,891|DLQ In: 20.10 16:01:17,922|C In:20.10 16:01:43,469|
5-client@SALLY.informatik.haw-hamburg.de-<0.38.0>-Gruppe1-2 46te_Nachricht. COut: 20.10 16:01:17,901| HBQ In: 20.10 16:01:17,937|DLQ In: 20.10 16:01:17,938|C In:20.10 16:01:43,501|
4-client@SALLY.informatik.haw-hamburg.de-<0.38.0>-Gruppe1-2 47te_Nachricht. COut: 20.10 16:01:17,901| HBQ In: 20.10 16:01:17,922|DLQ In: 20.10 16:01:17,938|C In:20.10 16:01:43,532|
3-client@SALLY.informatik.haw-hamburg.de-<0.38.0>-Gruppe1-2 48te_Nachricht. COut: 20.10 16:01:17,916| HBQ In: 20.10 16:01:17,954|DLQ In: 20.10 16:01:17,954|C In:20.10 16:01:43,547|
2-client@SALLY.informatik.haw-hamburg.de-<0.38.0>-Gruppe1-2 49te_Nachricht. COut: 20.10 16:01:17,916| HBQ In: 20.10 16:01:17,938|DLQ In: 20.10 16:01:17,954|C In:20.10 16:01:43,563|
1-client@SALLY.informatik.haw-hamburg.de-<0.38.0>-Gruppe1-2 50te_Nachricht. COut: 20.10 16:01:17,915| HBQ In: 20.10 16:01:17,938|DLQ In: 20.10 16:01:17,954|C In:20.10 16:01:43,563|
..getmessages..Done..
Neuer Sendeintervall: 5 Sekunden (4)
3-client@SALLY.informatik.haw-hamburg.de-<0.38.0>-Gruppe1-2: 112te_Nachricht. C Out: 20.10 16:01:48,585| gesendet
3-client@SALLY.informatik.haw-hamburg.de-<0.38.0>-Gruppe1-2: 122te_Nachricht. C Out: 20.10 16:01:53,593| gesendet
3-client@SALLY.informatik.haw-hamburg.de-<0.38.0>-Gruppe1-2: 134te_Nachricht. C Out: 20.10 16:01:58,602| gesendet
3-client@SALLY.informatik.haw-hamburg.de-<0.38.0>-Gruppe1-2: 146te_Nachricht. C Out: 20.10 16:02:03,609| gesendet
3-client@SALLY.informatik.haw-hamburg.de-<0.38.0>-Gruppe1-2: 158te_Nachricht. C Out: 20.10 16:02:08,617| gesendet
166te Nachricht um 20.10 16:02:08,632| vergessen zu senden
9-client@SALLY.informatik.haw-hamburg.de-<0.38.0>-Gruppe1-2 2te_Nachricht. COut: 20.10 16:00:57,855| HBQ In: 20.10 16:00:57,860|DLQ In: 20.10 16:00:57,860|C In:20.10 16:02:08,648|
8-client@SALLY.informatik.haw-hamburg.de-<0.38.0>-Gruppe1-2 3te_Nachricht. COut: 20.10 16:00:57,855| HBQ In: 20.10 16:00:57,859|DLQ In: 20.10 16:00:57,860|C In:20.10 16:02:08,664|
7-client@SALLY.informatik.haw-hamburg.de-<0.38.0>-Gruppe1-2 4te_Nachricht. COut: 20.10 16:00:57,855| HBQ In: 20.10 16:00:57,845|DLQ In: 20.10 16:00:57,860|C In:20.10 16:02:08,679|
6-client@SALLY.informatik.haw-hamburg.de-<0.38.0>-Gruppe1-2 5te_Nachricht. COut: 20.10 16:00:57,855| HBQ In: 20.10 16:00:57,845|DLQ In: 20.10 16:00:57,860|C In:20.10 16:02:08,695|
5-client@SALLY.informatik.haw-hamburg.de-<0.38.0>-Gruppe1-2 6te_Nachricht. COut: 20.10 16:00:57,870| HBQ In: 20.10 16:00:57,876|DLQ In: 20.10 16:00:57,876|C In:20.10 16:02:08,710|
4-client@SALLY.informatik.haw-hamburg.de-<0.38.0>-Gruppe1-2 7te_Nachricht. COut: 20.10 16:00:57,870| HBQ In: 20.10 16:00:57,875|DLQ In: 20.10 16:00:57,876|C In:20.10 16:02:08,726|
3-client@SALLY.informatik.haw-hamburg.de-<0.38.0>-Gruppe1-2 8te_Nachricht. COut: 20.10 16:00:57,886| HBQ In: 20.10 16:00:57,892|DLQ In: 20.10 16:00:57,892|C In:20.10 16:02:08,726|
2-client@SALLY.informatik.haw-hamburg.de-<0.38.0>-Gruppe1-2 9te_Nachricht. COut: 20.10 16:00:57,886| HBQ In: 20.10 16:00:57,891|DLQ In: 20.10 16:00:57,892|C In:20.10 16:02:08,742|
1-client@SALLY.informatik.haw-hamburg.de-<0.38.0>-Gruppe1-2 10te_Nachricht. COut: 20.10 16:00:57,886| HBQ In: 20.10 16:00:57,876|DLQ In: 20.10 16:00:57,892|C In:20.10 16:02:08,757|
6-client@SALLY.informatik.haw-hamburg.de-<0.38.0>-Gruppe1-2 11te_Nachricht. COut: 20.10 16:01:02,862| HBQ In: 20.10 16:01:02,883|DLQ In: 20.10 16:01:02,884|C In:20.10 16:02:08,773|
7-client@SALLY.informatik.haw-hamburg.de-<0.38.0>-Gruppe1-2 12te_Nachricht. COut: 20.10 16:01:02,862| HBQ In: 20.10 16:01:02,868|DLQ In: 20.10 16:01:02,884|C In:20.10 16:02:08,788|
8-client@SALLY.informatik.haw-hamburg.de-<0.38.0>-Gruppe1-2 13te_Nachricht. COut: 20.10 16:01:02,862| HBQ In: 20.10 16:01:02,867|DLQ In: 20.10 16:01:02,884|C In:20.10 16:02:08,804|
9-client@SALLY.informatik.haw-hamburg.de-<0.38.0>-Gruppe1-2 14te_Nachricht. COut: 20.10 16:01:02,862| HBQ In: 20.10 16:01:02,852|DLQ In: 20.10 16:01:02,884|C In:20.10 16:02:08,820|
10-client@SALLY.informatik.haw-hamburg.de-<0.38.0>-Gruppe1-2 15te_Nachricht. COut: 20.10 16:01:02,862| HBQ In: 20.10 16:01:02,851|DLQ In: 20.10 16:01:02,884|C In:20.10 16:02:08,835|
4-client@SALLY.informatik.haw-hamburg.de-<0.38.0>-Gruppe1-2 16te_Nachricht. COut: 20.10 16:01:02,878| HBQ In: 20.10 16:01:02,899|DLQ In: 20.10 16:01:02,899|C In:20.10 16:02:08,851|
5-client@SALLY.informatik.haw-hamburg.de-<0.38.0>-Gruppe1-2 17te_Nachricht. COut: 20.10 16:01:02,878| HBQ In: 20.10 16:01:02,884|DLQ In: 20.10 16:01:02,899|C In:20.10 16:02:08,851|
1-client@SALLY.informatik.haw-hamburg.de-<0.38.0>-Gruppe1-2 18te_Nachricht. COut: 20.10 16:01:02,894| HBQ In: 20.10 16:01:02,915|DLQ In: 20.10 16:01:02,915|C In:20.10 16:02:08,866|
2-client@SALLY.informatik.haw-hamburg.de-<0.38.0>-Gruppe1-2 19te_Nachricht. COut: 20.10 16:01:02,894| HBQ In: 20.10 16:01:02,899|DLQ In: 20.10 16:01:02,915|C In:20.10 16:02:08,882|
3-client@SALLY.informatik.haw-hamburg.de-<0.38.0>-Gruppe1-2 20te_Nachricht. COut: 20.10 16:01:02,894| HBQ In: 20.10 16:01:02,899|DLQ In: 20.10 16:01:02,915|C In:20.10 16:02:08,898|
10-client@SALLY.informatik.haw-hamburg.de-<0.38.0>-Gruppe1-2 21te_Nachricht. COut: 20.10 16:01:07,870| HBQ In: 20.10 16:01:07,891|DLQ In: 20.10 16:01:07,891|C In:20.10 16:02:08,913|
9-client@SALLY.informatik.haw-hamburg.de-<0.38.0>-Gruppe1-2 22te_Nachricht. COut: 20.10 16:01:07,870| HBQ In: 20.10 16:01:07,876|DLQ In: 20.10 16:01:07,891|C In:20.10 16:02:08,929|
8-client@SALLY.informatik.haw-hamburg.de-<0.38.0>-Gruppe1-2 23te_Nachricht. COut: 20.10 16:01:07,870| HBQ In: 20.10 16:01:07,875|DLQ In: 20.10 16:01:07,891|C In:20.10 16:02:08,944|
7-client@SALLY.informatik.haw-hamburg.de-<0.38.0>-Gruppe1-2 24te_Nachricht. COut: 20.10 16:01:07,870| HBQ In: 20.10 16:01:07,860|DLQ In: 20.10 16:01:07,891|C In:20.10 16:02:08,960|
6-client@SALLY.informatik.haw-hamburg.de-<0.38.0>-Gruppe1-2 25te_Nachricht. COut: 20.10 16:01:07,870| HBQ In: 20.10 16:01:07,859|DLQ In: 20.10 16:01:07,891|C In:20.10 16:02:08,976|
5-client@SALLY.informatik.haw-hamburg.de-<0.38.0>-Gruppe1-2 26te_Nachricht. COut: 20.10 16:01:07,886| HBQ In: 20.10 16:01:07,907|DLQ In: 20.10 16:01:07,907|C In:20.10 16:02:08,991|
4-client@SALLY.informatik.haw-hamburg.de-<0.38.0>-Gruppe1-2 27te_Nachricht. COut: 20.10 16:01:07,886| HBQ In: 20.10 16:01:07,907|DLQ In: 20.10 16:01:07,907|C In:20.10 16:02:09,007|
3-client@SALLY.informatik.haw-hamburg.de-<0.38.0>-Gruppe1-2 28te_Nachricht. COut: 20.10 16:01:07,901| HBQ In: 20.10 16:01:07,922|DLQ In: 20.10 16:01:07,922|C In:20.10 16:02:09,022|
2-client@SALLY.informatik.haw-hamburg.de-<0.38.0>-Gruppe1-2 29te_Nachricht. COut: 20.10 16:01:07,901| HBQ In: 20.10 16:01:07,922|DLQ In: 20.10 16:01:07,922|C In:20.10 16:02:09,038|
1-client@SALLY.informatik.haw-hamburg.de-<0.38.0>-Gruppe1-2 30te_Nachricht. COut: 20.10 16:01:07,901| HBQ In: 20.10 16:01:07,922|DLQ In: 20.10 16:01:07,922|C In:20.10 16:02:09,038|
6-client@SALLY.informatik.haw-hamburg.de-<0.38.0>-Gruppe1-2 31te_Nachricht. COut: 20.10 16:01:12,878| HBQ In: 20.10 16:01:12,915|DLQ In: 20.10 16:01:12,915|C In:20.10 16:02:09,054|
7-client@SALLY.informatik.haw-hamburg.de-<0.38.0>-Gruppe1-2 32te_Nachricht. COut: 20.10 16:01:12,878| HBQ In: 20.10 16:01:12,899|DLQ In: 20.10 16:01:12,915|C In:20.10 16:02:09,069|
8-client@SALLY.informatik.haw-hamburg.de-<0.38.0>-Gruppe1-2 33te_Nachricht. COut: 20.10 16:01:12,878| HBQ In: 20.10 16:01:12,899|DLQ In: 20.10 16:01:12,915|C In:20.10 16:02:09,085|
9-client@SALLY.informatik.haw-hamburg.de-<0.38.0>-Gruppe1-2 34te_Nachricht. COut: 20.10 16:01:12,878| HBQ In: 20.10 16:01:12,884|DLQ In: 20.10 16:01:12,915|C In:20.10 16:02:09,100|
10-client@SALLY.informatik.haw-hamburg.de-<0.38.0>-Gruppe1-2 35te_Nachricht. COut: 20.10 16:01:12,878| HBQ In: 20.10 16:01:12,883|DLQ In: 20.10 16:01:12,915|C In:20.10 16:02:09,116|
4-client@SALLY.informatik.haw-hamburg.de-<0.38.0>-Gruppe1-2 36te_Nachricht. COut: 20.10 16:01:12,893| HBQ In: 20.10 16:01:12,930|DLQ In: 20.10 16:01:12,930|C In:20.10 16:02:09,132|
5-client@SALLY.informatik.haw-hamburg.de-<0.38.0>-Gruppe1-2 37te_Nachricht. COut: 20.10 16:01:12,893| HBQ In: 20.10 16:01:12,915|DLQ In: 20.10 16:01:12,930|C In:20.10 16:02:09,147|
1-client@SALLY.informatik.haw-hamburg.de-<0.38.0>-Gruppe1-2 38te_Nachricht. COut: 20.10 16:01:12,909| HBQ In: 20.10 16:01:12,946|DLQ In: 20.10 16:01:12,946|C In:20.10 16:02:09,147|
2-client@SALLY.informatik.haw-hamburg.de-<0.38.0>-Gruppe1-2 39te_Nachricht. COut: 20.10 16:01:12,909| HBQ In: 20.10 16:01:12,946|DLQ In: 20.10 16:01:12,946|C In:20.10 16:02:09,178|
3-client@SALLY.informatik.haw-hamburg.de-<0.38.0>-Gruppe1-2 40te_Nachricht. COut: 20.10 16:01:12,909| HBQ In: 20.10 16:01:12,930|DLQ In: 20.10 16:01:12,946|C In:20.10 16:02:09,194|
10-client@SALLY.informatik.haw-hamburg.de-<0.38.0>-Gruppe1-2 41te_Nachricht. COut: 20.10 16:01:17,885| HBQ In: 20.10 16:01:17,922|DLQ In: 20.10 16:01:17,922|C In:20.10 16:02:09,210|
9-client@SALLY.informatik.haw-hamburg.de-<0.38.0>-Gruppe1-2 42te_Nachricht. COut: 20.10 16:01:17,885| HBQ In: 20.10 16:01:17,907|DLQ In: 20.10 16:01:17,922|C In:20.10 16:02:09,210|
8-client@SALLY.informatik.haw-hamburg.de-<0.38.0>-Gruppe1-2 43te_Nachricht. COut: 20.10 16:01:17,885| HBQ In: 20.10 16:01:17,907|DLQ In: 20.10 16:01:17,922|C In:20.10 16:02:09,225|
7-client@SALLY.informatik.haw-hamburg.de-<0.38.0>-Gruppe1-2 44te_Nachricht. COut: 20.10 16:01:17,885| HBQ In: 20.10 16:01:17,891|DLQ In: 20.10 16:01:17,922|C In:20.10 16:02:09,241|
6-client@SALLY.informatik.haw-hamburg.de-<0.38.0>-Gruppe1-2 45te_Nachricht. COut: 20.10 16:01:17,885| HBQ In: 20.10 16:01:17,891|DLQ In: 20.10 16:01:17,922|C In:20.10 16:02:09,256|
5-client@SALLY.informatik.haw-hamburg.de-<0.38.0>-Gruppe1-2 46te_Nachricht. COut: 20.10 16:01:17,901| HBQ In: 20.10 16:01:17,937|DLQ In: 20.10 16:01:17,938|C In:20.10 16:02:09,272|
4-client@SALLY.informatik.haw-hamburg.de-<0.38.0>-Gruppe1-2 47te_Nachricht. COut: 20.10 16:01:17,901| HBQ In: 20.10 16:01:17,922|DLQ In: 20.10 16:01:17,938|C In:20.10 16:02:09,288|
3-client@SALLY.informatik.haw-hamburg.de-<0.38.0>-Gruppe1-2 48te_Nachricht. COut: 20.10 16:01:17,916| HBQ In: 20.10 16:01:17,954|DLQ In: 20.10 16:01:17,954|C In:20.10 16:02:09,303|
2-client@SALLY.informatik.haw-hamburg.de-<0.38.0>-Gruppe1-2 49te_Nachricht. COut: 20.10 16:01:17,916| HBQ In: 20.10 16:01:17,938|DLQ In: 20.10 16:01:17,954|C In:20.10 16:02:09,319|
1-client@SALLY.informatik.haw-hamburg.de-<0.38.0>-Gruppe1-2 50te_Nachricht. COut: 20.10 16:01:17,915| HBQ In: 20.10 16:01:17,938|DLQ In: 20.10 16:01:17,954|C In:20.10 16:02:09,334|
***Fehlernachricht fuer Nachrichten 51 bis 60 um 20.10 16:01:51,853| 60te_Nachricht. COut:  HBQ In: DLQ In: 20.10 16:01:51,853|C In:20.10 16:02:09,334|
6-client@SALLY.informatik.haw-hamburg.de-<0.38.0>-Gruppe1-2 61te_Nachricht. COut: 20.10 16:01:25,810| HBQ In: 20.10 16:01:25,815|DLQ In: 20.10 16:01:51,853|C In:20.10 16:02:09,350|
7-client@SALLY.informatik.haw-hamburg.de-<0.38.0>-Gruppe1-2 62te_Nachricht. COut: 20.10 16:01:27,823| HBQ In: 20.10 16:01:27,829|DLQ In: 20.10 16:01:51,853|C In:20.10 16:02:09,366|
8-client@SALLY.informatik.haw-hamburg.de-<0.38.0>-Gruppe1-2 63te_Nachricht. COut: 20.10 16:01:27,838| HBQ In: 20.10 16:01:27,843|DLQ In: 20.10 16:01:51,853|C In:20.10 16:02:09,381|
9-client@SALLY.informatik.haw-hamburg.de-<0.38.0>-Gruppe1-2 64te_Nachricht. COut: 20.10 16:01:25,857| HBQ In: 20.10 16:01:25,863|DLQ In: 20.10 16:01:51,853|C In:20.10 16:02:09,397|
10-client@SALLY.informatik.haw-hamburg.de-<0.38.0>-Gruppe1-2 65te_Nachricht. COut: 20.10 16:01:25,873| HBQ In: 20.10 16:01:25,879|DLQ In: 20.10 16:01:51,853|C In:20.10 16:02:09,412|
4-client@SALLY.informatik.haw-hamburg.de-<0.38.0>-Gruppe1-2 66te_Nachricht. COut: 20.10 16:01:27,885| HBQ In: 20.10 16:01:27,891|DLQ In: 20.10 16:01:51,853|C In:20.10 16:02:09,428|
5-client@SALLY.informatik.haw-hamburg.de-<0.38.0>-Gruppe1-2 67te_Nachricht. COut: 20.10 16:01:27,901| HBQ In: 20.10 16:01:27,907|DLQ In: 20.10 16:01:51,853|C In:20.10 16:02:09,444|
1-client@SALLY.informatik.haw-hamburg.de-<0.38.0>-Gruppe1-2 68te_Nachricht. COut: 20.10 16:01:27,901| HBQ In: 20.10 16:01:27,907|DLQ In: 20.10 16:01:51,853|C In:20.10 16:02:09,459|
2-client@SALLY.informatik.haw-hamburg.de-<0.38.0>-Gruppe1-2 69te_Nachricht. COut: 20.10 16:01:27,915| HBQ In: 20.10 16:01:27,922|DLQ In: 20.10 16:01:51,853|C In:20.10 16:02:09,459|
3-client@SALLY.informatik.haw-hamburg.de-<0.38.0>-Gruppe1-2 70te_Nachricht. COut: 20.10 16:01:25,919| HBQ In: 20.10 16:01:25,925|DLQ In: 20.10 16:01:51,853|C In:20.10 16:02:09,475|
6-client@SALLY.informatik.haw-hamburg.de-<0.38.0>-Gruppe1-2 71te_Nachricht. COut: 20.10 16:01:29,819| HBQ In: 20.10 16:01:29,825|DLQ In: 20.10 16:01:51,853|C In:20.10 16:02:09,490|
9-client@SALLY.informatik.haw-hamburg.de-<0.38.0>-Gruppe1-2 72te_Nachricht. COut: 20.10 16:01:29,866| HBQ In: 20.10 16:01:29,871|DLQ In: 20.10 16:01:51,853|C In:20.10 16:02:09,506|
10-client@SALLY.informatik.haw-hamburg.de-<0.38.0>-Gruppe1-2 73te_Nachricht. COut: 20.10 16:01:29,882| HBQ In: 20.10 16:01:29,887|DLQ In: 20.10 16:01:51,853|C In:20.10 16:02:09,522|
3-client@SALLY.informatik.haw-hamburg.de-<0.38.0>-Gruppe1-2 74te_Nachricht. COut: 20.10 16:01:29,929| HBQ In: 20.10 16:01:29,935|DLQ In: 20.10 16:01:51,853|C In:20.10 16:02:09,537|
7-client@SALLY.informatik.haw-hamburg.de-<0.38.0>-Gruppe1-2 75te_Nachricht. COut: 20.10 16:01:33,829| HBQ In: 20.10 16:01:33,835|DLQ In: 20.10 16:01:51,853|C In:20.10 16:02:09,553|
8-client@SALLY.informatik.haw-hamburg.de-<0.38.0>-Gruppe1-2 76te_Nachricht. COut: 20.10 16:01:33,843| HBQ In: 20.10 16:01:33,850|DLQ In: 20.10 16:01:51,853|C In:20.10 16:02:09,584|
4-client@SALLY.informatik.haw-hamburg.de-<0.38.0>-Gruppe1-2 77te_Nachricht. COut: 20.10 16:01:33,891| HBQ In: 20.10 16:01:33,897|DLQ In: 20.10 16:01:51,853|C In:20.10 16:02:09,600|
1-client@SALLY.informatik.haw-hamburg.de-<0.38.0>-Gruppe1-2 78te_Nachricht. COut: 20.10 16:01:33,907| HBQ In: 20.10 16:01:33,913|DLQ In: 20.10 16:01:51,853|C In:20.10 16:02:09,615|
5-client@SALLY.informatik.haw-hamburg.de-<0.38.0>-Gruppe1-2 79te_Nachricht. COut: 20.10 16:01:33,907| HBQ In: 20.10 16:01:33,913|DLQ In: 20.10 16:01:51,853|C In:20.10 16:02:09,631|
2-client@SALLY.informatik.haw-hamburg.de-<0.38.0>-Gruppe1-2 80te_Nachricht. COut: 20.10 16:01:33,922| HBQ In: 20.10 16:01:33,927|DLQ In: 20.10 16:01:51,853|C In:20.10 16:02:09,646|
6-client@SALLY.informatik.haw-hamburg.de-<0.38.0>-Gruppe1-2 81te_Nachricht. COut: 20.10 16:01:33,829| HBQ In: 20.10 16:01:33,835|DLQ In: 20.10 16:01:51,853|C In:20.10 16:02:09,646|
9-client@SALLY.informatik.haw-hamburg.de-<0.38.0>-Gruppe1-2 82te_Nachricht. COut: 20.10 16:01:33,875| HBQ In: 20.10 16:01:33,881|DLQ In: 20.10 16:01:51,853|C In:20.10 16:02:09,662|
10-client@SALLY.informatik.haw-hamburg.de-<0.38.0>-Gruppe1-2 83te_Nachricht. COut: 20.10 16:01:33,891| HBQ In: 20.10 16:01:33,897|DLQ In: 20.10 16:01:51,853|C In:20.10 16:02:09,678|
3-client@SALLY.informatik.haw-hamburg.de-<0.38.0>-Gruppe1-2 84te_Nachricht. COut: 20.10 16:01:33,937| HBQ In: 20.10 16:01:33,944|DLQ In: 20.10 16:01:51,853|C In:20.10 16:02:09,693|
6-client@SALLY.informatik.haw-hamburg.de-<0.38.0>-Gruppe1-2 85te_Nachricht. COut: 20.10 16:01:37,838| HBQ In: 20.10 16:01:37,843|DLQ In: 20.10 16:01:51,853|C In:20.10 16:02:09,709|
7-client@SALLY.informatik.haw-hamburg.de-<0.38.0>-Gruppe1-2 86te_Nachricht. COut: 20.10 16:01:39,835| HBQ In: 20.10 16:01:39,841|DLQ In: 20.10 16:01:51,853|C In:20.10 16:02:09,724|
8-client@SALLY.informatik.haw-hamburg.de-<0.38.0>-Gruppe1-2 87te_Nachricht. COut: 20.10 16:01:39,850| HBQ In: 20.10 16:01:39,855|DLQ In: 20.10 16:01:51,853|C In:20.10 16:02:09,740|
9-client@SALLY.informatik.haw-hamburg.de-<0.38.0>-Gruppe1-2 88te_Nachricht. COut: 20.10 16:01:37,885| HBQ In: 20.10 16:01:37,891|DLQ In: 20.10 16:01:51,853|C In:20.10 16:02:09,756|
10-client@SALLY.informatik.haw-hamburg.de-<0.38.0>-Gruppe1-2 89te_Nachricht. COut: 20.10 16:01:37,899| HBQ In: 20.10 16:01:37,906|DLQ In: 20.10 16:01:51,853|C In:20.10 16:02:09,771|
4-client@SALLY.informatik.haw-hamburg.de-<0.38.0>-Gruppe1-2 90te_Nachricht. COut: 20.10 16:01:39,897| HBQ In: 20.10 16:01:39,950|DLQ In: 20.10 16:01:51,853|C In:20.10 16:02:09,787|
5-client@SALLY.informatik.haw-hamburg.de-<0.38.0>-Gruppe1-2 91te_Nachricht. COut: 20.10 16:01:39,913| HBQ In: 20.10 16:01:39,980|DLQ In: 20.10 16:01:51,853|C In:20.10 16:02:09,787|
1-client@SALLY.informatik.haw-hamburg.de-<0.38.0>-Gruppe1-2 92te_Nachricht. COut: 20.10 16:01:39,913| HBQ In: 20.10 16:01:39,964|DLQ In: 20.10 16:01:51,853|C In:20.10 16:02:09,802|
2-client@SALLY.informatik.haw-hamburg.de-<0.38.0>-Gruppe1-2 93te_Nachricht. COut: 20.10 16:01:39,927| HBQ In: 20.10 16:01:39,981|DLQ In: 20.10 16:01:51,853|C In:20.10 16:02:09,818|
3-client@SALLY.informatik.haw-hamburg.de-<0.38.0>-Gruppe1-2 94te_Nachricht. COut: 20.10 16:01:37,947| HBQ In: 20.10 16:01:37,952|DLQ In: 20.10 16:01:51,853|C In:20.10 16:02:09,834|
6-client@SALLY.informatik.haw-hamburg.de-<0.38.0>-Gruppe1-2 95te_Nachricht. COut: 20.10 16:01:41,847| HBQ In: 20.10 16:01:41,853|DLQ In: 20.10 16:01:51,853|C In:20.10 16:02:09,849|
9-client@SALLY.informatik.haw-hamburg.de-<0.38.0>-Gruppe1-2 96te_Nachricht. COut: 20.10 16:01:41,894| HBQ In: 20.10 16:01:41,931|DLQ In: 20.10 16:01:51,853|C In:20.10 16:02:09,865|
10-client@SALLY.informatik.haw-hamburg.de-<0.38.0>-Gruppe1-2 97te_Nachricht. COut: 20.10 16:01:41,909| HBQ In: 20.10 16:01:41,931|DLQ In: 20.10 16:01:51,853|C In:20.10 16:02:09,880|
3-client@SALLY.informatik.haw-hamburg.de-<0.38.0>-Gruppe1-2 98te_Nachricht. COut: 20.10 16:01:41,956| HBQ In: 20.10 16:01:41,992|DLQ In: 20.10 16:01:51,853|C In:20.10 16:02:09,896|
7-client@SALLY.informatik.haw-hamburg.de-<0.38.0>-Gruppe1-2 99te_Nachricht. COut: 20.10 16:01:45,841| HBQ In: 20.10 16:01:45,847|DLQ In: 20.10 16:01:51,853|C In:20.10 16:02:09,912|
8-client@SALLY.informatik.haw-hamburg.de-<0.38.0>-Gruppe1-2 100te_Nachricht. COut: 20.10 16:01:45,855| HBQ In: 20.10 16:01:45,862|DLQ In: 20.10 16:01:51,853|C In:20.10 16:02:09,912|
4-client@SALLY.informatik.haw-hamburg.de-<0.38.0>-Gruppe1-2 101te_Nachricht. COut: 20.10 16:01:45,903| HBQ In: 20.10 16:01:45,909|DLQ In: 20.10 16:01:51,853|C In:20.10 16:02:09,927|
1-client@SALLY.informatik.haw-hamburg.de-<0.38.0>-Gruppe1-2 102te_Nachricht. COut: 20.10 16:01:45,919| HBQ In: 20.10 16:01:45,925|DLQ In: 20.10 16:01:51,853|C In:20.10 16:02:09,927|
5-client@SALLY.informatik.haw-hamburg.de-<0.38.0>-Gruppe1-2 103te_Nachricht. COut: 20.10 16:01:45,919| HBQ In: 20.10 16:01:45,925|DLQ In: 20.10 16:01:51,853|C In:20.10 16:02:09,943|
2-client@SALLY.informatik.haw-hamburg.de-<0.38.0>-Gruppe1-2 104te_Nachricht. COut: 20.10 16:01:45,934| HBQ In: 20.10 16:01:45,939|DLQ In: 20.10 16:01:51,853|C In:20.10 16:02:09,943|
..getmessages..Done..
Neuer Sendeintervall: 6 Sekunden (5)
3-client@SALLY.informatik.haw-hamburg.de-<0.38.0>-Gruppe1-2: 169te_Nachricht. C Out: 20.10 16:02:15,964| gesendet
3-client@SALLY.informatik.haw-hamburg.de-<0.38.0>-Gruppe1-2: 183te_Nachricht. C Out: 20.10 16:02:21,970| gesendet
3-client@SALLY.informatik.haw-hamburg.de-<0.38.0>-Gruppe1-2: 198te_Nachricht. C Out: 20.10 16:02:27,976| gesendet
3-client@SALLY.informatik.haw-hamburg.de-<0.38.0>-Gruppe1-2: 210te_Nachricht. C Out: 20.10 16:02:33,983| gesendet
3-client@SALLY.informatik.haw-hamburg.de-<0.38.0>-Gruppe1-2: 224te_Nachricht. C Out: 20.10 16:02:39,988| gesendet
235te Nachricht um 20.10 16:02:39,989| vergessen zu senden
5-client@SALLY.informatik.haw-hamburg.de-<0.38.0>-Gruppe1-2 46te_Nachricht. COut: 20.10 16:01:17,901| HBQ In: 20.10 16:01:17,937|DLQ In: 20.10 16:01:17,938|C In:20.10 16:02:40,035|
4-client@SALLY.informatik.haw-hamburg.de-<0.38.0>-Gruppe1-2 47te_Nachricht. COut: 20.10 16:01:17,901| HBQ In: 20.10 16:01:17,922|DLQ In: 20.10 16:01:17,938|C In:20.10 16:02:40,035|
3-client@SALLY.informatik.haw-hamburg.de-<0.38.0>-Gruppe1-2 48te_Nachricht. COut: 20.10 16:01:17,916| HBQ In: 20.10 16:01:17,954|DLQ In: 20.10 16:01:17,954|C In:20.10 16:02:40,051|
2-client@SALLY.informatik.haw-hamburg.de-<0.38.0>-Gruppe1-2 49te_Nachricht. COut: 20.10 16:01:17,916| HBQ In: 20.10 16:01:17,938|DLQ In: 20.10 16:01:17,954|C In:20.10 16:02:40,051|
1-client@SALLY.informatik.haw-hamburg.de-<0.38.0>-Gruppe1-2 50te_Nachricht. COut: 20.10 16:01:17,915| HBQ In: 20.10 16:01:17,938|DLQ In: 20.10 16:01:17,954|C In:20.10 16:02:40,051|
***Fehlernachricht fuer Nachrichten 51 bis 60 um 20.10 16:01:51,853| 60te_Nachricht. COut:  HBQ In: DLQ In: 20.10 16:01:51,853|C In:20.10 16:02:40,067|
6-client@SALLY.informatik.haw-hamburg.de-<0.38.0>-Gruppe1-2 61te_Nachricht. COut: 20.10 16:01:25,810| HBQ In: 20.10 16:01:25,815|DLQ In: 20.10 16:01:51,853|C In:20.10 16:02:40,082|
7-client@SALLY.informatik.haw-hamburg.de-<0.38.0>-Gruppe1-2 62te_Nachricht. COut: 20.10 16:01:27,823| HBQ In: 20.10 16:01:27,829|DLQ In: 20.10 16:01:51,853|C In:20.10 16:02:40,082|
8-client@SALLY.informatik.haw-hamburg.de-<0.38.0>-Gruppe1-2 63te_Nachricht. COut: 20.10 16:01:27,838| HBQ In: 20.10 16:01:27,843|DLQ In: 20.10 16:01:51,853|C In:20.10 16:02:40,098|
9-client@SALLY.informatik.haw-hamburg.de-<0.38.0>-Gruppe1-2 64te_Nachricht. COut: 20.10 16:01:25,857| HBQ In: 20.10 16:01:25,863|DLQ In: 20.10 16:01:51,853|C In:20.10 16:02:40,098|
10-client@SALLY.informatik.haw-hamburg.de-<0.38.0>-Gruppe1-2 65te_Nachricht. COut: 20.10 16:01:25,873| HBQ In: 20.10 16:01:25,879|DLQ In: 20.10 16:01:51,853|C In:20.10 16:02:40,098|
4-client@SALLY.informatik.haw-hamburg.de-<0.38.0>-Gruppe1-2 66te_Nachricht. COut: 20.10 16:01:27,885| HBQ In: 20.10 16:01:27,891|DLQ In: 20.10 16:01:51,853|C In:20.10 16:02:40,113|
5-client@SALLY.informatik.haw-hamburg.de-<0.38.0>-Gruppe1-2 67te_Nachricht. COut: 20.10 16:01:27,901| HBQ In: 20.10 16:01:27,907|DLQ In: 20.10 16:01:51,853|C In:20.10 16:02:40,113|
1-client@SALLY.informatik.haw-hamburg.de-<0.38.0>-Gruppe1-2 68te_Nachricht. COut: 20.10 16:01:27,901| HBQ In: 20.10 16:01:27,907|DLQ In: 20.10 16:01:51,853|C In:20.10 16:02:40,129|
2-client@SALLY.informatik.haw-hamburg.de-<0.38.0>-Gruppe1-2 69te_Nachricht. COut: 20.10 16:01:27,915| HBQ In: 20.10 16:01:27,922|DLQ In: 20.10 16:01:51,853|C In:20.10 16:02:40,129|
3-client@SALLY.informatik.haw-hamburg.de-<0.38.0>-Gruppe1-2 70te_Nachricht. COut: 20.10 16:01:25,919| HBQ In: 20.10 16:01:25,925|DLQ In: 20.10 16:01:51,853|C In:20.10 16:02:40,145|
6-client@SALLY.informatik.haw-hamburg.de-<0.38.0>-Gruppe1-2 71te_Nachricht. COut: 20.10 16:01:29,819| HBQ In: 20.10 16:01:29,825|DLQ In: 20.10 16:01:51,853|C In:20.10 16:02:40,145|
9-client@SALLY.informatik.haw-hamburg.de-<0.38.0>-Gruppe1-2 72te_Nachricht. COut: 20.10 16:01:29,866| HBQ In: 20.10 16:01:29,871|DLQ In: 20.10 16:01:51,853|C In:20.10 16:02:40,160|
10-client@SALLY.informatik.haw-hamburg.de-<0.38.0>-Gruppe1-2 73te_Nachricht. COut: 20.10 16:01:29,882| HBQ In: 20.10 16:01:29,887|DLQ In: 20.10 16:01:51,853|C In:20.10 16:02:40,160|
3-client@SALLY.informatik.haw-hamburg.de-<0.38.0>-Gruppe1-2 74te_Nachricht. COut: 20.10 16:01:29,929| HBQ In: 20.10 16:01:29,935|DLQ In: 20.10 16:01:51,853|C In:20.10 16:02:40,176|
7-client@SALLY.informatik.haw-hamburg.de-<0.38.0>-Gruppe1-2 75te_Nachricht. COut: 20.10 16:01:33,829| HBQ In: 20.10 16:01:33,835|DLQ In: 20.10 16:01:51,853|C In:20.10 16:02:40,176|
8-client@SALLY.informatik.haw-hamburg.de-<0.38.0>-Gruppe1-2 76te_Nachricht. COut: 20.10 16:01:33,843| HBQ In: 20.10 16:01:33,850|DLQ In: 20.10 16:01:51,853|C In:20.10 16:02:40,176|
4-client@SALLY.informatik.haw-hamburg.de-<0.38.0>-Gruppe1-2 77te_Nachricht. COut: 20.10 16:01:33,891| HBQ In: 20.10 16:01:33,897|DLQ In: 20.10 16:01:51,853|C In:20.10 16:02:40,191|
1-client@SALLY.informatik.haw-hamburg.de-<0.38.0>-Gruppe1-2 78te_Nachricht. COut: 20.10 16:01:33,907| HBQ In: 20.10 16:01:33,913|DLQ In: 20.10 16:01:51,853|C In:20.10 16:02:40,207|
5-client@SALLY.informatik.haw-hamburg.de-<0.38.0>-Gruppe1-2 79te_Nachricht. COut: 20.10 16:01:33,907| HBQ In: 20.10 16:01:33,913|DLQ In: 20.10 16:01:51,853|C In:20.10 16:02:40,207|
2-client@SALLY.informatik.haw-hamburg.de-<0.38.0>-Gruppe1-2 80te_Nachricht. COut: 20.10 16:01:33,922| HBQ In: 20.10 16:01:33,927|DLQ In: 20.10 16:01:51,853|C In:20.10 16:02:40,223|
6-client@SALLY.informatik.haw-hamburg.de-<0.38.0>-Gruppe1-2 81te_Nachricht. COut: 20.10 16:01:33,829| HBQ In: 20.10 16:01:33,835|DLQ In: 20.10 16:01:51,853|C In:20.10 16:02:40,238|
9-client@SALLY.informatik.haw-hamburg.de-<0.38.0>-Gruppe1-2 82te_Nachricht. COut: 20.10 16:01:33,875| HBQ In: 20.10 16:01:33,881|DLQ In: 20.10 16:01:51,853|C In:20.10 16:02:40,254|
10-client@SALLY.informatik.haw-hamburg.de-<0.38.0>-Gruppe1-2 83te_Nachricht. COut: 20.10 16:01:33,891| HBQ In: 20.10 16:01:33,897|DLQ In: 20.10 16:01:51,853|C In:20.10 16:02:40,254|
3-client@SALLY.informatik.haw-hamburg.de-<0.38.0>-Gruppe1-2 84te_Nachricht. COut: 20.10 16:01:33,937| HBQ In: 20.10 16:01:33,944|DLQ In: 20.10 16:01:51,853|C In:20.10 16:02:40,269|
6-client@SALLY.informatik.haw-hamburg.de-<0.38.0>-Gruppe1-2 85te_Nachricht. COut: 20.10 16:01:37,838| HBQ In: 20.10 16:01:37,843|DLQ In: 20.10 16:01:51,853|C In:20.10 16:02:40,269|
7-client@SALLY.informatik.haw-hamburg.de-<0.38.0>-Gruppe1-2 86te_Nachricht. COut: 20.10 16:01:39,835| HBQ In: 20.10 16:01:39,841|DLQ In: 20.10 16:01:51,853|C In:20.10 16:02:40,301|
8-client@SALLY.informatik.haw-hamburg.de-<0.38.0>-Gruppe1-2 87te_Nachricht. COut: 20.10 16:01:39,850| HBQ In: 20.10 16:01:39,855|DLQ In: 20.10 16:01:51,853|C In:20.10 16:02:40,301|
9-client@SALLY.informatik.haw-hamburg.de-<0.38.0>-Gruppe1-2 88te_Nachricht. COut: 20.10 16:01:37,885| HBQ In: 20.10 16:01:37,891|DLQ In: 20.10 16:01:51,853|C In:20.10 16:02:40,332|
10-client@SALLY.informatik.haw-hamburg.de-<0.38.0>-Gruppe1-2 89te_Nachricht. COut: 20.10 16:01:37,899| HBQ In: 20.10 16:01:37,906|DLQ In: 20.10 16:01:51,853|C In:20.10 16:02:40,332|
4-client@SALLY.informatik.haw-hamburg.de-<0.38.0>-Gruppe1-2 90te_Nachricht. COut: 20.10 16:01:39,897| HBQ In: 20.10 16:01:39,950|DLQ In: 20.10 16:01:51,853|C In:20.10 16:02:40,347|
5-client@SALLY.informatik.haw-hamburg.de-<0.38.0>-Gruppe1-2 91te_Nachricht. COut: 20.10 16:01:39,913| HBQ In: 20.10 16:01:39,980|DLQ In: 20.10 16:01:51,853|C In:20.10 16:02:40,347|
1-client@SALLY.informatik.haw-hamburg.de-<0.38.0>-Gruppe1-2 92te_Nachricht. COut: 20.10 16:01:39,913| HBQ In: 20.10 16:01:39,964|DLQ In: 20.10 16:01:51,853|C In:20.10 16:02:40,363|
2-client@SALLY.informatik.haw-hamburg.de-<0.38.0>-Gruppe1-2 93te_Nachricht. COut: 20.10 16:01:39,927| HBQ In: 20.10 16:01:39,981|DLQ In: 20.10 16:01:51,853|C In:20.10 16:02:40,363|
3-client@SALLY.informatik.haw-hamburg.de-<0.38.0>-Gruppe1-2 94te_Nachricht. COut: 20.10 16:01:37,947| HBQ In: 20.10 16:01:37,952|DLQ In: 20.10 16:01:51,853|C In:20.10 16:02:40,379|
6-client@SALLY.informatik.haw-hamburg.de-<0.38.0>-Gruppe1-2 95te_Nachricht. COut: 20.10 16:01:41,847| HBQ In: 20.10 16:01:41,853|DLQ In: 20.10 16:01:51,853|C In:20.10 16:02:40,379|
9-client@SALLY.informatik.haw-hamburg.de-<0.38.0>-Gruppe1-2 96te_Nachricht. COut: 20.10 16:01:41,894| HBQ In: 20.10 16:01:41,931|DLQ In: 20.10 16:01:51,853|C In:20.10 16:02:40,379|
10-client@SALLY.informatik.haw-hamburg.de-<0.38.0>-Gruppe1-2 97te_Nachricht. COut: 20.10 16:01:41,909| HBQ In: 20.10 16:01:41,931|DLQ In: 20.10 16:01:51,853|C In:20.10 16:02:40,394|
3-client@SALLY.informatik.haw-hamburg.de-<0.38.0>-Gruppe1-2 98te_Nachricht. COut: 20.10 16:01:41,956| HBQ In: 20.10 16:01:41,992|DLQ In: 20.10 16:01:51,853|C In:20.10 16:02:40,394|
7-client@SALLY.informatik.haw-hamburg.de-<0.38.0>-Gruppe1-2 99te_Nachricht. COut: 20.10 16:01:45,841| HBQ In: 20.10 16:01:45,847|DLQ In: 20.10 16:01:51,853|C In:20.10 16:02:40,410|
8-client@SALLY.informatik.haw-hamburg.de-<0.38.0>-Gruppe1-2 100te_Nachricht. COut: 20.10 16:01:45,855| HBQ In: 20.10 16:01:45,862|DLQ In: 20.10 16:01:51,853|C In:20.10 16:02:40,410|
4-client@SALLY.informatik.haw-hamburg.de-<0.38.0>-Gruppe1-2 101te_Nachricht. COut: 20.10 16:01:45,903| HBQ In: 20.10 16:01:45,909|DLQ In: 20.10 16:01:51,853|C In:20.10 16:02:40,425|
1-client@SALLY.informatik.haw-hamburg.de-<0.38.0>-Gruppe1-2 102te_Nachricht. COut: 20.10 16:01:45,919| HBQ In: 20.10 16:01:45,925|DLQ In: 20.10 16:01:51,853|C In:20.10 16:02:40,441|
5-client@SALLY.informatik.haw-hamburg.de-<0.38.0>-Gruppe1-2 103te_Nachricht. COut: 20.10 16:01:45,919| HBQ In: 20.10 16:01:45,925|DLQ In: 20.10 16:01:51,853|C In:20.10 16:02:40,441|
2-client@SALLY.informatik.haw-hamburg.de-<0.38.0>-Gruppe1-2 104te_Nachricht. COut: 20.10 16:01:45,934| HBQ In: 20.10 16:01:45,939|DLQ In: 20.10 16:01:51,853|C In:20.10 16:02:40,519|
***Fehlernachricht fuer Nachrichten 105 bis 108 um 20.10 16:02:15,003| 108te_Nachricht. COut:  HBQ In: DLQ In: 20.10 16:02:15,003|C In:20.10 16:02:40,550|
6-client@SALLY.informatik.haw-hamburg.de-<0.38.0>-Gruppe1-2 109te_Nachricht. COut: 20.10 16:01:48,508| HBQ In: 20.10 16:01:48,514|DLQ In: 20.10 16:02:15,003|C In:20.10 16:02:40,566|
9-client@SALLY.informatik.haw-hamburg.de-<0.38.0>-Gruppe1-2 110te_Nachricht. COut: 20.10 16:01:46,543| HBQ In: 20.10 16:01:46,548|DLQ In: 20.10 16:02:15,003|C In:20.10 16:02:40,581|
10-client@SALLY.informatik.haw-hamburg.de-<0.38.0>-Gruppe1-2 111te_Nachricht. COut: 20.10 16:01:46,558| HBQ In: 20.10 16:01:46,564|DLQ In: 20.10 16:02:15,003|C In:20.10 16:02:40,581|
3-client@SALLY.informatik.haw-hamburg.de-<0.38.0>-Gruppe1-2 112te_Nachricht. COut: 20.10 16:01:48,585| HBQ In: 20.10 16:01:48,592|DLQ In: 20.10 16:02:15,003|C In:20.10 16:02:40,597|
7-client@SALLY.informatik.haw-hamburg.de-<0.38.0>-Gruppe1-2 113te_Nachricht. COut: 20.10 16:01:51,847| HBQ In: 20.10 16:01:51,853|DLQ In: 20.10 16:02:15,003|C In:20.10 16:02:40,597|
8-client@SALLY.informatik.haw-hamburg.de-<0.38.0>-Gruppe1-2 114te_Nachricht. COut: 20.10 16:01:51,862| HBQ In: 20.10 16:01:51,867|DLQ In: 20.10 16:02:15,018|C In:20.10 16:02:40,613|
4-client@SALLY.informatik.haw-hamburg.de-<0.38.0>-Gruppe1-2 115te_Nachricht. COut: 20.10 16:01:51,909| HBQ In: 20.10 16:01:51,931|DLQ In: 20.10 16:02:15,034|C In:20.10 16:02:40,613|
5-client@SALLY.informatik.haw-hamburg.de-<0.38.0>-Gruppe1-2 116te_Nachricht. COut: 20.10 16:01:51,925| HBQ In: 20.10 16:01:51,962|DLQ In: 20.10 16:02:15,050|C In:20.10 16:02:40,675|
1-client@SALLY.informatik.haw-hamburg.de-<0.38.0>-Gruppe1-2 117te_Nachricht. COut: 20.10 16:01:51,925| HBQ In: 20.10 16:01:51,962|DLQ In: 20.10 16:02:15,050|C In:20.10 16:02:40,722|
2-client@SALLY.informatik.haw-hamburg.de-<0.38.0>-Gruppe1-2 118te_Nachricht. COut: 20.10 16:01:51,939| HBQ In: 20.10 16:01:51,976|DLQ In: 20.10 16:02:15,066|C In:20.10 16:02:40,722|
9-client@SALLY.informatik.haw-hamburg.de-<0.38.0>-Gruppe1-2 119te_Nachricht. COut: 20.10 16:01:49,552| HBQ In: 20.10 16:01:49,559|DLQ In: 20.10 16:02:15,066|C In:20.10 16:02:40,737|
10-client@SALLY.informatik.haw-hamburg.de-<0.38.0>-Gruppe1-2 120te_Nachricht. COut: 20.10 16:01:49,569| HBQ In: 20.10 16:01:49,575|DLQ In: 20.10 16:02:15,081|C In:20.10 16:02:40,753|
6-client@SALLY.informatik.haw-hamburg.de-<0.38.0>-Gruppe1-2 121te_Nachricht. COut: 20.10 16:01:53,516| HBQ In: 20.10 16:01:53,569|DLQ In: 20.10 16:02:15,081|C In:20.10 16:02:40,753|
3-client@SALLY.informatik.haw-hamburg.de-<0.38.0>-Gruppe1-2 122te_Nachricht. COut: 20.10 16:01:53,593| HBQ In: 20.10 16:01:53,647|DLQ In: 20.10 16:02:15,081|C In:20.10 16:02:40,769|
9-client@SALLY.informatik.haw-hamburg.de-<0.38.0>-Gruppe1-2 123te_Nachricht. COut: 20.10 16:01:52,564| HBQ In: 20.10 16:01:52,617|DLQ In: 20.10 16:02:15,097|C In:20.10 16:02:40,769|
10-client@SALLY.informatik.haw-hamburg.de-<0.38.0>-Gruppe1-2 124te_Nachricht. COut: 20.10 16:01:52,580| HBQ In: 20.10 16:01:52,633|DLQ In: 20.10 16:02:15,097|C In:20.10 16:02:40,769|
***Fehlernachricht fuer Nachrichten 125 bis 130 um 20.10 16:02:21,976| 130te_Nachricht. COut:  HBQ In: DLQ In: 20.10 16:02:21,976|C In:20.10 16:02:40,800|
9-client@SALLY.informatik.haw-hamburg.de-<0.38.0>-Gruppe1-2 131te_Nachricht. COut: 20.10 16:01:55,575| HBQ In: 20.10 16:01:55,628|DLQ In: 20.10 16:02:21,976|C In:20.10 16:02:40,815|
10-client@SALLY.informatik.haw-hamburg.de-<0.38.0>-Gruppe1-2 132te_Nachricht. COut: 20.10 16:01:55,591| HBQ In: 20.10 16:01:55,644|DLQ In: 20.10 16:02:21,992|C In:20.10 16:02:40,847|
6-client@SALLY.informatik.haw-hamburg.de-<0.38.0>-Gruppe1-2 133te_Nachricht. COut: 20.10 16:01:58,524| HBQ In: 20.10 16:01:58,530|DLQ In: 20.10 16:02:21,992|C In:20.10 16:02:40,862|
3-client@SALLY.informatik.haw-hamburg.de-<0.38.0>-Gruppe1-2 134te_Nachricht. COut: 20.10 16:01:58,602| HBQ In: 20.10 16:01:58,639|DLQ In: 20.10 16:02:22,008|C In:20.10 16:02:40,925|
9-client@SALLY.informatik.haw-hamburg.de-<0.38.0>-Gruppe1-2 135te_Nachricht. COut: 20.10 16:01:58,585| HBQ In: 20.10 16:01:58,592|DLQ In: 20.10 16:02:22,008|C In:20.10 16:02:40,956|
10-client@SALLY.informatik.haw-hamburg.de-<0.38.0>-Gruppe1-2 136te_Nachricht. COut: 20.10 16:01:58,601| HBQ In: 20.10 16:01:58,623|DLQ In: 20.10 16:02:22,008|C In:20.10 16:02:40,971|
7-client@SALLY.informatik.haw-hamburg.de-<0.38.0>-Gruppe1-2 137te_Nachricht. COut: 20.10 16:02:03,016| HBQ In: 20.10 16:02:03,022|DLQ In: 20.10 16:02:22,022|C In:20.10 16:02:40,971|
8-client@SALLY.informatik.haw-hamburg.de-<0.38.0>-Gruppe1-2 138te_Nachricht. COut: 20.10 16:02:01,034| HBQ In: 20.10 16:02:01,040|DLQ In: 20.10 16:02:22,023|C In:20.10 16:02:40,987|
4-client@SALLY.informatik.haw-hamburg.de-<0.38.0>-Gruppe1-2 139te_Nachricht. COut: 20.10 16:02:03,141| HBQ In: 20.10 16:02:03,147|DLQ In: 20.10 16:02:22,023|C In:20.10 16:02:40,987|
1-client@SALLY.informatik.haw-hamburg.de-<0.38.0>-Gruppe1-2 140te_Nachricht. COut: 20.10 16:02:03,157| HBQ In: 20.10 16:02:03,163|DLQ In: 20.10 16:02:22,038|C In:20.10 16:02:41,003|
5-client@SALLY.informatik.haw-hamburg.de-<0.38.0>-Gruppe1-2 141te_Nachricht. COut: 20.10 16:02:03,157| HBQ In: 20.10 16:02:03,163|DLQ In: 20.10 16:02:22,039|C In:20.10 16:02:41,003|
2-client@SALLY.informatik.haw-hamburg.de-<0.38.0>-Gruppe1-2 142te_Nachricht. COut: 20.10 16:02:03,171| HBQ In: 20.10 16:02:03,177|DLQ In: 20.10 16:02:22,054|C In:20.10 16:02:41,003|
6-client@SALLY.informatik.haw-hamburg.de-<0.38.0>-Gruppe1-2 143te_Nachricht. COut: 20.10 16:02:03,531| HBQ In: 20.10 16:02:03,536|DLQ In: 20.10 16:02:22,054|C In:20.10 16:02:41,018|
***Fehlernachricht fuer Nachrichten 144 bis 145 um 20.10 16:02:29,855| 145te_Nachricht. COut:  HBQ In: DLQ In: 20.10 16:02:29,855|C In:20.10 16:02:41,018|
3-client@SALLY.informatik.haw-hamburg.de-<0.38.0>-Gruppe1-2 146te_Nachricht. COut: 20.10 16:02:03,609| HBQ In: 20.10 16:02:03,615|DLQ In: 20.10 16:02:29,870|C In:20.10 16:02:41,049|
9-client@SALLY.informatik.haw-hamburg.de-<0.38.0>-Gruppe1-2 147te_Nachricht. COut: 20.10 16:02:02,548| HBQ In: 20.10 16:02:02,569|DLQ In: 20.10 16:02:29,870|C In:20.10 16:02:41,065|
10-client@SALLY.informatik.haw-hamburg.de-<0.38.0>-Gruppe1-2 148te_Nachricht. COut: 20.10 16:02:02,595| HBQ In: 20.10 16:02:02,601|DLQ In: 20.10 16:02:29,870|C In:20.10 16:02:41,065|
8-client@SALLY.informatik.haw-hamburg.de-<0.38.0>-Gruppe1-2 149te_Nachricht. COut: 20.10 16:02:06,042| HBQ In: 20.10 16:02:06,048|DLQ In: 20.10 16:02:29,886|C In:20.10 16:02:41,081|
9-client@SALLY.informatik.haw-hamburg.de-<0.38.0>-Gruppe1-2 150te_Nachricht. COut: 20.10 16:02:04,560| HBQ In: 20.10 16:02:04,566|DLQ In: 20.10 16:02:29,886|C In:20.10 16:02:41,081|
10-client@SALLY.informatik.haw-hamburg.de-<0.38.0>-Gruppe1-2 151te_Nachricht. COut: 20.10 16:02:04,608| HBQ In: 20.10 16:02:04,613|DLQ In: 20.10 16:02:29,886|C In:20.10 16:02:41,096|
7-client@SALLY.informatik.haw-hamburg.de-<0.38.0>-Gruppe1-2 152te_Nachricht. COut: 20.10 16:02:10,020| HBQ In: 20.10 16:02:10,026|DLQ In: 20.10 16:02:29,901|C In:20.10 16:02:41,096|
4-client@SALLY.informatik.haw-hamburg.de-<0.38.0>-Gruppe1-2 153te_Nachricht. COut: 20.10 16:02:10,145| HBQ In: 20.10 16:02:10,167|DLQ In: 20.10 16:02:29,901|C In:20.10 16:02:41,112|
5-client@SALLY.informatik.haw-hamburg.de-<0.38.0>-Gruppe1-2 154te_Nachricht. COut: 20.10 16:02:10,161| HBQ In: 20.10 16:02:10,183|DLQ In: 20.10 16:02:29,901|C In:20.10 16:02:41,112|
1-client@SALLY.informatik.haw-hamburg.de-<0.38.0>-Gruppe1-2 155te_Nachricht. COut: 20.10 16:02:10,161| HBQ In: 20.10 16:02:10,167|DLQ In: 20.10 16:02:29,917|C In:20.10 16:02:41,127|
2-client@SALLY.informatik.haw-hamburg.de-<0.38.0>-Gruppe1-2 156te_Nachricht. COut: 20.10 16:02:10,177| HBQ In: 20.10 16:02:10,183|DLQ In: 20.10 16:02:29,917|C In:20.10 16:02:41,127|
6-client@SALLY.informatik.haw-hamburg.de-<0.38.0>-Gruppe1-2 157te_Nachricht. COut: 20.10 16:02:08,539| HBQ In: 20.10 16:02:08,544|DLQ In: 20.10 16:02:29,933|C In:20.10 16:02:41,143|
3-client@SALLY.informatik.haw-hamburg.de-<0.38.0>-Gruppe1-2 158te_Nachricht. COut: 20.10 16:02:08,617| HBQ In: 20.10 16:02:08,637|DLQ In: 20.10 16:02:29,933|C In:20.10 16:02:41,143|
9-client@SALLY.informatik.haw-hamburg.de-<0.38.0>-Gruppe1-2 159te_Nachricht. COut: 20.10 16:02:06,573| HBQ In: 20.10 16:02:06,579|DLQ In: 20.10 16:02:29,933|C In:20.10 16:02:41,143|
10-client@SALLY.informatik.haw-hamburg.de-<0.38.0>-Gruppe1-2 160te_Nachricht. COut: 20.10 16:02:06,620| HBQ In: 20.10 16:02:06,625|DLQ In: 20.10 16:02:29,948|C In:20.10 16:02:41,159|
8-client@SALLY.informatik.haw-hamburg.de-<0.38.0>-Gruppe1-2 161te_Nachricht. COut: 20.10 16:02:11,050| HBQ In: 20.10 16:02:11,072|DLQ In: 20.10 16:02:29,948|C In:20.10 16:02:41,174|
9-client@SALLY.informatik.haw-hamburg.de-<0.38.0>-Gruppe1-2 162te_Nachricht. COut: 20.10 16:02:08,585| HBQ In: 20.10 16:02:08,607|DLQ In: 20.10 16:02:29,948|C In:20.10 16:02:41,190|
10-client@SALLY.informatik.haw-hamburg.de-<0.38.0>-Gruppe1-2 163te_Nachricht. COut: 20.10 16:02:08,632| HBQ In: 20.10 16:02:08,653|DLQ In: 20.10 16:02:29,964|C In:20.10 16:02:41,190|
***Fehlernachricht fuer Nachrichten 164 bis 164 um 20.10 16:02:40,697| 164te_Nachricht. COut:  HBQ In: DLQ In: 20.10 16:02:40,728|C In:20.10 16:02:41,205|
9-client@SALLY.informatik.haw-hamburg.de-<0.38.0>-Gruppe1-2 165te_Nachricht. COut: 20.10 16:02:10,597| HBQ In: 20.10 16:02:10,604|DLQ In: 20.10 16:02:40,728|C In:20.10 16:02:41,205|
***Fehlernachricht fuer Nachrichten 166 bis 166 um 20.10 16:02:40,884| 166te_Nachricht. COut:  HBQ In: DLQ In: 20.10 16:02:40,884|C In:20.10 16:02:41,221|
10-client@SALLY.informatik.haw-hamburg.de-<0.38.0>-Gruppe1-2 167te_Nachricht. COut: 20.10 16:02:10,645| HBQ In: 20.10 16:02:10,681|DLQ In: 20.10 16:02:40,899|C In:20.10 16:02:41,221|
6-client@SALLY.informatik.haw-hamburg.de-<0.38.0>-Gruppe1-2 168te_Nachricht. COut: 20.10 16:02:13,921| HBQ In: 20.10 16:02:13,927|DLQ In: 20.10 16:02:40,899|C In:20.10 16:02:41,237|
3-client@SALLY.informatik.haw-hamburg.de-<0.38.0>-Gruppe1-2 169te_Nachricht. COut: 20.10 16:02:15,964| HBQ In: 20.10 16:02:15,970|DLQ In: 20.10 16:02:40,899|*******C In:20.10 16:02:41,237|
7-client@SALLY.informatik.haw-hamburg.de-<0.38.0>-Gruppe1-2 170te_Nachricht. COut: 20.10 16:02:17,024| HBQ In: 20.10 16:02:17,030|DLQ In: 20.10 16:02:40,915|C In:20.10 16:02:41,252|
4-client@SALLY.informatik.haw-hamburg.de-<0.38.0>-Gruppe1-2 171te_Nachricht. COut: 20.10 16:02:17,149| HBQ In: 20.10 16:02:17,155|DLQ In: 20.10 16:02:40,915|C In:20.10 16:02:41,283|
1-client@SALLY.informatik.haw-hamburg.de-<0.38.0>-Gruppe1-2 172te_Nachricht. COut: 20.10 16:02:17,166| HBQ In: 20.10 16:02:17,172|DLQ In: 20.10 16:02:40,931|C In:20.10 16:02:41,299|
5-client@SALLY.informatik.haw-hamburg.de-<0.38.0>-Gruppe1-2 173te_Nachricht. COut: 20.10 16:02:17,165| HBQ In: 20.10 16:02:17,171|DLQ In: 20.10 16:02:40,931|C In:20.10 16:02:41,299|
2-client@SALLY.informatik.haw-hamburg.de-<0.38.0>-Gruppe1-2 174te_Nachricht. COut: 20.10 16:02:17,181| HBQ In: 20.10 16:02:17,187|DLQ In: 20.10 16:02:40,931|C In:20.10 16:02:41,315|
..getmessages..Done..
Neuer Sendeintervall: 7 Sekunden (6)
3-client@SALLY.informatik.haw-hamburg.de-<0.38.0>-Gruppe1-2: 239te_Nachricht. C Out: 20.10 16:02:48,319| gesendet
