Name chef erfolgreich registriert
Starter <7126.39.0> Angemeldet
GGT-Prozess 34201 Angemeldet
GGT-Prozess 34191 Angemeldet
GGT-Prozess 34111 Angemeldet
GGT-Prozess 34171 Angemeldet
GGT-Prozess 3491 Angemeldet
GGT-Prozess 34151 Angemeldet
GGT-Prozess 34181 Angemeldet
GGT-Prozess 34161 Angemeldet
GGT-Prozess 34141 Angemeldet
GGT-Prozess 34131 Angemeldet
GGT-Prozess 34121 Angemeldet
GGT-Prozess 34101 Angemeldet
GGT-Prozess 3451 Angemeldet
GGT-Prozess 3481 Angemeldet
GGT-Prozess 3431 Angemeldet
GGT-Prozess 3471 Angemeldet
GGT-Prozess 3441 Angemeldet
GGT-Prozess 3461 Angemeldet
GGT-Prozess 3421 Angemeldet
GGT-Prozess 3411 Angemeldet
Starter <7147.39.0> Angemeldet
GGT-Prozess 3180301 Angemeldet
GGT-Prozess 3180501 Angemeldet
GGT-Prozess 3180701 Angemeldet
GGT-Prozess 3180001 Angemeldet
GGT-Prozess 3181001 Angemeldet
GGT-Prozess 3180901 Angemeldet
GGT-Prozess 3181201 Angemeldet
GGT-Prozess 3180201 Angemeldet
GGT-Prozess 3180401 Angemeldet
GGT-Prozess 3181301 Angemeldet
GGT-Prozess 3180601 Angemeldet
GGT-Prozess 3180801 Angemeldet
GGT-Prozess 3181101 Angemeldet
GGT-Prozess 3181401 Angemeldet
GGT-Prozess 3181501 Angemeldet
GGT-Prozess 3181701 Angemeldet
GGT-Prozess 3181601 Angemeldet
GGT-Prozess 3181801 Angemeldet
GGT-Prozess 3180101 Angemeldet
GGT-Prozess 3181901 Angemeldet
Starter <7168.39.0> Angemeldet
GGT-Prozess 312111 Angemeldet
GGT-Prozess 31291 Angemeldet
GGT-Prozess 312191 Angemeldet
GGT-Prozess 31281 Angemeldet
GGT-Prozess 31221 Angemeldet
GGT-Prozess 31231 Angemeldet
GGT-Prozess 31261 Angemeldet
GGT-Prozess 312101 Angemeldet
GGT-Prozess 312141 Angemeldet
GGT-Prozess 31271 Angemeldet
GGT-Prozess 31251 Angemeldet
GGT-Prozess 312181 Angemeldet
GGT-Prozess 312201 Angemeldet
GGT-Prozess 312121 Angemeldet
GGT-Prozess 31211 Angemeldet
GGT-Prozess 312131 Angemeldet
GGT-Prozess 312171 Angemeldet
GGT-Prozess 312161 Angemeldet
GGT-Prozess 312151 Angemeldet
GGT-Prozess 31241 Angemeldet
Starter <7168.39.0> Angemeldet
GGT-Prozess 312122 Angemeldet
GGT-Prozess 312142 Angemeldet
GGT-Prozess 312152 Angemeldet
GGT-Prozess 312102 Angemeldet
GGT-Prozess 312112 Angemeldet
GGT-Prozess 31242 Angemeldet
GGT-Prozess 31222 Angemeldet
GGT-Prozess 312132 Angemeldet
GGT-Prozess 31262 Angemeldet
GGT-Prozess 31292 Angemeldet
GGT-Prozess 31252 Angemeldet
GGT-Prozess 31272 Angemeldet
GGT-Prozess 31282 Angemeldet
GGT-Prozess 31212 Angemeldet
GGT-Prozess 312192 Angemeldet
GGT-Prozess 312202 Angemeldet
GGT-Prozess 31232 Angemeldet
GGT-Prozess 312172 Angemeldet
GGT-Prozess 312182 Angemeldet
GGT-Prozess 312162 Angemeldet
Starter <7209.39.0> Angemeldet
GGT-Prozess ggT32201 Angemeldet
GGT-Prozess ggT32111 Angemeldet
GGT-Prozess ggT32101 Angemeldet
GGT-Prozess ggT32131 Angemeldet
GGT-Prozess ggT32161 Angemeldet
GGT-Prozess ggT32121 Angemeldet
GGT-Prozess ggT32151 Angemeldet
GGT-Prozess ggT32141 Angemeldet
GGT-Prozess ggT32181 Angemeldet
GGT-Prozess ggT32191 Angemeldet
GGT-Prozess ggT32171 Angemeldet
GGT-Prozess ggT3281 Angemeldet
GGT-Prozess ggT3261 Angemeldet
GGT-Prozess ggT3291 Angemeldet
GGT-Prozess ggT3231 Angemeldet
GGT-Prozess ggT3251 Angemeldet
GGT-Prozess ggT3211 Angemeldet
GGT-Prozess ggT3241 Angemeldet
GGT-Prozess ggT3221 Angemeldet
GGT-Prozess ggT3271 Angemeldet
Starter <7147.39.0> Angemeldet
GGT-Prozess 3180399 Angemeldet
GGT-Prozess 3180599 Angemeldet
GGT-Prozess 3180799 Angemeldet
GGT-Prozess 3180899 Angemeldet
GGT-Prozess 3181099 Angemeldet
GGT-Prozess 3181299 Angemeldet
GGT-Prozess 3181399 Angemeldet
GGT-Prozess 3180499 Angemeldet
GGT-Prozess 3180099 Angemeldet
GGT-Prozess 3180299 Angemeldet
GGT-Prozess 3180699 Angemeldet
GGT-Prozess 3181599 Angemeldet
GGT-Prozess 3180999 Angemeldet
GGT-Prozess 3181199 Angemeldet
GGT-Prozess 3181499 Angemeldet
GGT-Prozess 3181699 Angemeldet
GGT-Prozess 3181799 Angemeldet
GGT-Prozess 3181899 Angemeldet
GGT-Prozess 3181999 Angemeldet
GGT-Prozess 3180199 Angemeldet
Starter <7103.58.0> Angemeldet
GGT-Prozess 3151888 Angemeldet
GGT-Prozess 3152888 Angemeldet
GGT-Prozess 3150888 Angemeldet
GGT-Prozess 3154888 Angemeldet
GGT-Prozess 3158888 Angemeldet
GGT-Prozess 3157888 Angemeldet
GGT-Prozess 3153888 Angemeldet
GGT-Prozess 31510888 Angemeldet
GGT-Prozess 3159888 Angemeldet
GGT-Prozess 3156888 Angemeldet
GGT-Prozess 31512888 Angemeldet
GGT-Prozess 31514888 Angemeldet
GGT-Prozess 31513888 Angemeldet
GGT-Prozess 3155888 Angemeldet
GGT-Prozess 31511888 Angemeldet
GGT-Prozess 31515888 Angemeldet
GGT-Prozess 31516888 Angemeldet
GGT-Prozess 31519888 Angemeldet
GGT-Prozess 31518888 Angemeldet
GGT-Prozess 31517888 Angemeldet
Starter <7250.39.0> Angemeldet
GGT-Prozess 31321337 Angemeldet
GGT-Prozess 31361337 Angemeldet
GGT-Prozess 313111337 Angemeldet
GGT-Prozess 313141337 Angemeldet
GGT-Prozess 31331337 Angemeldet
GGT-Prozess 313191337 Angemeldet
GGT-Prozess 31381337 Angemeldet
GGT-Prozess 313131337 Angemeldet
GGT-Prozess 31351337 Angemeldet
GGT-Prozess 31341337 Angemeldet
GGT-Prozess 31311337 Angemeldet
GGT-Prozess 313121337 Angemeldet
GGT-Prozess 313151337 Angemeldet
GGT-Prozess 313181337 Angemeldet
GGT-Prozess 313171337 Angemeldet
GGT-Prozess 31371337 Angemeldet
GGT-Prozess 313101337 Angemeldet
GGT-Prozess 31391337 Angemeldet
GGT-Prozess 313201337 Angemeldet
GGT-Prozess 313161337 Angemeldet
Starter <7103.58.0> Angemeldet
GGT-Prozess 3151889 Angemeldet
GGT-Prozess 3150889 Angemeldet
GGT-Prozess 3153889 Angemeldet
GGT-Prozess 3154889 Angemeldet
GGT-Prozess 3155889 Angemeldet
GGT-Prozess 3156889 Angemeldet
GGT-Prozess 3159889 Angemeldet
GGT-Prozess 3157889 Angemeldet
GGT-Prozess 31510889 Angemeldet
GGT-Prozess 31512889 Angemeldet
GGT-Prozess 3158889 Angemeldet
GGT-Prozess 31511889 Angemeldet
GGT-Prozess 31513889 Angemeldet
GGT-Prozess 31519889 Angemeldet
GGT-Prozess 31515889 Angemeldet
GGT-Prozess 31518889 Angemeldet
GGT-Prozess 31514889 Angemeldet
GGT-Prozess 31516889 Angemeldet
GGT-Prozess 31517889 Angemeldet
GGT-Prozess 3152889 Angemeldet
Starter <7250.39.0> Angemeldet
Starter <7311.39.0> Angemeldet
GGT-Prozess ggT32182 Angemeldet
GGT-Prozess ggT32102 Angemeldet
GGT-Prozess ggT32192 Angemeldet
GGT-Prozess ggT32112 Angemeldet
GGT-Prozess ggT32122 Angemeldet
GGT-Prozess ggT32162 Angemeldet
GGT-Prozess ggT3222 Angemeldet
GGT-Prozess ggT3212 Angemeldet
GGT-Prozess ggT32172 Angemeldet
GGT-Prozess ggT32132 Angemeldet
GGT-Prozess ggT3272 Angemeldet
GGT-Prozess ggT3292 Angemeldet
GGT-Prozess ggT3242 Angemeldet
GGT-Prozess ggT3282 Angemeldet
GGT-Prozess ggT3252 Angemeldet
GGT-Prozess ggT32152 Angemeldet
GGT-Prozess ggT32142 Angemeldet
GGT-Prozess ggT3232 Angemeldet
GGT-Prozess ggT3262 Angemeldet
GGT-Prozess 313191338 Angemeldet
GGT-Prozess 31321338 Angemeldet
GGT-Prozess 31341338 Angemeldet
GGT-Prozess 31361338 Angemeldet
GGT-Prozess 31381338 Angemeldet
GGT-Prozess 313101338 Angemeldet
GGT-Prozess 31311338 Angemeldet
GGT-Prozess 313181338 Angemeldet
GGT-Prozess 313151338 Angemeldet
GGT-Prozess 313141338 Angemeldet
GGT-Prozess 31331338 Angemeldet
GGT-Prozess 313171338 Angemeldet
GGT-Prozess 31351338 Angemeldet
GGT-Prozess 31391338 Angemeldet
GGT-Prozess 31371338 Angemeldet
GGT-Prozess 313111338 Angemeldet
GGT-Prozess 313121338 Angemeldet
GGT-Prozess 313201338 Angemeldet
GGT-Prozess 313131338 Angemeldet
GGT-Prozess 313161338 Angemeldet
Starter <7103.58.0> Angemeldet
GGT-Prozess 31538888 Angemeldet
GGT-Prozess 31508888 Angemeldet
GGT-Prozess 31558888 Angemeldet
GGT-Prozess 31548888 Angemeldet
GGT-Prozess 31568888 Angemeldet
GGT-Prozess 31528888 Angemeldet
GGT-Prozess 31598888 Angemeldet
GGT-Prozess 31578888 Angemeldet
GGT-Prozess 31588888 Angemeldet
GGT-Prozess 315108888 Angemeldet
GGT-Prozess 315128888 Angemeldet
GGT-Prozess 315118888 Angemeldet
GGT-Prozess 315138888 Angemeldet
GGT-Prozess 315158888 Angemeldet
GGT-Prozess 315148888 Angemeldet
GGT-Prozess 315178888 Angemeldet
GGT-Prozess 315188888 Angemeldet
GGT-Prozess 315168888 Angemeldet
GGT-Prozess 315198888 Angemeldet
Wechsle in Arbeitsphase
Starte Berechnung mit Wunsch-GGT 11
313161338 hat das neue Mi 978835 | 11.11 10:57:19,175|
313201338 hat das neue Mi 4186600 | 11.11 10:57:19,194|
313121338 hat das neue Mi 45177 | 11.11 10:57:19,704|
31341337 hat das neue Mi 9768 | 11.11 10:57:19,734|
313121338 hat das neue Mi 6105 | 11.11 10:57:19,765|
313101337 hat das neue Mi 2035 | 11.11 10:57:19,765|
31341337 hat das neue Mi 3663 | 11.11 10:57:19,795|
313121338 hat das neue Mi 2442 | 11.11 10:57:19,824|
31341337 hat das neue Mi 1628 | 11.11 10:57:19,825|
313121338 hat das neue Mi 814 | 11.11 10:57:19,856|
313101337 hat das neue Mi 407 | 11.11 10:57:19,856|
31341337 hat das neue Mi 814 | 11.11 10:57:19,884|
31341337 hat das neue Mi 407 | 11.11 10:57:19,925|
313121338 hat das neue Mi 407 | 11.11 10:57:19,954|
313201338 hat das neue Mi 1061775 | 11.11 10:57:19,956|
31371338 hat das neue Mi 444015 | 11.11 10:57:19,725|
3181601 hat das neue Mi 314985 | 11.11 10:57:19,762|
31371338 hat das neue Mi 129030 | 11.11 10:57:19,784|
3181601 hat das neue Mi 56925 | 11.11 10:57:19,768|
31371338 hat das neue Mi 15180 | 11.11 10:57:19,844|
3181601 hat das neue Mi 11385 | 11.11 10:57:19,774|
31371338 hat das neue Mi 3795 | 11.11 10:57:19,905|
3181601 hat das neue Mi 3795 | 11.11 10:57:19,780|
ggT32101 hat das neue Mi 1305157425 | 11.11 10:57:19,745|
31351338 hat das neue Mi 1282710 | 11.11 10:57:19,745|
313201338 hat das neue Mi 60500 | 11.11 10:57:19,445|
31351338 hat das neue Mi 575575 | 11.11 10:57:19,565|
31331338 hat das neue Mi 26428545 | 11.11 10:57:19,765|
31321338 hat das neue Mi 19269822 | 11.11 10:57:19,795|
31331338 hat das neue Mi 7158723 | 11.11 10:57:19,825|
31321338 hat das neue Mi 4952376 | 11.11 10:57:19,856|
31331338 hat das neue Mi 2206347 | 11.11 10:57:19,885|
31321338 hat das neue Mi 539682 | 11.11 10:57:19,914|
31331338 hat das neue Mi 47619 | 11.11 10:57:19,945|
31321338 hat das neue Mi 15873 | 11.11 10:57:19,975|
31331338 hat das neue Mi 15873 | 11.11 10:57:19,479|
ggT32101 hat das neue Mi 3124825 | 11.11 10:57:19,992|
ggT32172 hat das neue Mi 69973475 | 11.11 10:57:20,005|
313151338 hat das neue Mi 23023 | 11.11 10:57:20,857|
313201338 hat das neue Mi 27225 | 11.11 10:57:20,827|
313101338 hat das neue Mi 742935765 | 11.11 10:57:20,315|
31351338 hat das neue Mi 49335 | 11.11 10:57:20,745|
31381338 hat das neue Mi 37950 | 11.11 10:57:20,775|
31351338 hat das neue Mi 11385 | 11.11 10:57:20,805|
ggT32101 hat das neue Mi 1001275 | 11.11 10:57:20,230|
31381338 hat das neue Mi 3795 | 11.11 10:57:20,855|
31351338 hat das neue Mi 3795 | 11.11 10:57:20,885|
31361338 hat das neue Mi 1561263 | 11.11 10:57:20,335|
ggT32172 hat das neue Mi 707135 | 11.11 10:57:20,322|
313201338 hat das neue Mi 3025 | 11.11 10:57:20,845|
ggT32142 hat das neue Mi 277094961 | 11.11 10:57:20,408|
ggT32101 hat das neue Mi 33275 | 11.11 10:57:20,432|
31381338 hat das neue Mi 759 | 11.11 10:57:20,775|
31351338 hat das neue Mi 759 | 11.11 10:57:20,805|
315168888 hat das neue Mi 429 | 11.11 10:57:20,597|
ggT32172 hat das neue Mi 131560 | 11.11 10:57:20,550|
ggT32142 hat das neue Mi 22011 | 11.11 10:57:20,574|
ggT32101 hat das neue Mi 6050 | 11.11 10:57:20,640|
ggT32172 hat das neue Mi 32890 | 11.11 10:57:20,708|
ggT32142 hat das neue Mi 3036 | 11.11 10:57:20,758|
315138888 hat das neue Mi 5291 | 11.11 10:57:20,852|
ggT32172 hat das neue Mi 10120 | 11.11 10:57:20,894|
315128888 hat das neue Mi 31999539 | 11.11 10:57:20,954|
315108888 hat das neue Mi 429 | 11.11 10:57:21,005|
ggT32181 hat das neue Mi 27225 | 11.11 10:57:21,038|
31578888 hat das neue Mi 828245 | 11.11 10:57:21,107|
3181701 hat das neue Mi 165649 | 11.11 10:57:21,097|
313151337 hat das neue Mi 662596 | 11.11 10:57:21,106|
31598888 hat das neue Mi 75900 | 11.11 10:57:21,158|
ggT3231 hat das neue Mi 46805 | 11.11 10:57:21,114|
31528888 hat das neue Mi 41613715 | 11.11 10:57:21,209|
3181701 hat das neue Mi 4477 | 11.11 10:57:21,215|
ggT32191 hat das neue Mi 1007325 | 11.11 10:57:21,224|
31548888 hat das neue Mi 16445 | 11.11 10:57:21,311|
ggT32191 hat das neue Mi 13431 | 11.11 10:57:21,406|
31538888 hat das neue Mi 2000471 | 11.11 10:57:21,464|
3151888 hat das neue Mi 978835 | 11.11 10:57:21,518|
31519889 hat das neue Mi 15367 | 11.11 10:57:21,620|
ggT3242 hat das neue Mi 24585275 | 11.11 10:57:21,582|
31351338 hat das neue Mi 253 | 11.11 10:57:21,285|
31381338 hat das neue Mi 253 | 11.11 10:57:21,315|
ggT32172 hat das neue Mi 2530 | 11.11 10:57:21,776|
ggT32171 hat das neue Mi 105823575 | 11.11 10:57:21,790|
ggT32142 hat das neue Mi 759 | 11.11 10:57:21,866|
3152889 hat das neue Mi 14927 | 11.11 10:57:22,358|
31517888 hat das neue Mi 429 | 11.11 10:57:22,598|
315158888 hat das neue Mi 19591 | 11.11 10:57:22,802|
313151338 hat das neue Mi 3432 | 11.11 10:57:22,060|
31510888 hat das neue Mi 5291 | 11.11 10:57:22,853|
3471 hat das neue Mi 605 | 11.11 10:57:22,988|
3157888 hat das neue Mi 429 | 11.11 10:57:23,006|
315138888 hat das neue Mi 671 | 11.11 10:57:23,039|
34131 hat das neue Mi 33 | 11.11 10:57:23,065|
31578888 hat das neue Mi 165649 | 11.11 10:57:23,111|
315108888 hat das neue Mi 33 | 11.11 10:57:23,115|
313151337 hat das neue Mi 165649 | 11.11 10:57:23,176|
312202 hat das neue Mi 10175 | 11.11 10:57:23,741|
ggT32181 hat das neue Mi 770 | 11.11 10:57:23,130|
ggT32182 hat das neue Mi 50970645 | 11.11 10:57:23,130|
ggT3231 hat das neue Mi 44 | 11.11 10:57:23,184|
31514888 hat das neue Mi 16445 | 11.11 10:57:23,312|
3154888 hat das neue Mi 858 | 11.11 10:57:23,312|
31381337 hat das neue Mi 15730 | 11.11 10:57:23,155|
ggT32161 hat das neue Mi 14751165 | 11.11 10:57:23,304|
31538888 hat das neue Mi 261602 | 11.11 10:57:23,532|
3461 hat das neue Mi 13409 | 11.11 10:57:23,584|
ggT3242 hat das neue Mi 579623 | 11.11 10:57:23,668|
315198888 hat das neue Mi 5566 | 11.11 10:57:23,740|
ggT3242 hat das neue Mi 56419 | 11.11 10:57:23,844|
ggT32171 hat das neue Mi 6413 | 11.11 10:57:23,884|
3411 hat das neue Mi 2277 | 11.11 10:57:24,359|
3152889 hat das neue Mi 2783 | 11.11 10:57:24,359|
31512888 hat das neue Mi 297 | 11.11 10:57:24,599|
31515888 hat das neue Mi 12870 | 11.11 10:57:24,803|
ggT3212 hat das neue Mi 27332085 | 11.11 10:57:24,752|
315158888 hat das neue Mi 2431 | 11.11 10:57:24,807|
313151338 hat das neue Mi 1001 | 11.11 10:57:24,107|
31518888 hat das neue Mi 4015 | 11.11 10:57:24,854|
31371337 hat das neue Mi 3245 | 11.11 10:57:24,145|
ggT3291 hat das neue Mi 920205 | 11.11 10:57:24,910|
3158889 hat das neue Mi 429 | 11.11 10:57:25,007|
313171337 hat das neue Mi 286 | 11.11 10:57:25,069|
ggT32131 hat das neue Mi 13208193141 | 11.11 10:57:24,962|
31510888 hat das neue Mi 594 | 11.11 10:57:25,040|
3421 hat das neue Mi 22 | 11.11 10:57:25,066|
31391337 hat das neue Mi 11 | 11.11 10:57:25,960|
34141 hat das neue Mi 605 | 11.11 10:57:25,081|
3471 hat das neue Mi 110 | 11.11 10:57:25,081|
31371337 hat das neue Mi 55 | 11.11 10:57:25,056|
3157888 hat das neue Mi 33 | 11.11 10:57:25,116|
34131 hat das neue Mi 11 | 11.11 10:57:25,134|
ggT3291 hat das neue Mi 6435 | 11.11 10:57:25,102|
312202 hat das neue Mi 1221 | 11.11 10:57:25,752|
312152 hat das neue Mi 495 | 11.11 10:57:25,540|
3181901 hat das neue Mi 165 | 11.11 10:57:25,245|
ggT32181 hat das neue Mi 165 | 11.11 10:57:25,216|
ggT32182 hat das neue Mi 605 | 11.11 10:57:25,234|
3181701 hat das neue Mi 407 | 11.11 10:57:25,297|
ggT3291 hat das neue Mi 3190 | 11.11 10:57:25,262|
31514888 hat das neue Mi 715 | 11.11 10:57:25,316|
31381337 hat das neue Mi 715 | 11.11 10:57:25,198|
ggT32191 hat das neue Mi 4477 | 11.11 10:57:25,306|
ggT32161 hat das neue Mi 7590 | 11.11 10:57:25,306|
ggT32191 hat das neue Mi 814 | 11.11 10:57:25,470|
3431 hat das neue Mi 5060 | 11.11 10:57:25,585|
31538888 hat das neue Mi 35926 | 11.11 10:57:25,618|
3481 hat das neue Mi 2783 | 11.11 10:57:25,741|
315198888 hat das neue Mi 484 | 11.11 10:57:25,834|
3461 hat das neue Mi 2277 | 11.11 10:57:25,846|
ggT32171 hat das neue Mi 847 | 11.11 10:57:25,972|
ggT3242 hat das neue Mi 2783 | 11.11 10:57:25,996|
3152889 hat das neue Mi 506 | 11.11 10:57:26,360|
31517888 hat das neue Mi 132 | 11.11 10:57:26,600|
31512888 hat das neue Mi 33 | 11.11 10:57:26,702|
31515888 hat das neue Mi 715 | 11.11 10:57:26,808|
ggT3212 hat das neue Mi 66 | 11.11 10:57:26,808|
31518888 hat das neue Mi 539 | 11.11 10:57:26,912|
34191 hat das neue Mi 594 | 11.11 10:57:26,915|
3158889 hat das neue Mi 143 | 11.11 10:57:27,011|
313171337 hat das neue Mi 143 | 11.11 10:57:27,477|
315138888 hat das neue Mi 11 | 11.11 10:57:27,041|
3421 hat das neue Mi 11 | 11.11 10:57:27,070|
ggT32131 hat das neue Mi 3476 | 11.11 10:57:27,028|
3441 hat das neue Mi 220 | 11.11 10:57:27,082|
31578888 hat das neue Mi 4477 | 11.11 10:57:27,113|
313151337 hat das neue Mi 4477 | 11.11 10:57:27,166|
315108888 hat das neue Mi 11 | 11.11 10:57:27,117|
3471 hat das neue Mi 55 | 11.11 10:57:27,167|
34141 hat das neue Mi 55 | 11.11 10:57:27,184|
ggT32181 hat das neue Mi 55 | 11.11 10:57:27,186|
312152 hat das neue Mi 231 | 11.11 10:57:27,561|
312202 hat das neue Mi 407 | 11.11 10:57:27,562|
31548888 hat das neue Mi 143 | 11.11 10:57:27,314|
ggT32161 hat das neue Mi 264 | 11.11 10:57:27,388|
31538888 hat das neue Mi 2530 | 11.11 10:57:27,619|
3481 hat das neue Mi 363 | 11.11 10:57:27,835|
3431 hat das neue Mi 506 | 11.11 10:57:27,847|
3461 hat das neue Mi 253 | 11.11 10:57:27,998|
ggT3242 hat das neue Mi 506 | 11.11 10:57:28,150|
3411 hat das neue Mi 253 | 11.11 10:57:28,361|
3152889 hat das neue Mi 253 | 11.11 10:57:28,361|
315168888 hat das neue Mi 33 | 11.11 10:57:28,601|
31517888 hat das neue Mi 33 | 11.11 10:57:28,703|
315158888 hat das neue Mi 429 | 11.11 10:57:28,809|
313151338 hat das neue Mi 143 | 11.11 10:57:28,126|
34191 hat das neue Mi 11 | 11.11 10:57:28,916|
31371337 hat das neue Mi 11 | 11.11 10:57:28,195|
3158889 hat das neue Mi 11 | 11.11 10:57:29,012|
313171337 hat das neue Mi 11 | 11.11 10:57:29,559|
31510888 hat das neue Mi 55 | 11.11 10:57:29,042|
ggT3291 hat das neue Mi 55 | 11.11 10:57:29,042|
3471 hat das neue Mi 11 | 11.11 10:57:29,168|
3441 hat das neue Mi 55 | 11.11 10:57:29,185|
312202 hat das neue Mi 143 | 11.11 10:57:29,573|
312152 hat das neue Mi 66 | 11.11 10:57:29,573|
3181901 hat das neue Mi 33 | 11.11 10:57:29,248|
3154888 hat das neue Mi 143 | 11.11 10:57:29,315|
31514888 hat das neue Mi 143 | 11.11 10:57:29,321|
31381337 hat das neue Mi 143 | 11.11 10:57:29,247|
ggT32182 hat das neue Mi 55 | 11.11 10:57:29,290|
3181701 hat das neue Mi 44 | 11.11 10:57:29,361|
ggT32191 hat das neue Mi 407 | 11.11 10:57:29,370|
3151888 hat das neue Mi 26455 | 11.11 10:57:29,522|
313161338 hat das neue Mi 26455 | 11.11 10:57:29,255|
3181701 hat das neue Mi 11 | 11.11 10:57:29,539|
ggT32191 hat das neue Mi 121 | 11.11 10:57:29,548|
313161338 hat das neue Mi 143 | 11.11 10:57:29,085|
31538888 hat das neue Mi 506 | 11.11 10:57:29,620|
31519889 hat das neue Mi 242 | 11.11 10:57:29,624|
313201338 hat das neue Mi 121 | 11.11 10:57:29,275|
ggT3262 hat das neue Mi 397969 | 11.11 10:57:29,656|
ggT32171 hat das neue Mi 363 | 11.11 10:57:29,752|
ggT32191 hat das neue Mi 33 | 11.11 10:57:29,755|
ggT32101 hat das neue Mi 3025 | 11.11 10:57:29,760|
315198888 hat das neue Mi 121 | 11.11 10:57:29,836|
3431 hat das neue Mi 253 | 11.11 10:57:29,999|
ggT3262 hat das neue Mi 1144 | 11.11 10:57:29,988|
31518888 hat das neue Mi 55 | 11.11 10:57:30,914|
31510888 hat das neue Mi 11 | 11.11 10:57:31,043|
ggT32131 hat das neue Mi 242 | 11.11 10:57:31,032|
31578888 hat das neue Mi 407 | 11.11 10:57:31,115|
313151337 hat das neue Mi 407 | 11.11 10:57:31,186|
3157888 hat das neue Mi 11 | 11.11 10:57:31,119|
34141 hat das neue Mi 11 | 11.11 10:57:31,241|
312202 hat das neue Mi 11 | 11.11 10:57:31,581|
312152 hat das neue Mi 33 | 11.11 10:57:31,582|
ggT32161 hat das neue Mi 33 | 11.11 10:57:31,372|
3151888 hat das neue Mi 10582 | 11.11 10:57:31,523|
31331338 hat das neue Mi 5291 | 11.11 10:57:31,265|
31321338 hat das neue Mi 5291 | 11.11 10:57:31,294|
31538888 hat das neue Mi 253 | 11.11 10:57:31,621|
3481 hat das neue Mi 121 | 11.11 10:57:31,837|
315158888 hat das neue Mi 143 | 11.11 10:57:32,811|
31515888 hat das neue Mi 55 | 11.11 10:57:32,811|
3441 hat das neue Mi 11 | 11.11 10:57:33,242|
312152 hat das neue Mi 11 | 11.11 10:57:33,221|
3181901 hat das neue Mi 11 | 11.11 10:57:33,313|
315158888 hat das neue Mi 33 | 11.11 10:57:34,812|
313151338 hat das neue Mi 11 | 11.11 10:57:34,155|
31518888 hat das neue Mi 11 | 11.11 10:57:34,916|
ggT32131 hat das neue Mi 22 | 11.11 10:57:35,038|
31578888 hat das neue Mi 11 | 11.11 10:57:35,117|
313151337 hat das neue Mi 11 | 11.11 10:57:35,206|
3151888 hat das neue Mi 143 | 11.11 10:57:35,525|
31331338 hat das neue Mi 143 | 11.11 10:57:35,286|
31321338 hat das neue Mi 143 | 11.11 10:57:35,321|
31515888 hat das neue Mi 11 | 11.11 10:57:36,813|
315158888 hat das neue Mi 11 | 11.11 10:57:36,816|
31519889 hat das neue Mi 121 | 11.11 10:57:37,628|
Gesundheitszustand der ggT-Prozesse
alive, alive, alive, alive, alive, alive, alive, alive, alive, alive, alive, alive, alive, alive, alive, alive, alive, alive, alive, alive, alive, alive, alive, alive, alive, alive, alive, alive, alive, alive, alive, alive, alive, alive, alive, alive, alive, alive, alive, alive, alive, alive, alive, alive, alive, alive, alive, alive, alive, alive, alive, alive, alive, alive, alive, alive, alive, alive, alive, alive, alive, alive, alive, alive, alive, alive, alive, alive, alive, alive, alive, alive, alive, alive, alive, alive, alive, alive, alive, alive, alive, alive, alive, alive, alive, alive, alive, alive, alive, alive, alive, alive, alive, alive, alive, alive, alive, alive, alive, alive, alive, alive, alive, alive, alive, alive, alive, alive, alive, alive, alive, alive, alive, alive, alive, alive, alive, alive, alive, timeout, alive, timeout, timeout, alive, timeout, timeout, timeout, alive, alive, alive, timeout, alive, timeout, timeout, timeout, timeout, timeout, timeout, alive, alive, alive, alive, alive, alive, alive, alive, alive, alive, alive, alive, alive, alive, alive, alive, alive, alive, alive, alive, timeout, alive, alive, alive, alive, alive, timeout, alive, timeout, alive, timeout, timeout, timeout, timeout, timeout, alive, timeout, alive, timeout, timeout, alive, timeout, timeout, alive, alive, timeout, timeout, timeout, timeout, alive, timeout, timeout, timeout, timeout, alive, timeout, alive, timeout, timeout, timeout, alive, timeout, alive, alive, alive, alive, timeout, timeout, alive, alive, timeout, alive, timeout, alive, timeout, alive, alive, timeout, timeout, alive, alive, alive, alive, alive, alive, alive, alive, alive, alive, alive, alive, alive, alive, alive, alive, alive, alive, alive, alive, alive, 
Resette Clients
Starter <7126.39.0> Angemeldet
GGT-Prozess 34201 Angemeldet
GGT-Prozess 34181 Angemeldet
GGT-Prozess 34191 Angemeldet
GGT-Prozess 34171 Angemeldet
GGT-Prozess 34161 Angemeldet
GGT-Prozess 34151 Angemeldet
GGT-Prozess 34131 Angemeldet
GGT-Prozess 34111 Angemeldet
GGT-Prozess 34141 Angemeldet
GGT-Prozess 3491 Angemeldet
GGT-Prozess 34101 Angemeldet
GGT-Prozess 34121 Angemeldet
GGT-Prozess 3481 Angemeldet
GGT-Prozess 3471 Angemeldet
GGT-Prozess 3461 Angemeldet
GGT-Prozess 3451 Angemeldet
GGT-Prozess 3441 Angemeldet
GGT-Prozess 3431 Angemeldet
GGT-Prozess 3421 Angemeldet
GGT-Prozess 3411 Angemeldet
Starter <7147.39.0> Angemeldet
GGT-Prozess 3180101 Angemeldet
GGT-Prozess 3180501 Angemeldet
GGT-Prozess 3180001 Angemeldet
GGT-Prozess 3180401 Angemeldet
GGT-Prozess 3181001 Angemeldet
GGT-Prozess 3180201 Angemeldet
GGT-Prozess 3180901 Angemeldet
GGT-Prozess 3180801 Angemeldet
GGT-Prozess 3181201 Angemeldet
GGT-Prozess 3180701 Angemeldet
GGT-Prozess 3180601 Angemeldet
GGT-Prozess 3180301 Angemeldet
GGT-Prozess 3181301 Angemeldet
GGT-Prozess 3181101 Angemeldet
GGT-Prozess 3181701 Angemeldet
GGT-Prozess 3181601 Angemeldet
GGT-Prozess 3181401 Angemeldet
GGT-Prozess 3181901 Angemeldet
GGT-Prozess 3181501 Angemeldet
GGT-Prozess 3181801 Angemeldet
Starter <7168.39.0> Angemeldet
GGT-Prozess 31211 Angemeldet
GGT-Prozess 312111 Angemeldet
GGT-Prozess 312151 Angemeldet
GGT-Prozess 312161 Angemeldet
GGT-Prozess 312131 Angemeldet
GGT-Prozess 31281 Angemeldet
GGT-Prozess 312201 Angemeldet
GGT-Prozess 31231 Angemeldet
GGT-Prozess 31251 Angemeldet
GGT-Prozess 312101 Angemeldet
GGT-Prozess 312121 Angemeldet
GGT-Prozess 312141 Angemeldet
GGT-Prozess 31291 Angemeldet
GGT-Prozess 31261 Angemeldet
GGT-Prozess 31221 Angemeldet
GGT-Prozess 312191 Angemeldet
GGT-Prozess 31271 Angemeldet
GGT-Prozess 31241 Angemeldet
GGT-Prozess 312171 Angemeldet
GGT-Prozess 312181 Angemeldet
Starter <7147.39.0> Angemeldet
GGT-Prozess 3180399 Angemeldet
GGT-Prozess 3180699 Angemeldet
GGT-Prozess 3180599 Angemeldet
GGT-Prozess 3180199 Angemeldet
GGT-Prozess 3180799 Angemeldet
GGT-Prozess 3180999 Angemeldet
GGT-Prozess 3180299 Angemeldet
GGT-Prozess 3180899 Angemeldet
GGT-Prozess 3180099 Angemeldet
GGT-Prozess 3180499 Angemeldet
GGT-Prozess 3181199 Angemeldet
GGT-Prozess 3181099 Angemeldet
GGT-Prozess 3181699 Angemeldet
GGT-Prozess 3181399 Angemeldet
GGT-Prozess 3181299 Angemeldet
GGT-Prozess 3181599 Angemeldet
GGT-Prozess 3181899 Angemeldet
GGT-Prozess 3181499 Angemeldet
GGT-Prozess 3181999 Angemeldet
GGT-Prozess 3181799 Angemeldet
Starter <7168.39.0> Angemeldet
GGT-Prozess 31222 Angemeldet
GGT-Prozess 31212 Angemeldet
GGT-Prozess 312122 Angemeldet
GGT-Prozess 312112 Angemeldet
GGT-Prozess 312132 Angemeldet
GGT-Prozess 31232 Angemeldet
GGT-Prozess 31272 Angemeldet
GGT-Prozess 31252 Angemeldet
GGT-Prozess 31242 Angemeldet
GGT-Prozess 31292 Angemeldet
GGT-Prozess 31282 Angemeldet
GGT-Prozess 312102 Angemeldet
GGT-Prozess 312192 Angemeldet
GGT-Prozess 312202 Angemeldet
GGT-Prozess 312152 Angemeldet
GGT-Prozess 312182 Angemeldet
GGT-Prozess 312172 Angemeldet
GGT-Prozess 31262 Angemeldet
GGT-Prozess 312162 Angemeldet
GGT-Prozess 312142 Angemeldet
Starter <7250.39.0> Angemeldet
GGT-Prozess 313201337 Angemeldet
GGT-Prozess 31381337 Angemeldet
GGT-Prozess 31391337 Angemeldet
GGT-Prozess 313131337 Angemeldet
GGT-Prozess 313101337 Angemeldet
GGT-Prozess 313111337 Angemeldet
GGT-Prozess 313141337 Angemeldet
GGT-Prozess 313171337 Angemeldet
GGT-Prozess 313181337 Angemeldet
GGT-Prozess 313191337 Angemeldet
GGT-Prozess 313151337 Angemeldet
GGT-Prozess 313121337 Angemeldet
GGT-Prozess 31321337 Angemeldet
GGT-Prozess 31361337 Angemeldet
GGT-Prozess 31351337 Angemeldet
GGT-Prozess 31371337 Angemeldet
GGT-Prozess 31331337 Angemeldet
GGT-Prozess 313161337 Angemeldet
GGT-Prozess 31341337 Angemeldet
GGT-Prozess 31311337 Angemeldet
Starter <7250.39.0> Angemeldet
GGT-Prozess 313121338 Angemeldet
GGT-Prozess 31391338 Angemeldet
GGT-Prozess 313111338 Angemeldet
GGT-Prozess 313101338 Angemeldet
GGT-Prozess 313151338 Angemeldet
GGT-Prozess 313131338 Angemeldet
GGT-Prozess 313171338 Angemeldet
GGT-Prozess 313181338 Angemeldet
GGT-Prozess 313141338 Angemeldet
GGT-Prozess 31311338 Angemeldet
GGT-Prozess 31341338 Angemeldet
GGT-Prozess 313161338 Angemeldet
GGT-Prozess 313201338 Angemeldet
GGT-Prozess 31381338 Angemeldet
GGT-Prozess 31371338 Angemeldet
GGT-Prozess 31351338 Angemeldet
GGT-Prozess 31321338 Angemeldet
GGT-Prozess 31331338 Angemeldet
GGT-Prozess 313191338 Angemeldet
GGT-Prozess 31361338 Angemeldet
Starter <7103.58.0> Angemeldet
GGT-Prozess 3150999 Angemeldet
GGT-Prozess 3153999 Angemeldet
GGT-Prozess 3151999 Angemeldet
GGT-Prozess 3158999 Angemeldet
GGT-Prozess 3154999 Angemeldet
GGT-Prozess 3157999 Angemeldet
GGT-Prozess 3156999 Angemeldet
GGT-Prozess 3155999 Angemeldet
GGT-Prozess 3152999 Angemeldet
GGT-Prozess 3159999 Angemeldet
GGT-Prozess 31511999 Angemeldet
GGT-Prozess 31513999 Angemeldet
GGT-Prozess 31512999 Angemeldet
GGT-Prozess 31510999 Angemeldet
GGT-Prozess 31514999 Angemeldet
GGT-Prozess 31515999 Angemeldet
GGT-Prozess 31518999 Angemeldet
GGT-Prozess 31517999 Angemeldet
GGT-Prozess 31516999 Angemeldet
GGT-Prozess 31519999 Angemeldet
Starter <7103.58.0> Angemeldet
GGT-Prozess 31509999 Angemeldet
GGT-Prozess 31539999 Angemeldet
GGT-Prozess 31529999 Angemeldet
GGT-Prozess 31559999 Angemeldet
GGT-Prozess 31579999 Angemeldet
GGT-Prozess 31549999 Angemeldet
GGT-Prozess 31569999 Angemeldet
GGT-Prozess 31599999 Angemeldet
GGT-Prozess 31589999 Angemeldet
GGT-Prozess 315119999 Angemeldet
GGT-Prozess 315149999 Angemeldet
GGT-Prozess 315109999 Angemeldet
GGT-Prozess 315179999 Angemeldet
GGT-Prozess 315139999 Angemeldet
GGT-Prozess 315169999 Angemeldet
GGT-Prozess 315129999 Angemeldet
GGT-Prozess 315159999 Angemeldet
GGT-Prozess 315199999 Angemeldet
GGT-Prozess 315189999 Angemeldet
Starter <7103.58.0> Angemeldet
GGT-Prozess 315099999 Angemeldet
GGT-Prozess 315299999 Angemeldet
GGT-Prozess 315599999 Angemeldet
GGT-Prozess 315499999 Angemeldet
GGT-Prozess 315399999 Angemeldet
GGT-Prozess 315699999 Angemeldet
GGT-Prozess 315799999 Angemeldet
GGT-Prozess 3151099999 Angemeldet
GGT-Prozess 315999999 Angemeldet
GGT-Prozess 315899999 Angemeldet
GGT-Prozess 3151499999 Angemeldet
GGT-Prozess 3151299999 Angemeldet
GGT-Prozess 3151199999 Angemeldet
GGT-Prozess 3151999999 Angemeldet
GGT-Prozess 3151799999 Angemeldet
GGT-Prozess 3151399999 Angemeldet
GGT-Prozess 3151699999 Angemeldet
GGT-Prozess 3151599999 Angemeldet
GGT-Prozess 3151899999 Angemeldet
