Name ggT3231 erfolgreich registriert
ggT3231: linker Nachbar 34131 ich: ggT3231 rechter Nachbar 315108888
ggT3231: Abstimmungsanfrage erhalten - lehne ab
ggT3231: Starte Abstimmung
ggT3231: Abstimmungsanfrage erhalten - nehme an
ggT3231: Mi auf 46805 gesetzt
ggT3231: Abstimmungsanfrage erhalten - lehne ab
ggT3231: Starte Abstimmung
ggT3231: Abstimmungsanfrage erhalten - nehme an
ggT3231: Abstimmungsanfrage erhalten - nehme an
ggT3231: Berechne Mi: 46805 Y: 429
ggT3231: Abstimmungsanfrage erhalten - lehne ab
ggT3231: Starte Abstimmung
ggT3231: Berechne Mi: 44 Y: 33
ggT3231: Berechne Mi: 11 Y: 33
ggT3231: Starte Abstimmung
ggT3231: Berechne Mi: 11 Y: 11
ggT3231: Starte Abstimmung
ggT3231: Berechne Mi: 11 Y: 11
ggT3231: Starte Abstimmung
ggT3231: Abstimmungsanfrage erhalten - nehme an
ggT3231: Abstimmungsanfrage erhalten - nehme an
ggT3231: Abstimmungsanfrage erhalten - nehme an
ggT3231: Abstimmungsanfrage erhalten - nehme an
ggT3231: Abstimmungsanfrage erhalten - nehme an
ggT3231: Abstimmungsanfrage erhalten - nehme an
ggT3231: Abstimmungsanfrage erhalten - nehme an
ggT3231: Abstimmungsanfrage erhalten - nehme an
ggT3231: Abstimmungsanfrage erhalten - nehme an
ggT3231: Starte Abstimmung
ggT3231: Abstimmungsanfrage erhalten - nehme an
ggT3231: Beendet
