Name ggT32191 erfolgreich registriert
ggT32191: linker Nachbar 312202 ich: ggT32191 rechter Nachbar 3181701
ggT32191: Mi auf 1007325 gesetzt
ggT32191: Abstimmungsanfrage erhalten - lehne ab
ggT32191: Starte Abstimmung
ggT32191: Abstimmungsanfrage erhalten - nehme an
ggT32191: Abstimmungsanfrage erhalten - nehme an
ggT32191: Berechne Mi: 1007325 Y: 165649
ggT32191: Berechne Mi: 13431 Y: 4477
ggT32191: Starte Abstimmung
ggT32191: Berechne Mi: 4477 Y: 10175
ggT32191: Starte Abstimmung
ggT32191: Berechne Mi: 4477 Y: 1221
ggT32191: Berechne Mi: 814 Y: 407
ggT32191: Starte Abstimmung
ggT32191: Berechne Mi: 407 Y: 407
ggT32191: Starte Abstimmung
ggT32191: Berechne Mi: 407 Y: 143
ggT32191: Berechne Mi: 121 Y: 44
ggT32191: Berechne Mi: 33 Y: 11
ggT32191: Starte Abstimmung
ggT32191: Berechne Mi: 11 Y: 11
ggT32191: Starte Abstimmung
ggT32191: Abstimmungsanfrage erhalten - nehme an
ggT32191: Abstimmungsanfrage erhalten - nehme an
ggT32191: Abstimmungsanfrage erhalten - nehme an
ggT32191: Starte Abstimmung
ggT32191: Abstimmungsanfrage erhalten - nehme an
ggT32191: Beendet
