Name ggT32161 erfolgreich registriert
ggT32161: linker Nachbar 312152 ich: ggT32161 rechter Nachbar 312202
ggT32161: Mi auf 14751165 gesetzt
ggT32161: Abstimmungsanfrage erhalten - lehne ab
ggT32161: Starte Abstimmung
ggT32161: Abstimmungsanfrage erhalten - nehme an
ggT32161: Berechne Mi: 14751165 Y: 10175
ggT32161: Starte Abstimmung
ggT32161: Berechne Mi: 7590 Y: 1221
ggT32161: Berechne Mi: 264 Y: 495
ggT32161: Starte Abstimmung
ggT32161: Berechne Mi: 264 Y: 407
ggT32161: Berechne Mi: 264 Y: 231
ggT32161: Abstimmungsanfrage erhalten - lehne ab
ggT32161: Starte Abstimmung
ggT32161: Berechne Mi: 33 Y: 66
ggT32161: Berechne Mi: 33 Y: 143
ggT32161: Starte Abstimmung
ggT32161: Berechne Mi: 33 Y: 11
ggT32161: Berechne Mi: 11 Y: 33
ggT32161: Abstimmungsanfrage erhalten - lehne ab
ggT32161: Starte Abstimmung
ggT32161: Berechne Mi: 11 Y: 11
ggT32161: Starte Abstimmung
ggT32161: Abstimmungsanfrage erhalten - nehme an
ggT32161: Starte Abstimmung
ggT32161: Beendet
