Name ggT32182 erfolgreich registriert
ggT32182: linker Nachbar 34141 ich: ggT32182 rechter Nachbar 3471
ggT32182: Mi auf 50970645 gesetzt
ggT32182: Abstimmungsanfrage erhalten - lehne ab
ggT32182: Starte Abstimmung
ggT32182: Abstimmungsanfrage erhalten - nehme an
ggT32182: Berechne Mi: 50970645 Y: 605
ggT32182: Starte Abstimmung
ggT32182: Berechne Mi: 605 Y: 605
ggT32182: Berechne Mi: 605 Y: 110
ggT32182: Starte Abstimmung
ggT32182: Berechne Mi: 55 Y: 55
ggT32182: Berechne Mi: 55 Y: 55
ggT32182: Starte Abstimmung
ggT32182: Berechne Mi: 55 Y: 11
ggT32182: Starte Abstimmung
ggT32182: Berechne Mi: 11 Y: 11
ggT32182: Starte Abstimmung
ggT32182: Abstimmungsanfrage erhalten - nehme an
ggT32182: Abstimmungsanfrage erhalten - nehme an
ggT32182: Starte Abstimmung
ggT32182: Beendet
