Name ggT32142 erfolgreich registriert
ggT32142: linker Nachbar 3152889 ich: ggT32142 rechter Nachbar 31381338
ggT32142: Mi auf 277094961 gesetzt
ggT32142: Abstimmungsanfrage erhalten - lehne ab
ggT32142: Starte Abstimmung
ggT32142: Berechne Mi: 277094961 Y: 37950
ggT32142: Berechne Mi: 22011 Y: 3795
ggT32142: Abstimmungsanfrage erhalten - lehne ab
ggT32142: Berechne Mi: 3036 Y: 759
ggT32142: Starte Abstimmung
ggT32142: Berechne Mi: 759 Y: 253
ggT32142: Starte Abstimmung
ggT32142: Berechne Mi: 253 Y: 14927
ggT32142: Starte Abstimmung
ggT32142: Berechne Mi: 253 Y: 2783
ggT32142: Starte Abstimmung
ggT32142: Berechne Mi: 253 Y: 506
ggT32142: Starte Abstimmung
ggT32142: Abstimmungsanfrage erhalten - nehme an
ggT32142: Berechne Mi: 253 Y: 253
ggT32142: Starte Abstimmung
ggT32142: Abstimmungsanfrage erhalten - nehme an
ggT32142: Abstimmungsanfrage erhalten - nehme an
ggT32142: Starte Abstimmung
ggT32142: Beendet
