Name ggT3291 erfolgreich registriert
ggT3291: linker Nachbar 31515888 ich: ggT3291 rechter Nachbar 31371337
ggT3291: Abstimmungsanfrage erhalten - lehne ab
ggT3291: Starte Abstimmung
ggT3291: Abstimmungsanfrage erhalten - nehme an
ggT3291: Mi auf 920205 gesetzt
ggT3291: Abstimmungsanfrage erhalten - lehne ab
ggT3291: Starte Abstimmung
ggT3291: Abstimmungsanfrage erhalten - nehme an
ggT3291: Abstimmungsanfrage erhalten - nehme an
ggT3291: Berechne Mi: 920205 Y: 12870
ggT3291: Abstimmungsanfrage erhalten - lehne ab
ggT3291: Berechne Mi: 6435 Y: 3245
ggT3291: Berechne Mi: 3190 Y: 55
ggT3291: Starte Abstimmung
ggT3291: Berechne Mi: 55 Y: 715
ggT3291: Starte Abstimmung
ggT3291: Abstimmungsanfrage erhalten - nehme an
ggT3291: Abstimmungsanfrage erhalten - nehme an
ggT3291: Berechne Mi: 55 Y: 11
ggT3291: Starte Abstimmung
ggT3291: Abstimmungsanfrage erhalten - nehme an
ggT3291: Abstimmungsanfrage erhalten - nehme an
ggT3291: Berechne Mi: 11 Y: 55
ggT3291: Abstimmungsanfrage erhalten - lehne ab
ggT3291: Starte Abstimmung
ggT3291: Abstimmungsanfrage erhalten - nehme an
ggT3291: Berechne Mi: 11 Y: 11
ggT3291: Abstimmungsanfrage erhalten - lehne ab
ggT3291: Starte Abstimmung
ggT3291: Abstimmungsanfrage erhalten - nehme an
ggT3291: Abstimmungsanfrage erhalten - nehme an
ggT3291: Starte Abstimmung
ggT3291: Beendet
