Name ggT32131 erfolgreich registriert
ggT32131: linker Nachbar 31518888 ich: ggT32131 rechter Nachbar 31291
ggT32131: Abstimmungsanfrage erhalten - lehne ab
ggT32131: Starte Abstimmung
ggT32131: Mi auf 13208193141 gesetzt
ggT32131: Abstimmungsanfrage erhalten - lehne ab
ggT32131: Starte Abstimmung
ggT32131: Abstimmungsanfrage erhalten - nehme an
ggT32131: Abstimmungsanfrage erhalten - nehme an
ggT32131: Abstimmungsanfrage erhalten - nehme an
ggT32131: Abstimmungsanfrage erhalten - nehme an
ggT32131: Abstimmungsanfrage erhalten - nehme an
ggT32131: Berechne Mi: 13208193141 Y: 4015
ggT32131: Starte Abstimmung
ggT32131: Abstimmungsanfrage erhalten - nehme an
ggT32131: Berechne Mi: 3476 Y: 539
ggT32131: Starte Abstimmung
ggT32131: Abstimmungsanfrage erhalten - nehme an
ggT32131: Abstimmungsanfrage erhalten - nehme an
ggT32131: Abstimmungsanfrage erhalten - nehme an
ggT32131: Berechne Mi: 242 Y: 55
ggT32131: Starte Abstimmung
ggT32131: Abstimmungsanfrage erhalten - nehme an
ggT32131: Abstimmungsanfrage erhalten - nehme an
ggT32131: Abstimmungsanfrage erhalten - nehme an
ggT32131: Abstimmungsanfrage erhalten - nehme an
ggT32131: Abstimmungsanfrage erhalten - nehme an
ggT32131: Abstimmungsanfrage erhalten - nehme an
ggT32131: Berechne Mi: 22 Y: 11
ggT32131: Starte Abstimmung
ggT32131: Abstimmungsanfrage erhalten - nehme an
ggT32131: Abstimmungsanfrage erhalten - nehme an
ggT32131: Abstimmungsanfrage erhalten - nehme an
ggT32131: Abstimmungsanfrage erhalten - nehme an
ggT32131: Abstimmungsanfrage erhalten - nehme an
ggT32131: Starte Abstimmung
ggT32131: Beendet
