Name ggT32101 erfolgreich registriert
ggT32101: linker Nachbar 313201338 ich: ggT32101 rechter Nachbar 31212
ggT32101: Abstimmungsanfrage erhalten - lehne ab
ggT32101: Starte Abstimmung
ggT32101: Abstimmungsanfrage erhalten - nehme an
ggT32101: Abstimmungsanfrage erhalten - nehme an
ggT32101: Mi auf 1305157425 gesetzt
ggT32101: Berechne Mi: 1305157425 Y: 4186600
ggT32101: Abstimmungsanfrage erhalten - lehne ab
ggT32101: Berechne Mi: 3124825 Y: 1061775
ggT32101: Abstimmungsanfrage erhalten - lehne ab
ggT32101: Berechne Mi: 1001275 Y: 60500
ggT32101: Abstimmungsanfrage erhalten - lehne ab
ggT32101: Berechne Mi: 33275 Y: 27225
ggT32101: Abstimmungsanfrage erhalten - lehne ab
ggT32101: Berechne Mi: 6050 Y: 3025
ggT32101: Abstimmungsanfrage erhalten - lehne ab
ggT32101: Abstimmungsanfrage erhalten - nehme an
ggT32101: Abstimmungsanfrage erhalten - nehme an
ggT32101: Abstimmungsanfrage erhalten - nehme an
ggT32101: Abstimmungsanfrage erhalten - nehme an
ggT32101: Abstimmungsanfrage erhalten - nehme an
ggT32101: Abstimmungsanfrage erhalten - nehme an
ggT32101: Abstimmungsanfrage erhalten - nehme an
ggT32101: Abstimmungsanfrage erhalten - nehme an
ggT32101: Abstimmungsanfrage erhalten - nehme an
ggT32101: Berechne Mi: 3025 Y: 121
ggT32101: Abstimmungsanfrage erhalten - lehne ab
ggT32101: Abstimmungsanfrage erhalten - nehme an
ggT32101: Abstimmungsanfrage erhalten - nehme an
ggT32101: Abstimmungsanfrage erhalten - nehme an
ggT32101: Abstimmungsanfrage erhalten - nehme an
ggT32101: Abstimmungsanfrage erhalten - nehme an
ggT32101: Abstimmungsanfrage erhalten - nehme an
ggT32101: Abstimmungsanfrage erhalten - nehme an
ggT32101: Abstimmungsanfrage erhalten - nehme an
ggT32101: Abstimmungsanfrage erhalten - nehme an
ggT32101: Starte Abstimmung
ggT32101: Beendet
