Name ggT3262 erfolgreich registriert
ggT3262: linker Nachbar 313161338 ich: ggT3262 rechter Nachbar 312132
ggT3262: Abstimmungsanfrage erhalten - lehne ab
ggT3262: Starte Abstimmung
ggT3262: Abstimmungsanfrage erhalten - nehme an
ggT3262: Abstimmungsanfrage erhalten - nehme an
ggT3262: Mi auf 397969 gesetzt
ggT3262: Abstimmungsanfrage erhalten - lehne ab
ggT3262: Starte Abstimmung
ggT3262: Berechne Mi: 397969 Y: 978835
ggT3262: Abstimmungsanfrage erhalten - lehne ab
ggT3262: Starte Abstimmung
ggT3262: Abstimmungsanfrage erhalten - nehme an
ggT3262: Abstimmungsanfrage erhalten - nehme an
ggT3262: Abstimmungsanfrage erhalten - nehme an
ggT3262: Abstimmungsanfrage erhalten - nehme an
ggT3262: Abstimmungsanfrage erhalten - nehme an
ggT3262: Berechne Mi: 397969 Y: 26455
ggT3262: Abstimmungsanfrage erhalten - lehne ab
ggT3262: Abstimmungsanfrage erhalten - nehme an
ggT3262: Abstimmungsanfrage erhalten - nehme an
ggT3262: Berechne Mi: 1144 Y: 143
ggT3262: Abstimmungsanfrage erhalten - lehne ab
ggT3262: Starte Abstimmung
ggT3262: Abstimmungsanfrage erhalten - nehme an
ggT3262: Abstimmungsanfrage erhalten - nehme an
ggT3262: Abstimmungsanfrage erhalten - nehme an
ggT3262: Abstimmungsanfrage erhalten - nehme an
ggT3262: Abstimmungsanfrage erhalten - nehme an
ggT3262: Abstimmungsanfrage erhalten - nehme an
ggT3262: Abstimmungsanfrage erhalten - nehme an
ggT3262: Abstimmungsanfrage erhalten - nehme an
ggT3262: Abstimmungsanfrage erhalten - nehme an
ggT3262: Starte Abstimmung
ggT3262: Beendet
