Name ggT32181 erfolgreich registriert
ggT32181: linker Nachbar 3471 ich: ggT32181 rechter Nachbar 315138888
ggT32181: Mi auf 27225 gesetzt
ggT32181: Abstimmungsanfrage erhalten - lehne ab
ggT32181: Starte Abstimmung
ggT32181: Abstimmungsanfrage erhalten - nehme an
ggT32181: Berechne Mi: 27225 Y: 5291
ggT32181: Starte Abstimmung
ggT32181: Berechne Mi: 770 Y: 605
ggT32181: Berechne Mi: 165 Y: 671
ggT32181: Starte Abstimmung
ggT32181: Berechne Mi: 165 Y: 110
ggT32181: Starte Abstimmung
ggT32181: Berechne Mi: 55 Y: 11
ggT32181: Berechne Mi: 11 Y: 55
ggT32181: Starte Abstimmung
ggT32181: Berechne Mi: 11 Y: 11
ggT32181: Starte Abstimmung
ggT32181: Abstimmungsanfrage erhalten - nehme an
ggT32181: Abstimmungsanfrage erhalten - nehme an
ggT32181: Abstimmungsanfrage erhalten - nehme an
ggT32181: Abstimmungsanfrage erhalten - nehme an
ggT32181: Abstimmungsanfrage erhalten - nehme an
ggT32181: Starte Abstimmung
ggT32181: Beendet
