Name ggT32172 erfolgreich registriert
ggT32172: linker Nachbar 31351338 ich: ggT32172 rechter Nachbar 3181099
ggT32172: Abstimmungsanfrage erhalten - lehne ab
ggT32172: Starte Abstimmung
ggT32172: Abstimmungsanfrage erhalten - nehme an
ggT32172: Mi auf 69973475 gesetzt
ggT32172: Abstimmungsanfrage erhalten - lehne ab
ggT32172: Starte Abstimmung
ggT32172: Berechne Mi: 69973475 Y: 1282710
ggT32172: Abstimmungsanfrage erhalten - lehne ab
ggT32172: Abstimmungsanfrage erhalten - nehme an
ggT32172: Abstimmungsanfrage erhalten - nehme an
ggT32172: Berechne Mi: 707135 Y: 575575
ggT32172: Abstimmungsanfrage erhalten - lehne ab
ggT32172: Berechne Mi: 131560 Y: 49335
ggT32172: Berechne Mi: 32890 Y: 11385
ggT32172: Abstimmungsanfrage erhalten - lehne ab
ggT32172: Berechne Mi: 10120 Y: 3795
ggT32172: Abstimmungsanfrage erhalten - lehne ab
ggT32172: Abstimmungsanfrage erhalten - nehme an
ggT32172: Abstimmungsanfrage erhalten - nehme an
ggT32172: Abstimmungsanfrage erhalten - nehme an
ggT32172: Abstimmungsanfrage erhalten - nehme an
ggT32172: Abstimmungsanfrage erhalten - nehme an
ggT32172: Abstimmungsanfrage erhalten - nehme an
ggT32172: Abstimmungsanfrage erhalten - nehme an
ggT32172: Abstimmungsanfrage erhalten - nehme an
ggT32172: Abstimmungsanfrage erhalten - nehme an
ggT32172: Berechne Mi: 2530 Y: 759
ggT32172: Berechne Mi: 253 Y: 253
ggT32172: Abstimmungsanfrage erhalten - lehne ab
ggT32172: Abstimmungsanfrage erhalten - nehme an
ggT32172: Abstimmungsanfrage erhalten - nehme an
ggT32172: Abstimmungsanfrage erhalten - nehme an
ggT32172: Abstimmungsanfrage erhalten - nehme an
ggT32172: Abstimmungsanfrage erhalten - nehme an
ggT32172: Abstimmungsanfrage erhalten - nehme an
ggT32172: Abstimmungsanfrage erhalten - nehme an
ggT32172: Abstimmungsanfrage erhalten - nehme an
ggT32172: Abstimmungsanfrage erhalten - nehme an
ggT32172: Abstimmungsanfrage erhalten - nehme an
ggT32172: Abstimmungsanfrage erhalten - nehme an
ggT32172: Starte Abstimmung
ggT32172: Beendet
