Name ggT3242 erfolgreich registriert
ggT3242: linker Nachbar 31538888 ich: ggT3242 rechter Nachbar 3461
ggT3242: Mi auf 24585275 gesetzt
ggT3242: Abstimmungsanfrage erhalten - lehne ab
ggT3242: Starte Abstimmung
ggT3242: Berechne Mi: 24585275 Y: 2000471
ggT3242: Starte Abstimmung
ggT3242: Berechne Mi: 579623 Y: 261602
ggT3242: Berechne Mi: 56419 Y: 13409
ggT3242: Starte Abstimmung
ggT3242: Berechne Mi: 2783 Y: 35926
ggT3242: Starte Abstimmung
ggT3242: Berechne Mi: 2783 Y: 2277
ggT3242: Starte Abstimmung
ggT3242: Berechne Mi: 506 Y: 2530
ggT3242: Starte Abstimmung
ggT3242: Berechne Mi: 506 Y: 253
ggT3242: Starte Abstimmung
ggT3242: Berechne Mi: 253 Y: 506
ggT3242: Starte Abstimmung
ggT3242: Abstimmungsanfrage erhalten - nehme an
ggT3242: Berechne Mi: 253 Y: 253
ggT3242: Starte Abstimmung
ggT3242: Starte Abstimmung
ggT3242: Beendet
