Name ggT32171 erfolgreich registriert
ggT32171: linker Nachbar 315198888 ich: ggT32171 rechter Nachbar 31519889
ggT32171: Abstimmungsanfrage erhalten - lehne ab
ggT32171: Starte Abstimmung
ggT32171: Mi auf 105823575 gesetzt
ggT32171: Abstimmungsanfrage erhalten - lehne ab
ggT32171: Starte Abstimmung
ggT32171: Abstimmungsanfrage erhalten - nehme an
ggT32171: Berechne Mi: 105823575 Y: 15367
ggT32171: Starte Abstimmung
ggT32171: Berechne Mi: 6413 Y: 5566
ggT32171: Starte Abstimmung
ggT32171: Berechne Mi: 847 Y: 484
ggT32171: Starte Abstimmung
ggT32171: Abstimmungsanfrage erhalten - nehme an
ggT32171: Berechne Mi: 363 Y: 242
ggT32171: Starte Abstimmung
ggT32171: Berechne Mi: 121 Y: 121
ggT32171: Starte Abstimmung
ggT32171: Abstimmungsanfrage erhalten - nehme an
ggT32171: Abstimmungsanfrage erhalten - nehme an
ggT32171: Berechne Mi: 121 Y: 121
ggT32171: Starte Abstimmung
ggT32171: Starte Abstimmung
ggT32171: Beendet
