4-client@KHAN.informatik.haw-hamburg.de-<0.38.0>-Gruppe1-2 Start: 21.10 13:56:45,206|
4-client@KHAN.informatik.haw-hamburg.de-<0.38.0>-Gruppe1-2: 5te_Nachricht. C Out: 21.10 13:56:50,401| gesendet
4-client@KHAN.informatik.haw-hamburg.de-<0.38.0>-Gruppe1-2: 10te_Nachricht. C Out: 21.10 13:56:55,408| gesendet
4-client@KHAN.informatik.haw-hamburg.de-<0.38.0>-Gruppe1-2: 27te_Nachricht. C Out: 21.10 13:57:00,415| gesendet
4-client@KHAN.informatik.haw-hamburg.de-<0.38.0>-Gruppe1-2: 28te_Nachricht. C Out: 21.10 13:57:05,423| gesendet
4-client@KHAN.informatik.haw-hamburg.de-<0.38.0>-Gruppe1-2: 39te_Nachricht. C Out: 21.10 13:57:10,431| gesendet
49te Nachricht um 21.10 13:57:10,447| vergessen zu senden
5-client@KHAN.informatik.haw-hamburg.de-<0.38.0>-Gruppe1-2 6te_Nachricht. COut: 21.10 13:56:50,401| HBQ In: 21.10 13:56:50,431|DLQ In: 21.10 13:56:50,447|C In:21.10 13:57:10,540|
2-client@KHAN.informatik.haw-hamburg.de-<0.38.0>-Gruppe1-2 7te_Nachricht. COut: 21.10 13:56:50,401| HBQ In: 21.10 13:56:50,416|DLQ In: 21.10 13:56:50,447|C In:21.10 13:57:10,618|
3-client@KHAN.informatik.haw-hamburg.de-<0.38.0>-Gruppe1-2 8te_Nachricht. COut: 21.10 13:56:50,401| HBQ In: 21.10 13:56:50,415|DLQ In: 21.10 13:56:50,447|C In:21.10 13:57:10,681|
1-client@KHAN.informatik.haw-hamburg.de-<0.38.0>-Gruppe1-2 9te_Nachricht. COut: 21.10 13:56:50,401| HBQ In: 21.10 13:56:50,401|DLQ In: 21.10 13:56:50,447|C In:21.10 13:57:10,743|
4-client@KHAN.informatik.haw-hamburg.de-<0.38.0>-Gruppe1-2 10te_Nachricht. COut: 21.10 13:56:55,408| HBQ In: 21.10 13:56:55,455|DLQ In: 21.10 13:56:55,455|*******C In:21.10 13:57:10,790|
1-client@KHAN.informatik.haw-hamburg.de-<0.38.0>-Gruppe1-2 11te_Nachricht. COut: 21.10 13:56:55,408| HBQ In: 21.10 13:56:55,455|DLQ In: 21.10 13:56:55,455|C In:21.10 13:57:10,852|
3-client@KHAN.informatik.haw-hamburg.de-<0.38.0>-Gruppe1-2 12te_Nachricht. COut: 21.10 13:56:55,408| HBQ In: 21.10 13:56:55,455|DLQ In: 21.10 13:56:55,455|C In:21.10 13:57:10,915|
2-client@KHAN.informatik.haw-hamburg.de-<0.38.0>-Gruppe1-2 13te_Nachricht. COut: 21.10 13:56:55,408| HBQ In: 21.10 13:56:55,439|DLQ In: 21.10 13:56:55,455|C In:21.10 13:57:10,977|
5-client@KHAN.informatik.haw-hamburg.de-<0.38.0>-Gruppe1-2 14te_Nachricht. COut: 21.10 13:56:55,408| HBQ In: 21.10 13:56:55,439|DLQ In: 21.10 13:56:55,455|C In:21.10 13:57:11,039|
6-client@KHAN.informatik.haw-hamburg.de-<0.38.0>-Gruppe1-2 15te_Nachricht. COut: 21.10 13:56:55,408| HBQ In: 21.10 13:56:55,424|DLQ In: 21.10 13:56:55,455|C In:21.10 13:57:11,102|
7-client@KHAN.informatik.haw-hamburg.de-<0.38.0>-Gruppe1-2 16te_Nachricht. COut: 21.10 13:56:55,408| HBQ In: 21.10 13:56:55,423|DLQ In: 21.10 13:56:55,455|C In:21.10 13:57:11,180|
8-client@KHAN.informatik.haw-hamburg.de-<0.38.0>-Gruppe1-2 17te_Nachricht. COut: 21.10 13:56:55,408| HBQ In: 21.10 13:56:55,408|DLQ In: 21.10 13:56:55,455|C In:21.10 13:57:11,242|
9-client@KHAN.informatik.haw-hamburg.de-<0.38.0>-Gruppe1-2 18te_Nachricht. COut: 21.10 13:56:55,407| HBQ In: 21.10 13:56:55,407|DLQ In: 21.10 13:56:55,455|C In:21.10 13:57:11,289|
9-client@KHAN.informatik.haw-hamburg.de-<0.38.0>-Gruppe1-2 19te_Nachricht. COut: 21.10 13:57:00,416| HBQ In: 21.10 13:57:00,478|DLQ In: 21.10 13:57:00,478|C In:21.10 13:57:11,351|
8-client@KHAN.informatik.haw-hamburg.de-<0.38.0>-Gruppe1-2 20te_Nachricht. COut: 21.10 13:57:00,416| HBQ In: 21.10 13:57:00,478|DLQ In: 21.10 13:57:00,478|C In:21.10 13:57:11,414|
7-client@KHAN.informatik.haw-hamburg.de-<0.38.0>-Gruppe1-2 21te_Nachricht. COut: 21.10 13:57:00,416| HBQ In: 21.10 13:57:00,463|DLQ In: 21.10 13:57:00,478|C In:21.10 13:57:11,476|
6-client@KHAN.informatik.haw-hamburg.de-<0.38.0>-Gruppe1-2 22te_Nachricht. COut: 21.10 13:57:00,416| HBQ In: 21.10 13:57:00,463|DLQ In: 21.10 13:57:00,478|C In:21.10 13:57:11,539|
5-client@KHAN.informatik.haw-hamburg.de-<0.38.0>-Gruppe1-2 23te_Nachricht. COut: 21.10 13:57:00,416| HBQ In: 21.10 13:57:00,447|DLQ In: 21.10 13:57:00,478|C In:21.10 13:57:11,601|
2-client@KHAN.informatik.haw-hamburg.de-<0.38.0>-Gruppe1-2 24te_Nachricht. COut: 21.10 13:57:00,416| HBQ In: 21.10 13:57:00,447|DLQ In: 21.10 13:57:00,478|C In:21.10 13:57:11,663|
3-client@KHAN.informatik.haw-hamburg.de-<0.38.0>-Gruppe1-2 25te_Nachricht. COut: 21.10 13:57:00,416| HBQ In: 21.10 13:57:00,431|DLQ In: 21.10 13:57:00,478|C In:21.10 13:57:11,726|
1-client@KHAN.informatik.haw-hamburg.de-<0.38.0>-Gruppe1-2 26te_Nachricht. COut: 21.10 13:57:00,416| HBQ In: 21.10 13:57:00,416|DLQ In: 21.10 13:57:00,478|C In:21.10 13:57:11,788|
4-client@KHAN.informatik.haw-hamburg.de-<0.38.0>-Gruppe1-2 27te_Nachricht. COut: 21.10 13:57:00,415| HBQ In: 21.10 13:57:00,415|DLQ In: 21.10 13:57:00,478|*******C In:21.10 13:57:11,851|
4-client@KHAN.informatik.haw-hamburg.de-<0.38.0>-Gruppe1-2 28te_Nachricht. COut: 21.10 13:57:05,423| HBQ In: 21.10 13:57:05,439|DLQ In: 21.10 13:57:05,439|*******C In:21.10 13:57:11,897|
1-client@KHAN.informatik.haw-hamburg.de-<0.38.0>-Gruppe1-2 29te_Nachricht. COut: 21.10 13:57:05,423| HBQ In: 21.10 13:57:05,423|DLQ In: 21.10 13:57:05,439|C In:21.10 13:57:11,960|
3-client@KHAN.informatik.haw-hamburg.de-<0.38.0>-Gruppe1-2 30te_Nachricht. COut: 21.10 13:57:05,423| HBQ In: 21.10 13:57:05,470|DLQ In: 21.10 13:57:05,470|C In:21.10 13:57:12,022|
2-client@KHAN.informatik.haw-hamburg.de-<0.38.0>-Gruppe1-2 31te_Nachricht. COut: 21.10 13:57:05,423| HBQ In: 21.10 13:57:05,470|DLQ In: 21.10 13:57:05,470|C In:21.10 13:57:12,085|
5-client@KHAN.informatik.haw-hamburg.de-<0.38.0>-Gruppe1-2 32te_Nachricht. COut: 21.10 13:57:05,423| HBQ In: 21.10 13:57:05,470|DLQ In: 21.10 13:57:05,470|C In:21.10 13:57:12,147|
6-client@KHAN.informatik.haw-hamburg.de-<0.38.0>-Gruppe1-2 33te_Nachricht. COut: 21.10 13:57:05,423| HBQ In: 21.10 13:57:05,455|DLQ In: 21.10 13:57:05,470|C In:21.10 13:57:12,209|
7-client@KHAN.informatik.haw-hamburg.de-<0.38.0>-Gruppe1-2 34te_Nachricht. COut: 21.10 13:57:05,423| HBQ In: 21.10 13:57:05,455|DLQ In: 21.10 13:57:05,470|C In:21.10 13:57:12,272|
9-client@KHAN.informatik.haw-hamburg.de-<0.38.0>-Gruppe1-2 35te_Nachricht. COut: 21.10 13:57:05,423| HBQ In: 21.10 13:57:05,439|DLQ In: 21.10 13:57:05,470|C In:21.10 13:57:12,334|
8-client@KHAN.informatik.haw-hamburg.de-<0.38.0>-Gruppe1-2 36te_Nachricht. COut: 21.10 13:57:05,423| HBQ In: 21.10 13:57:05,423|DLQ In: 21.10 13:57:05,470|C In:21.10 13:57:12,397|
8-client@KHAN.informatik.haw-hamburg.de-<0.38.0>-Gruppe1-2 37te_Nachricht. COut: 21.10 13:57:10,431| HBQ In: 21.10 13:57:10,478|DLQ In: 21.10 13:57:10,478|C In:21.10 13:57:12,459|
1-client@KHAN.informatik.haw-hamburg.de-<0.38.0>-Gruppe1-2 38te_Nachricht. COut: 21.10 13:57:10,431| HBQ In: 21.10 13:57:10,478|DLQ In: 21.10 13:57:10,478|C In:21.10 13:57:12,521|
4-client@KHAN.informatik.haw-hamburg.de-<0.38.0>-Gruppe1-2 39te_Nachricht. COut: 21.10 13:57:10,431| HBQ In: 21.10 13:57:10,447|DLQ In: 21.10 13:57:10,478|*******C In:21.10 13:57:12,584|
9-client@KHAN.informatik.haw-hamburg.de-<0.38.0>-Gruppe1-2 40te_Nachricht. COut: 21.10 13:57:10,431| HBQ In: 21.10 13:57:10,478|DLQ In: 21.10 13:57:10,478|C In:21.10 13:57:12,646|
7-client@KHAN.informatik.haw-hamburg.de-<0.38.0>-Gruppe1-2 41te_Nachricht. COut: 21.10 13:57:10,431| HBQ In: 21.10 13:57:10,462|DLQ In: 21.10 13:57:10,492|C In:21.10 13:57:12,709|
6-client@KHAN.informatik.haw-hamburg.de-<0.38.0>-Gruppe1-2 42te_Nachricht. COut: 21.10 13:57:10,431| HBQ In: 21.10 13:57:10,447|DLQ In: 21.10 13:57:10,493|C In:21.10 13:57:12,771|
5-client@KHAN.informatik.haw-hamburg.de-<0.38.0>-Gruppe1-2 43te_Nachricht. COut: 21.10 13:57:10,431| HBQ In: 21.10 13:57:10,462|DLQ In: 21.10 13:57:10,508|C In:21.10 13:57:12,833|
2-client@KHAN.informatik.haw-hamburg.de-<0.38.0>-Gruppe1-2 44te_Nachricht. COut: 21.10 13:57:10,431| HBQ In: 21.10 13:57:10,431|DLQ In: 21.10 13:57:10,509|C In:21.10 13:57:12,896|
3-client@KHAN.informatik.haw-hamburg.de-<0.38.0>-Gruppe1-2 45te_Nachricht. COut: 21.10 13:57:10,431| HBQ In: 21.10 13:57:10,447|DLQ In: 21.10 13:57:10,524|C In:21.10 13:57:12,958|
..getmessages..Done..
Neuer Sendeintervall: 6 Sekunden (5)
4-client@KHAN.informatik.haw-hamburg.de-<0.38.0>-Gruppe1-2: 58te_Nachricht. C Out: 21.10 13:57:18,964| gesendet
4-client@KHAN.informatik.haw-hamburg.de-<0.38.0>-Gruppe1-2: 69te_Nachricht. C Out: 21.10 13:57:24,970| gesendet
4-client@KHAN.informatik.haw-hamburg.de-<0.38.0>-Gruppe1-2: 80te_Nachricht. C Out: 21.10 13:57:30,976| gesendet
4-client@KHAN.informatik.haw-hamburg.de-<0.38.0>-Gruppe1-2: 91te_Nachricht. C Out: 21.10 13:57:36,982| gesendet
4-client@KHAN.informatik.haw-hamburg.de-<0.38.0>-Gruppe1-2: 105te_Nachricht. C Out: 21.10 13:57:42,988| gesendet
114te Nachricht um 21.10 13:57:43,020| vergessen zu senden
2-client@KHAN.informatik.haw-hamburg.de-<0.38.0>-Gruppe1-2 55te_Nachricht. COut: 21.10 13:57:16,935| HBQ In: 21.10 13:57:16,935|DLQ In: 21.10 13:57:25,080|C In:21.10 13:57:43,051|
3-client@KHAN.informatik.haw-hamburg.de-<0.38.0>-Gruppe1-2 56te_Nachricht. COut: 21.10 13:57:18,948| HBQ In: 21.10 13:57:18,948|DLQ In: 21.10 13:57:25,080|C In:21.10 13:57:43,066|
6-client@KHAN.informatik.haw-hamburg.de-<0.38.0>-Gruppe1-2 57te_Nachricht. COut: 21.10 13:57:18,964| HBQ In: 21.10 13:57:18,964|DLQ In: 21.10 13:57:25,080|C In:21.10 13:57:43,098|
4-client@KHAN.informatik.haw-hamburg.de-<0.38.0>-Gruppe1-2 58te_Nachricht. COut: 21.10 13:57:18,964| HBQ In: 21.10 13:57:18,964|DLQ In: 21.10 13:57:25,095|*******C In:21.10 13:57:43,129|
5-client@KHAN.informatik.haw-hamburg.de-<0.38.0>-Gruppe1-2 59te_Nachricht. COut: 21.10 13:57:18,980| HBQ In: 21.10 13:57:18,980|DLQ In: 21.10 13:57:25,095|C In:21.10 13:57:43,176|
7-client@KHAN.informatik.haw-hamburg.de-<0.38.0>-Gruppe1-2 60te_Nachricht. COut: 21.10 13:57:18,980| HBQ In: 21.10 13:57:18,980|DLQ In: 21.10 13:57:25,095|C In:21.10 13:57:43,207|
9-client@KHAN.informatik.haw-hamburg.de-<0.38.0>-Gruppe1-2 61te_Nachricht. COut: 21.10 13:57:17,999| HBQ In: 21.10 13:57:17,999|DLQ In: 21.10 13:57:25,111|C In:21.10 13:57:43,238|
1-client@KHAN.informatik.haw-hamburg.de-<0.38.0>-Gruppe1-2 62te_Nachricht. COut: 21.10 13:57:17,014| HBQ In: 21.10 13:57:17,014|DLQ In: 21.10 13:57:25,111|C In:21.10 13:57:43,269|
8-client@KHAN.informatik.haw-hamburg.de-<0.38.0>-Gruppe1-2 63te_Nachricht. COut: 21.10 13:57:17,014| HBQ In: 21.10 13:57:17,014|DLQ In: 21.10 13:57:25,125|C In:21.10 13:57:43,300|
2-client@KHAN.informatik.haw-hamburg.de-<0.38.0>-Gruppe1-2 64te_Nachricht. COut: 21.10 13:57:20,946| HBQ In: 21.10 13:57:20,946|DLQ In: 21.10 13:57:25,126|C In:21.10 13:57:43,332|
9-client@KHAN.informatik.haw-hamburg.de-<0.38.0>-Gruppe1-2 65te_Nachricht. COut: 21.10 13:57:21,008| HBQ In: 21.10 13:57:21,008|DLQ In: 21.10 13:57:25,126|C In:21.10 13:57:43,363|
8-client@KHAN.informatik.haw-hamburg.de-<0.38.0>-Gruppe1-2 66te_Nachricht. COut: 21.10 13:57:21,024| HBQ In: 21.10 13:57:21,024|DLQ In: 21.10 13:57:25,141|C In:21.10 13:57:43,394|
1-client@KHAN.informatik.haw-hamburg.de-<0.38.0>-Gruppe1-2 67te_Nachricht. COut: 21.10 13:57:21,024| HBQ In: 21.10 13:57:21,024|DLQ In: 21.10 13:57:25,142|C In:21.10 13:57:43,425|
3-client@KHAN.informatik.haw-hamburg.de-<0.38.0>-Gruppe1-2 68te_Nachricht. COut: 21.10 13:57:24,955| HBQ In: 21.10 13:57:25,017|DLQ In: 21.10 13:57:25,142|C In:21.10 13:57:43,456|
4-client@KHAN.informatik.haw-hamburg.de-<0.38.0>-Gruppe1-2 69te_Nachricht. COut: 21.10 13:57:24,970| HBQ In: 21.10 13:57:25,033|DLQ In: 21.10 13:57:25,157|*******C In:21.10 13:57:43,488|
6-client@KHAN.informatik.haw-hamburg.de-<0.38.0>-Gruppe1-2 70te_Nachricht. COut: 21.10 13:57:24,970| HBQ In: 21.10 13:57:25,032|DLQ In: 21.10 13:57:25,158|C In:21.10 13:57:43,519|
7-client@KHAN.informatik.haw-hamburg.de-<0.38.0>-Gruppe1-2 71te_Nachricht. COut: 21.10 13:57:24,986| HBQ In: 21.10 13:57:25,048|DLQ In: 21.10 13:57:25,158|C In:21.10 13:57:43,550|
5-client@KHAN.informatik.haw-hamburg.de-<0.38.0>-Gruppe1-2 72te_Nachricht. COut: 21.10 13:57:24,986| HBQ In: 21.10 13:57:25,048|DLQ In: 21.10 13:57:25,173|C In:21.10 13:57:43,581|
2-client@KHAN.informatik.haw-hamburg.de-<0.38.0>-Gruppe1-2 73te_Nachricht. COut: 21.10 13:57:24,955| HBQ In: 21.10 13:57:25,016|DLQ In: 21.10 13:57:25,173|C In:21.10 13:57:43,612|
9-client@KHAN.informatik.haw-hamburg.de-<0.38.0>-Gruppe1-2 74te_Nachricht. COut: 21.10 13:57:25,016| HBQ In: 21.10 13:57:25,064|DLQ In: 21.10 13:57:25,173|C In:21.10 13:57:43,644|
1-client@KHAN.informatik.haw-hamburg.de-<0.38.0>-Gruppe1-2 75te_Nachricht. COut: 21.10 13:57:25,033| HBQ In: 21.10 13:57:25,189|DLQ In: 21.10 13:57:25,189|C In:21.10 13:57:43,675|
8-client@KHAN.informatik.haw-hamburg.de-<0.38.0>-Gruppe1-2 76te_Nachricht. COut: 21.10 13:57:25,032| HBQ In: 21.10 13:57:25,064|DLQ In: 21.10 13:57:25,189|C In:21.10 13:57:43,706|
2-client@KHAN.informatik.haw-hamburg.de-<0.38.0>-Gruppe1-2 77te_Nachricht. COut: 21.10 13:57:28,964| HBQ In: 21.10 13:57:28,964|DLQ In: 21.10 13:57:28,964|C In:21.10 13:57:43,737|
3-client@KHAN.informatik.haw-hamburg.de-<0.38.0>-Gruppe1-2 78te_Nachricht. COut: 21.10 13:57:30,960| HBQ In: 21.10 13:57:30,960|DLQ In: 21.10 13:57:30,961|C In:21.10 13:57:43,768|
6-client@KHAN.informatik.haw-hamburg.de-<0.38.0>-Gruppe1-2 79te_Nachricht. COut: 21.10 13:57:30,976| HBQ In: 21.10 13:57:30,976|DLQ In: 21.10 13:57:30,992|C In:21.10 13:57:43,800|
4-client@KHAN.informatik.haw-hamburg.de-<0.38.0>-Gruppe1-2 80te_Nachricht. COut: 21.10 13:57:30,976| HBQ In: 21.10 13:57:30,976|DLQ In: 21.10 13:57:30,992|*******C In:21.10 13:57:43,831|
5-client@KHAN.informatik.haw-hamburg.de-<0.38.0>-Gruppe1-2 81te_Nachricht. COut: 21.10 13:57:30,992| HBQ In: 21.10 13:57:31,008|DLQ In: 21.10 13:57:31,008|C In:21.10 13:57:43,878|
7-client@KHAN.informatik.haw-hamburg.de-<0.38.0>-Gruppe1-2 82te_Nachricht. COut: 21.10 13:57:30,992| HBQ In: 21.10 13:57:30,992|DLQ In: 21.10 13:57:31,008|C In:21.10 13:57:43,909|
9-client@KHAN.informatik.haw-hamburg.de-<0.38.0>-Gruppe1-2 83te_Nachricht. COut: 21.10 13:57:29,026| HBQ In: 21.10 13:57:29,026|DLQ In: 21.10 13:57:31,022|C In:21.10 13:57:43,940|
8-client@KHAN.informatik.haw-hamburg.de-<0.38.0>-Gruppe1-2 84te_Nachricht. COut: 21.10 13:57:29,042| HBQ In: 21.10 13:57:29,042|DLQ In: 21.10 13:57:31,023|C In:21.10 13:57:43,987|
1-client@KHAN.informatik.haw-hamburg.de-<0.38.0>-Gruppe1-2 85te_Nachricht. COut: 21.10 13:57:29,042| HBQ In: 21.10 13:57:29,042|DLQ In: 21.10 13:57:31,023|C In:21.10 13:57:44,018|
2-client@KHAN.informatik.haw-hamburg.de-<0.38.0>-Gruppe1-2 86te_Nachricht. COut: 21.10 13:57:32,972| HBQ In: 21.10 13:57:32,972|DLQ In: 21.10 13:57:32,973|C In:21.10 13:57:44,049|
9-client@KHAN.informatik.haw-hamburg.de-<0.38.0>-Gruppe1-2 87te_Nachricht. COut: 21.10 13:57:33,036| HBQ In: 21.10 13:57:33,050|DLQ In: 21.10 13:57:33,051|C In:21.10 13:57:44,080|
1-client@KHAN.informatik.haw-hamburg.de-<0.38.0>-Gruppe1-2 88te_Nachricht. COut: 21.10 13:57:33,051| HBQ In: 21.10 13:57:33,067|DLQ In: 21.10 13:57:33,082|C In:21.10 13:57:44,127|
8-client@KHAN.informatik.haw-hamburg.de-<0.38.0>-Gruppe1-2 89te_Nachricht. COut: 21.10 13:57:33,050| HBQ In: 21.10 13:57:33,066|DLQ In: 21.10 13:57:33,082|C In:21.10 13:57:44,158|
3-client@KHAN.informatik.haw-hamburg.de-<0.38.0>-Gruppe1-2 90te_Nachricht. COut: 21.10 13:57:36,967| HBQ In: 21.10 13:57:36,967|DLQ In: 21.10 13:57:36,967|C In:21.10 13:57:44,190|
4-client@KHAN.informatik.haw-hamburg.de-<0.38.0>-Gruppe1-2 91te_Nachricht. COut: 21.10 13:57:36,982| HBQ In: 21.10 13:57:36,982|DLQ In: 21.10 13:57:37,998|*******C In:21.10 13:57:44,221|
6-client@KHAN.informatik.haw-hamburg.de-<0.38.0>-Gruppe1-2 92te_Nachricht. COut: 21.10 13:57:36,982| HBQ In: 21.10 13:57:36,982|DLQ In: 21.10 13:57:37,998|C In:21.10 13:57:44,268|
7-client@KHAN.informatik.haw-hamburg.de-<0.38.0>-Gruppe1-2 93te_Nachricht. COut: 21.10 13:57:37,998| HBQ In: 21.10 13:57:37,014|DLQ In: 21.10 13:57:37,014|C In:21.10 13:57:44,299|
5-client@KHAN.informatik.haw-hamburg.de-<0.38.0>-Gruppe1-2 94te_Nachricht. COut: 21.10 13:57:37,998| HBQ In: 21.10 13:57:37,998|DLQ In: 21.10 13:57:37,014|C In:21.10 13:57:44,330|
..getmessages..Done..
Neuer Sendeintervall: 7 Sekunden (6)
4-client@KHAN.informatik.haw-hamburg.de-<0.38.0>-Gruppe1-2: 123te_Nachricht. C Out: 21.10 13:57:51,335| gesendet
4-client@KHAN.informatik.haw-hamburg.de-<0.38.0>-Gruppe1-2: 136te_Nachricht. C Out: 21.10 13:57:58,339| gesendet
4-client@KHAN.informatik.haw-hamburg.de-<0.38.0>-Gruppe1-2: 148te_Nachricht. C Out: 21.10 13:58:05,343| gesendet
4-client@KHAN.informatik.haw-hamburg.de-<0.38.0>-Gruppe1-2: 168te_Nachricht. C Out: 21.10 13:58:12,347| gesendet
