3-client@KHAN.informatik.haw-hamburg.de-<0.38.0>-Gruppe1-2 Start: 21.10 13:56:45,206|
3-client@KHAN.informatik.haw-hamburg.de-<0.38.0>-Gruppe1-2: 8te_Nachricht. C Out: 21.10 13:56:50,401| gesendet
3-client@KHAN.informatik.haw-hamburg.de-<0.38.0>-Gruppe1-2: 12te_Nachricht. C Out: 21.10 13:56:55,408| gesendet
3-client@KHAN.informatik.haw-hamburg.de-<0.38.0>-Gruppe1-2: 25te_Nachricht. C Out: 21.10 13:57:00,416| gesendet
3-client@KHAN.informatik.haw-hamburg.de-<0.38.0>-Gruppe1-2: 30te_Nachricht. C Out: 21.10 13:57:05,423| gesendet
3-client@KHAN.informatik.haw-hamburg.de-<0.38.0>-Gruppe1-2: 45te_Nachricht. C Out: 21.10 13:57:10,431| gesendet
47te Nachricht um 21.10 13:57:10,447| vergessen zu senden
5-client@KHAN.informatik.haw-hamburg.de-<0.38.0>-Gruppe1-2 6te_Nachricht. COut: 21.10 13:56:50,401| HBQ In: 21.10 13:56:50,431|DLQ In: 21.10 13:56:50,447|C In:21.10 13:57:10,525|
2-client@KHAN.informatik.haw-hamburg.de-<0.38.0>-Gruppe1-2 7te_Nachricht. COut: 21.10 13:56:50,401| HBQ In: 21.10 13:56:50,416|DLQ In: 21.10 13:56:50,447|C In:21.10 13:57:10,603|
3-client@KHAN.informatik.haw-hamburg.de-<0.38.0>-Gruppe1-2 8te_Nachricht. COut: 21.10 13:56:50,401| HBQ In: 21.10 13:56:50,415|DLQ In: 21.10 13:56:50,447|*******C In:21.10 13:57:10,665|
1-client@KHAN.informatik.haw-hamburg.de-<0.38.0>-Gruppe1-2 9te_Nachricht. COut: 21.10 13:56:50,401| HBQ In: 21.10 13:56:50,401|DLQ In: 21.10 13:56:50,447|C In:21.10 13:57:10,727|
4-client@KHAN.informatik.haw-hamburg.de-<0.38.0>-Gruppe1-2 10te_Nachricht. COut: 21.10 13:56:55,408| HBQ In: 21.10 13:56:55,455|DLQ In: 21.10 13:56:55,455|C In:21.10 13:57:10,774|
1-client@KHAN.informatik.haw-hamburg.de-<0.38.0>-Gruppe1-2 11te_Nachricht. COut: 21.10 13:56:55,408| HBQ In: 21.10 13:56:55,455|DLQ In: 21.10 13:56:55,455|C In:21.10 13:57:10,837|
3-client@KHAN.informatik.haw-hamburg.de-<0.38.0>-Gruppe1-2 12te_Nachricht. COut: 21.10 13:56:55,408| HBQ In: 21.10 13:56:55,455|DLQ In: 21.10 13:56:55,455|*******C In:21.10 13:57:10,899|
2-client@KHAN.informatik.haw-hamburg.de-<0.38.0>-Gruppe1-2 13te_Nachricht. COut: 21.10 13:56:55,408| HBQ In: 21.10 13:56:55,439|DLQ In: 21.10 13:56:55,455|C In:21.10 13:57:10,961|
5-client@KHAN.informatik.haw-hamburg.de-<0.38.0>-Gruppe1-2 14te_Nachricht. COut: 21.10 13:56:55,408| HBQ In: 21.10 13:56:55,439|DLQ In: 21.10 13:56:55,455|C In:21.10 13:57:11,024|
6-client@KHAN.informatik.haw-hamburg.de-<0.38.0>-Gruppe1-2 15te_Nachricht. COut: 21.10 13:56:55,408| HBQ In: 21.10 13:56:55,424|DLQ In: 21.10 13:56:55,455|C In:21.10 13:57:11,086|
7-client@KHAN.informatik.haw-hamburg.de-<0.38.0>-Gruppe1-2 16te_Nachricht. COut: 21.10 13:56:55,408| HBQ In: 21.10 13:56:55,423|DLQ In: 21.10 13:56:55,455|C In:21.10 13:57:11,164|
8-client@KHAN.informatik.haw-hamburg.de-<0.38.0>-Gruppe1-2 17te_Nachricht. COut: 21.10 13:56:55,408| HBQ In: 21.10 13:56:55,408|DLQ In: 21.10 13:56:55,455|C In:21.10 13:57:11,227|
9-client@KHAN.informatik.haw-hamburg.de-<0.38.0>-Gruppe1-2 18te_Nachricht. COut: 21.10 13:56:55,407| HBQ In: 21.10 13:56:55,407|DLQ In: 21.10 13:56:55,455|C In:21.10 13:57:11,289|
9-client@KHAN.informatik.haw-hamburg.de-<0.38.0>-Gruppe1-2 19te_Nachricht. COut: 21.10 13:57:00,416| HBQ In: 21.10 13:57:00,478|DLQ In: 21.10 13:57:00,478|C In:21.10 13:57:11,351|
8-client@KHAN.informatik.haw-hamburg.de-<0.38.0>-Gruppe1-2 20te_Nachricht. COut: 21.10 13:57:00,416| HBQ In: 21.10 13:57:00,478|DLQ In: 21.10 13:57:00,478|C In:21.10 13:57:11,398|
7-client@KHAN.informatik.haw-hamburg.de-<0.38.0>-Gruppe1-2 21te_Nachricht. COut: 21.10 13:57:00,416| HBQ In: 21.10 13:57:00,463|DLQ In: 21.10 13:57:00,478|C In:21.10 13:57:11,461|
6-client@KHAN.informatik.haw-hamburg.de-<0.38.0>-Gruppe1-2 22te_Nachricht. COut: 21.10 13:57:00,416| HBQ In: 21.10 13:57:00,463|DLQ In: 21.10 13:57:00,478|C In:21.10 13:57:11,523|
5-client@KHAN.informatik.haw-hamburg.de-<0.38.0>-Gruppe1-2 23te_Nachricht. COut: 21.10 13:57:00,416| HBQ In: 21.10 13:57:00,447|DLQ In: 21.10 13:57:00,478|C In:21.10 13:57:11,585|
2-client@KHAN.informatik.haw-hamburg.de-<0.38.0>-Gruppe1-2 24te_Nachricht. COut: 21.10 13:57:00,416| HBQ In: 21.10 13:57:00,447|DLQ In: 21.10 13:57:00,478|C In:21.10 13:57:11,648|
3-client@KHAN.informatik.haw-hamburg.de-<0.38.0>-Gruppe1-2 25te_Nachricht. COut: 21.10 13:57:00,416| HBQ In: 21.10 13:57:00,431|DLQ In: 21.10 13:57:00,478|*******C In:21.10 13:57:11,710|
1-client@KHAN.informatik.haw-hamburg.de-<0.38.0>-Gruppe1-2 26te_Nachricht. COut: 21.10 13:57:00,416| HBQ In: 21.10 13:57:00,416|DLQ In: 21.10 13:57:00,478|C In:21.10 13:57:11,773|
4-client@KHAN.informatik.haw-hamburg.de-<0.38.0>-Gruppe1-2 27te_Nachricht. COut: 21.10 13:57:00,415| HBQ In: 21.10 13:57:00,415|DLQ In: 21.10 13:57:00,478|C In:21.10 13:57:11,835|
4-client@KHAN.informatik.haw-hamburg.de-<0.38.0>-Gruppe1-2 28te_Nachricht. COut: 21.10 13:57:05,423| HBQ In: 21.10 13:57:05,439|DLQ In: 21.10 13:57:05,439|C In:21.10 13:57:11,897|
1-client@KHAN.informatik.haw-hamburg.de-<0.38.0>-Gruppe1-2 29te_Nachricht. COut: 21.10 13:57:05,423| HBQ In: 21.10 13:57:05,423|DLQ In: 21.10 13:57:05,439|C In:21.10 13:57:11,944|
3-client@KHAN.informatik.haw-hamburg.de-<0.38.0>-Gruppe1-2 30te_Nachricht. COut: 21.10 13:57:05,423| HBQ In: 21.10 13:57:05,470|DLQ In: 21.10 13:57:05,470|*******C In:21.10 13:57:12,007|
2-client@KHAN.informatik.haw-hamburg.de-<0.38.0>-Gruppe1-2 31te_Nachricht. COut: 21.10 13:57:05,423| HBQ In: 21.10 13:57:05,470|DLQ In: 21.10 13:57:05,470|C In:21.10 13:57:12,069|
5-client@KHAN.informatik.haw-hamburg.de-<0.38.0>-Gruppe1-2 32te_Nachricht. COut: 21.10 13:57:05,423| HBQ In: 21.10 13:57:05,470|DLQ In: 21.10 13:57:05,470|C In:21.10 13:57:12,131|
6-client@KHAN.informatik.haw-hamburg.de-<0.38.0>-Gruppe1-2 33te_Nachricht. COut: 21.10 13:57:05,423| HBQ In: 21.10 13:57:05,455|DLQ In: 21.10 13:57:05,470|C In:21.10 13:57:12,194|
7-client@KHAN.informatik.haw-hamburg.de-<0.38.0>-Gruppe1-2 34te_Nachricht. COut: 21.10 13:57:05,423| HBQ In: 21.10 13:57:05,455|DLQ In: 21.10 13:57:05,470|C In:21.10 13:57:12,256|
9-client@KHAN.informatik.haw-hamburg.de-<0.38.0>-Gruppe1-2 35te_Nachricht. COut: 21.10 13:57:05,423| HBQ In: 21.10 13:57:05,439|DLQ In: 21.10 13:57:05,470|C In:21.10 13:57:12,319|
8-client@KHAN.informatik.haw-hamburg.de-<0.38.0>-Gruppe1-2 36te_Nachricht. COut: 21.10 13:57:05,423| HBQ In: 21.10 13:57:05,423|DLQ In: 21.10 13:57:05,470|C In:21.10 13:57:12,381|
8-client@KHAN.informatik.haw-hamburg.de-<0.38.0>-Gruppe1-2 37te_Nachricht. COut: 21.10 13:57:10,431| HBQ In: 21.10 13:57:10,478|DLQ In: 21.10 13:57:10,478|C In:21.10 13:57:12,443|
1-client@KHAN.informatik.haw-hamburg.de-<0.38.0>-Gruppe1-2 38te_Nachricht. COut: 21.10 13:57:10,431| HBQ In: 21.10 13:57:10,478|DLQ In: 21.10 13:57:10,478|C In:21.10 13:57:12,506|
4-client@KHAN.informatik.haw-hamburg.de-<0.38.0>-Gruppe1-2 39te_Nachricht. COut: 21.10 13:57:10,431| HBQ In: 21.10 13:57:10,447|DLQ In: 21.10 13:57:10,478|C In:21.10 13:57:12,568|
9-client@KHAN.informatik.haw-hamburg.de-<0.38.0>-Gruppe1-2 40te_Nachricht. COut: 21.10 13:57:10,431| HBQ In: 21.10 13:57:10,478|DLQ In: 21.10 13:57:10,478|C In:21.10 13:57:12,631|
7-client@KHAN.informatik.haw-hamburg.de-<0.38.0>-Gruppe1-2 41te_Nachricht. COut: 21.10 13:57:10,431| HBQ In: 21.10 13:57:10,462|DLQ In: 21.10 13:57:10,492|C In:21.10 13:57:12,693|
6-client@KHAN.informatik.haw-hamburg.de-<0.38.0>-Gruppe1-2 42te_Nachricht. COut: 21.10 13:57:10,431| HBQ In: 21.10 13:57:10,447|DLQ In: 21.10 13:57:10,493|C In:21.10 13:57:12,755|
5-client@KHAN.informatik.haw-hamburg.de-<0.38.0>-Gruppe1-2 43te_Nachricht. COut: 21.10 13:57:10,431| HBQ In: 21.10 13:57:10,462|DLQ In: 21.10 13:57:10,508|C In:21.10 13:57:12,818|
2-client@KHAN.informatik.haw-hamburg.de-<0.38.0>-Gruppe1-2 44te_Nachricht. COut: 21.10 13:57:10,431| HBQ In: 21.10 13:57:10,431|DLQ In: 21.10 13:57:10,509|C In:21.10 13:57:12,880|
3-client@KHAN.informatik.haw-hamburg.de-<0.38.0>-Gruppe1-2 45te_Nachricht. COut: 21.10 13:57:10,431| HBQ In: 21.10 13:57:10,447|DLQ In: 21.10 13:57:10,524|*******C In:21.10 13:57:12,943|
..getmessages..Done..
Neuer Sendeintervall: 6 Sekunden (5)
3-client@KHAN.informatik.haw-hamburg.de-<0.38.0>-Gruppe1-2: 56te_Nachricht. C Out: 21.10 13:57:18,948| gesendet
3-client@KHAN.informatik.haw-hamburg.de-<0.38.0>-Gruppe1-2: 68te_Nachricht. C Out: 21.10 13:57:24,955| gesendet
3-client@KHAN.informatik.haw-hamburg.de-<0.38.0>-Gruppe1-2: 78te_Nachricht. C Out: 21.10 13:57:30,960| gesendet
3-client@KHAN.informatik.haw-hamburg.de-<0.38.0>-Gruppe1-2: 90te_Nachricht. C Out: 21.10 13:57:36,967| gesendet
3-client@KHAN.informatik.haw-hamburg.de-<0.38.0>-Gruppe1-2: 103te_Nachricht. C Out: 21.10 13:57:42,972| gesendet
113te Nachricht um 21.10 13:57:42,973| vergessen zu senden
2-client@KHAN.informatik.haw-hamburg.de-<0.38.0>-Gruppe1-2 55te_Nachricht. COut: 21.10 13:57:16,935| HBQ In: 21.10 13:57:16,935|DLQ In: 21.10 13:57:25,080|C In:21.10 13:57:43,004|
3-client@KHAN.informatik.haw-hamburg.de-<0.38.0>-Gruppe1-2 56te_Nachricht. COut: 21.10 13:57:18,948| HBQ In: 21.10 13:57:18,948|DLQ In: 21.10 13:57:25,080|*******C In:21.10 13:57:43,035|
6-client@KHAN.informatik.haw-hamburg.de-<0.38.0>-Gruppe1-2 57te_Nachricht. COut: 21.10 13:57:18,964| HBQ In: 21.10 13:57:18,964|DLQ In: 21.10 13:57:25,080|C In:21.10 13:57:43,051|
4-client@KHAN.informatik.haw-hamburg.de-<0.38.0>-Gruppe1-2 58te_Nachricht. COut: 21.10 13:57:18,964| HBQ In: 21.10 13:57:18,964|DLQ In: 21.10 13:57:25,095|C In:21.10 13:57:43,082|
5-client@KHAN.informatik.haw-hamburg.de-<0.38.0>-Gruppe1-2 59te_Nachricht. COut: 21.10 13:57:18,980| HBQ In: 21.10 13:57:18,980|DLQ In: 21.10 13:57:25,095|C In:21.10 13:57:43,129|
7-client@KHAN.informatik.haw-hamburg.de-<0.38.0>-Gruppe1-2 60te_Nachricht. COut: 21.10 13:57:18,980| HBQ In: 21.10 13:57:18,980|DLQ In: 21.10 13:57:25,095|C In:21.10 13:57:43,160|
9-client@KHAN.informatik.haw-hamburg.de-<0.38.0>-Gruppe1-2 61te_Nachricht. COut: 21.10 13:57:17,999| HBQ In: 21.10 13:57:17,999|DLQ In: 21.10 13:57:25,111|C In:21.10 13:57:43,191|
1-client@KHAN.informatik.haw-hamburg.de-<0.38.0>-Gruppe1-2 62te_Nachricht. COut: 21.10 13:57:17,014| HBQ In: 21.10 13:57:17,014|DLQ In: 21.10 13:57:25,111|C In:21.10 13:57:43,222|
8-client@KHAN.informatik.haw-hamburg.de-<0.38.0>-Gruppe1-2 63te_Nachricht. COut: 21.10 13:57:17,014| HBQ In: 21.10 13:57:17,014|DLQ In: 21.10 13:57:25,125|C In:21.10 13:57:43,254|
2-client@KHAN.informatik.haw-hamburg.de-<0.38.0>-Gruppe1-2 64te_Nachricht. COut: 21.10 13:57:20,946| HBQ In: 21.10 13:57:20,946|DLQ In: 21.10 13:57:25,126|C In:21.10 13:57:43,285|
9-client@KHAN.informatik.haw-hamburg.de-<0.38.0>-Gruppe1-2 65te_Nachricht. COut: 21.10 13:57:21,008| HBQ In: 21.10 13:57:21,008|DLQ In: 21.10 13:57:25,126|C In:21.10 13:57:43,316|
8-client@KHAN.informatik.haw-hamburg.de-<0.38.0>-Gruppe1-2 66te_Nachricht. COut: 21.10 13:57:21,024| HBQ In: 21.10 13:57:21,024|DLQ In: 21.10 13:57:25,141|C In:21.10 13:57:43,347|
1-client@KHAN.informatik.haw-hamburg.de-<0.38.0>-Gruppe1-2 67te_Nachricht. COut: 21.10 13:57:21,024| HBQ In: 21.10 13:57:21,024|DLQ In: 21.10 13:57:25,142|C In:21.10 13:57:43,394|
3-client@KHAN.informatik.haw-hamburg.de-<0.38.0>-Gruppe1-2 68te_Nachricht. COut: 21.10 13:57:24,955| HBQ In: 21.10 13:57:25,017|DLQ In: 21.10 13:57:25,142|*******C In:21.10 13:57:43,425|
4-client@KHAN.informatik.haw-hamburg.de-<0.38.0>-Gruppe1-2 69te_Nachricht. COut: 21.10 13:57:24,970| HBQ In: 21.10 13:57:25,033|DLQ In: 21.10 13:57:25,157|C In:21.10 13:57:43,456|
6-client@KHAN.informatik.haw-hamburg.de-<0.38.0>-Gruppe1-2 70te_Nachricht. COut: 21.10 13:57:24,970| HBQ In: 21.10 13:57:25,032|DLQ In: 21.10 13:57:25,158|C In:21.10 13:57:43,488|
7-client@KHAN.informatik.haw-hamburg.de-<0.38.0>-Gruppe1-2 71te_Nachricht. COut: 21.10 13:57:24,986| HBQ In: 21.10 13:57:25,048|DLQ In: 21.10 13:57:25,158|C In:21.10 13:57:43,519|
5-client@KHAN.informatik.haw-hamburg.de-<0.38.0>-Gruppe1-2 72te_Nachricht. COut: 21.10 13:57:24,986| HBQ In: 21.10 13:57:25,048|DLQ In: 21.10 13:57:25,173|C In:21.10 13:57:43,534|
2-client@KHAN.informatik.haw-hamburg.de-<0.38.0>-Gruppe1-2 73te_Nachricht. COut: 21.10 13:57:24,955| HBQ In: 21.10 13:57:25,016|DLQ In: 21.10 13:57:25,173|C In:21.10 13:57:43,581|
9-client@KHAN.informatik.haw-hamburg.de-<0.38.0>-Gruppe1-2 74te_Nachricht. COut: 21.10 13:57:25,016| HBQ In: 21.10 13:57:25,064|DLQ In: 21.10 13:57:25,173|C In:21.10 13:57:43,612|
1-client@KHAN.informatik.haw-hamburg.de-<0.38.0>-Gruppe1-2 75te_Nachricht. COut: 21.10 13:57:25,033| HBQ In: 21.10 13:57:25,189|DLQ In: 21.10 13:57:25,189|C In:21.10 13:57:43,644|
8-client@KHAN.informatik.haw-hamburg.de-<0.38.0>-Gruppe1-2 76te_Nachricht. COut: 21.10 13:57:25,032| HBQ In: 21.10 13:57:25,064|DLQ In: 21.10 13:57:25,189|C In:21.10 13:57:43,675|
2-client@KHAN.informatik.haw-hamburg.de-<0.38.0>-Gruppe1-2 77te_Nachricht. COut: 21.10 13:57:28,964| HBQ In: 21.10 13:57:28,964|DLQ In: 21.10 13:57:28,964|C In:21.10 13:57:43,706|
3-client@KHAN.informatik.haw-hamburg.de-<0.38.0>-Gruppe1-2 78te_Nachricht. COut: 21.10 13:57:30,960| HBQ In: 21.10 13:57:30,960|DLQ In: 21.10 13:57:30,961|*******C In:21.10 13:57:43,737|
6-client@KHAN.informatik.haw-hamburg.de-<0.38.0>-Gruppe1-2 79te_Nachricht. COut: 21.10 13:57:30,976| HBQ In: 21.10 13:57:30,976|DLQ In: 21.10 13:57:30,992|C In:21.10 13:57:43,768|
4-client@KHAN.informatik.haw-hamburg.de-<0.38.0>-Gruppe1-2 80te_Nachricht. COut: 21.10 13:57:30,976| HBQ In: 21.10 13:57:30,976|DLQ In: 21.10 13:57:30,992|C In:21.10 13:57:43,800|
5-client@KHAN.informatik.haw-hamburg.de-<0.38.0>-Gruppe1-2 81te_Nachricht. COut: 21.10 13:57:30,992| HBQ In: 21.10 13:57:31,008|DLQ In: 21.10 13:57:31,008|C In:21.10 13:57:43,831|
7-client@KHAN.informatik.haw-hamburg.de-<0.38.0>-Gruppe1-2 82te_Nachricht. COut: 21.10 13:57:30,992| HBQ In: 21.10 13:57:30,992|DLQ In: 21.10 13:57:31,008|C In:21.10 13:57:43,862|
9-client@KHAN.informatik.haw-hamburg.de-<0.38.0>-Gruppe1-2 83te_Nachricht. COut: 21.10 13:57:29,026| HBQ In: 21.10 13:57:29,026|DLQ In: 21.10 13:57:31,022|C In:21.10 13:57:43,893|
8-client@KHAN.informatik.haw-hamburg.de-<0.38.0>-Gruppe1-2 84te_Nachricht. COut: 21.10 13:57:29,042| HBQ In: 21.10 13:57:29,042|DLQ In: 21.10 13:57:31,023|C In:21.10 13:57:43,924|
1-client@KHAN.informatik.haw-hamburg.de-<0.38.0>-Gruppe1-2 85te_Nachricht. COut: 21.10 13:57:29,042| HBQ In: 21.10 13:57:29,042|DLQ In: 21.10 13:57:31,023|C In:21.10 13:57:43,971|
2-client@KHAN.informatik.haw-hamburg.de-<0.38.0>-Gruppe1-2 86te_Nachricht. COut: 21.10 13:57:32,972| HBQ In: 21.10 13:57:32,972|DLQ In: 21.10 13:57:32,973|C In:21.10 13:57:44,002|
9-client@KHAN.informatik.haw-hamburg.de-<0.38.0>-Gruppe1-2 87te_Nachricht. COut: 21.10 13:57:33,036| HBQ In: 21.10 13:57:33,050|DLQ In: 21.10 13:57:33,051|C In:21.10 13:57:44,034|
1-client@KHAN.informatik.haw-hamburg.de-<0.38.0>-Gruppe1-2 88te_Nachricht. COut: 21.10 13:57:33,051| HBQ In: 21.10 13:57:33,067|DLQ In: 21.10 13:57:33,082|C In:21.10 13:57:44,080|
8-client@KHAN.informatik.haw-hamburg.de-<0.38.0>-Gruppe1-2 89te_Nachricht. COut: 21.10 13:57:33,050| HBQ In: 21.10 13:57:33,066|DLQ In: 21.10 13:57:33,082|C In:21.10 13:57:44,112|
3-client@KHAN.informatik.haw-hamburg.de-<0.38.0>-Gruppe1-2 90te_Nachricht. COut: 21.10 13:57:36,967| HBQ In: 21.10 13:57:36,967|DLQ In: 21.10 13:57:36,967|*******C In:21.10 13:57:44,143|
4-client@KHAN.informatik.haw-hamburg.de-<0.38.0>-Gruppe1-2 91te_Nachricht. COut: 21.10 13:57:36,982| HBQ In: 21.10 13:57:36,982|DLQ In: 21.10 13:57:37,998|C In:21.10 13:57:44,174|
6-client@KHAN.informatik.haw-hamburg.de-<0.38.0>-Gruppe1-2 92te_Nachricht. COut: 21.10 13:57:36,982| HBQ In: 21.10 13:57:36,982|DLQ In: 21.10 13:57:37,998|C In:21.10 13:57:44,205|
7-client@KHAN.informatik.haw-hamburg.de-<0.38.0>-Gruppe1-2 93te_Nachricht. COut: 21.10 13:57:37,998| HBQ In: 21.10 13:57:37,014|DLQ In: 21.10 13:57:37,014|C In:21.10 13:57:44,252|
5-client@KHAN.informatik.haw-hamburg.de-<0.38.0>-Gruppe1-2 94te_Nachricht. COut: 21.10 13:57:37,998| HBQ In: 21.10 13:57:37,998|DLQ In: 21.10 13:57:37,014|C In:21.10 13:57:44,283|
..getmessages..Done..
Neuer Sendeintervall: 5 Sekunden (6)
3-client@KHAN.informatik.haw-hamburg.de-<0.38.0>-Gruppe1-2: 122te_Nachricht. C Out: 21.10 13:57:49,306| gesendet
3-client@KHAN.informatik.haw-hamburg.de-<0.38.0>-Gruppe1-2: 132te_Nachricht. C Out: 21.10 13:57:54,314| gesendet
3-client@KHAN.informatik.haw-hamburg.de-<0.38.0>-Gruppe1-2: 143te_Nachricht. C Out: 21.10 13:57:59,322| gesendet
3-client@KHAN.informatik.haw-hamburg.de-<0.38.0>-Gruppe1-2: 153te_Nachricht. C Out: 21.10 13:58:04,329| gesendet
3-client@KHAN.informatik.haw-hamburg.de-<0.38.0>-Gruppe1-2: 164te_Nachricht. C Out: 21.10 13:58:09,337| gesendet
175te Nachricht um 21.10 13:58:09,337| vergessen zu senden
5-client@KHAN.informatik.haw-hamburg.de-<0.38.0>-Gruppe1-2 106te_Nachricht. COut: 21.10 13:57:43,004| HBQ In: 21.10 13:57:43,035|DLQ In: 21.10 13:57:49,431|C In:21.10 13:58:09,368|
7-client@KHAN.informatik.haw-hamburg.de-<0.38.0>-Gruppe1-2 107te_Nachricht. COut: 21.10 13:57:43,004| HBQ In: 21.10 13:57:43,034|DLQ In: 21.10 13:57:49,431|C In:21.10 13:58:09,368|
2-client@KHAN.informatik.haw-hamburg.de-<0.38.0>-Gruppe1-2 108te_Nachricht. COut: 21.10 13:57:40,179| HBQ In: 21.10 13:57:40,179|DLQ In: 21.10 13:57:49,447|C In:21.10 13:58:09,384|
8-client@KHAN.informatik.haw-hamburg.de-<0.38.0>-Gruppe1-2 109te_Nachricht. COut: 21.10 13:57:44,205| HBQ In: 21.10 13:57:44,252|DLQ In: 21.10 13:57:49,447|C In:21.10 13:58:09,399|
9-client@KHAN.informatik.haw-hamburg.de-<0.38.0>-Gruppe1-2 110te_Nachricht. COut: 21.10 13:57:44,205| HBQ In: 21.10 13:57:44,236|DLQ In: 21.10 13:57:49,447|C In:21.10 13:58:09,415|
1-client@KHAN.informatik.haw-hamburg.de-<0.38.0>-Gruppe1-2 111te_Nachricht. COut: 21.10 13:57:44,221| HBQ In: 21.10 13:57:44,268|DLQ In: 21.10 13:57:49,463|C In:21.10 13:58:09,415|
2-client@KHAN.informatik.haw-hamburg.de-<0.38.0>-Gruppe1-2 112te_Nachricht. COut: 21.10 13:57:43,191| HBQ In: 21.10 13:57:43,222|DLQ In: 21.10 13:57:49,463|C In:21.10 13:58:09,446|
***Fehlernachricht fuer Nachrichten 113 bis 117 um 21.10 13:57:58,339| 117te_Nachricht. COut:  HBQ In: DLQ In: 21.10 13:57:58,339|C In:21.10 13:58:09,462|
2-client@KHAN.informatik.haw-hamburg.de-<0.38.0>-Gruppe1-2 118te_Nachricht. COut: 21.10 13:57:46,202| HBQ In: 21.10 13:57:46,202|DLQ In: 21.10 13:57:58,339|C In:21.10 13:58:09,477|
9-client@KHAN.informatik.haw-hamburg.de-<0.38.0>-Gruppe1-2 119te_Nachricht. COut: 21.10 13:57:49,213| HBQ In: 21.10 13:57:49,229|DLQ In: 21.10 13:57:58,355|C In:21.10 13:58:09,509|
8-client@KHAN.informatik.haw-hamburg.de-<0.38.0>-Gruppe1-2 120te_Nachricht. COut: 21.10 13:57:49,213| HBQ In: 21.10 13:57:49,213|DLQ In: 21.10 13:57:58,355|C In:21.10 13:58:09,524|
1-client@KHAN.informatik.haw-hamburg.de-<0.38.0>-Gruppe1-2 121te_Nachricht. COut: 21.10 13:57:49,229| HBQ In: 21.10 13:57:49,229|DLQ In: 21.10 13:57:58,370|C In:21.10 13:58:09,540|
3-client@KHAN.informatik.haw-hamburg.de-<0.38.0>-Gruppe1-2 122te_Nachricht. COut: 21.10 13:57:49,306| HBQ In: 21.10 13:57:49,322|DLQ In: 21.10 13:57:58,370|*******C In:21.10 13:58:09,555|
4-client@KHAN.informatik.haw-hamburg.de-<0.38.0>-Gruppe1-2 123te_Nachricht. COut: 21.10 13:57:51,335| HBQ In: 21.10 13:57:51,335|DLQ In: 21.10 13:57:58,370|C In:21.10 13:58:09,587|
6-client@KHAN.informatik.haw-hamburg.de-<0.38.0>-Gruppe1-2 124te_Nachricht. COut: 21.10 13:57:51,350| HBQ In: 21.10 13:57:51,350|DLQ In: 21.10 13:57:58,386|C In:21.10 13:58:09,602|
7-client@KHAN.informatik.haw-hamburg.de-<0.38.0>-Gruppe1-2 125te_Nachricht. COut: 21.10 13:57:49,353| HBQ In: 21.10 13:57:49,369|DLQ In: 21.10 13:57:58,386|C In:21.10 13:58:09,633|
5-client@KHAN.informatik.haw-hamburg.de-<0.38.0>-Gruppe1-2 126te_Nachricht. COut: 21.10 13:57:49,369| HBQ In: 21.10 13:57:49,463|DLQ In: 21.10 13:57:58,386|C In:21.10 13:58:09,649|
2-client@KHAN.informatik.haw-hamburg.de-<0.38.0>-Gruppe1-2 127te_Nachricht. COut: 21.10 13:57:49,213| HBQ In: 21.10 13:57:49,213|DLQ In: 21.10 13:57:58,401|C In:21.10 13:58:09,696|
***Fehlernachricht fuer Nachrichten 128 bis 128 um 21.10 13:58:04,127| 128te_Nachricht. COut:  HBQ In: DLQ In: 21.10 13:58:04,127|C In:21.10 13:58:09,711|
8-client@KHAN.informatik.haw-hamburg.de-<0.38.0>-Gruppe1-2 129te_Nachricht. COut: 21.10 13:57:54,221| HBQ In: 21.10 13:57:54,221|DLQ In: 21.10 13:58:04,127|C In:21.10 13:58:09,727|
9-client@KHAN.informatik.haw-hamburg.de-<0.38.0>-Gruppe1-2 130te_Nachricht. COut: 21.10 13:57:54,221| HBQ In: 21.10 13:57:54,221|DLQ In: 21.10 13:58:04,141|C In:21.10 13:58:09,758|
1-client@KHAN.informatik.haw-hamburg.de-<0.38.0>-Gruppe1-2 131te_Nachricht. COut: 21.10 13:57:54,236| HBQ In: 21.10 13:57:54,236|DLQ In: 21.10 13:58:04,142|C In:21.10 13:58:09,774|
3-client@KHAN.informatik.haw-hamburg.de-<0.38.0>-Gruppe1-2 132te_Nachricht. COut: 21.10 13:57:54,314| HBQ In: 21.10 13:57:54,314|DLQ In: 21.10 13:58:04,157|*******C In:21.10 13:58:09,789|
7-client@KHAN.informatik.haw-hamburg.de-<0.38.0>-Gruppe1-2 133te_Nachricht. COut: 21.10 13:57:54,361| HBQ In: 21.10 13:57:54,361|DLQ In: 21.10 13:58:04,173|C In:21.10 13:58:09,805|
5-client@KHAN.informatik.haw-hamburg.de-<0.38.0>-Gruppe1-2 134te_Nachricht. COut: 21.10 13:57:54,377| HBQ In: 21.10 13:57:54,377|DLQ In: 21.10 13:58:04,173|C In:21.10 13:58:09,836|
2-client@KHAN.informatik.haw-hamburg.de-<0.38.0>-Gruppe1-2 135te_Nachricht. COut: 21.10 13:57:51,756| HBQ In: 21.10 13:57:51,818|DLQ In: 21.10 13:58:04,173|C In:21.10 13:58:09,852|
4-client@KHAN.informatik.haw-hamburg.de-<0.38.0>-Gruppe1-2 136te_Nachricht. COut: 21.10 13:57:58,339| HBQ In: 21.10 13:57:58,339|DLQ In: 21.10 13:58:04,189|C In:21.10 13:58:09,867|
6-client@KHAN.informatik.haw-hamburg.de-<0.38.0>-Gruppe1-2 137te_Nachricht. COut: 21.10 13:57:58,355| HBQ In: 21.10 13:57:58,401|DLQ In: 21.10 13:58:04,189|C In:21.10 13:58:09,883|
2-client@KHAN.informatik.haw-hamburg.de-<0.38.0>-Gruppe1-2 138te_Nachricht. COut: 21.10 13:57:53,768| HBQ In: 21.10 13:57:53,768|DLQ In: 21.10 13:58:04,189|C In:21.10 13:58:09,914|
2-client@KHAN.informatik.haw-hamburg.de-<0.38.0>-Gruppe1-2 139te_Nachricht. COut: 21.10 13:57:55,781| HBQ In: 21.10 13:57:55,781|DLQ In: 21.10 13:58:04,205|C In:21.10 13:58:09,930|
9-client@KHAN.informatik.haw-hamburg.de-<0.38.0>-Gruppe1-2 140te_Nachricht. COut: 21.10 13:57:59,228| HBQ In: 21.10 13:57:59,228|DLQ In: 21.10 13:58:04,205|C In:21.10 13:58:09,945|
8-client@KHAN.informatik.haw-hamburg.de-<0.38.0>-Gruppe1-2 141te_Nachricht. COut: 21.10 13:57:59,228| HBQ In: 21.10 13:57:59,228|DLQ In: 21.10 13:58:04,220|C In:21.10 13:58:09,961|
1-client@KHAN.informatik.haw-hamburg.de-<0.38.0>-Gruppe1-2 142te_Nachricht. COut: 21.10 13:57:59,244| HBQ In: 21.10 13:57:59,258|DLQ In: 21.10 13:58:04,220|C In:21.10 13:58:09,992|
3-client@KHAN.informatik.haw-hamburg.de-<0.38.0>-Gruppe1-2 143te_Nachricht. COut: 21.10 13:57:59,322| HBQ In: 21.10 13:57:59,337|DLQ In: 21.10 13:58:04,220|*******C In:21.10 13:58:10,008|
7-client@KHAN.informatik.haw-hamburg.de-<0.38.0>-Gruppe1-2 144te_Nachricht. COut: 21.10 13:57:59,369| HBQ In: 21.10 13:57:59,383|DLQ In: 21.10 13:58:04,236|C In:21.10 13:58:10,023|
5-client@KHAN.informatik.haw-hamburg.de-<0.38.0>-Gruppe1-2 145te_Nachricht. COut: 21.10 13:57:59,383| HBQ In: 21.10 13:57:59,415|DLQ In: 21.10 13:58:04,236|C In:21.10 13:58:10,039|
2-client@KHAN.informatik.haw-hamburg.de-<0.38.0>-Gruppe1-2 146te_Nachricht. COut: 21.10 13:57:57,793| HBQ In: 21.10 13:57:57,793|DLQ In: 21.10 13:58:04,236|C In:21.10 13:58:10,055|
2-client@KHAN.informatik.haw-hamburg.de-<0.38.0>-Gruppe1-2 147te_Nachricht. COut: 21.10 13:57:59,805| HBQ In: 21.10 13:57:59,821|DLQ In: 21.10 13:58:04,250|C In:21.10 13:58:10,086|
4-client@KHAN.informatik.haw-hamburg.de-<0.38.0>-Gruppe1-2 148te_Nachricht. COut: 21.10 13:58:05,343| HBQ In: 21.10 13:58:05,343|DLQ In: 21.10 13:58:05,343|C In:21.10 13:58:10,101|
6-client@KHAN.informatik.haw-hamburg.de-<0.38.0>-Gruppe1-2 149te_Nachricht. COut: 21.10 13:58:05,359| HBQ In: 21.10 13:58:05,359|DLQ In: 21.10 13:58:05,359|C In:21.10 13:58:10,117|
..getmessages..Done..
Neuer Sendeintervall: 4 Sekunden (5)
3-client@KHAN.informatik.haw-hamburg.de-<0.38.0>-Gruppe1-2: 178te_Nachricht. C Out: 21.10 13:58:14,125| gesendet
3-client@KHAN.informatik.haw-hamburg.de-<0.38.0>-Gruppe1-2: 189te_Nachricht. C Out: 21.10 13:58:18,136| gesendet
