8-client@lab22.cpt.haw-hamburg.de-<0.39.0>-Gruppe1-2 Start: 21.10 11:13:35,014|
8-client@lab22.cpt.haw-hamburg.de-<0.39.0>-Gruppe1-2: 7te_Nachricht. C Out: 21.10 11:13:40,032| gesendet
8-client@lab22.cpt.haw-hamburg.de-<0.39.0>-Gruppe1-2: 19te_Nachricht. C Out: 21.10 11:13:45,035| gesendet
8-client@lab22.cpt.haw-hamburg.de-<0.39.0>-Gruppe1-2: 28te_Nachricht. C Out: 21.10 11:13:50,039| gesendet
8-client@lab22.cpt.haw-hamburg.de-<0.39.0>-Gruppe1-2: 40te_Nachricht. C Out: 21.10 11:13:55,040| gesendet
8-client@lab22.cpt.haw-hamburg.de-<0.39.0>-Gruppe1-2: 51te_Nachricht. C Out: 21.10 11:14:00,043| gesendet
60te Nachricht um 21.10 11:14:00,049| vergessen zu senden
2-client@lab22.cpt.haw-hamburg.de-<0.39.0>-Gruppe1-2 15te_Nachricht. COut: 21.10 11:13:45,035| HBQ In: 21.10 11:13:45,040|DLQ In: 21.10 11:13:45,040|C In:21.10 11:14:00,062|
5-client@lab22.cpt.haw-hamburg.de-<0.39.0>-Gruppe1-2 16te_Nachricht. COut: 21.10 11:13:45,035| HBQ In: 21.10 11:13:45,039|DLQ In: 21.10 11:13:45,040|C In:21.10 11:14:00,067|
9-client@lab22.cpt.haw-hamburg.de-<0.39.0>-Gruppe1-2 17te_Nachricht. COut: 21.10 11:13:45,035| HBQ In: 21.10 11:13:45,038|DLQ In: 21.10 11:13:45,040|C In:21.10 11:14:00,072|
7-client@lab22.cpt.haw-hamburg.de-<0.39.0>-Gruppe1-2 18te_Nachricht. COut: 21.10 11:13:45,035| HBQ In: 21.10 11:13:45,037|DLQ In: 21.10 11:13:45,040|C In:21.10 11:14:00,076|
8-client@lab22.cpt.haw-hamburg.de-<0.39.0>-Gruppe1-2 19te_Nachricht. COut: 21.10 11:13:45,035| HBQ In: 21.10 11:13:45,036|DLQ In: 21.10 11:13:45,040|*******C In:21.10 11:14:00,081|
3-client@lab22.cpt.haw-hamburg.de-<0.39.0>-Gruppe1-2 20te_Nachricht. COut: 21.10 11:13:45,035| HBQ In: 21.10 11:13:45,034|DLQ In: 21.10 11:13:45,040|C In:21.10 11:14:00,087|
4-client@lab22.cpt.haw-hamburg.de-<0.39.0>-Gruppe1-2 21te_Nachricht. COut: 21.10 11:13:45,035| HBQ In: 21.10 11:13:45,035|DLQ In: 21.10 11:13:45,040|C In:21.10 11:14:00,092|
6-client@lab22.cpt.haw-hamburg.de-<0.39.0>-Gruppe1-2 22te_Nachricht. COut: 21.10 11:13:45,035| HBQ In: 21.10 11:13:45,033|DLQ In: 21.10 11:13:45,040|C In:21.10 11:14:00,098|
Nr.23: lab0-5000-'client1@lab28.cpt.haw-hamburg.de' 23te_Nachricht. COut: "21.10 11:13:41,183|" HBQ In: 21.10 11:13:41,181|DLQ In: 21.10 11:13:45,040|C In:21.10 11:14:00,103|
***Fehlernachricht fuer Nachrichten 24 bis 24 um 21.10 11:13:56,199| 24te_Nachricht. COut:  HBQ In: DLQ In: 21.10 11:13:56,199|C In:21.10 11:14:00,108|
6-client@lab22.cpt.haw-hamburg.de-<0.39.0>-Gruppe1-2 25te_Nachricht. COut: 21.10 11:13:50,039| HBQ In: 21.10 11:13:50,043|DLQ In: 21.10 11:13:56,199|C In:21.10 11:14:00,113|
3-client@lab22.cpt.haw-hamburg.de-<0.39.0>-Gruppe1-2 26te_Nachricht. COut: 21.10 11:13:50,039| HBQ In: 21.10 11:13:50,042|DLQ In: 21.10 11:13:56,199|C In:21.10 11:14:00,118|
4-client@lab22.cpt.haw-hamburg.de-<0.39.0>-Gruppe1-2 27te_Nachricht. COut: 21.10 11:13:50,039| HBQ In: 21.10 11:13:50,041|DLQ In: 21.10 11:13:56,199|C In:21.10 11:14:00,123|
8-client@lab22.cpt.haw-hamburg.de-<0.39.0>-Gruppe1-2 28te_Nachricht. COut: 21.10 11:13:50,039| HBQ In: 21.10 11:13:50,041|DLQ In: 21.10 11:13:56,199|*******C In:21.10 11:14:00,128|
7-client@lab22.cpt.haw-hamburg.de-<0.39.0>-Gruppe1-2 29te_Nachricht. COut: 21.10 11:13:50,039| HBQ In: 21.10 11:13:50,040|DLQ In: 21.10 11:13:56,199|C In:21.10 11:14:00,133|
9-client@lab22.cpt.haw-hamburg.de-<0.39.0>-Gruppe1-2 30te_Nachricht. COut: 21.10 11:13:50,038| HBQ In: 21.10 11:13:50,039|DLQ In: 21.10 11:13:56,199|C In:21.10 11:14:00,138|
5-client@lab22.cpt.haw-hamburg.de-<0.39.0>-Gruppe1-2 31te_Nachricht. COut: 21.10 11:13:50,038| HBQ In: 21.10 11:13:50,038|DLQ In: 21.10 11:13:56,199|C In:21.10 11:14:00,143|
2-client@lab22.cpt.haw-hamburg.de-<0.39.0>-Gruppe1-2 32te_Nachricht. COut: 21.10 11:13:50,038| HBQ In: 21.10 11:13:50,037|DLQ In: 21.10 11:13:56,199|C In:21.10 11:14:00,148|
1-client@lab22.cpt.haw-hamburg.de-<0.39.0>-Gruppe1-2 33te_Nachricht. COut: 21.10 11:13:50,038| HBQ In: 21.10 11:13:50,036|DLQ In: 21.10 11:13:56,199|C In:21.10 11:14:00,153|
Nr.34: lab0-5000-'client1@lab28.cpt.haw-hamburg.de' 34te_Nachricht. COut: "21.10 11:13:46,197|" HBQ In: 21.10 11:13:46,195|DLQ In: 21.10 11:13:56,199|C In:21.10 11:14:00,158|
1-client@lab22.cpt.haw-hamburg.de-<0.39.0>-Gruppe1-2 35te_Nachricht. COut: 21.10 11:13:55,039| HBQ In: 21.10 11:13:55,038|DLQ In: 21.10 11:13:56,199|C In:21.10 11:14:00,162|
2-client@lab22.cpt.haw-hamburg.de-<0.39.0>-Gruppe1-2 36te_Nachricht. COut: 21.10 11:13:55,039| HBQ In: 21.10 11:13:55,038|DLQ In: 21.10 11:13:56,199|C In:21.10 11:14:00,168|
5-client@lab22.cpt.haw-hamburg.de-<0.39.0>-Gruppe1-2 37te_Nachricht. COut: 21.10 11:13:55,039| HBQ In: 21.10 11:13:55,036|DLQ In: 21.10 11:13:56,199|C In:21.10 11:14:00,174|
9-client@lab22.cpt.haw-hamburg.de-<0.39.0>-Gruppe1-2 38te_Nachricht. COut: 21.10 11:13:55,040| HBQ In: 21.10 11:13:55,043|DLQ In: 21.10 11:13:56,199|C In:21.10 11:14:00,179|
7-client@lab22.cpt.haw-hamburg.de-<0.39.0>-Gruppe1-2 39te_Nachricht. COut: 21.10 11:13:55,040| HBQ In: 21.10 11:13:55,043|DLQ In: 21.10 11:13:56,199|C In:21.10 11:14:00,185|
8-client@lab22.cpt.haw-hamburg.de-<0.39.0>-Gruppe1-2 40te_Nachricht. COut: 21.10 11:13:55,040| HBQ In: 21.10 11:13:55,042|DLQ In: 21.10 11:13:56,199|*******C In:21.10 11:14:00,190|
4-client@lab22.cpt.haw-hamburg.de-<0.39.0>-Gruppe1-2 41te_Nachricht. COut: 21.10 11:13:55,040| HBQ In: 21.10 11:13:55,041|DLQ In: 21.10 11:13:56,200|C In:21.10 11:14:00,195|
3-client@lab22.cpt.haw-hamburg.de-<0.39.0>-Gruppe1-2 42te_Nachricht. COut: 21.10 11:13:55,040| HBQ In: 21.10 11:13:55,040|DLQ In: 21.10 11:13:56,201|C In:21.10 11:14:00,200|
6-client@lab22.cpt.haw-hamburg.de-<0.39.0>-Gruppe1-2 43te_Nachricht. COut: 21.10 11:13:55,040| HBQ In: 21.10 11:13:55,039|DLQ In: 21.10 11:13:56,202|C In:21.10 11:14:00,205|
Nr.44: lab0-5000-'client1@lab28.cpt.haw-hamburg.de' 44te_Nachricht. COut: "21.10 11:13:51,200|" HBQ In: 21.10 11:13:51,198|DLQ In: 21.10 11:13:56,203|C In:21.10 11:14:00,210|
5-client@lab22.cpt.haw-hamburg.de-<0.39.0>-Gruppe1-2 45te_Nachricht. COut: 21.10 11:14:00,043| HBQ In: 21.10 11:14:00,042|DLQ In: 21.10 11:14:00,042|C In:21.10 11:14:00,215|
2-client@lab22.cpt.haw-hamburg.de-<0.39.0>-Gruppe1-2 46te_Nachricht. COut: 21.10 11:14:00,042| HBQ In: 21.10 11:14:00,041|DLQ In: 21.10 11:14:00,043|C In:21.10 11:14:00,220|
1-client@lab22.cpt.haw-hamburg.de-<0.39.0>-Gruppe1-2 47te_Nachricht. COut: 21.10 11:14:00,042| HBQ In: 21.10 11:14:00,040|DLQ In: 21.10 11:14:00,043|C In:21.10 11:14:00,225|
6-client@lab22.cpt.haw-hamburg.de-<0.39.0>-Gruppe1-2 48te_Nachricht. COut: 21.10 11:14:00,043| HBQ In: 21.10 11:14:00,050|DLQ In: 21.10 11:14:00,050|C In:21.10 11:14:00,230|
3-client@lab22.cpt.haw-hamburg.de-<0.39.0>-Gruppe1-2 49te_Nachricht. COut: 21.10 11:14:00,043| HBQ In: 21.10 11:14:00,046|DLQ In: 21.10 11:14:00,051|C In:21.10 11:14:00,235|
4-client@lab22.cpt.haw-hamburg.de-<0.39.0>-Gruppe1-2 50te_Nachricht. COut: 21.10 11:14:00,043| HBQ In: 21.10 11:14:00,047|DLQ In: 21.10 11:14:00,051|C In:21.10 11:14:00,239|
8-client@lab22.cpt.haw-hamburg.de-<0.39.0>-Gruppe1-2 51te_Nachricht. COut: 21.10 11:14:00,043| HBQ In: 21.10 11:14:00,045|DLQ In: 21.10 11:14:00,052|*******C In:21.10 11:14:00,244|
7-client@lab22.cpt.haw-hamburg.de-<0.39.0>-Gruppe1-2 52te_Nachricht. COut: 21.10 11:14:00,043| HBQ In: 21.10 11:14:00,045|DLQ In: 21.10 11:14:00,053|C In:21.10 11:14:00,248|
9-client@lab22.cpt.haw-hamburg.de-<0.39.0>-Gruppe1-2 53te_Nachricht. COut: 21.10 11:14:00,043| HBQ In: 21.10 11:14:00,044|DLQ In: 21.10 11:14:00,053|C In:21.10 11:14:00,253|
Nr.54: lab0-5000-'client1@lab28.cpt.haw-hamburg.de' 54te_Nachricht. COut: "21.10 11:13:56,201|" HBQ In: 21.10 11:13:56,199|DLQ In: 21.10 11:14:00,054|C In:21.10 11:14:00,258|
..getmessages..Done..
Neuer Sendeintervall: 4 Sekunden (5)
8-client@lab22.cpt.haw-hamburg.de-<0.39.0>-Gruppe1-2: 69te_Nachricht. C Out: 21.10 11:14:04,260| gesendet
8-client@lab22.cpt.haw-hamburg.de-<0.39.0>-Gruppe1-2: 76te_Nachricht. C Out: 21.10 11:14:08,261| gesendet
8-client@lab22.cpt.haw-hamburg.de-<0.39.0>-Gruppe1-2: 87te_Nachricht. C Out: 21.10 11:14:12,262| gesendet
8-client@lab22.cpt.haw-hamburg.de-<0.39.0>-Gruppe1-2: 94te_Nachricht. C Out: 21.10 11:14:16,263| gesendet
8-client@lab22.cpt.haw-hamburg.de-<0.39.0>-Gruppe1-2: 100te_Nachricht. C Out: 21.10 11:14:20,264| gesendet
110te Nachricht um 21.10 11:14:20,265| vergessen zu senden
***Fehlernachricht fuer Nachrichten 55 bis 63 um 21.10 11:14:12,261| 63te_Nachricht. COut:  HBQ In: DLQ In: 21.10 11:14:12,262|C In:21.10 11:14:20,273|
1-client@lab22.cpt.haw-hamburg.de-<0.39.0>-Gruppe1-2 64te_Nachricht. COut: 21.10 11:14:06,257| HBQ In: 21.10 11:14:06,254|DLQ In: 21.10 11:14:12,262|C In:21.10 11:14:20,275|
2-client@lab22.cpt.haw-hamburg.de-<0.39.0>-Gruppe1-2 65te_Nachricht. COut: 21.10 11:14:04,258| HBQ In: 21.10 11:14:04,255|DLQ In: 21.10 11:14:12,263|C In:21.10 11:14:20,277|
5-client@lab22.cpt.haw-hamburg.de-<0.39.0>-Gruppe1-2 66te_Nachricht. COut: 21.10 11:14:04,259| HBQ In: 21.10 11:14:04,257|DLQ In: 21.10 11:14:12,264|C In:21.10 11:14:20,280|
9-client@lab22.cpt.haw-hamburg.de-<0.39.0>-Gruppe1-2 67te_Nachricht. COut: 21.10 11:14:06,260| HBQ In: 21.10 11:14:06,257|DLQ In: 21.10 11:14:12,265|C In:21.10 11:14:20,282|
7-client@lab22.cpt.haw-hamburg.de-<0.39.0>-Gruppe1-2 68te_Nachricht. COut: 21.10 11:14:06,260| HBQ In: 21.10 11:14:06,258|DLQ In: 21.10 11:14:12,265|C In:21.10 11:14:20,285|
8-client@lab22.cpt.haw-hamburg.de-<0.39.0>-Gruppe1-2 69te_Nachricht. COut: 21.10 11:14:04,260| HBQ In: 21.10 11:14:04,257|DLQ In: 21.10 11:14:12,266|*******C In:21.10 11:14:20,288|
4-client@lab22.cpt.haw-hamburg.de-<0.39.0>-Gruppe1-2 70te_Nachricht. COut: 21.10 11:14:04,262| HBQ In: 21.10 11:14:04,259|DLQ In: 21.10 11:14:12,266|C In:21.10 11:14:20,290|
3-client@lab22.cpt.haw-hamburg.de-<0.39.0>-Gruppe1-2 71te_Nachricht. COut: 21.10 11:14:06,262| HBQ In: 21.10 11:14:06,259|DLQ In: 21.10 11:14:12,267|C In:21.10 11:14:20,293|
6-client@lab22.cpt.haw-hamburg.de-<0.39.0>-Gruppe1-2 72te_Nachricht. COut: 21.10 11:14:06,263| HBQ In: 21.10 11:14:06,260|DLQ In: 21.10 11:14:12,267|C In:21.10 11:14:20,295|
Nr.73: lab0-5000-'client1@lab28.cpt.haw-hamburg.de' 73te_Nachricht. COut: "21.10 11:14:01,202|" HBQ In: 21.10 11:14:01,200|DLQ In: 21.10 11:14:12,268|C In:21.10 11:14:20,297|
2-client@lab22.cpt.haw-hamburg.de-<0.39.0>-Gruppe1-2 74te_Nachricht. COut: 21.10 11:14:08,259| HBQ In: 21.10 11:14:08,257|DLQ In: 21.10 11:14:12,269|C In:21.10 11:14:20,300|
5-client@lab22.cpt.haw-hamburg.de-<0.39.0>-Gruppe1-2 75te_Nachricht. COut: 21.10 11:14:08,260| HBQ In: 21.10 11:14:08,258|DLQ In: 21.10 11:14:12,269|C In:21.10 11:14:20,302|
8-client@lab22.cpt.haw-hamburg.de-<0.39.0>-Gruppe1-2 76te_Nachricht. COut: 21.10 11:14:08,261| HBQ In: 21.10 11:14:08,259|DLQ In: 21.10 11:14:12,270|*******C In:21.10 11:14:20,305|
4-client@lab22.cpt.haw-hamburg.de-<0.39.0>-Gruppe1-2 77te_Nachricht. COut: 21.10 11:14:08,263| HBQ In: 21.10 11:14:08,260|DLQ In: 21.10 11:14:12,270|C In:21.10 11:14:20,307|
Nr.78: lab0-5000-'client1@lab28.cpt.haw-hamburg.de' 78te_Nachricht. COut: "21.10 11:14:06,205|" HBQ In: 21.10 11:14:06,203|DLQ In: 21.10 11:14:12,271|C In:21.10 11:14:20,310|
***Fehlernachricht fuer Nachrichten 79 bis 79 um 21.10 11:14:19,369| 79te_Nachricht. COut:  HBQ In: DLQ In: 21.10 11:14:19,370|C In:21.10 11:14:20,312|
1-client@lab22.cpt.haw-hamburg.de-<0.39.0>-Gruppe1-2 80te_Nachricht. COut: 21.10 11:14:12,259| HBQ In: 21.10 11:14:12,256|DLQ In: 21.10 11:14:19,371|C In:21.10 11:14:20,314|
9-client@lab22.cpt.haw-hamburg.de-<0.39.0>-Gruppe1-2 81te_Nachricht. COut: 21.10 11:14:12,261| HBQ In: 21.10 11:14:12,260|DLQ In: 21.10 11:14:19,372|C In:21.10 11:14:20,316|
7-client@lab22.cpt.haw-hamburg.de-<0.39.0>-Gruppe1-2 82te_Nachricht. COut: 21.10 11:14:12,261| HBQ In: 21.10 11:14:12,259|DLQ In: 21.10 11:14:19,372|C In:21.10 11:14:20,319|
3-client@lab22.cpt.haw-hamburg.de-<0.39.0>-Gruppe1-2 83te_Nachricht. COut: 21.10 11:14:12,263| HBQ In: 21.10 11:14:12,271|DLQ In: 21.10 11:14:19,373|C In:21.10 11:14:20,322|
6-client@lab22.cpt.haw-hamburg.de-<0.39.0>-Gruppe1-2 84te_Nachricht. COut: 21.10 11:14:12,264| HBQ In: 21.10 11:14:12,272|DLQ In: 21.10 11:14:19,374|C In:21.10 11:14:20,324|
2-client@lab22.cpt.haw-hamburg.de-<0.39.0>-Gruppe1-2 85te_Nachricht. COut: 21.10 11:14:12,261| HBQ In: 21.10 11:14:12,258|DLQ In: 21.10 11:14:19,374|C In:21.10 11:14:20,326|
5-client@lab22.cpt.haw-hamburg.de-<0.39.0>-Gruppe1-2 86te_Nachricht. COut: 21.10 11:14:12,261| HBQ In: 21.10 11:14:12,258|DLQ In: 21.10 11:14:19,375|C In:21.10 11:14:20,328|
8-client@lab22.cpt.haw-hamburg.de-<0.39.0>-Gruppe1-2 87te_Nachricht. COut: 21.10 11:14:12,262| HBQ In: 21.10 11:14:12,261|DLQ In: 21.10 11:14:19,376|*******C In:21.10 11:14:20,331|
4-client@lab22.cpt.haw-hamburg.de-<0.39.0>-Gruppe1-2 88te_Nachricht. COut: 21.10 11:14:12,264| HBQ In: 21.10 11:14:12,273|DLQ In: 21.10 11:14:19,376|C In:21.10 11:14:20,333|
1-client@lab22.cpt.haw-hamburg.de-<0.39.0>-Gruppe1-2 89te_Nachricht. COut: 21.10 11:14:18,261| HBQ In: 21.10 11:14:18,258|DLQ In: 21.10 11:14:19,377|C In:21.10 11:14:20,335|
2-client@lab22.cpt.haw-hamburg.de-<0.39.0>-Gruppe1-2 90te_Nachricht. COut: 21.10 11:14:16,263| HBQ In: 21.10 11:14:16,262|DLQ In: 21.10 11:14:19,378|C In:21.10 11:14:20,337|
5-client@lab22.cpt.haw-hamburg.de-<0.39.0>-Gruppe1-2 91te_Nachricht. COut: 21.10 11:14:16,263| HBQ In: 21.10 11:14:16,261|DLQ In: 21.10 11:14:19,378|C In:21.10 11:14:20,340|
7-client@lab22.cpt.haw-hamburg.de-<0.39.0>-Gruppe1-2 92te_Nachricht. COut: 21.10 11:14:18,266| HBQ In: 21.10 11:14:18,264|DLQ In: 21.10 11:14:19,379|C In:21.10 11:14:20,341|
9-client@lab22.cpt.haw-hamburg.de-<0.39.0>-Gruppe1-2 93te_Nachricht. COut: 21.10 11:14:18,266| HBQ In: 21.10 11:14:18,263|DLQ In: 21.10 11:14:19,380|C In:21.10 11:14:20,344|
8-client@lab22.cpt.haw-hamburg.de-<0.39.0>-Gruppe1-2 94te_Nachricht. COut: 21.10 11:14:16,263| HBQ In: 21.10 11:14:16,262|DLQ In: 21.10 11:14:19,380|*******C In:21.10 11:14:20,346|
3-client@lab22.cpt.haw-hamburg.de-<0.39.0>-Gruppe1-2 95te_Nachricht. COut: 21.10 11:14:18,266| HBQ In: 21.10 11:14:18,264|DLQ In: 21.10 11:14:19,381|C In:21.10 11:14:20,348|
6-client@lab22.cpt.haw-hamburg.de-<0.39.0>-Gruppe1-2 96te_Nachricht. COut: 21.10 11:14:18,266| HBQ In: 21.10 11:14:18,265|DLQ In: 21.10 11:14:19,381|C In:21.10 11:14:20,350|
4-client@lab22.cpt.haw-hamburg.de-<0.39.0>-Gruppe1-2 97te_Nachricht. COut: 21.10 11:14:16,265| HBQ In: 21.10 11:14:16,264|DLQ In: 21.10 11:14:19,382|C In:21.10 11:14:20,352|
5-client@lab22.cpt.haw-hamburg.de-<0.39.0>-Gruppe1-2 98te_Nachricht. COut: 21.10 11:14:20,264| HBQ In: 21.10 11:14:20,263|DLQ In: 21.10 11:14:20,264|C In:21.10 11:14:20,355|
2-client@lab22.cpt.haw-hamburg.de-<0.39.0>-Gruppe1-2 99te_Nachricht. COut: 21.10 11:14:20,264| HBQ In: 21.10 11:14:20,262|DLQ In: 21.10 11:14:20,265|C In:21.10 11:14:20,357|
8-client@lab22.cpt.haw-hamburg.de-<0.39.0>-Gruppe1-2 100te_Nachricht. COut: 21.10 11:14:20,264| HBQ In: 21.10 11:14:20,262|DLQ In: 21.10 11:14:20,265|*******C In:21.10 11:14:20,359|
4-client@lab22.cpt.haw-hamburg.de-<0.39.0>-Gruppe1-2 101te_Nachricht. COut: 21.10 11:14:20,266| HBQ In: 21.10 11:14:20,266|DLQ In: 21.10 11:14:20,267|C In:21.10 11:14:20,361|
0-'server@lab22.cpt.haw-hamburg.de'-<0.337.0>-3-9: 102te_Nachricht. 102te_Nachricht. COut: 21.10 11:14:17,371| HBQ In: 21.10 11:14:17,368|DLQ In: 21.10 11:14:20,268|C In:21.10 11:14:20,363|
..getmessages..Done..
Neuer Sendeintervall: 5 Sekunden (4)
8-client@lab22.cpt.haw-hamburg.de-<0.39.0>-Gruppe1-2: 114te_Nachricht. C Out: 21.10 11:14:25,366| gesendet
8-client@lab22.cpt.haw-hamburg.de-<0.39.0>-Gruppe1-2: 129te_Nachricht. C Out: 21.10 11:14:30,367| gesendet
8-client@lab22.cpt.haw-hamburg.de-<0.39.0>-Gruppe1-2: 144te_Nachricht. C Out: 21.10 11:14:35,368| gesendet
8-client@lab22.cpt.haw-hamburg.de-<0.39.0>-Gruppe1-2: 158te_Nachricht. C Out: 21.10 11:14:40,369| gesendet
8-client@lab22.cpt.haw-hamburg.de-<0.39.0>-Gruppe1-2: 175te_Nachricht. C Out: 21.10 11:14:45,370| gesendet
193te Nachricht um 21.10 11:14:45,371| vergessen zu senden
0-'server@lab22.cpt.haw-hamburg.de'-<0.337.0>-3-9: 135te_Nachricht. 135te_Nachricht. COut: 21.10 11:14:27,374| HBQ In: 21.10 11:14:27,371|DLQ In: 21.10 11:14:30,373|C In:21.10 11:14:45,384|
1-'server@lab22.cpt.haw-hamburg.de'-<0.342.0>-3-9: 136te_Nachricht. 136te_Nachricht. COut: 21.10 11:14:28,374| HBQ In: 21.10 11:14:28,371|DLQ In: 21.10 11:14:30,374|C In:21.10 11:14:45,386|
4-client@lab22.cpt.haw-hamburg.de-<0.39.0>-Gruppe1-2 137te_Nachricht. COut: 21.10 11:14:32,371| HBQ In: 21.10 11:14:32,369|DLQ In: 21.10 11:14:32,370|C In:21.10 11:14:45,388|
2-'server@lab22.cpt.haw-hamburg.de'-<0.346.0>-3-9: 138te_Nachricht. 138te_Nachricht. COut: 21.10 11:14:29,374| HBQ In: 21.10 11:14:29,371|DLQ In: 21.10 11:14:32,370|C In:21.10 11:14:45,390|
***Fehlernachricht fuer Nachrichten 139 bis 143 um 21.10 11:14:39,730| 143te_Nachricht. COut:  HBQ In: DLQ In: 21.10 11:14:39,731|C In:21.10 11:14:45,394|
8-client@lab22.cpt.haw-hamburg.de-<0.39.0>-Gruppe1-2 144te_Nachricht. COut: 21.10 11:14:35,368| HBQ In: 21.10 11:14:35,366|DLQ In: 21.10 11:14:39,732|*******C In:21.10 11:14:45,395|
2-client@lab22.cpt.haw-hamburg.de-<0.39.0>-Gruppe1-2 145te_Nachricht. COut: 21.10 11:14:35,369| HBQ In: 21.10 11:14:35,367|DLQ In: 21.10 11:14:39,733|C In:21.10 11:14:45,397|
5-client@lab22.cpt.haw-hamburg.de-<0.39.0>-Gruppe1-2 146te_Nachricht. COut: 21.10 11:14:35,370| HBQ In: 21.10 11:14:35,367|DLQ In: 21.10 11:14:39,734|C In:21.10 11:14:45,400|
3-'server@lab22.cpt.haw-hamburg.de'-<0.350.0>-3-9: 147te_Nachricht. 147te_Nachricht. COut: 21.10 11:14:30,382| HBQ In: 21.10 11:14:30,381|DLQ In: 21.10 11:14:39,734|C In:21.10 11:14:45,402|
1-client@lab22.cpt.haw-hamburg.de-<0.39.0>-Gruppe1-2 148te_Nachricht. COut: 21.10 11:14:37,433| HBQ In: 21.10 11:14:37,430|DLQ In: 21.10 11:14:39,735|C In:21.10 11:14:45,404|
9-client@lab22.cpt.haw-hamburg.de-<0.39.0>-Gruppe1-2 149te_Nachricht. COut: 21.10 11:14:35,434| HBQ In: 21.10 11:14:35,431|DLQ In: 21.10 11:14:39,736|C In:21.10 11:14:45,406|
7-client@lab22.cpt.haw-hamburg.de-<0.39.0>-Gruppe1-2 150te_Nachricht. COut: 21.10 11:14:37,435| HBQ In: 21.10 11:14:37,432|DLQ In: 21.10 11:14:39,736|C In:21.10 11:14:45,409|
3-client@lab22.cpt.haw-hamburg.de-<0.39.0>-Gruppe1-2 151te_Nachricht. COut: 21.10 11:14:37,436| HBQ In: 21.10 11:14:37,433|DLQ In: 21.10 11:14:39,737|C In:21.10 11:14:45,411|
6-client@lab22.cpt.haw-hamburg.de-<0.39.0>-Gruppe1-2 152te_Nachricht. COut: 21.10 11:14:35,437| HBQ In: 21.10 11:14:35,434|DLQ In: 21.10 11:14:39,738|C In:21.10 11:14:45,413|
4-'server@lab22.cpt.haw-hamburg.de'-<0.354.0>-3-9: 153te_Nachricht. 153te_Nachricht. COut: 21.10 11:14:31,376| HBQ In: 21.10 11:14:31,373|DLQ In: 21.10 11:14:39,738|C In:21.10 11:14:45,417|
4-client@lab22.cpt.haw-hamburg.de-<0.39.0>-Gruppe1-2 154te_Nachricht. COut: 21.10 11:14:35,372| HBQ In: 21.10 11:14:35,369|DLQ In: 21.10 11:14:39,739|C In:21.10 11:14:45,418|
0-'server@lab22.cpt.haw-hamburg.de'-<0.337.0>-3-9: 155te_Nachricht. 155te_Nachricht. COut: 21.10 11:14:32,376| HBQ In: 21.10 11:14:32,373|DLQ In: 21.10 11:14:39,739|C In:21.10 11:14:45,421|
1-'server@lab22.cpt.haw-hamburg.de'-<0.342.0>-3-9: 156te_Nachricht. 156te_Nachricht. COut: 21.10 11:14:33,375| HBQ In: 21.10 11:14:33,372|DLQ In: 21.10 11:14:39,740|C In:21.10 11:14:45,423|
2-'server@lab22.cpt.haw-hamburg.de'-<0.346.0>-3-9: 157te_Nachricht. 157te_Nachricht. COut: 21.10 11:14:34,375| HBQ In: 21.10 11:14:34,372|DLQ In: 21.10 11:14:39,741|C In:21.10 11:14:45,425|
8-client@lab22.cpt.haw-hamburg.de-<0.39.0>-Gruppe1-2 158te_Nachricht. COut: 21.10 11:14:40,369| HBQ In: 21.10 11:14:40,366|DLQ In: 21.10 11:14:40,367|*******C In:21.10 11:14:45,427|
2-client@lab22.cpt.haw-hamburg.de-<0.39.0>-Gruppe1-2 159te_Nachricht. COut: 21.10 11:14:40,370| HBQ In: 21.10 11:14:40,368|DLQ In: 21.10 11:14:40,368|C In:21.10 11:14:45,430|
5-client@lab22.cpt.haw-hamburg.de-<0.39.0>-Gruppe1-2 160te_Nachricht. COut: 21.10 11:14:40,371| HBQ In: 21.10 11:14:40,369|DLQ In: 21.10 11:14:40,370|C In:21.10 11:14:45,432|
***Fehlernachricht fuer Nachrichten 161 bis 161 um 21.10 11:14:45,368| 161te_Nachricht. COut:  HBQ In: DLQ In: 21.10 11:14:45,369|C In:21.10 11:14:45,434|
3-'server@lab22.cpt.haw-hamburg.de'-<0.350.0>-3-9: 162te_Nachricht. 162te_Nachricht. COut: 21.10 11:14:35,384| HBQ In: 21.10 11:14:35,381|DLQ In: 21.10 11:14:45,369|C In:21.10 11:14:45,436|
4-client@lab22.cpt.haw-hamburg.de-<0.39.0>-Gruppe1-2 163te_Nachricht. COut: 21.10 11:14:39,403| HBQ In: 21.10 11:14:39,400|DLQ In: 21.10 11:14:45,370|C In:21.10 11:14:45,438|
9-client@lab22.cpt.haw-hamburg.de-<0.39.0>-Gruppe1-2 164te_Nachricht. COut: 21.10 11:14:40,435| HBQ In: 21.10 11:14:40,432|DLQ In: 21.10 11:14:45,371|C In:21.10 11:14:45,441|
6-client@lab22.cpt.haw-hamburg.de-<0.39.0>-Gruppe1-2 165te_Nachricht. COut: 21.10 11:14:40,438| HBQ In: 21.10 11:14:40,435|DLQ In: 21.10 11:14:45,371|C In:21.10 11:14:45,444|
4-'server@lab22.cpt.haw-hamburg.de'-<0.354.0>-3-9: 166te_Nachricht. 166te_Nachricht. COut: 21.10 11:14:36,377| HBQ In: 21.10 11:14:36,374|DLQ In: 21.10 11:14:45,372|C In:21.10 11:14:45,447|
0-'server@lab22.cpt.haw-hamburg.de'-<0.337.0>-3-9: 167te_Nachricht. 167te_Nachricht. COut: 21.10 11:14:37,377| HBQ In: 21.10 11:14:37,374|DLQ In: 21.10 11:14:45,373|C In:21.10 11:14:45,449|
1-client@lab22.cpt.haw-hamburg.de-<0.39.0>-Gruppe1-2 168te_Nachricht. COut: 21.10 11:14:44,434| HBQ In: 21.10 11:14:44,431|DLQ In: 21.10 11:14:45,373|C In:21.10 11:14:45,452|
7-client@lab22.cpt.haw-hamburg.de-<0.39.0>-Gruppe1-2 169te_Nachricht. COut: 21.10 11:14:44,436| HBQ In: 21.10 11:14:44,433|DLQ In: 21.10 11:14:45,374|C In:21.10 11:14:45,454|
3-client@lab22.cpt.haw-hamburg.de-<0.39.0>-Gruppe1-2 170te_Nachricht. COut: 21.10 11:14:44,437| HBQ In: 21.10 11:14:44,434|DLQ In: 21.10 11:14:45,375|C In:21.10 11:14:45,456|
1-'server@lab22.cpt.haw-hamburg.de'-<0.342.0>-3-9: 171te_Nachricht. 171te_Nachricht. COut: 21.10 11:14:38,376| HBQ In: 21.10 11:14:38,373|DLQ In: 21.10 11:14:45,375|C In:21.10 11:14:45,458|
2-'server@lab22.cpt.haw-hamburg.de'-<0.346.0>-3-9: 172te_Nachricht. 172te_Nachricht. COut: 21.10 11:14:39,376| HBQ In: 21.10 11:14:39,373|DLQ In: 21.10 11:14:45,376|C In:21.10 11:14:45,461|
4-client@lab22.cpt.haw-hamburg.de-<0.39.0>-Gruppe1-2 173te_Nachricht. COut: 21.10 11:14:43,404| HBQ In: 21.10 11:14:43,402|DLQ In: 21.10 11:14:45,376|C In:21.10 11:14:45,463|
Nr.174: lab0-15-'client1@lab28.cpt.haw-hamburg.de' 174te_Nachricht. COut: "21.10 11:14:39,733|" HBQ In: 21.10 11:14:39,730|DLQ In: 21.10 11:14:45,377|C In:21.10 11:14:45,465|
8-client@lab22.cpt.haw-hamburg.de-<0.39.0>-Gruppe1-2 175te_Nachricht. COut: 21.10 11:14:45,370| HBQ In: 21.10 11:14:45,367|DLQ In: 21.10 11:14:45,378|*******C In:21.10 11:14:45,467|
2-client@lab22.cpt.haw-hamburg.de-<0.39.0>-Gruppe1-2 176te_Nachricht. COut: 21.10 11:14:45,371| HBQ In: 21.10 11:14:45,368|DLQ In: 21.10 11:14:45,378|C In:21.10 11:14:45,469|
5-client@lab22.cpt.haw-hamburg.de-<0.39.0>-Gruppe1-2 177te_Nachricht. COut: 21.10 11:14:45,372| HBQ In: 21.10 11:14:45,379|DLQ In: 21.10 11:14:45,380|C In:21.10 11:14:45,472|
3-'server@lab22.cpt.haw-hamburg.de'-<0.350.0>-3-9: 178te_Nachricht. 178te_Nachricht. COut: 21.10 11:14:40,385| HBQ In: 21.10 11:14:40,381|DLQ In: 21.10 11:14:45,381|C In:21.10 11:14:45,474|
9-client@lab22.cpt.haw-hamburg.de-<0.39.0>-Gruppe1-2 179te_Nachricht. COut: 21.10 11:14:45,436| HBQ In: 21.10 11:14:45,434|DLQ In: 21.10 11:14:45,434|C In:21.10 11:14:45,476|
6-client@lab22.cpt.haw-hamburg.de-<0.39.0>-Gruppe1-2 180te_Nachricht. COut: 21.10 11:14:45,439| HBQ In: 21.10 11:14:45,438|DLQ In: 21.10 11:14:45,438|C In:21.10 11:14:45,478|
4-'server@lab22.cpt.haw-hamburg.de'-<0.354.0>-3-9: 181te_Nachricht. 181te_Nachricht. COut: 21.10 11:14:41,378| HBQ In: 21.10 11:14:41,375|DLQ In: 21.10 11:14:45,439|C In:21.10 11:14:45,480|
..getmessages..Done..
Neuer Sendeintervall: 4 Sekunden (5)
8-client@lab22.cpt.haw-hamburg.de-<0.39.0>-Gruppe1-2: 199te_Nachricht. C Out: 21.10 11:14:49,483| gesendet
8-client@lab22.cpt.haw-hamburg.de-<0.39.0>-Gruppe1-2: 206te_Nachricht. C Out: 21.10 11:14:53,484| gesendet
8-client@lab22.cpt.haw-hamburg.de-<0.39.0>-Gruppe1-2: 219te_Nachricht. C Out: 21.10 11:14:57,485| gesendet
8-client@lab22.cpt.haw-hamburg.de-<0.39.0>-Gruppe1-2: 229te_Nachricht. C Out: 21.10 11:15:01,486| gesendet
8-client@lab22.cpt.haw-hamburg.de-<0.39.0>-Gruppe1-2: 243te_Nachricht. C Out: 21.10 11:15:05,487| gesendet
255te Nachricht um 21.10 11:15:05,490| vergessen zu senden
6-client@lab22.cpt.haw-hamburg.de-<0.39.0>-Gruppe1-2 180te_Nachricht. COut: 21.10 11:14:45,439| HBQ In: 21.10 11:14:45,438|DLQ In: 21.10 11:14:45,438|C In:21.10 11:15:05,493|
4-'server@lab22.cpt.haw-hamburg.de'-<0.354.0>-3-9: 181te_Nachricht. 181te_Nachricht. COut: 21.10 11:14:41,378| HBQ In: 21.10 11:14:41,375|DLQ In: 21.10 11:14:45,439|C In:21.10 11:15:05,496|
***Fehlernachricht fuer Nachrichten 182 bis 182 um 21.10 11:14:53,481| 182te_Nachricht. COut:  HBQ In: DLQ In: 21.10 11:14:53,483|C In:21.10 11:15:05,498|
0-'server@lab22.cpt.haw-hamburg.de'-<0.337.0>-3-9: 183te_Nachricht. 183te_Nachricht. COut: 21.10 11:14:42,412| HBQ In: 21.10 11:14:42,408|DLQ In: 21.10 11:14:53,483|C In:21.10 11:15:05,500|
***Fehlernachricht fuer Nachrichten 184 bis 184 um 21.10 11:14:53,485| 184te_Nachricht. COut:  HBQ In: DLQ In: 21.10 11:14:53,486|C In:21.10 11:15:05,503|
4-client@lab22.cpt.haw-hamburg.de-<0.39.0>-Gruppe1-2 185te_Nachricht. COut: 21.10 11:14:47,405| HBQ In: 21.10 11:14:47,402|DLQ In: 21.10 11:14:53,487|C In:21.10 11:15:05,505|
1-'server@lab22.cpt.haw-hamburg.de'-<0.342.0>-3-9: 186te_Nachricht. 186te_Nachricht. COut: 21.10 11:14:43,409| HBQ In: 21.10 11:14:43,405|DLQ In: 21.10 11:14:53,487|C In:21.10 11:15:05,508|
***Fehlernachricht fuer Nachrichten 187 bis 187 um 21.10 11:14:54,740| 187te_Nachricht. COut:  HBQ In: DLQ In: 21.10 11:14:54,741|C In:21.10 11:15:05,510|
2-'server@lab22.cpt.haw-hamburg.de'-<0.346.0>-3-9: 188te_Nachricht. 188te_Nachricht. COut: 21.10 11:14:44,406| HBQ In: 21.10 11:14:44,402|DLQ In: 21.10 11:14:54,743|C In:21.10 11:15:05,513|
1-client@lab22.cpt.haw-hamburg.de-<0.39.0>-Gruppe1-2 189te_Nachricht. COut: 21.10 11:14:51,435| HBQ In: 21.10 11:14:51,432|DLQ In: 21.10 11:14:54,744|C In:21.10 11:15:05,515|
7-client@lab22.cpt.haw-hamburg.de-<0.39.0>-Gruppe1-2 190te_Nachricht. COut: 21.10 11:14:51,437| HBQ In: 21.10 11:14:51,434|DLQ In: 21.10 11:14:54,745|C In:21.10 11:15:05,517|
3-client@lab22.cpt.haw-hamburg.de-<0.39.0>-Gruppe1-2 191te_Nachricht. COut: 21.10 11:14:51,438| HBQ In: 21.10 11:14:51,435|DLQ In: 21.10 11:14:54,746|C In:21.10 11:15:05,520|
Nr.192: lab0-15-'client1@lab28.cpt.haw-hamburg.de' 192te_Nachricht. COut: "21.10 11:14:44,736|" HBQ In: 21.10 11:14:44,733|DLQ In: 21.10 11:14:54,746|C In:21.10 11:15:05,522|
***Fehlernachricht fuer Nachrichten 193 bis 196 um 21.10 11:14:57,483| 196te_Nachricht. COut:  HBQ In: DLQ In: 21.10 11:14:57,484|C In:21.10 11:15:05,525|
9-client@lab22.cpt.haw-hamburg.de-<0.39.0>-Gruppe1-2 197te_Nachricht. COut: 21.10 11:14:50,437| HBQ In: 21.10 11:14:50,435|DLQ In: 21.10 11:14:57,485|C In:21.10 11:15:05,527|
6-client@lab22.cpt.haw-hamburg.de-<0.39.0>-Gruppe1-2 198te_Nachricht. COut: 21.10 11:14:50,440| HBQ In: 21.10 11:14:50,437|DLQ In: 21.10 11:14:57,486|C In:21.10 11:15:05,529|
8-client@lab22.cpt.haw-hamburg.de-<0.39.0>-Gruppe1-2 199te_Nachricht. COut: 21.10 11:14:49,483| HBQ In: 21.10 11:14:49,480|DLQ In: 21.10 11:14:57,486|*******C In:21.10 11:15:05,531|
2-client@lab22.cpt.haw-hamburg.de-<0.39.0>-Gruppe1-2 200te_Nachricht. COut: 21.10 11:14:51,484| HBQ In: 21.10 11:14:51,481|DLQ In: 21.10 11:14:57,487|C In:21.10 11:15:05,533|
5-client@lab22.cpt.haw-hamburg.de-<0.39.0>-Gruppe1-2 201te_Nachricht. COut: 21.10 11:14:51,485| HBQ In: 21.10 11:14:51,482|DLQ In: 21.10 11:14:57,488|C In:21.10 11:15:05,534|
3-'server@lab22.cpt.haw-hamburg.de'-<0.350.0>-3-9: 202te_Nachricht. 202te_Nachricht. COut: 21.10 11:14:45,486| HBQ In: 21.10 11:14:45,482|DLQ In: 21.10 11:14:57,488|C In:21.10 11:15:05,535|
***Fehlernachricht fuer Nachrichten 203 bis 203 um 21.10 11:14:59,491| 203te_Nachricht. COut:  HBQ In: DLQ In: 21.10 11:14:59,492|C In:21.10 11:15:05,535|
4-'server@lab22.cpt.haw-hamburg.de'-<0.354.0>-3-9: 204te_Nachricht. 204te_Nachricht. COut: 21.10 11:14:46,405| HBQ In: 21.10 11:14:46,401|DLQ In: 21.10 11:14:59,493|C In:21.10 11:15:05,535|
4-client@lab22.cpt.haw-hamburg.de-<0.39.0>-Gruppe1-2 205te_Nachricht. COut: 21.10 11:14:51,406| HBQ In: 21.10 11:14:51,403|DLQ In: 21.10 11:14:59,494|C In:21.10 11:15:05,536|
8-client@lab22.cpt.haw-hamburg.de-<0.39.0>-Gruppe1-2 206te_Nachricht. COut: 21.10 11:14:53,484| HBQ In: 21.10 11:14:53,481|DLQ In: 21.10 11:14:59,495|*******C In:21.10 11:15:05,537|
Nr.207: lab0-15-'client1@lab28.cpt.haw-hamburg.de' 207te_Nachricht. COut: "21.10 11:14:49,737|" HBQ In: 21.10 11:14:49,734|DLQ In: 21.10 11:14:59,495|C In:21.10 11:15:05,537|
0-'server@lab22.cpt.haw-hamburg.de'-<0.337.0>-3-9: 208te_Nachricht. 208te_Nachricht. COut: 21.10 11:14:50,414| HBQ In: 21.10 11:14:50,410|DLQ In: 21.10 11:14:59,496|C In:21.10 11:15:05,538|
9-client@lab22.cpt.haw-hamburg.de-<0.39.0>-Gruppe1-2 209te_Nachricht. COut: 21.10 11:14:55,438| HBQ In: 21.10 11:14:55,435|DLQ In: 21.10 11:14:59,497|C In:21.10 11:15:05,538|
6-client@lab22.cpt.haw-hamburg.de-<0.39.0>-Gruppe1-2 210te_Nachricht. COut: 21.10 11:14:55,441| HBQ In: 21.10 11:14:55,439|DLQ In: 21.10 11:14:59,498|C In:21.10 11:15:05,539|
4-client@lab22.cpt.haw-hamburg.de-<0.39.0>-Gruppe1-2 211te_Nachricht. COut: 21.10 11:14:55,407| HBQ In: 21.10 11:14:55,404|DLQ In: 21.10 11:14:59,498|C In:21.10 11:15:05,540|
1-'server@lab22.cpt.haw-hamburg.de'-<0.342.0>-3-9: 212te_Nachricht. 212te_Nachricht. COut: 21.10 11:14:51,410| HBQ In: 21.10 11:14:51,407|DLQ In: 21.10 11:14:59,499|C In:21.10 11:15:05,541|
1-client@lab22.cpt.haw-hamburg.de-<0.39.0>-Gruppe1-2 213te_Nachricht. COut: 21.10 11:14:58,436| HBQ In: 21.10 11:14:58,433|DLQ In: 21.10 11:14:59,499|C In:21.10 11:15:05,542|
7-client@lab22.cpt.haw-hamburg.de-<0.39.0>-Gruppe1-2 214te_Nachricht. COut: 21.10 11:14:58,438| HBQ In: 21.10 11:14:58,435|DLQ In: 21.10 11:14:59,500|C In:21.10 11:15:05,542|
3-client@lab22.cpt.haw-hamburg.de-<0.39.0>-Gruppe1-2 215te_Nachricht. COut: 21.10 11:14:58,439| HBQ In: 21.10 11:14:58,436|DLQ In: 21.10 11:14:59,501|C In:21.10 11:15:05,543|
2-client@lab22.cpt.haw-hamburg.de-<0.39.0>-Gruppe1-2 216te_Nachricht. COut: 21.10 11:14:57,485| HBQ In: 21.10 11:14:57,483|DLQ In: 21.10 11:14:59,501|C In:21.10 11:15:05,543|
5-client@lab22.cpt.haw-hamburg.de-<0.39.0>-Gruppe1-2 217te_Nachricht. COut: 21.10 11:14:57,486| HBQ In: 21.10 11:14:57,489|DLQ In: 21.10 11:14:59,502|C In:21.10 11:15:05,544|
2-'server@lab22.cpt.haw-hamburg.de'-<0.346.0>-3-9: 218te_Nachricht. 218te_Nachricht. COut: 21.10 11:14:52,407| HBQ In: 21.10 11:14:52,404|DLQ In: 21.10 11:14:59,503|C In:21.10 11:15:05,545|
8-client@lab22.cpt.haw-hamburg.de-<0.39.0>-Gruppe1-2 219te_Nachricht. COut: 21.10 11:14:57,485| HBQ In: 21.10 11:14:57,483|DLQ In: 21.10 11:14:59,503|*******C In:21.10 11:15:05,545|
3-'server@lab22.cpt.haw-hamburg.de'-<0.350.0>-3-9: 220te_Nachricht. 220te_Nachricht. COut: 21.10 11:14:53,488| HBQ In: 21.10 11:14:53,484|DLQ In: 21.10 11:14:59,504|C In:21.10 11:15:05,546|
4-'server@lab22.cpt.haw-hamburg.de'-<0.354.0>-3-9: 221te_Nachricht. 221te_Nachricht. COut: 21.10 11:14:54,406| HBQ In: 21.10 11:14:54,403|DLQ In: 21.10 11:14:59,504|C In:21.10 11:15:05,546|
Nr.222: lab0-15-'client1@lab28.cpt.haw-hamburg.de' 222te_Nachricht. COut: "21.10 11:14:54,743|" HBQ In: 21.10 11:14:54,740|DLQ In: 21.10 11:14:59,505|C In:21.10 11:15:05,547|
..getmessages..Done..
Neuer Sendeintervall: 5 Sekunden (4)
8-client@lab22.cpt.haw-hamburg.de-<0.39.0>-Gruppe1-2: 259te_Nachricht. C Out: 21.10 11:15:10,549| gesendet
8-client@lab22.cpt.haw-hamburg.de-<0.39.0>-Gruppe1-2: 268te_Nachricht. C Out: 21.10 11:15:15,550| gesendet
8-client@lab22.cpt.haw-hamburg.de-<0.39.0>-Gruppe1-2: 279te_Nachricht. C Out: 21.10 11:15:20,551| gesendet
8-client@lab22.cpt.haw-hamburg.de-<0.39.0>-Gruppe1-2: 288te_Nachricht. C Out: 21.10 11:15:25,552| gesendet
8-client@lab22.cpt.haw-hamburg.de-<0.39.0>-Gruppe1-2: 301te_Nachricht. C Out: 21.10 11:15:30,553| gesendet
312te Nachricht um 21.10 11:15:30,554| vergessen zu senden
1-client@lab22.cpt.haw-hamburg.de-<0.39.0>-Gruppe1-2 256te_Nachricht. COut: 21.10 11:15:13,533| HBQ In: 21.10 11:15:13,530|DLQ In: 21.10 11:15:20,580|C In:21.10 11:15:30,555|
7-client@lab22.cpt.haw-hamburg.de-<0.39.0>-Gruppe1-2 257te_Nachricht. COut: 21.10 11:15:11,535| HBQ In: 21.10 11:15:11,532|DLQ In: 21.10 11:15:20,580|C In:21.10 11:15:30,556|
3-client@lab22.cpt.haw-hamburg.de-<0.39.0>-Gruppe1-2 258te_Nachricht. COut: 21.10 11:15:13,536| HBQ In: 21.10 11:15:13,535|DLQ In: 21.10 11:15:20,581|C In:21.10 11:15:30,556|
8-client@lab22.cpt.haw-hamburg.de-<0.39.0>-Gruppe1-2 259te_Nachricht. COut: 21.10 11:15:10,549| HBQ In: 21.10 11:15:10,546|DLQ In: 21.10 11:15:20,582|*******C In:21.10 11:15:30,557|
4-client@lab22.cpt.haw-hamburg.de-<0.39.0>-Gruppe1-2 260te_Nachricht. COut: 21.10 11:15:10,457| HBQ In: 21.10 11:15:10,454|DLQ In: 21.10 11:15:20,583|C In:21.10 11:15:30,558|
9-client@lab22.cpt.haw-hamburg.de-<0.39.0>-Gruppe1-2 261te_Nachricht. COut: 21.10 11:15:13,494| HBQ In: 21.10 11:15:13,492|DLQ In: 21.10 11:15:20,584|C In:21.10 11:15:30,558|
6-client@lab22.cpt.haw-hamburg.de-<0.39.0>-Gruppe1-2 262te_Nachricht. COut: 21.10 11:15:11,497| HBQ In: 21.10 11:15:11,494|DLQ In: 21.10 11:15:20,585|C In:21.10 11:15:30,559|
2-client@lab22.cpt.haw-hamburg.de-<0.39.0>-Gruppe1-2 263te_Nachricht. COut: 21.10 11:15:15,489| HBQ In: 21.10 11:15:15,491|DLQ In: 21.10 11:15:20,585|C In:21.10 11:15:30,559|
5-client@lab22.cpt.haw-hamburg.de-<0.39.0>-Gruppe1-2 264te_Nachricht. COut: 21.10 11:15:15,489| HBQ In: 21.10 11:15:15,486|DLQ In: 21.10 11:15:20,586|C In:21.10 11:15:30,560|
Nr.265: lab0-15-'client1@lab28.cpt.haw-hamburg.de' 265te_Nachricht. COut: "21.10 11:15:09,781|" HBQ In: 21.10 11:15:09,778|DLQ In: 21.10 11:15:20,587|C In:21.10 11:15:30,560|
***Fehlernachricht fuer Nachrichten 266 bis 266 um 21.10 11:15:25,549| 266te_Nachricht. COut:  HBQ In: DLQ In: 21.10 11:15:25,549|C In:21.10 11:15:30,561|
4-client@lab22.cpt.haw-hamburg.de-<0.39.0>-Gruppe1-2 267te_Nachricht. COut: 21.10 11:15:14,489| HBQ In: 21.10 11:15:14,487|DLQ In: 21.10 11:15:25,550|C In:21.10 11:15:30,562|
8-client@lab22.cpt.haw-hamburg.de-<0.39.0>-Gruppe1-2 268te_Nachricht. COut: 21.10 11:15:15,550| HBQ In: 21.10 11:15:15,548|DLQ In: 21.10 11:15:25,550|*******C In:21.10 11:15:30,562|
6-client@lab22.cpt.haw-hamburg.de-<0.39.0>-Gruppe1-2 269te_Nachricht. COut: 21.10 11:15:15,498| HBQ In: 21.10 11:15:15,499|DLQ In: 21.10 11:15:25,551|C In:21.10 11:15:30,563|
7-client@lab22.cpt.haw-hamburg.de-<0.39.0>-Gruppe1-2 270te_Nachricht. COut: 21.10 11:15:17,536| HBQ In: 21.10 11:15:17,534|DLQ In: 21.10 11:15:25,551|C In:21.10 11:15:30,563|
9-client@lab22.cpt.haw-hamburg.de-<0.39.0>-Gruppe1-2 271te_Nachricht. COut: 21.10 11:15:19,495| HBQ In: 21.10 11:15:19,493|DLQ In: 21.10 11:15:25,552|C In:21.10 11:15:30,564|
1-client@lab22.cpt.haw-hamburg.de-<0.39.0>-Gruppe1-2 272te_Nachricht. COut: 21.10 11:15:21,534| HBQ In: 21.10 11:15:21,532|DLQ In: 21.10 11:15:25,553|C In:21.10 11:15:30,565|
3-client@lab22.cpt.haw-hamburg.de-<0.39.0>-Gruppe1-2 273te_Nachricht. COut: 21.10 11:15:21,537| HBQ In: 21.10 11:15:21,534|DLQ In: 21.10 11:15:25,553|C In:21.10 11:15:30,565|
4-client@lab22.cpt.haw-hamburg.de-<0.39.0>-Gruppe1-2 274te_Nachricht. COut: 21.10 11:15:18,490| HBQ In: 21.10 11:15:18,488|DLQ In: 21.10 11:15:25,554|C In:21.10 11:15:30,566|
Nr.275: lab0-15-'client1@lab28.cpt.haw-hamburg.de' 275te_Nachricht. COut: "21.10 11:15:14,786|" HBQ In: 21.10 11:15:14,784|DLQ In: 21.10 11:15:25,554|C In:21.10 11:15:30,566|
***Fehlernachricht fuer Nachrichten 276 bis 278 um 21.10 11:15:30,490| 278te_Nachricht. COut:  HBQ In: DLQ In: 21.10 11:15:30,491|C In:21.10 11:15:30,567|
8-client@lab22.cpt.haw-hamburg.de-<0.39.0>-Gruppe1-2 279te_Nachricht. COut: 21.10 11:15:20,551| HBQ In: 21.10 11:15:20,548|DLQ In: 21.10 11:15:30,491|*******C In:21.10 11:15:30,568|
5-client@lab22.cpt.haw-hamburg.de-<0.39.0>-Gruppe1-2 280te_Nachricht. COut: 21.10 11:15:20,581| HBQ In: 21.10 11:15:20,578|DLQ In: 21.10 11:15:30,492|C In:21.10 11:15:30,568|
2-client@lab22.cpt.haw-hamburg.de-<0.39.0>-Gruppe1-2 281te_Nachricht. COut: 21.10 11:15:20,582| HBQ In: 21.10 11:15:20,587|DLQ In: 21.10 11:15:30,493|C In:21.10 11:15:30,569|
6-client@lab22.cpt.haw-hamburg.de-<0.39.0>-Gruppe1-2 282te_Nachricht. COut: 21.10 11:15:18,583| HBQ In: 21.10 11:15:18,580|DLQ In: 21.10 11:15:30,494|C In:21.10 11:15:30,569|
7-client@lab22.cpt.haw-hamburg.de-<0.39.0>-Gruppe1-2 283te_Nachricht. COut: 21.10 11:15:23,537| HBQ In: 21.10 11:15:23,534|DLQ In: 21.10 11:15:30,495|C In:21.10 11:15:30,570|
4-client@lab22.cpt.haw-hamburg.de-<0.39.0>-Gruppe1-2 284te_Nachricht. COut: 21.10 11:15:22,491| HBQ In: 21.10 11:15:22,488|DLQ In: 21.10 11:15:30,495|C In:21.10 11:15:30,571|
6-client@lab22.cpt.haw-hamburg.de-<0.39.0>-Gruppe1-2 285te_Nachricht. COut: 21.10 11:15:21,584| HBQ In: 21.10 11:15:21,581|DLQ In: 21.10 11:15:30,496|C In:21.10 11:15:30,571|
9-client@lab22.cpt.haw-hamburg.de-<0.39.0>-Gruppe1-2 286te_Nachricht. COut: 21.10 11:15:25,496| HBQ In: 21.10 11:15:25,493|DLQ In: 21.10 11:15:30,497|C In:21.10 11:15:30,572|
Nr.287: lab0-15-'client1@lab28.cpt.haw-hamburg.de' 287te_Nachricht. COut: "21.10 11:15:19,787|" HBQ In: 21.10 11:15:19,784|DLQ In: 21.10 11:15:30,498|C In:21.10 11:15:30,572|
8-client@lab22.cpt.haw-hamburg.de-<0.39.0>-Gruppe1-2 288te_Nachricht. COut: 21.10 11:15:25,552| HBQ In: 21.10 11:15:25,549|DLQ In: 21.10 11:15:30,498|*******C In:21.10 11:15:30,573|
5-client@lab22.cpt.haw-hamburg.de-<0.39.0>-Gruppe1-2 289te_Nachricht. COut: 21.10 11:15:25,582| HBQ In: 21.10 11:15:25,579|DLQ In: 21.10 11:15:30,499|C In:21.10 11:15:30,573|
2-client@lab22.cpt.haw-hamburg.de-<0.39.0>-Gruppe1-2 290te_Nachricht. COut: 21.10 11:15:25,583| HBQ In: 21.10 11:15:25,580|DLQ In: 21.10 11:15:30,499|C In:21.10 11:15:30,574|
1-client@lab22.cpt.haw-hamburg.de-<0.39.0>-Gruppe1-2 291te_Nachricht. COut: 21.10 11:15:29,535| HBQ In: 21.10 11:15:29,533|DLQ In: 21.10 11:15:30,500|C In:21.10 11:15:30,575|
3-client@lab22.cpt.haw-hamburg.de-<0.39.0>-Gruppe1-2 292te_Nachricht. COut: 21.10 11:15:29,539| HBQ In: 21.10 11:15:29,537|DLQ In: 21.10 11:15:30,501|C In:21.10 11:15:30,575|
6-client@lab22.cpt.haw-hamburg.de-<0.39.0>-Gruppe1-2 293te_Nachricht. COut: 21.10 11:15:24,585| HBQ In: 21.10 11:15:24,582|DLQ In: 21.10 11:15:30,502|C In:21.10 11:15:30,576|
4-client@lab22.cpt.haw-hamburg.de-<0.39.0>-Gruppe1-2 294te_Nachricht. COut: 21.10 11:15:26,492| HBQ In: 21.10 11:15:26,489|DLQ In: 21.10 11:15:30,502|C In:21.10 11:15:30,576|
7-client@lab22.cpt.haw-hamburg.de-<0.39.0>-Gruppe1-2 295te_Nachricht. COut: 21.10 11:15:29,538| HBQ In: 21.10 11:15:29,536|DLQ In: 21.10 11:15:30,503|C In:21.10 11:15:30,577|
6-client@lab22.cpt.haw-hamburg.de-<0.39.0>-Gruppe1-2 296te_Nachricht. COut: 21.10 11:15:27,586| HBQ In: 21.10 11:15:27,583|DLQ In: 21.10 11:15:30,503|C In:21.10 11:15:30,577|
Nr.297: lab0-15-'client1@lab28.cpt.haw-hamburg.de' 297te_Nachricht. COut: "21.10 11:15:24,790|" HBQ In: 21.10 11:15:24,788|DLQ In: 21.10 11:15:30,504|C In:21.10 11:15:30,578|
..getmessages..Done..
Neuer Sendeintervall: 4 Sekunden (5)
8-client@lab22.cpt.haw-hamburg.de-<0.39.0>-Gruppe1-2: 313te_Nachricht. C Out: 21.10 11:15:34,580| gesendet
