1-client@SALLY.informatik.haw-hamburg.de-<0.38.0>-Gruppe1-2 Start: 20.10 15:47:03,893|
1-client@SALLY.informatik.haw-hamburg.de-<0.38.0>-Gruppe1-2: 10te_Nachricht. C Out: 20.10 15:47:08,979| gesendet
1-client@SALLY.informatik.haw-hamburg.de-<0.38.0>-Gruppe1-2: 19te_Nachricht. C Out: 20.10 15:47:13,986| gesendet
1-client@SALLY.informatik.haw-hamburg.de-<0.38.0>-Gruppe1-2: 30te_Nachricht. C Out: 20.10 15:47:18,994| gesendet
1-client@SALLY.informatik.haw-hamburg.de-<0.38.0>-Gruppe1-2: 39te_Nachricht. C Out: 20.10 15:47:24,002| gesendet
1-client@SALLY.informatik.haw-hamburg.de-<0.38.0>-Gruppe1-2: 50te_Nachricht. C Out: 20.10 15:47:29,008| gesendet
59te Nachricht um 20.10 15:47:29,056| vergessen zu senden
9-client@SALLY.informatik.haw-hamburg.de-<0.38.0>-Gruppe1-2 2te_Nachricht. COut: 20.10 15:47:08,963| HBQ In: 20.10 15:47:08,994|DLQ In: 20.10 15:47:08,994|C In:20.10 15:47:29,165|
8-client@SALLY.informatik.haw-hamburg.de-<0.38.0>-Gruppe1-2 3te_Nachricht. COut: 20.10 15:47:08,963| HBQ In: 20.10 15:47:08,994|DLQ In: 20.10 15:47:08,994|C In:20.10 15:47:29,290|
7-client@SALLY.informatik.haw-hamburg.de-<0.38.0>-Gruppe1-2 4te_Nachricht. COut: 20.10 15:47:08,963| HBQ In: 20.10 15:47:08,979|DLQ In: 20.10 15:47:08,994|C In:20.10 15:47:29,368|
6-client@SALLY.informatik.haw-hamburg.de-<0.38.0>-Gruppe1-2 5te_Nachricht. COut: 20.10 15:47:08,963| HBQ In: 20.10 15:47:08,979|DLQ In: 20.10 15:47:08,994|C In:20.10 15:47:29,446|
5-client@SALLY.informatik.haw-hamburg.de-<0.38.0>-Gruppe1-2 6te_Nachricht. COut: 20.10 15:47:08,963| HBQ In: 20.10 15:47:08,979|DLQ In: 20.10 15:47:08,994|C In:20.10 15:47:29,508|
4-client@SALLY.informatik.haw-hamburg.de-<0.38.0>-Gruppe1-2 7te_Nachricht. COut: 20.10 15:47:08,963| HBQ In: 20.10 15:47:08,963|DLQ In: 20.10 15:47:08,994|C In:20.10 15:47:29,586|
3-client@SALLY.informatik.haw-hamburg.de-<0.38.0>-Gruppe1-2 8te_Nachricht. COut: 20.10 15:47:08,963| HBQ In: 20.10 15:47:08,963|DLQ In: 20.10 15:47:08,994|C In:20.10 15:47:29,664|
2-client@SALLY.informatik.haw-hamburg.de-<0.38.0>-Gruppe1-2 9te_Nachricht. COut: 20.10 15:47:08,979| HBQ In: 20.10 15:47:09,010|DLQ In: 20.10 15:47:09,010|C In:20.10 15:47:29,727|
1-client@SALLY.informatik.haw-hamburg.de-<0.38.0>-Gruppe1-2 10te_Nachricht. COut: 20.10 15:47:08,979| HBQ In: 20.10 15:47:09,010|DLQ In: 20.10 15:47:09,010|*******C In:20.10 15:47:29,805|
3-client@SALLY.informatik.haw-hamburg.de-<0.38.0>-Gruppe1-2 11te_Nachricht. COut: 20.10 15:47:13,971| HBQ In: 20.10 15:47:14,016|DLQ In: 20.10 15:47:14,017|C In:20.10 15:47:29,883|
4-client@SALLY.informatik.haw-hamburg.de-<0.38.0>-Gruppe1-2 12te_Nachricht. COut: 20.10 15:47:13,971| HBQ In: 20.10 15:47:14,002|DLQ In: 20.10 15:47:14,017|C In:20.10 15:47:30,179|
5-client@SALLY.informatik.haw-hamburg.de-<0.38.0>-Gruppe1-2 13te_Nachricht. COut: 20.10 15:47:13,971| HBQ In: 20.10 15:47:14,002|DLQ In: 20.10 15:47:14,017|C In:20.10 15:47:30,288|
6-client@SALLY.informatik.haw-hamburg.de-<0.38.0>-Gruppe1-2 14te_Nachricht. COut: 20.10 15:47:13,971| HBQ In: 20.10 15:47:14,002|DLQ In: 20.10 15:47:14,017|C In:20.10 15:47:30,460|
7-client@SALLY.informatik.haw-hamburg.de-<0.38.0>-Gruppe1-2 15te_Nachricht. COut: 20.10 15:47:13,971| HBQ In: 20.10 15:47:13,986|DLQ In: 20.10 15:47:14,017|C In:20.10 15:47:30,538|
8-client@SALLY.informatik.haw-hamburg.de-<0.38.0>-Gruppe1-2 16te_Nachricht. COut: 20.10 15:47:13,971| HBQ In: 20.10 15:47:13,986|DLQ In: 20.10 15:47:14,017|C In:20.10 15:47:30,616|
9-client@SALLY.informatik.haw-hamburg.de-<0.38.0>-Gruppe1-2 17te_Nachricht. COut: 20.10 15:47:13,971| HBQ In: 20.10 15:47:13,971|DLQ In: 20.10 15:47:14,017|C In:20.10 15:47:30,678|
10-client@SALLY.informatik.haw-hamburg.de-<0.38.0>-Gruppe1-2 18te_Nachricht. COut: 20.10 15:47:13,971| HBQ In: 20.10 15:47:13,971|DLQ In: 20.10 15:47:14,017|C In:20.10 15:47:30,756|
1-client@SALLY.informatik.haw-hamburg.de-<0.38.0>-Gruppe1-2 19te_Nachricht. COut: 20.10 15:47:13,986| HBQ In: 20.10 15:47:14,032|DLQ In: 20.10 15:47:14,033|*******C In:20.10 15:47:30,834|
2-client@SALLY.informatik.haw-hamburg.de-<0.38.0>-Gruppe1-2 20te_Nachricht. COut: 20.10 15:47:13,986| HBQ In: 20.10 15:47:14,017|DLQ In: 20.10 15:47:14,033|C In:20.10 15:47:30,912|
10-client@SALLY.informatik.haw-hamburg.de-<0.38.0>-Gruppe1-2 21te_Nachricht. COut: 20.10 15:47:18,978| HBQ In: 20.10 15:47:19,072|DLQ In: 20.10 15:47:19,072|C In:20.10 15:47:30,990|
9-client@SALLY.informatik.haw-hamburg.de-<0.38.0>-Gruppe1-2 22te_Nachricht. COut: 20.10 15:47:18,978| HBQ In: 20.10 15:47:19,056|DLQ In: 20.10 15:47:19,072|C In:20.10 15:47:31,053|
8-client@SALLY.informatik.haw-hamburg.de-<0.38.0>-Gruppe1-2 23te_Nachricht. COut: 20.10 15:47:18,978| HBQ In: 20.10 15:47:19,041|DLQ In: 20.10 15:47:19,072|C In:20.10 15:47:31,115|
7-client@SALLY.informatik.haw-hamburg.de-<0.38.0>-Gruppe1-2 24te_Nachricht. COut: 20.10 15:47:18,978| HBQ In: 20.10 15:47:19,040|DLQ In: 20.10 15:47:19,072|C In:20.10 15:47:31,193|
6-client@SALLY.informatik.haw-hamburg.de-<0.38.0>-Gruppe1-2 25te_Nachricht. COut: 20.10 15:47:18,978| HBQ In: 20.10 15:47:19,024|DLQ In: 20.10 15:47:19,072|C In:20.10 15:47:31,271|
5-client@SALLY.informatik.haw-hamburg.de-<0.38.0>-Gruppe1-2 26te_Nachricht. COut: 20.10 15:47:18,978| HBQ In: 20.10 15:47:19,010|DLQ In: 20.10 15:47:19,072|C In:20.10 15:47:31,349|
4-client@SALLY.informatik.haw-hamburg.de-<0.38.0>-Gruppe1-2 27te_Nachricht. COut: 20.10 15:47:18,978| HBQ In: 20.10 15:47:18,994|DLQ In: 20.10 15:47:19,072|C In:20.10 15:47:31,443|
3-client@SALLY.informatik.haw-hamburg.de-<0.38.0>-Gruppe1-2 28te_Nachricht. COut: 20.10 15:47:18,978| HBQ In: 20.10 15:47:18,978|DLQ In: 20.10 15:47:19,072|C In:20.10 15:47:31,536|
2-client@SALLY.informatik.haw-hamburg.de-<0.38.0>-Gruppe1-2 29te_Nachricht. COut: 20.10 15:47:18,994| HBQ In: 20.10 15:47:19,088|DLQ In: 20.10 15:47:19,088|C In:20.10 15:47:31,614|
1-client@SALLY.informatik.haw-hamburg.de-<0.38.0>-Gruppe1-2 30te_Nachricht. COut: 20.10 15:47:18,994| HBQ In: 20.10 15:47:19,072|DLQ In: 20.10 15:47:19,088|*******C In:20.10 15:47:31,677|
3-client@SALLY.informatik.haw-hamburg.de-<0.38.0>-Gruppe1-2 31te_Nachricht. COut: 20.10 15:47:23,986| HBQ In: 20.10 15:47:24,033|DLQ In: 20.10 15:47:24,033|C In:20.10 15:47:31,755|
4-client@SALLY.informatik.haw-hamburg.de-<0.38.0>-Gruppe1-2 32te_Nachricht. COut: 20.10 15:47:23,986| HBQ In: 20.10 15:47:24,033|DLQ In: 20.10 15:47:24,033|C In:20.10 15:47:31,833|
5-client@SALLY.informatik.haw-hamburg.de-<0.38.0>-Gruppe1-2 33te_Nachricht. COut: 20.10 15:47:23,986| HBQ In: 20.10 15:47:24,032|DLQ In: 20.10 15:47:24,033|C In:20.10 15:47:31,895|
6-client@SALLY.informatik.haw-hamburg.de-<0.38.0>-Gruppe1-2 34te_Nachricht. COut: 20.10 15:47:23,986| HBQ In: 20.10 15:47:24,016|DLQ In: 20.10 15:47:24,033|C In:20.10 15:47:31,973|
7-client@SALLY.informatik.haw-hamburg.de-<0.38.0>-Gruppe1-2 35te_Nachricht. COut: 20.10 15:47:23,986| HBQ In: 20.10 15:47:24,002|DLQ In: 20.10 15:47:24,033|C In:20.10 15:47:32,051|
8-client@SALLY.informatik.haw-hamburg.de-<0.38.0>-Gruppe1-2 36te_Nachricht. COut: 20.10 15:47:23,986| HBQ In: 20.10 15:47:24,002|DLQ In: 20.10 15:47:24,033|C In:20.10 15:47:32,129|
9-client@SALLY.informatik.haw-hamburg.de-<0.38.0>-Gruppe1-2 37te_Nachricht. COut: 20.10 15:47:23,986| HBQ In: 20.10 15:47:23,986|DLQ In: 20.10 15:47:24,033|C In:20.10 15:47:32,192|
10-client@SALLY.informatik.haw-hamburg.de-<0.38.0>-Gruppe1-2 38te_Nachricht. COut: 20.10 15:47:23,986| HBQ In: 20.10 15:47:23,986|DLQ In: 20.10 15:47:24,033|C In:20.10 15:47:32,270|
1-client@SALLY.informatik.haw-hamburg.de-<0.38.0>-Gruppe1-2 39te_Nachricht. COut: 20.10 15:47:24,002| HBQ In: 20.10 15:47:24,048|DLQ In: 20.10 15:47:24,048|*******C In:20.10 15:47:32,332|
2-client@SALLY.informatik.haw-hamburg.de-<0.38.0>-Gruppe1-2 40te_Nachricht. COut: 20.10 15:47:24,002| HBQ In: 20.10 15:47:24,048|DLQ In: 20.10 15:47:24,048|C In:20.10 15:47:32,410|
10-client@SALLY.informatik.haw-hamburg.de-<0.38.0>-Gruppe1-2 41te_Nachricht. COut: 20.10 15:47:28,994| HBQ In: 20.10 15:47:29,040|DLQ In: 20.10 15:47:29,056|C In:20.10 15:47:32,488|
9-client@SALLY.informatik.haw-hamburg.de-<0.38.0>-Gruppe1-2 42te_Nachricht. COut: 20.10 15:47:28,994| HBQ In: 20.10 15:47:29,040|DLQ In: 20.10 15:47:29,056|C In:20.10 15:47:32,550|
8-client@SALLY.informatik.haw-hamburg.de-<0.38.0>-Gruppe1-2 43te_Nachricht. COut: 20.10 15:47:28,994| HBQ In: 20.10 15:47:29,040|DLQ In: 20.10 15:47:29,056|C In:20.10 15:47:32,628|
7-client@SALLY.informatik.haw-hamburg.de-<0.38.0>-Gruppe1-2 44te_Nachricht. COut: 20.10 15:47:28,994| HBQ In: 20.10 15:47:29,024|DLQ In: 20.10 15:47:29,056|C In:20.10 15:47:32,706|
6-client@SALLY.informatik.haw-hamburg.de-<0.38.0>-Gruppe1-2 45te_Nachricht. COut: 20.10 15:47:28,994| HBQ In: 20.10 15:47:29,009|DLQ In: 20.10 15:47:29,056|C In:20.10 15:47:32,769|
5-client@SALLY.informatik.haw-hamburg.de-<0.38.0>-Gruppe1-2 46te_Nachricht. COut: 20.10 15:47:28,994| HBQ In: 20.10 15:47:29,009|DLQ In: 20.10 15:47:29,056|C In:20.10 15:47:32,847|
4-client@SALLY.informatik.haw-hamburg.de-<0.38.0>-Gruppe1-2 47te_Nachricht. COut: 20.10 15:47:28,994| HBQ In: 20.10 15:47:29,008|DLQ In: 20.10 15:47:29,056|C In:20.10 15:47:32,925|
3-client@SALLY.informatik.haw-hamburg.de-<0.38.0>-Gruppe1-2 48te_Nachricht. COut: 20.10 15:47:28,994| HBQ In: 20.10 15:47:28,994|DLQ In: 20.10 15:47:29,056|C In:20.10 15:47:33,003|
2-client@SALLY.informatik.haw-hamburg.de-<0.38.0>-Gruppe1-2 49te_Nachricht. COut: 20.10 15:47:29,009| HBQ In: 20.10 15:47:29,056|DLQ In: 20.10 15:47:29,056|C In:20.10 15:47:33,081|
1-client@SALLY.informatik.haw-hamburg.de-<0.38.0>-Gruppe1-2 50te_Nachricht. COut: 20.10 15:47:29,008| HBQ In: 20.10 15:47:29,056|DLQ In: 20.10 15:47:29,056|*******C In:20.10 15:47:33,143|
..getmessages..Done..
Neuer Sendeintervall: 6 Sekunden (5)
1-client@SALLY.informatik.haw-hamburg.de-<0.38.0>-Gruppe1-2: 69te_Nachricht. C Out: 20.10 15:47:39,149| gesendet
1-client@SALLY.informatik.haw-hamburg.de-<0.38.0>-Gruppe1-2: 78te_Nachricht. C Out: 20.10 15:47:45,155| gesendet
1-client@SALLY.informatik.haw-hamburg.de-<0.38.0>-Gruppe1-2: 93te_Nachricht. C Out: 20.10 15:47:51,161| gesendet
1-client@SALLY.informatik.haw-hamburg.de-<0.38.0>-Gruppe1-2: 102te_Nachricht. C Out: 20.10 15:47:57,167| gesendet
1-client@SALLY.informatik.haw-hamburg.de-<0.38.0>-Gruppe1-2: 117te_Nachricht. C Out: 20.10 15:48:03,173| gesendet
130te Nachricht um 20.10 15:48:03,205| vergessen zu senden
9-client@SALLY.informatik.haw-hamburg.de-<0.38.0>-Gruppe1-2 2te_Nachricht. COut: 20.10 15:47:08,963| HBQ In: 20.10 15:47:08,994|DLQ In: 20.10 15:47:08,994|C In:20.10 15:48:03,236|
8-client@SALLY.informatik.haw-hamburg.de-<0.38.0>-Gruppe1-2 3te_Nachricht. COut: 20.10 15:47:08,963| HBQ In: 20.10 15:47:08,994|DLQ In: 20.10 15:47:08,994|C In:20.10 15:48:03,283|
7-client@SALLY.informatik.haw-hamburg.de-<0.38.0>-Gruppe1-2 4te_Nachricht. COut: 20.10 15:47:08,963| HBQ In: 20.10 15:47:08,979|DLQ In: 20.10 15:47:08,994|C In:20.10 15:48:03,329|
6-client@SALLY.informatik.haw-hamburg.de-<0.38.0>-Gruppe1-2 5te_Nachricht. COut: 20.10 15:47:08,963| HBQ In: 20.10 15:47:08,979|DLQ In: 20.10 15:47:08,994|C In:20.10 15:48:03,361|
5-client@SALLY.informatik.haw-hamburg.de-<0.38.0>-Gruppe1-2 6te_Nachricht. COut: 20.10 15:47:08,963| HBQ In: 20.10 15:47:08,979|DLQ In: 20.10 15:47:08,994|C In:20.10 15:48:03,407|
4-client@SALLY.informatik.haw-hamburg.de-<0.38.0>-Gruppe1-2 7te_Nachricht. COut: 20.10 15:47:08,963| HBQ In: 20.10 15:47:08,963|DLQ In: 20.10 15:47:08,994|C In:20.10 15:48:03,454|
3-client@SALLY.informatik.haw-hamburg.de-<0.38.0>-Gruppe1-2 8te_Nachricht. COut: 20.10 15:47:08,963| HBQ In: 20.10 15:47:08,963|DLQ In: 20.10 15:47:08,994|C In:20.10 15:48:03,485|
2-client@SALLY.informatik.haw-hamburg.de-<0.38.0>-Gruppe1-2 9te_Nachricht. COut: 20.10 15:47:08,979| HBQ In: 20.10 15:47:09,010|DLQ In: 20.10 15:47:09,010|C In:20.10 15:48:03,532|
1-client@SALLY.informatik.haw-hamburg.de-<0.38.0>-Gruppe1-2 10te_Nachricht. COut: 20.10 15:47:08,979| HBQ In: 20.10 15:47:09,010|DLQ In: 20.10 15:47:09,010|C In:20.10 15:48:03,579|
3-client@SALLY.informatik.haw-hamburg.de-<0.38.0>-Gruppe1-2 11te_Nachricht. COut: 20.10 15:47:13,971| HBQ In: 20.10 15:47:14,016|DLQ In: 20.10 15:47:14,017|C In:20.10 15:48:03,641|
4-client@SALLY.informatik.haw-hamburg.de-<0.38.0>-Gruppe1-2 12te_Nachricht. COut: 20.10 15:47:13,971| HBQ In: 20.10 15:47:14,002|DLQ In: 20.10 15:47:14,017|C In:20.10 15:48:03,688|
5-client@SALLY.informatik.haw-hamburg.de-<0.38.0>-Gruppe1-2 13te_Nachricht. COut: 20.10 15:47:13,971| HBQ In: 20.10 15:47:14,002|DLQ In: 20.10 15:47:14,017|C In:20.10 15:48:03,735|
6-client@SALLY.informatik.haw-hamburg.de-<0.38.0>-Gruppe1-2 14te_Nachricht. COut: 20.10 15:47:13,971| HBQ In: 20.10 15:47:14,002|DLQ In: 20.10 15:47:14,017|C In:20.10 15:48:03,782|
7-client@SALLY.informatik.haw-hamburg.de-<0.38.0>-Gruppe1-2 15te_Nachricht. COut: 20.10 15:47:13,971| HBQ In: 20.10 15:47:13,986|DLQ In: 20.10 15:47:14,017|C In:20.10 15:48:03,829|
8-client@SALLY.informatik.haw-hamburg.de-<0.38.0>-Gruppe1-2 16te_Nachricht. COut: 20.10 15:47:13,971| HBQ In: 20.10 15:47:13,986|DLQ In: 20.10 15:47:14,017|C In:20.10 15:48:03,860|
9-client@SALLY.informatik.haw-hamburg.de-<0.38.0>-Gruppe1-2 17te_Nachricht. COut: 20.10 15:47:13,971| HBQ In: 20.10 15:47:13,971|DLQ In: 20.10 15:47:14,017|C In:20.10 15:48:03,907|
10-client@SALLY.informatik.haw-hamburg.de-<0.38.0>-Gruppe1-2 18te_Nachricht. COut: 20.10 15:47:13,971| HBQ In: 20.10 15:47:13,971|DLQ In: 20.10 15:47:14,017|C In:20.10 15:48:03,953|
1-client@SALLY.informatik.haw-hamburg.de-<0.38.0>-Gruppe1-2 19te_Nachricht. COut: 20.10 15:47:13,986| HBQ In: 20.10 15:47:14,032|DLQ In: 20.10 15:47:14,033|C In:20.10 15:48:03,985|
2-client@SALLY.informatik.haw-hamburg.de-<0.38.0>-Gruppe1-2 20te_Nachricht. COut: 20.10 15:47:13,986| HBQ In: 20.10 15:47:14,017|DLQ In: 20.10 15:47:14,033|C In:20.10 15:48:04,031|
10-client@SALLY.informatik.haw-hamburg.de-<0.38.0>-Gruppe1-2 21te_Nachricht. COut: 20.10 15:47:18,978| HBQ In: 20.10 15:47:19,072|DLQ In: 20.10 15:47:19,072|C In:20.10 15:48:04,078|
9-client@SALLY.informatik.haw-hamburg.de-<0.38.0>-Gruppe1-2 22te_Nachricht. COut: 20.10 15:47:18,978| HBQ In: 20.10 15:47:19,056|DLQ In: 20.10 15:47:19,072|C In:20.10 15:48:04,125|
8-client@SALLY.informatik.haw-hamburg.de-<0.38.0>-Gruppe1-2 23te_Nachricht. COut: 20.10 15:47:18,978| HBQ In: 20.10 15:47:19,041|DLQ In: 20.10 15:47:19,072|C In:20.10 15:48:04,156|
7-client@SALLY.informatik.haw-hamburg.de-<0.38.0>-Gruppe1-2 24te_Nachricht. COut: 20.10 15:47:18,978| HBQ In: 20.10 15:47:19,040|DLQ In: 20.10 15:47:19,072|C In:20.10 15:48:04,203|
6-client@SALLY.informatik.haw-hamburg.de-<0.38.0>-Gruppe1-2 25te_Nachricht. COut: 20.10 15:47:18,978| HBQ In: 20.10 15:47:19,024|DLQ In: 20.10 15:47:19,072|C In:20.10 15:48:04,250|
5-client@SALLY.informatik.haw-hamburg.de-<0.38.0>-Gruppe1-2 26te_Nachricht. COut: 20.10 15:47:18,978| HBQ In: 20.10 15:47:19,010|DLQ In: 20.10 15:47:19,072|C In:20.10 15:48:04,281|
4-client@SALLY.informatik.haw-hamburg.de-<0.38.0>-Gruppe1-2 27te_Nachricht. COut: 20.10 15:47:18,978| HBQ In: 20.10 15:47:18,994|DLQ In: 20.10 15:47:19,072|C In:20.10 15:48:04,328|
3-client@SALLY.informatik.haw-hamburg.de-<0.38.0>-Gruppe1-2 28te_Nachricht. COut: 20.10 15:47:18,978| HBQ In: 20.10 15:47:18,978|DLQ In: 20.10 15:47:19,072|C In:20.10 15:48:04,359|
2-client@SALLY.informatik.haw-hamburg.de-<0.38.0>-Gruppe1-2 29te_Nachricht. COut: 20.10 15:47:18,994| HBQ In: 20.10 15:47:19,088|DLQ In: 20.10 15:47:19,088|C In:20.10 15:48:04,406|
1-client@SALLY.informatik.haw-hamburg.de-<0.38.0>-Gruppe1-2 30te_Nachricht. COut: 20.10 15:47:18,994| HBQ In: 20.10 15:47:19,072|DLQ In: 20.10 15:47:19,088|C In:20.10 15:48:04,453|
3-client@SALLY.informatik.haw-hamburg.de-<0.38.0>-Gruppe1-2 31te_Nachricht. COut: 20.10 15:47:23,986| HBQ In: 20.10 15:47:24,033|DLQ In: 20.10 15:47:24,033|C In:20.10 15:48:04,499|
4-client@SALLY.informatik.haw-hamburg.de-<0.38.0>-Gruppe1-2 32te_Nachricht. COut: 20.10 15:47:23,986| HBQ In: 20.10 15:47:24,033|DLQ In: 20.10 15:47:24,033|C In:20.10 15:48:04,531|
5-client@SALLY.informatik.haw-hamburg.de-<0.38.0>-Gruppe1-2 33te_Nachricht. COut: 20.10 15:47:23,986| HBQ In: 20.10 15:47:24,032|DLQ In: 20.10 15:47:24,033|C In:20.10 15:48:04,577|
6-client@SALLY.informatik.haw-hamburg.de-<0.38.0>-Gruppe1-2 34te_Nachricht. COut: 20.10 15:47:23,986| HBQ In: 20.10 15:47:24,016|DLQ In: 20.10 15:47:24,033|C In:20.10 15:48:04,624|
7-client@SALLY.informatik.haw-hamburg.de-<0.38.0>-Gruppe1-2 35te_Nachricht. COut: 20.10 15:47:23,986| HBQ In: 20.10 15:47:24,002|DLQ In: 20.10 15:47:24,033|C In:20.10 15:48:04,655|
8-client@SALLY.informatik.haw-hamburg.de-<0.38.0>-Gruppe1-2 36te_Nachricht. COut: 20.10 15:47:23,986| HBQ In: 20.10 15:47:24,002|DLQ In: 20.10 15:47:24,033|C In:20.10 15:48:04,702|
9-client@SALLY.informatik.haw-hamburg.de-<0.38.0>-Gruppe1-2 37te_Nachricht. COut: 20.10 15:47:23,986| HBQ In: 20.10 15:47:23,986|DLQ In: 20.10 15:47:24,033|C In:20.10 15:48:04,749|
10-client@SALLY.informatik.haw-hamburg.de-<0.38.0>-Gruppe1-2 38te_Nachricht. COut: 20.10 15:47:23,986| HBQ In: 20.10 15:47:23,986|DLQ In: 20.10 15:47:24,033|C In:20.10 15:48:04,796|
1-client@SALLY.informatik.haw-hamburg.de-<0.38.0>-Gruppe1-2 39te_Nachricht. COut: 20.10 15:47:24,002| HBQ In: 20.10 15:47:24,048|DLQ In: 20.10 15:47:24,048|C In:20.10 15:48:04,827|
2-client@SALLY.informatik.haw-hamburg.de-<0.38.0>-Gruppe1-2 40te_Nachricht. COut: 20.10 15:47:24,002| HBQ In: 20.10 15:47:24,048|DLQ In: 20.10 15:47:24,048|C In:20.10 15:48:04,874|
10-client@SALLY.informatik.haw-hamburg.de-<0.38.0>-Gruppe1-2 41te_Nachricht. COut: 20.10 15:47:28,994| HBQ In: 20.10 15:47:29,040|DLQ In: 20.10 15:47:29,056|C In:20.10 15:48:04,921|
9-client@SALLY.informatik.haw-hamburg.de-<0.38.0>-Gruppe1-2 42te_Nachricht. COut: 20.10 15:47:28,994| HBQ In: 20.10 15:47:29,040|DLQ In: 20.10 15:47:29,056|C In:20.10 15:48:04,952|
8-client@SALLY.informatik.haw-hamburg.de-<0.38.0>-Gruppe1-2 43te_Nachricht. COut: 20.10 15:47:28,994| HBQ In: 20.10 15:47:29,040|DLQ In: 20.10 15:47:29,056|C In:20.10 15:48:04,999|
7-client@SALLY.informatik.haw-hamburg.de-<0.38.0>-Gruppe1-2 44te_Nachricht. COut: 20.10 15:47:28,994| HBQ In: 20.10 15:47:29,024|DLQ In: 20.10 15:47:29,056|C In:20.10 15:48:05,045|
6-client@SALLY.informatik.haw-hamburg.de-<0.38.0>-Gruppe1-2 45te_Nachricht. COut: 20.10 15:47:28,994| HBQ In: 20.10 15:47:29,009|DLQ In: 20.10 15:47:29,056|C In:20.10 15:48:05,092|
5-client@SALLY.informatik.haw-hamburg.de-<0.38.0>-Gruppe1-2 46te_Nachricht. COut: 20.10 15:47:28,994| HBQ In: 20.10 15:47:29,009|DLQ In: 20.10 15:47:29,056|C In:20.10 15:48:05,123|
4-client@SALLY.informatik.haw-hamburg.de-<0.38.0>-Gruppe1-2 47te_Nachricht. COut: 20.10 15:47:28,994| HBQ In: 20.10 15:47:29,008|DLQ In: 20.10 15:47:29,056|C In:20.10 15:48:05,170|
3-client@SALLY.informatik.haw-hamburg.de-<0.38.0>-Gruppe1-2 48te_Nachricht. COut: 20.10 15:47:28,994| HBQ In: 20.10 15:47:28,994|DLQ In: 20.10 15:47:29,056|C In:20.10 15:48:05,217|
2-client@SALLY.informatik.haw-hamburg.de-<0.38.0>-Gruppe1-2 49te_Nachricht. COut: 20.10 15:47:29,009| HBQ In: 20.10 15:47:29,056|DLQ In: 20.10 15:47:29,056|C In:20.10 15:48:05,248|
1-client@SALLY.informatik.haw-hamburg.de-<0.38.0>-Gruppe1-2 50te_Nachricht. COut: 20.10 15:47:29,008| HBQ In: 20.10 15:47:29,056|DLQ In: 20.10 15:47:29,056|C In:20.10 15:48:05,295|
***Fehlernachricht fuer Nachrichten 51 bis 60 um 20.10 15:48:00,568| 60te_Nachricht. COut:  HBQ In: DLQ In: 20.10 15:48:00,568|C In:20.10 15:48:05,342|
3-client@SALLY.informatik.haw-hamburg.de-<0.38.0>-Gruppe1-2 61te_Nachricht. COut: 20.10 15:47:37,042| HBQ In: 20.10 15:47:37,042|DLQ In: 20.10 15:48:00,568|C In:20.10 15:48:05,389|
4-client@SALLY.informatik.haw-hamburg.de-<0.38.0>-Gruppe1-2 62te_Nachricht. COut: 20.10 15:47:39,056| HBQ In: 20.10 15:47:39,056|DLQ In: 20.10 15:48:00,568|C In:20.10 15:48:05,420|
5-client@SALLY.informatik.haw-hamburg.de-<0.38.0>-Gruppe1-2 63te_Nachricht. COut: 20.10 15:47:39,071| HBQ In: 20.10 15:47:39,071|DLQ In: 20.10 15:48:00,568|C In:20.10 15:48:05,467|
6-client@SALLY.informatik.haw-hamburg.de-<0.38.0>-Gruppe1-2 64te_Nachricht. COut: 20.10 15:47:37,090| HBQ In: 20.10 15:47:37,090|DLQ In: 20.10 15:48:00,568|C In:20.10 15:48:05,513|
7-client@SALLY.informatik.haw-hamburg.de-<0.38.0>-Gruppe1-2 65te_Nachricht. COut: 20.10 15:47:37,106| HBQ In: 20.10 15:47:37,106|DLQ In: 20.10 15:48:00,568|C In:20.10 15:48:05,560|
8-client@SALLY.informatik.haw-hamburg.de-<0.38.0>-Gruppe1-2 66te_Nachricht. COut: 20.10 15:47:37,121| HBQ In: 20.10 15:47:37,121|DLQ In: 20.10 15:48:00,568|C In:20.10 15:48:05,591|
9-client@SALLY.informatik.haw-hamburg.de-<0.38.0>-Gruppe1-2 67te_Nachricht. COut: 20.10 15:47:39,133| HBQ In: 20.10 15:47:39,133|DLQ In: 20.10 15:48:00,568|C In:20.10 15:48:05,638|
10-client@SALLY.informatik.haw-hamburg.de-<0.38.0>-Gruppe1-2 68te_Nachricht. COut: 20.10 15:47:39,149| HBQ In: 20.10 15:47:39,149|DLQ In: 20.10 15:48:00,568|C In:20.10 15:48:05,685|
1-client@SALLY.informatik.haw-hamburg.de-<0.38.0>-Gruppe1-2 69te_Nachricht. COut: 20.10 15:47:39,149| HBQ In: 20.10 15:47:39,149|DLQ In: 20.10 15:48:00,568|*******C In:20.10 15:48:05,732|
2-client@SALLY.informatik.haw-hamburg.de-<0.38.0>-Gruppe1-2 70te_Nachricht. COut: 20.10 15:47:39,165| HBQ In: 20.10 15:47:39,165|DLQ In: 20.10 15:48:00,568|C In:20.10 15:48:05,779|
3-client@SALLY.informatik.haw-hamburg.de-<0.38.0>-Gruppe1-2 71te_Nachricht. COut: 20.10 15:47:41,052| HBQ In: 20.10 15:47:41,052|DLQ In: 20.10 15:48:00,568|C In:20.10 15:48:05,825|
6-client@SALLY.informatik.haw-hamburg.de-<0.38.0>-Gruppe1-2 72te_Nachricht. COut: 20.10 15:47:41,099| HBQ In: 20.10 15:47:41,099|DLQ In: 20.10 15:48:00,568|C In:20.10 15:48:05,857|
7-client@SALLY.informatik.haw-hamburg.de-<0.38.0>-Gruppe1-2 73te_Nachricht. COut: 20.10 15:47:41,115| HBQ In: 20.10 15:47:41,115|DLQ In: 20.10 15:48:00,568|C In:20.10 15:48:05,903|
8-client@SALLY.informatik.haw-hamburg.de-<0.38.0>-Gruppe1-2 74te_Nachricht. COut: 20.10 15:47:41,129| HBQ In: 20.10 15:47:41,129|DLQ In: 20.10 15:48:00,568|C In:20.10 15:48:05,950|
4-client@SALLY.informatik.haw-hamburg.de-<0.38.0>-Gruppe1-2 75te_Nachricht. COut: 20.10 15:47:45,062| HBQ In: 20.10 15:47:45,062|DLQ In: 20.10 15:48:00,568|C In:20.10 15:48:05,997|
5-client@SALLY.informatik.haw-hamburg.de-<0.38.0>-Gruppe1-2 76te_Nachricht. COut: 20.10 15:47:45,077| HBQ In: 20.10 15:47:45,077|DLQ In: 20.10 15:48:00,568|C In:20.10 15:48:06,028|
9-client@SALLY.informatik.haw-hamburg.de-<0.38.0>-Gruppe1-2 77te_Nachricht. COut: 20.10 15:47:45,140| HBQ In: 20.10 15:47:45,140|DLQ In: 20.10 15:48:00,568|C In:20.10 15:48:06,075|
1-client@SALLY.informatik.haw-hamburg.de-<0.38.0>-Gruppe1-2 78te_Nachricht. COut: 20.10 15:47:45,155| HBQ In: 20.10 15:47:45,171|DLQ In: 20.10 15:48:00,568|*******C In:20.10 15:48:06,122|
10-client@SALLY.informatik.haw-hamburg.de-<0.38.0>-Gruppe1-2 79te_Nachricht. COut: 20.10 15:47:45,155| HBQ In: 20.10 15:47:45,155|DLQ In: 20.10 15:48:00,568|C In:20.10 15:48:06,153|
2-client@SALLY.informatik.haw-hamburg.de-<0.38.0>-Gruppe1-2 80te_Nachricht. COut: 20.10 15:47:45,171| HBQ In: 20.10 15:47:45,171|DLQ In: 20.10 15:48:00,568|C In:20.10 15:48:06,200|
3-client@SALLY.informatik.haw-hamburg.de-<0.38.0>-Gruppe1-2 81te_Nachricht. COut: 20.10 15:47:45,062| HBQ In: 20.10 15:47:45,062|DLQ In: 20.10 15:48:00,568|C In:20.10 15:48:06,247|
6-client@SALLY.informatik.haw-hamburg.de-<0.38.0>-Gruppe1-2 82te_Nachricht. COut: 20.10 15:47:45,108| HBQ In: 20.10 15:47:45,108|DLQ In: 20.10 15:48:00,568|C In:20.10 15:48:06,278|
7-client@SALLY.informatik.haw-hamburg.de-<0.38.0>-Gruppe1-2 83te_Nachricht. COut: 20.10 15:47:45,124| HBQ In: 20.10 15:47:45,124|DLQ In: 20.10 15:48:00,568|C In:20.10 15:48:06,325|
8-client@SALLY.informatik.haw-hamburg.de-<0.38.0>-Gruppe1-2 84te_Nachricht. COut: 20.10 15:47:45,140| HBQ In: 20.10 15:47:45,140|DLQ In: 20.10 15:48:00,568|C In:20.10 15:48:06,371|
3-client@SALLY.informatik.haw-hamburg.de-<0.38.0>-Gruppe1-2 85te_Nachricht. COut: 20.10 15:47:49,071| HBQ In: 20.10 15:47:49,071|DLQ In: 20.10 15:48:00,568|C In:20.10 15:48:06,403|
4-client@SALLY.informatik.haw-hamburg.de-<0.38.0>-Gruppe1-2 86te_Nachricht. COut: 20.10 15:47:51,068| HBQ In: 20.10 15:47:51,068|DLQ In: 20.10 15:48:00,568|C In:20.10 15:48:06,449|
5-client@SALLY.informatik.haw-hamburg.de-<0.38.0>-Gruppe1-2 87te_Nachricht. COut: 20.10 15:47:51,083| HBQ In: 20.10 15:47:51,083|DLQ In: 20.10 15:48:00,568|C In:20.10 15:48:06,496|
6-client@SALLY.informatik.haw-hamburg.de-<0.38.0>-Gruppe1-2 88te_Nachricht. COut: 20.10 15:47:49,117| HBQ In: 20.10 15:47:49,117|DLQ In: 20.10 15:48:00,568|C In:20.10 15:48:06,527|
7-client@SALLY.informatik.haw-hamburg.de-<0.38.0>-Gruppe1-2 89te_Nachricht. COut: 20.10 15:47:49,133| HBQ In: 20.10 15:47:49,133|DLQ In: 20.10 15:48:00,568|C In:20.10 15:48:06,574|
8-client@SALLY.informatik.haw-hamburg.de-<0.38.0>-Gruppe1-2 90te_Nachricht. COut: 20.10 15:47:49,149| HBQ In: 20.10 15:47:49,149|DLQ In: 20.10 15:48:00,568|C In:20.10 15:48:06,637|
9-client@SALLY.informatik.haw-hamburg.de-<0.38.0>-Gruppe1-2 91te_Nachricht. COut: 20.10 15:47:51,145| HBQ In: 20.10 15:47:51,145|DLQ In: 20.10 15:48:00,568|C In:20.10 15:48:06,699|
10-client@SALLY.informatik.haw-hamburg.de-<0.38.0>-Gruppe1-2 92te_Nachricht. COut: 20.10 15:47:51,161| HBQ In: 20.10 15:47:51,161|DLQ In: 20.10 15:48:00,568|C In:20.10 15:48:06,730|
1-client@SALLY.informatik.haw-hamburg.de-<0.38.0>-Gruppe1-2 93te_Nachricht. COut: 20.10 15:47:51,161| HBQ In: 20.10 15:47:51,161|DLQ In: 20.10 15:48:00,568|*******C In:20.10 15:48:06,808|
2-client@SALLY.informatik.haw-hamburg.de-<0.38.0>-Gruppe1-2 94te_Nachricht. COut: 20.10 15:47:51,177| HBQ In: 20.10 15:47:51,177|DLQ In: 20.10 15:48:00,568|C In:20.10 15:48:06,871|
3-client@SALLY.informatik.haw-hamburg.de-<0.38.0>-Gruppe1-2 95te_Nachricht. COut: 20.10 15:47:53,080| HBQ In: 20.10 15:47:53,080|DLQ In: 20.10 15:48:00,568|C In:20.10 15:48:06,917|
6-client@SALLY.informatik.haw-hamburg.de-<0.38.0>-Gruppe1-2 96te_Nachricht. COut: 20.10 15:47:53,127| HBQ In: 20.10 15:47:53,157|DLQ In: 20.10 15:48:00,568|C In:20.10 15:48:06,980|
7-client@SALLY.informatik.haw-hamburg.de-<0.38.0>-Gruppe1-2 97te_Nachricht. COut: 20.10 15:47:53,143| HBQ In: 20.10 15:47:53,173|DLQ In: 20.10 15:48:00,568|C In:20.10 15:48:07,027|
8-client@SALLY.informatik.haw-hamburg.de-<0.38.0>-Gruppe1-2 98te_Nachricht. COut: 20.10 15:47:53,157| HBQ In: 20.10 15:47:53,189|DLQ In: 20.10 15:48:00,568|C In:20.10 15:48:07,073|
4-client@SALLY.informatik.haw-hamburg.de-<0.38.0>-Gruppe1-2 99te_Nachricht. COut: 20.10 15:47:57,074| HBQ In: 20.10 15:47:57,074|DLQ In: 20.10 15:48:00,568|C In:20.10 15:48:07,105|
5-client@SALLY.informatik.haw-hamburg.de-<0.38.0>-Gruppe1-2 100te_Nachricht. COut: 20.10 15:47:57,089| HBQ In: 20.10 15:47:57,089|DLQ In: 20.10 15:48:00,568|C In:20.10 15:48:07,136|
9-client@SALLY.informatik.haw-hamburg.de-<0.38.0>-Gruppe1-2 101te_Nachricht. COut: 20.10 15:47:57,151| HBQ In: 20.10 15:47:57,151|DLQ In: 20.10 15:48:00,568|C In:20.10 15:48:07,183|
1-client@SALLY.informatik.haw-hamburg.de-<0.38.0>-Gruppe1-2 102te_Nachricht. COut: 20.10 15:47:57,167| HBQ In: 20.10 15:47:57,167|DLQ In: 20.10 15:48:00,568|*******C In:20.10 15:48:07,214|
10-client@SALLY.informatik.haw-hamburg.de-<0.38.0>-Gruppe1-2 103te_Nachricht. COut: 20.10 15:47:57,167| HBQ In: 20.10 15:47:57,167|DLQ In: 20.10 15:48:00,568|C In:20.10 15:48:07,245|
2-client@SALLY.informatik.haw-hamburg.de-<0.38.0>-Gruppe1-2 104te_Nachricht. COut: 20.10 15:47:57,183| HBQ In: 20.10 15:47:57,183|DLQ In: 20.10 15:48:00,568|C In:20.10 15:48:07,261|
..getmessages..Done..
Neuer Sendeintervall: 5 Sekunden (6)
1-client@SALLY.informatik.haw-hamburg.de-<0.38.0>-Gruppe1-2: 144te_Nachricht. C Out: 20.10 15:48:12,284| gesendet
1-client@SALLY.informatik.haw-hamburg.de-<0.38.0>-Gruppe1-2: 155te_Nachricht. C Out: 20.10 15:48:17,290| gesendet
1-client@SALLY.informatik.haw-hamburg.de-<0.38.0>-Gruppe1-2: 169te_Nachricht. C Out: 20.10 15:48:22,299| gesendet
1-client@SALLY.informatik.haw-hamburg.de-<0.38.0>-Gruppe1-2: 183te_Nachricht. C Out: 20.10 15:48:27,306| gesendet
1-client@SALLY.informatik.haw-hamburg.de-<0.38.0>-Gruppe1-2: 195te_Nachricht. C Out: 20.10 15:48:32,314| gesendet
210te Nachricht um 20.10 15:48:32,330| vergessen zu senden
1-client@SALLY.informatik.haw-hamburg.de-<0.38.0>-Gruppe1-2 30te_Nachricht. COut: 20.10 15:47:18,994| HBQ In: 20.10 15:47:19,072|DLQ In: 20.10 15:47:19,088|C In:20.10 15:48:32,361|
3-client@SALLY.informatik.haw-hamburg.de-<0.38.0>-Gruppe1-2 31te_Nachricht. COut: 20.10 15:47:23,986| HBQ In: 20.10 15:47:24,033|DLQ In: 20.10 15:47:24,033|C In:20.10 15:48:32,392|
4-client@SALLY.informatik.haw-hamburg.de-<0.38.0>-Gruppe1-2 32te_Nachricht. COut: 20.10 15:47:23,986| HBQ In: 20.10 15:47:24,033|DLQ In: 20.10 15:47:24,033|C In:20.10 15:48:32,424|
5-client@SALLY.informatik.haw-hamburg.de-<0.38.0>-Gruppe1-2 33te_Nachricht. COut: 20.10 15:47:23,986| HBQ In: 20.10 15:47:24,032|DLQ In: 20.10 15:47:24,033|C In:20.10 15:48:32,455|
6-client@SALLY.informatik.haw-hamburg.de-<0.38.0>-Gruppe1-2 34te_Nachricht. COut: 20.10 15:47:23,986| HBQ In: 20.10 15:47:24,016|DLQ In: 20.10 15:47:24,033|C In:20.10 15:48:32,486|
7-client@SALLY.informatik.haw-hamburg.de-<0.38.0>-Gruppe1-2 35te_Nachricht. COut: 20.10 15:47:23,986| HBQ In: 20.10 15:47:24,002|DLQ In: 20.10 15:47:24,033|C In:20.10 15:48:32,517|
8-client@SALLY.informatik.haw-hamburg.de-<0.38.0>-Gruppe1-2 36te_Nachricht. COut: 20.10 15:47:23,986| HBQ In: 20.10 15:47:24,002|DLQ In: 20.10 15:47:24,033|C In:20.10 15:48:32,548|
9-client@SALLY.informatik.haw-hamburg.de-<0.38.0>-Gruppe1-2 37te_Nachricht. COut: 20.10 15:47:23,986| HBQ In: 20.10 15:47:23,986|DLQ In: 20.10 15:47:24,033|C In:20.10 15:48:32,580|
10-client@SALLY.informatik.haw-hamburg.de-<0.38.0>-Gruppe1-2 38te_Nachricht. COut: 20.10 15:47:23,986| HBQ In: 20.10 15:47:23,986|DLQ In: 20.10 15:47:24,033|C In:20.10 15:48:32,611|
1-client@SALLY.informatik.haw-hamburg.de-<0.38.0>-Gruppe1-2 39te_Nachricht. COut: 20.10 15:47:24,002| HBQ In: 20.10 15:47:24,048|DLQ In: 20.10 15:47:24,048|C In:20.10 15:48:32,642|
2-client@SALLY.informatik.haw-hamburg.de-<0.38.0>-Gruppe1-2 40te_Nachricht. COut: 20.10 15:47:24,002| HBQ In: 20.10 15:47:24,048|DLQ In: 20.10 15:47:24,048|C In:20.10 15:48:32,673|
10-client@SALLY.informatik.haw-hamburg.de-<0.38.0>-Gruppe1-2 41te_Nachricht. COut: 20.10 15:47:28,994| HBQ In: 20.10 15:47:29,040|DLQ In: 20.10 15:47:29,056|C In:20.10 15:48:32,704|
9-client@SALLY.informatik.haw-hamburg.de-<0.38.0>-Gruppe1-2 42te_Nachricht. COut: 20.10 15:47:28,994| HBQ In: 20.10 15:47:29,040|DLQ In: 20.10 15:47:29,056|C In:20.10 15:48:32,736|
8-client@SALLY.informatik.haw-hamburg.de-<0.38.0>-Gruppe1-2 43te_Nachricht. COut: 20.10 15:47:28,994| HBQ In: 20.10 15:47:29,040|DLQ In: 20.10 15:47:29,056|C In:20.10 15:48:32,767|
7-client@SALLY.informatik.haw-hamburg.de-<0.38.0>-Gruppe1-2 44te_Nachricht. COut: 20.10 15:47:28,994| HBQ In: 20.10 15:47:29,024|DLQ In: 20.10 15:47:29,056|C In:20.10 15:48:32,814|
6-client@SALLY.informatik.haw-hamburg.de-<0.38.0>-Gruppe1-2 45te_Nachricht. COut: 20.10 15:47:28,994| HBQ In: 20.10 15:47:29,009|DLQ In: 20.10 15:47:29,056|C In:20.10 15:48:32,829|
5-client@SALLY.informatik.haw-hamburg.de-<0.38.0>-Gruppe1-2 46te_Nachricht. COut: 20.10 15:47:28,994| HBQ In: 20.10 15:47:29,009|DLQ In: 20.10 15:47:29,056|C In:20.10 15:48:32,860|
4-client@SALLY.informatik.haw-hamburg.de-<0.38.0>-Gruppe1-2 47te_Nachricht. COut: 20.10 15:47:28,994| HBQ In: 20.10 15:47:29,008|DLQ In: 20.10 15:47:29,056|C In:20.10 15:48:32,892|
3-client@SALLY.informatik.haw-hamburg.de-<0.38.0>-Gruppe1-2 48te_Nachricht. COut: 20.10 15:47:28,994| HBQ In: 20.10 15:47:28,994|DLQ In: 20.10 15:47:29,056|C In:20.10 15:48:32,923|
2-client@SALLY.informatik.haw-hamburg.de-<0.38.0>-Gruppe1-2 49te_Nachricht. COut: 20.10 15:47:29,009| HBQ In: 20.10 15:47:29,056|DLQ In: 20.10 15:47:29,056|C In:20.10 15:48:32,970|
1-client@SALLY.informatik.haw-hamburg.de-<0.38.0>-Gruppe1-2 50te_Nachricht. COut: 20.10 15:47:29,008| HBQ In: 20.10 15:47:29,056|DLQ In: 20.10 15:47:29,056|C In:20.10 15:48:33,001|
***Fehlernachricht fuer Nachrichten 51 bis 60 um 20.10 15:48:00,568| 60te_Nachricht. COut:  HBQ In: DLQ In: 20.10 15:48:00,568|C In:20.10 15:48:33,032|
3-client@SALLY.informatik.haw-hamburg.de-<0.38.0>-Gruppe1-2 61te_Nachricht. COut: 20.10 15:47:37,042| HBQ In: 20.10 15:47:37,042|DLQ In: 20.10 15:48:00,568|C In:20.10 15:48:33,063|
4-client@SALLY.informatik.haw-hamburg.de-<0.38.0>-Gruppe1-2 62te_Nachricht. COut: 20.10 15:47:39,056| HBQ In: 20.10 15:47:39,056|DLQ In: 20.10 15:48:00,568|C In:20.10 15:48:33,282|
5-client@SALLY.informatik.haw-hamburg.de-<0.38.0>-Gruppe1-2 63te_Nachricht. COut: 20.10 15:47:39,071| HBQ In: 20.10 15:47:39,071|DLQ In: 20.10 15:48:00,568|C In:20.10 15:48:33,313|
6-client@SALLY.informatik.haw-hamburg.de-<0.38.0>-Gruppe1-2 64te_Nachricht. COut: 20.10 15:47:37,090| HBQ In: 20.10 15:47:37,090|DLQ In: 20.10 15:48:00,568|C In:20.10 15:48:33,344|
7-client@SALLY.informatik.haw-hamburg.de-<0.38.0>-Gruppe1-2 65te_Nachricht. COut: 20.10 15:47:37,106| HBQ In: 20.10 15:47:37,106|DLQ In: 20.10 15:48:00,568|C In:20.10 15:48:33,375|
8-client@SALLY.informatik.haw-hamburg.de-<0.38.0>-Gruppe1-2 66te_Nachricht. COut: 20.10 15:47:37,121| HBQ In: 20.10 15:47:37,121|DLQ In: 20.10 15:48:00,568|C In:20.10 15:48:33,469|
9-client@SALLY.informatik.haw-hamburg.de-<0.38.0>-Gruppe1-2 67te_Nachricht. COut: 20.10 15:47:39,133| HBQ In: 20.10 15:47:39,133|DLQ In: 20.10 15:48:00,568|C In:20.10 15:48:33,562|
10-client@SALLY.informatik.haw-hamburg.de-<0.38.0>-Gruppe1-2 68te_Nachricht. COut: 20.10 15:47:39,149| HBQ In: 20.10 15:47:39,149|DLQ In: 20.10 15:48:00,568|C In:20.10 15:48:33,609|
1-client@SALLY.informatik.haw-hamburg.de-<0.38.0>-Gruppe1-2 69te_Nachricht. COut: 20.10 15:47:39,149| HBQ In: 20.10 15:47:39,149|DLQ In: 20.10 15:48:00,568|C In:20.10 15:48:33,640|
2-client@SALLY.informatik.haw-hamburg.de-<0.38.0>-Gruppe1-2 70te_Nachricht. COut: 20.10 15:47:39,165| HBQ In: 20.10 15:47:39,165|DLQ In: 20.10 15:48:00,568|C In:20.10 15:48:33,672|
3-client@SALLY.informatik.haw-hamburg.de-<0.38.0>-Gruppe1-2 71te_Nachricht. COut: 20.10 15:47:41,052| HBQ In: 20.10 15:47:41,052|DLQ In: 20.10 15:48:00,568|C In:20.10 15:48:33,703|
6-client@SALLY.informatik.haw-hamburg.de-<0.38.0>-Gruppe1-2 72te_Nachricht. COut: 20.10 15:47:41,099| HBQ In: 20.10 15:47:41,099|DLQ In: 20.10 15:48:00,568|C In:20.10 15:48:33,765|
7-client@SALLY.informatik.haw-hamburg.de-<0.38.0>-Gruppe1-2 73te_Nachricht. COut: 20.10 15:47:41,115| HBQ In: 20.10 15:47:41,115|DLQ In: 20.10 15:48:00,568|C In:20.10 15:48:33,796|
8-client@SALLY.informatik.haw-hamburg.de-<0.38.0>-Gruppe1-2 74te_Nachricht. COut: 20.10 15:47:41,129| HBQ In: 20.10 15:47:41,129|DLQ In: 20.10 15:48:00,568|C In:20.10 15:48:33,828|
4-client@SALLY.informatik.haw-hamburg.de-<0.38.0>-Gruppe1-2 75te_Nachricht. COut: 20.10 15:47:45,062| HBQ In: 20.10 15:47:45,062|DLQ In: 20.10 15:48:00,568|C In:20.10 15:48:33,859|
5-client@SALLY.informatik.haw-hamburg.de-<0.38.0>-Gruppe1-2 76te_Nachricht. COut: 20.10 15:47:45,077| HBQ In: 20.10 15:47:45,077|DLQ In: 20.10 15:48:00,568|C In:20.10 15:48:33,890|
9-client@SALLY.informatik.haw-hamburg.de-<0.38.0>-Gruppe1-2 77te_Nachricht. COut: 20.10 15:47:45,140| HBQ In: 20.10 15:47:45,140|DLQ In: 20.10 15:48:00,568|C In:20.10 15:48:33,921|
1-client@SALLY.informatik.haw-hamburg.de-<0.38.0>-Gruppe1-2 78te_Nachricht. COut: 20.10 15:47:45,155| HBQ In: 20.10 15:47:45,171|DLQ In: 20.10 15:48:00,568|C In:20.10 15:48:33,952|
10-client@SALLY.informatik.haw-hamburg.de-<0.38.0>-Gruppe1-2 79te_Nachricht. COut: 20.10 15:47:45,155| HBQ In: 20.10 15:47:45,155|DLQ In: 20.10 15:48:00,568|C In:20.10 15:48:33,984|
2-client@SALLY.informatik.haw-hamburg.de-<0.38.0>-Gruppe1-2 80te_Nachricht. COut: 20.10 15:47:45,171| HBQ In: 20.10 15:47:45,171|DLQ In: 20.10 15:48:00,568|C In:20.10 15:48:34,015|
3-client@SALLY.informatik.haw-hamburg.de-<0.38.0>-Gruppe1-2 81te_Nachricht. COut: 20.10 15:47:45,062| HBQ In: 20.10 15:47:45,062|DLQ In: 20.10 15:48:00,568|C In:20.10 15:48:34,046|
6-client@SALLY.informatik.haw-hamburg.de-<0.38.0>-Gruppe1-2 82te_Nachricht. COut: 20.10 15:47:45,108| HBQ In: 20.10 15:47:45,108|DLQ In: 20.10 15:48:00,568|C In:20.10 15:48:34,093|
7-client@SALLY.informatik.haw-hamburg.de-<0.38.0>-Gruppe1-2 83te_Nachricht. COut: 20.10 15:47:45,124| HBQ In: 20.10 15:47:45,124|DLQ In: 20.10 15:48:00,568|C In:20.10 15:48:34,108|
8-client@SALLY.informatik.haw-hamburg.de-<0.38.0>-Gruppe1-2 84te_Nachricht. COut: 20.10 15:47:45,140| HBQ In: 20.10 15:47:45,140|DLQ In: 20.10 15:48:00,568|C In:20.10 15:48:34,140|
3-client@SALLY.informatik.haw-hamburg.de-<0.38.0>-Gruppe1-2 85te_Nachricht. COut: 20.10 15:47:49,071| HBQ In: 20.10 15:47:49,071|DLQ In: 20.10 15:48:00,568|C In:20.10 15:48:34,171|
4-client@SALLY.informatik.haw-hamburg.de-<0.38.0>-Gruppe1-2 86te_Nachricht. COut: 20.10 15:47:51,068| HBQ In: 20.10 15:47:51,068|DLQ In: 20.10 15:48:00,568|C In:20.10 15:48:34,202|
5-client@SALLY.informatik.haw-hamburg.de-<0.38.0>-Gruppe1-2 87te_Nachricht. COut: 20.10 15:47:51,083| HBQ In: 20.10 15:47:51,083|DLQ In: 20.10 15:48:00,568|C In:20.10 15:48:34,233|
6-client@SALLY.informatik.haw-hamburg.de-<0.38.0>-Gruppe1-2 88te_Nachricht. COut: 20.10 15:47:49,117| HBQ In: 20.10 15:47:49,117|DLQ In: 20.10 15:48:00,568|C In:20.10 15:48:34,264|
7-client@SALLY.informatik.haw-hamburg.de-<0.38.0>-Gruppe1-2 89te_Nachricht. COut: 20.10 15:47:49,133| HBQ In: 20.10 15:47:49,133|DLQ In: 20.10 15:48:00,568|C In:20.10 15:48:34,311|
8-client@SALLY.informatik.haw-hamburg.de-<0.38.0>-Gruppe1-2 90te_Nachricht. COut: 20.10 15:47:49,149| HBQ In: 20.10 15:47:49,149|DLQ In: 20.10 15:48:00,568|C In:20.10 15:48:34,342|
9-client@SALLY.informatik.haw-hamburg.de-<0.38.0>-Gruppe1-2 91te_Nachricht. COut: 20.10 15:47:51,145| HBQ In: 20.10 15:47:51,145|DLQ In: 20.10 15:48:00,568|C In:20.10 15:48:34,358|
10-client@SALLY.informatik.haw-hamburg.de-<0.38.0>-Gruppe1-2 92te_Nachricht. COut: 20.10 15:47:51,161| HBQ In: 20.10 15:47:51,161|DLQ In: 20.10 15:48:00,568|C In:20.10 15:48:34,389|
1-client@SALLY.informatik.haw-hamburg.de-<0.38.0>-Gruppe1-2 93te_Nachricht. COut: 20.10 15:47:51,161| HBQ In: 20.10 15:47:51,161|DLQ In: 20.10 15:48:00,568|C In:20.10 15:48:34,420|
2-client@SALLY.informatik.haw-hamburg.de-<0.38.0>-Gruppe1-2 94te_Nachricht. COut: 20.10 15:47:51,177| HBQ In: 20.10 15:47:51,177|DLQ In: 20.10 15:48:00,568|C In:20.10 15:48:34,452|
3-client@SALLY.informatik.haw-hamburg.de-<0.38.0>-Gruppe1-2 95te_Nachricht. COut: 20.10 15:47:53,080| HBQ In: 20.10 15:47:53,080|DLQ In: 20.10 15:48:00,568|C In:20.10 15:48:34,498|
6-client@SALLY.informatik.haw-hamburg.de-<0.38.0>-Gruppe1-2 96te_Nachricht. COut: 20.10 15:47:53,127| HBQ In: 20.10 15:47:53,157|DLQ In: 20.10 15:48:00,568|C In:20.10 15:48:34,732|
7-client@SALLY.informatik.haw-hamburg.de-<0.38.0>-Gruppe1-2 97te_Nachricht. COut: 20.10 15:47:53,143| HBQ In: 20.10 15:47:53,173|DLQ In: 20.10 15:48:00,568|C In:20.10 15:48:34,764|
8-client@SALLY.informatik.haw-hamburg.de-<0.38.0>-Gruppe1-2 98te_Nachricht. COut: 20.10 15:47:53,157| HBQ In: 20.10 15:47:53,189|DLQ In: 20.10 15:48:00,568|C In:20.10 15:48:34,810|
4-client@SALLY.informatik.haw-hamburg.de-<0.38.0>-Gruppe1-2 99te_Nachricht. COut: 20.10 15:47:57,074| HBQ In: 20.10 15:47:57,074|DLQ In: 20.10 15:48:00,568|C In:20.10 15:48:34,857|
5-client@SALLY.informatik.haw-hamburg.de-<0.38.0>-Gruppe1-2 100te_Nachricht. COut: 20.10 15:47:57,089| HBQ In: 20.10 15:47:57,089|DLQ In: 20.10 15:48:00,568|C In:20.10 15:48:34,920|
9-client@SALLY.informatik.haw-hamburg.de-<0.38.0>-Gruppe1-2 101te_Nachricht. COut: 20.10 15:47:57,151| HBQ In: 20.10 15:47:57,151|DLQ In: 20.10 15:48:00,568|C In:20.10 15:48:34,966|
1-client@SALLY.informatik.haw-hamburg.de-<0.38.0>-Gruppe1-2 102te_Nachricht. COut: 20.10 15:47:57,167| HBQ In: 20.10 15:47:57,167|DLQ In: 20.10 15:48:00,568|C In:20.10 15:48:35,013|
10-client@SALLY.informatik.haw-hamburg.de-<0.38.0>-Gruppe1-2 103te_Nachricht. COut: 20.10 15:47:57,167| HBQ In: 20.10 15:47:57,167|DLQ In: 20.10 15:48:00,568|C In:20.10 15:48:35,060|
2-client@SALLY.informatik.haw-hamburg.de-<0.38.0>-Gruppe1-2 104te_Nachricht. COut: 20.10 15:47:57,183| HBQ In: 20.10 15:47:57,183|DLQ In: 20.10 15:48:00,568|C In:20.10 15:48:35,107|
***Fehlernachricht fuer Nachrichten 105 bis 108 um 20.10 15:48:21,160| 108te_Nachricht. COut:  HBQ In: DLQ In: 20.10 15:48:21,160|C In:20.10 15:48:35,169|
3-client@SALLY.informatik.haw-hamburg.de-<0.38.0>-Gruppe1-2 109te_Nachricht. COut: 20.10 15:47:57,511| HBQ In: 20.10 15:47:57,511|DLQ In: 20.10 15:48:21,160|C In:20.10 15:48:35,232|
6-client@SALLY.informatik.haw-hamburg.de-<0.38.0>-Gruppe1-2 110te_Nachricht. COut: 20.10 15:47:57,542| HBQ In: 20.10 15:47:57,542|DLQ In: 20.10 15:48:21,160|C In:20.10 15:48:35,278|
7-client@SALLY.informatik.haw-hamburg.de-<0.38.0>-Gruppe1-2 111te_Nachricht. COut: 20.10 15:47:57,556| HBQ In: 20.10 15:47:57,556|DLQ In: 20.10 15:48:21,160|C In:20.10 15:48:35,325|
8-client@SALLY.informatik.haw-hamburg.de-<0.38.0>-Gruppe1-2 112te_Nachricht. COut: 20.10 15:47:57,573| HBQ In: 20.10 15:47:57,573|DLQ In: 20.10 15:48:21,160|C In:20.10 15:48:35,372|
4-client@SALLY.informatik.haw-hamburg.de-<0.38.0>-Gruppe1-2 113te_Nachricht. COut: 20.10 15:48:03,080| HBQ In: 20.10 15:48:03,080|DLQ In: 20.10 15:48:21,160|C In:20.10 15:48:35,434|
5-client@SALLY.informatik.haw-hamburg.de-<0.38.0>-Gruppe1-2 114te_Nachricht. COut: 20.10 15:48:03,095| HBQ In: 20.10 15:48:03,127|DLQ In: 20.10 15:48:21,175|C In:20.10 15:48:35,481|
9-client@SALLY.informatik.haw-hamburg.de-<0.38.0>-Gruppe1-2 115te_Nachricht. COut: 20.10 15:48:03,157| HBQ In: 20.10 15:48:03,173|DLQ In: 20.10 15:48:21,176|C In:20.10 15:48:35,528|
10-client@SALLY.informatik.haw-hamburg.de-<0.38.0>-Gruppe1-2 116te_Nachricht. COut: 20.10 15:48:03,173| HBQ In: 20.10 15:48:03,205|DLQ In: 20.10 15:48:21,176|C In:20.10 15:48:35,575|
1-client@SALLY.informatik.haw-hamburg.de-<0.38.0>-Gruppe1-2 117te_Nachricht. COut: 20.10 15:48:03,173| HBQ In: 20.10 15:48:03,205|DLQ In: 20.10 15:48:21,191|C In:20.10 15:48:35,622|
2-client@SALLY.informatik.haw-hamburg.de-<0.38.0>-Gruppe1-2 118te_Nachricht. COut: 20.10 15:48:03,189| HBQ In: 20.10 15:48:03,220|DLQ In: 20.10 15:48:21,192|C In:20.10 15:48:35,668|
3-client@SALLY.informatik.haw-hamburg.de-<0.38.0>-Gruppe1-2 119te_Nachricht. COut: 20.10 15:48:00,520| HBQ In: 20.10 15:48:00,520|DLQ In: 20.10 15:48:21,192|C In:20.10 15:48:35,715|
6-client@SALLY.informatik.haw-hamburg.de-<0.38.0>-Gruppe1-2 120te_Nachricht. COut: 20.10 15:48:00,552| HBQ In: 20.10 15:48:00,552|DLQ In: 20.10 15:48:21,207|C In:20.10 15:48:35,778|
7-client@SALLY.informatik.haw-hamburg.de-<0.38.0>-Gruppe1-2 121te_Nachricht. COut: 20.10 15:48:00,568| HBQ In: 20.10 15:48:00,568|DLQ In: 20.10 15:48:21,207|C In:20.10 15:48:35,824|
8-client@SALLY.informatik.haw-hamburg.de-<0.38.0>-Gruppe1-2 122te_Nachricht. COut: 20.10 15:48:00,584| HBQ In: 20.10 15:48:00,584|DLQ In: 20.10 15:48:21,207|C In:20.10 15:48:35,871|
3-client@SALLY.informatik.haw-hamburg.de-<0.38.0>-Gruppe1-2 123te_Nachricht. COut: 20.10 15:48:03,532| HBQ In: 20.10 15:48:03,579|DLQ In: 20.10 15:48:21,223|C In:20.10 15:48:35,918|
6-client@SALLY.informatik.haw-hamburg.de-<0.38.0>-Gruppe1-2 124te_Nachricht. COut: 20.10 15:48:03,562| HBQ In: 20.10 15:48:03,625|DLQ In: 20.10 15:48:21,223|C In:20.10 15:48:35,980|
7-client@SALLY.informatik.haw-hamburg.de-<0.38.0>-Gruppe1-2 125te_Nachricht. COut: 20.10 15:48:03,579| HBQ In: 20.10 15:48:03,641|DLQ In: 20.10 15:48:21,238|C In:20.10 15:48:36,027|
8-client@SALLY.informatik.haw-hamburg.de-<0.38.0>-Gruppe1-2 126te_Nachricht. COut: 20.10 15:48:03,595| HBQ In: 20.10 15:48:03,657|DLQ In: 20.10 15:48:21,238|C In:20.10 15:48:36,074|
***Fehlernachricht fuer Nachrichten 127 bis 132 um 20.10 15:48:28,305| 132te_Nachricht. COut:  HBQ In: DLQ In: 20.10 15:48:28,305|C In:20.10 15:48:36,136|
3-client@SALLY.informatik.haw-hamburg.de-<0.38.0>-Gruppe1-2 133te_Nachricht. COut: 20.10 15:48:06,543| HBQ In: 20.10 15:48:06,589|DLQ In: 20.10 15:48:28,305|C In:20.10 15:48:36,183|
6-client@SALLY.informatik.haw-hamburg.de-<0.38.0>-Gruppe1-2 134te_Nachricht. COut: 20.10 15:48:06,573| HBQ In: 20.10 15:48:06,637|DLQ In: 20.10 15:48:28,321|C In:20.10 15:48:36,230|
7-client@SALLY.informatik.haw-hamburg.de-<0.38.0>-Gruppe1-2 135te_Nachricht. COut: 20.10 15:48:06,589| HBQ In: 20.10 15:48:06,652|DLQ In: 20.10 15:48:28,321|C In:20.10 15:48:36,277|
8-client@SALLY.informatik.haw-hamburg.de-<0.38.0>-Gruppe1-2 136te_Nachricht. COut: 20.10 15:48:06,605| HBQ In: 20.10 15:48:06,668|DLQ In: 20.10 15:48:28,336|C In:20.10 15:48:36,324|
3-client@SALLY.informatik.haw-hamburg.de-<0.38.0>-Gruppe1-2 137te_Nachricht. COut: 20.10 15:48:09,554| HBQ In: 20.10 15:48:09,554|DLQ In: 20.10 15:48:28,336|C In:20.10 15:48:36,386|
6-client@SALLY.informatik.haw-hamburg.de-<0.38.0>-Gruppe1-2 138te_Nachricht. COut: 20.10 15:48:09,585| HBQ In: 20.10 15:48:09,585|DLQ In: 20.10 15:48:28,336|C In:20.10 15:48:36,433|
7-client@SALLY.informatik.haw-hamburg.de-<0.38.0>-Gruppe1-2 139te_Nachricht. COut: 20.10 15:48:09,601| HBQ In: 20.10 15:48:09,616|DLQ In: 20.10 15:48:28,351|C In:20.10 15:48:36,480|
8-client@SALLY.informatik.haw-hamburg.de-<0.38.0>-Gruppe1-2 140te_Nachricht. COut: 20.10 15:48:09,616| HBQ In: 20.10 15:48:09,632|DLQ In: 20.10 15:48:28,352|C In:20.10 15:48:36,526|
4-client@SALLY.informatik.haw-hamburg.de-<0.38.0>-Gruppe1-2 141te_Nachricht. COut: 20.10 15:48:14,078| HBQ In: 20.10 15:48:14,078|DLQ In: 20.10 15:48:28,352|C In:20.10 15:48:36,573|
5-client@SALLY.informatik.haw-hamburg.de-<0.38.0>-Gruppe1-2 142te_Nachricht. COut: 20.10 15:48:14,155| HBQ In: 20.10 15:48:14,155|DLQ In: 20.10 15:48:28,367|C In:20.10 15:48:36,620|
9-client@SALLY.informatik.haw-hamburg.de-<0.38.0>-Gruppe1-2 143te_Nachricht. COut: 20.10 15:48:12,268| HBQ In: 20.10 15:48:12,314|DLQ In: 20.10 15:48:28,368|C In:20.10 15:48:36,667|
1-client@SALLY.informatik.haw-hamburg.de-<0.38.0>-Gruppe1-2 144te_Nachricht. COut: 20.10 15:48:12,284| HBQ In: 20.10 15:48:12,315|DLQ In: 20.10 15:48:28,368|*******C In:20.10 15:48:36,714|
10-client@SALLY.informatik.haw-hamburg.de-<0.38.0>-Gruppe1-2 145te_Nachricht. COut: 20.10 15:48:12,284| HBQ In: 20.10 15:48:12,315|DLQ In: 20.10 15:48:28,383|C In:20.10 15:48:36,776|
2-client@SALLY.informatik.haw-hamburg.de-<0.38.0>-Gruppe1-2 146te_Nachricht. COut: 20.10 15:48:14,296| HBQ In: 20.10 15:48:14,296|DLQ In: 20.10 15:48:28,383|C In:20.10 15:48:36,823|
***Fehlernachricht fuer Nachrichten 147 bis 150 um 20.10 15:48:34,530| 150te_Nachricht. COut:  HBQ In: DLQ In: 20.10 15:48:34,544|C In:20.10 15:48:36,870|
3-client@SALLY.informatik.haw-hamburg.de-<0.38.0>-Gruppe1-2 151te_Nachricht. COut: 20.10 15:48:16,153| HBQ In: 20.10 15:48:16,153|DLQ In: 20.10 15:48:34,545|C In:20.10 15:48:36,916|
9-client@SALLY.informatik.haw-hamburg.de-<0.38.0>-Gruppe1-2 152te_Nachricht. COut: 20.10 15:48:17,276| HBQ In: 20.10 15:48:17,276|DLQ In: 20.10 15:48:34,545|C In:20.10 15:48:36,963|
6-client@SALLY.informatik.haw-hamburg.de-<0.38.0>-Gruppe1-2 153te_Nachricht. COut: 20.10 15:48:14,281| HBQ In: 20.10 15:48:14,281|DLQ In: 20.10 15:48:34,560|C In:20.10 15:48:37,010|
10-client@SALLY.informatik.haw-hamburg.de-<0.38.0>-Gruppe1-2 154te_Nachricht. COut: 20.10 15:48:17,291| HBQ In: 20.10 15:48:17,291|DLQ In: 20.10 15:48:34,561|C In:20.10 15:48:37,072|
1-client@SALLY.informatik.haw-hamburg.de-<0.38.0>-Gruppe1-2 155te_Nachricht. COut: 20.10 15:48:17,290| HBQ In: 20.10 15:48:17,290|DLQ In: 20.10 15:48:34,561|*******C In:20.10 15:48:37,119|
7-client@SALLY.informatik.haw-hamburg.de-<0.38.0>-Gruppe1-2 156te_Nachricht. COut: 20.10 15:48:14,359| HBQ In: 20.10 15:48:14,359|DLQ In: 20.10 15:48:34,576|C In:20.10 15:48:37,182|
8-client@SALLY.informatik.haw-hamburg.de-<0.38.0>-Gruppe1-2 157te_Nachricht. COut: 20.10 15:48:14,359| HBQ In: 20.10 15:48:14,359|DLQ In: 20.10 15:48:34,576|C In:20.10 15:48:37,228|
4-client@SALLY.informatik.haw-hamburg.de-<0.38.0>-Gruppe1-2 158te_Nachricht. COut: 20.10 15:48:21,082| HBQ In: 20.10 15:48:21,082|DLQ In: 20.10 15:48:34,576|C In:20.10 15:48:37,275|
5-client@SALLY.informatik.haw-hamburg.de-<0.38.0>-Gruppe1-2 159te_Nachricht. COut: 20.10 15:48:21,159| HBQ In: 20.10 15:48:21,159|DLQ In: 20.10 15:48:34,592|C In:20.10 15:48:37,322|
6-client@SALLY.informatik.haw-hamburg.de-<0.38.0>-Gruppe1-2 160te_Nachricht. COut: 20.10 15:48:16,292| HBQ In: 20.10 15:48:16,292|DLQ In: 20.10 15:48:34,592|C In:20.10 15:48:37,384|
2-client@SALLY.informatik.haw-hamburg.de-<0.38.0>-Gruppe1-2 161te_Nachricht. COut: 20.10 15:48:21,300| HBQ In: 20.10 15:48:21,300|DLQ In: 20.10 15:48:34,608|C In:20.10 15:48:37,431|
8-client@SALLY.informatik.haw-hamburg.de-<0.38.0>-Gruppe1-2 162te_Nachricht. COut: 20.10 15:48:16,371| HBQ In: 20.10 15:48:16,371|DLQ In: 20.10 15:48:34,608|C In:20.10 15:48:37,478|
7-client@SALLY.informatik.haw-hamburg.de-<0.38.0>-Gruppe1-2 163te_Nachricht. COut: 20.10 15:48:16,371| HBQ In: 20.10 15:48:16,371|DLQ In: 20.10 15:48:34,608|C In:20.10 15:48:37,525|
3-client@SALLY.informatik.haw-hamburg.de-<0.38.0>-Gruppe1-2 164te_Nachricht. COut: 20.10 15:48:20,161| HBQ In: 20.10 15:48:20,161|DLQ In: 20.10 15:48:34,623|C In:20.10 15:48:37,572|
6-client@SALLY.informatik.haw-hamburg.de-<0.38.0>-Gruppe1-2 165te_Nachricht. COut: 20.10 15:48:18,304| HBQ In: 20.10 15:48:18,304|DLQ In: 20.10 15:48:34,623|C In:20.10 15:48:37,618|
7-client@SALLY.informatik.haw-hamburg.de-<0.38.0>-Gruppe1-2 166te_Nachricht. COut: 20.10 15:48:18,383| HBQ In: 20.10 15:48:18,383|DLQ In: 20.10 15:48:34,623|C In:20.10 15:48:37,665|
8-client@SALLY.informatik.haw-hamburg.de-<0.38.0>-Gruppe1-2 167te_Nachricht. COut: 20.10 15:48:18,383| HBQ In: 20.10 15:48:18,383|DLQ In: 20.10 15:48:34,639|C In:20.10 15:48:37,712|
9-client@SALLY.informatik.haw-hamburg.de-<0.38.0>-Gruppe1-2 168te_Nachricht. COut: 20.10 15:48:22,284| HBQ In: 20.10 15:48:22,284|DLQ In: 20.10 15:48:34,639|C In:20.10 15:48:37,774|
1-client@SALLY.informatik.haw-hamburg.de-<0.38.0>-Gruppe1-2 169te_Nachricht. COut: 20.10 15:48:22,299| HBQ In: 20.10 15:48:22,299|DLQ In: 20.10 15:48:34,653|*******C In:20.10 15:48:37,821|
10-client@SALLY.informatik.haw-hamburg.de-<0.38.0>-Gruppe1-2 170te_Nachricht. COut: 20.10 15:48:22,298| HBQ In: 20.10 15:48:22,298|DLQ In: 20.10 15:48:34,654|C In:20.10 15:48:37,868|
6-client@SALLY.informatik.haw-hamburg.de-<0.38.0>-Gruppe1-2 171te_Nachricht. COut: 20.10 15:48:20,318| HBQ In: 20.10 15:48:20,318|DLQ In: 20.10 15:48:34,654|C In:20.10 15:48:37,915|
8-client@SALLY.informatik.haw-hamburg.de-<0.38.0>-Gruppe1-2 172te_Nachricht. COut: 20.10 15:48:20,396| HBQ In: 20.10 15:48:20,396|DLQ In: 20.10 15:48:34,669|C In:20.10 15:48:37,977|
7-client@SALLY.informatik.haw-hamburg.de-<0.38.0>-Gruppe1-2 173te_Nachricht. COut: 20.10 15:48:20,395| HBQ In: 20.10 15:48:20,395|DLQ In: 20.10 15:48:34,670|C In:20.10 15:48:38,024|
3-client@SALLY.informatik.haw-hamburg.de-<0.38.0>-Gruppe1-2 174te_Nachricht. COut: 20.10 15:48:24,171| HBQ In: 20.10 15:48:24,202|DLQ In: 20.10 15:48:34,670|C In:20.10 15:48:38,071|
6-client@SALLY.informatik.haw-hamburg.de-<0.38.0>-Gruppe1-2 175te_Nachricht. COut: 20.10 15:48:22,330| HBQ In: 20.10 15:48:22,330|DLQ In: 20.10 15:48:34,685|C In:20.10 15:48:38,118|
7-client@SALLY.informatik.haw-hamburg.de-<0.38.0>-Gruppe1-2 176te_Nachricht. COut: 20.10 15:48:22,408| HBQ In: 20.10 15:48:22,424|DLQ In: 20.10 15:48:34,686|C In:20.10 15:48:38,164|
8-client@SALLY.informatik.haw-hamburg.de-<0.38.0>-Gruppe1-2 177te_Nachricht. COut: 20.10 15:48:22,407| HBQ In: 20.10 15:48:22,423|DLQ In: 20.10 15:48:34,686|C In:20.10 15:48:38,211|
4-client@SALLY.informatik.haw-hamburg.de-<0.38.0>-Gruppe1-2 178te_Nachricht. COut: 20.10 15:48:28,087| HBQ In: 20.10 15:48:28,087|DLQ In: 20.10 15:48:34,701|C In:20.10 15:48:38,258|
5-client@SALLY.informatik.haw-hamburg.de-<0.38.0>-Gruppe1-2 179te_Nachricht. COut: 20.10 15:48:28,165| HBQ In: 20.10 15:48:28,165|DLQ In: 20.10 15:48:34,701|C In:20.10 15:48:38,305|
2-client@SALLY.informatik.haw-hamburg.de-<0.38.0>-Gruppe1-2 180te_Nachricht. COut: 20.10 15:48:28,304| HBQ In: 20.10 15:48:28,304|DLQ In: 20.10 15:48:34,717|C In:20.10 15:48:38,336|
9-client@SALLY.informatik.haw-hamburg.de-<0.38.0>-Gruppe1-2 181te_Nachricht. COut: 20.10 15:48:27,290| HBQ In: 20.10 15:48:27,290|DLQ In: 20.10 15:48:34,717|C In:20.10 15:48:38,383|
10-client@SALLY.informatik.haw-hamburg.de-<0.38.0>-Gruppe1-2 182te_Nachricht. COut: 20.10 15:48:27,307| HBQ In: 20.10 15:48:27,307|DLQ In: 20.10 15:48:34,717|C In:20.10 15:48:38,430|
1-client@SALLY.informatik.haw-hamburg.de-<0.38.0>-Gruppe1-2 183te_Nachricht. COut: 20.10 15:48:27,306| HBQ In: 20.10 15:48:27,306|DLQ In: 20.10 15:48:34,732|*******C In:20.10 15:48:38,492|
..getmessages..Done..
Neuer Sendeintervall: 6 Sekunden (5)
1-client@SALLY.informatik.haw-hamburg.de-<0.38.0>-Gruppe1-2: 223te_Nachricht. C Out: 20.10 15:48:44,498| gesendet
1-client@SALLY.informatik.haw-hamburg.de-<0.38.0>-Gruppe1-2: 241te_Nachricht. C Out: 20.10 15:48:50,504| gesendet
1-client@SALLY.informatik.haw-hamburg.de-<0.38.0>-Gruppe1-2: 256te_Nachricht. C Out: 20.10 15:48:56,510| gesendet
1-client@SALLY.informatik.haw-hamburg.de-<0.38.0>-Gruppe1-2: 270te_Nachricht. C Out: 20.10 15:49:02,516| gesendet
