5-client@SALLY.informatik.haw-hamburg.de-<0.38.0>-Gruppe1-2 Start: 20.10 15:47:03,893|
5-client@SALLY.informatik.haw-hamburg.de-<0.38.0>-Gruppe1-2: 6te_Nachricht. C Out: 20.10 15:47:08,963| gesendet
5-client@SALLY.informatik.haw-hamburg.de-<0.38.0>-Gruppe1-2: 13te_Nachricht. C Out: 20.10 15:47:13,971| gesendet
5-client@SALLY.informatik.haw-hamburg.de-<0.38.0>-Gruppe1-2: 26te_Nachricht. C Out: 20.10 15:47:18,978| gesendet
5-client@SALLY.informatik.haw-hamburg.de-<0.38.0>-Gruppe1-2: 33te_Nachricht. C Out: 20.10 15:47:23,986| gesendet
5-client@SALLY.informatik.haw-hamburg.de-<0.38.0>-Gruppe1-2: 46te_Nachricht. C Out: 20.10 15:47:28,994| gesendet
53te Nachricht um 20.10 15:47:29,009| vergessen zu senden
9-client@SALLY.informatik.haw-hamburg.de-<0.38.0>-Gruppe1-2 2te_Nachricht. COut: 20.10 15:47:08,963| HBQ In: 20.10 15:47:08,994|DLQ In: 20.10 15:47:08,994|C In:20.10 15:47:29,103|
8-client@SALLY.informatik.haw-hamburg.de-<0.38.0>-Gruppe1-2 3te_Nachricht. COut: 20.10 15:47:08,963| HBQ In: 20.10 15:47:08,994|DLQ In: 20.10 15:47:08,994|C In:20.10 15:47:29,150|
7-client@SALLY.informatik.haw-hamburg.de-<0.38.0>-Gruppe1-2 4te_Nachricht. COut: 20.10 15:47:08,963| HBQ In: 20.10 15:47:08,979|DLQ In: 20.10 15:47:08,994|C In:20.10 15:47:29,243|
6-client@SALLY.informatik.haw-hamburg.de-<0.38.0>-Gruppe1-2 5te_Nachricht. COut: 20.10 15:47:08,963| HBQ In: 20.10 15:47:08,979|DLQ In: 20.10 15:47:08,994|C In:20.10 15:47:29,337|
5-client@SALLY.informatik.haw-hamburg.de-<0.38.0>-Gruppe1-2 6te_Nachricht. COut: 20.10 15:47:08,963| HBQ In: 20.10 15:47:08,979|DLQ In: 20.10 15:47:08,994|*******C In:20.10 15:47:29,415|
4-client@SALLY.informatik.haw-hamburg.de-<0.38.0>-Gruppe1-2 7te_Nachricht. COut: 20.10 15:47:08,963| HBQ In: 20.10 15:47:08,963|DLQ In: 20.10 15:47:08,994|C In:20.10 15:47:29,493|
3-client@SALLY.informatik.haw-hamburg.de-<0.38.0>-Gruppe1-2 8te_Nachricht. COut: 20.10 15:47:08,963| HBQ In: 20.10 15:47:08,963|DLQ In: 20.10 15:47:08,994|C In:20.10 15:47:29,555|
2-client@SALLY.informatik.haw-hamburg.de-<0.38.0>-Gruppe1-2 9te_Nachricht. COut: 20.10 15:47:08,979| HBQ In: 20.10 15:47:09,010|DLQ In: 20.10 15:47:09,010|C In:20.10 15:47:29,633|
1-client@SALLY.informatik.haw-hamburg.de-<0.38.0>-Gruppe1-2 10te_Nachricht. COut: 20.10 15:47:08,979| HBQ In: 20.10 15:47:09,010|DLQ In: 20.10 15:47:09,010|C In:20.10 15:47:29,711|
3-client@SALLY.informatik.haw-hamburg.de-<0.38.0>-Gruppe1-2 11te_Nachricht. COut: 20.10 15:47:13,971| HBQ In: 20.10 15:47:14,016|DLQ In: 20.10 15:47:14,017|C In:20.10 15:47:29,789|
4-client@SALLY.informatik.haw-hamburg.de-<0.38.0>-Gruppe1-2 12te_Nachricht. COut: 20.10 15:47:13,971| HBQ In: 20.10 15:47:14,002|DLQ In: 20.10 15:47:14,017|C In:20.10 15:47:29,867|
5-client@SALLY.informatik.haw-hamburg.de-<0.38.0>-Gruppe1-2 13te_Nachricht. COut: 20.10 15:47:13,971| HBQ In: 20.10 15:47:14,002|DLQ In: 20.10 15:47:14,017|*******C In:20.10 15:47:30,132|
6-client@SALLY.informatik.haw-hamburg.de-<0.38.0>-Gruppe1-2 14te_Nachricht. COut: 20.10 15:47:13,971| HBQ In: 20.10 15:47:14,002|DLQ In: 20.10 15:47:14,017|C In:20.10 15:47:30,257|
7-client@SALLY.informatik.haw-hamburg.de-<0.38.0>-Gruppe1-2 15te_Nachricht. COut: 20.10 15:47:13,971| HBQ In: 20.10 15:47:13,986|DLQ In: 20.10 15:47:14,017|C In:20.10 15:47:30,444|
8-client@SALLY.informatik.haw-hamburg.de-<0.38.0>-Gruppe1-2 16te_Nachricht. COut: 20.10 15:47:13,971| HBQ In: 20.10 15:47:13,986|DLQ In: 20.10 15:47:14,017|C In:20.10 15:47:30,522|
9-client@SALLY.informatik.haw-hamburg.de-<0.38.0>-Gruppe1-2 17te_Nachricht. COut: 20.10 15:47:13,971| HBQ In: 20.10 15:47:13,971|DLQ In: 20.10 15:47:14,017|C In:20.10 15:47:30,585|
10-client@SALLY.informatik.haw-hamburg.de-<0.38.0>-Gruppe1-2 18te_Nachricht. COut: 20.10 15:47:13,971| HBQ In: 20.10 15:47:13,971|DLQ In: 20.10 15:47:14,017|C In:20.10 15:47:30,663|
1-client@SALLY.informatik.haw-hamburg.de-<0.38.0>-Gruppe1-2 19te_Nachricht. COut: 20.10 15:47:13,986| HBQ In: 20.10 15:47:14,032|DLQ In: 20.10 15:47:14,033|C In:20.10 15:47:30,741|
2-client@SALLY.informatik.haw-hamburg.de-<0.38.0>-Gruppe1-2 20te_Nachricht. COut: 20.10 15:47:13,986| HBQ In: 20.10 15:47:14,017|DLQ In: 20.10 15:47:14,033|C In:20.10 15:47:30,819|
10-client@SALLY.informatik.haw-hamburg.de-<0.38.0>-Gruppe1-2 21te_Nachricht. COut: 20.10 15:47:18,978| HBQ In: 20.10 15:47:19,072|DLQ In: 20.10 15:47:19,072|C In:20.10 15:47:30,897|
9-client@SALLY.informatik.haw-hamburg.de-<0.38.0>-Gruppe1-2 22te_Nachricht. COut: 20.10 15:47:18,978| HBQ In: 20.10 15:47:19,056|DLQ In: 20.10 15:47:19,072|C In:20.10 15:47:30,959|
8-client@SALLY.informatik.haw-hamburg.de-<0.38.0>-Gruppe1-2 23te_Nachricht. COut: 20.10 15:47:18,978| HBQ In: 20.10 15:47:19,041|DLQ In: 20.10 15:47:19,072|C In:20.10 15:47:31,037|
7-client@SALLY.informatik.haw-hamburg.de-<0.38.0>-Gruppe1-2 24te_Nachricht. COut: 20.10 15:47:18,978| HBQ In: 20.10 15:47:19,040|DLQ In: 20.10 15:47:19,072|C In:20.10 15:47:31,100|
6-client@SALLY.informatik.haw-hamburg.de-<0.38.0>-Gruppe1-2 25te_Nachricht. COut: 20.10 15:47:18,978| HBQ In: 20.10 15:47:19,024|DLQ In: 20.10 15:47:19,072|C In:20.10 15:47:31,178|
5-client@SALLY.informatik.haw-hamburg.de-<0.38.0>-Gruppe1-2 26te_Nachricht. COut: 20.10 15:47:18,978| HBQ In: 20.10 15:47:19,010|DLQ In: 20.10 15:47:19,072|*******C In:20.10 15:47:31,240|
4-client@SALLY.informatik.haw-hamburg.de-<0.38.0>-Gruppe1-2 27te_Nachricht. COut: 20.10 15:47:18,978| HBQ In: 20.10 15:47:18,994|DLQ In: 20.10 15:47:19,072|C In:20.10 15:47:31,318|
3-client@SALLY.informatik.haw-hamburg.de-<0.38.0>-Gruppe1-2 28te_Nachricht. COut: 20.10 15:47:18,978| HBQ In: 20.10 15:47:18,978|DLQ In: 20.10 15:47:19,072|C In:20.10 15:47:31,412|
2-client@SALLY.informatik.haw-hamburg.de-<0.38.0>-Gruppe1-2 29te_Nachricht. COut: 20.10 15:47:18,994| HBQ In: 20.10 15:47:19,088|DLQ In: 20.10 15:47:19,088|C In:20.10 15:47:31,505|
1-client@SALLY.informatik.haw-hamburg.de-<0.38.0>-Gruppe1-2 30te_Nachricht. COut: 20.10 15:47:18,994| HBQ In: 20.10 15:47:19,072|DLQ In: 20.10 15:47:19,088|C In:20.10 15:47:31,583|
3-client@SALLY.informatik.haw-hamburg.de-<0.38.0>-Gruppe1-2 31te_Nachricht. COut: 20.10 15:47:23,986| HBQ In: 20.10 15:47:24,033|DLQ In: 20.10 15:47:24,033|C In:20.10 15:47:31,661|
4-client@SALLY.informatik.haw-hamburg.de-<0.38.0>-Gruppe1-2 32te_Nachricht. COut: 20.10 15:47:23,986| HBQ In: 20.10 15:47:24,033|DLQ In: 20.10 15:47:24,033|C In:20.10 15:47:31,739|
5-client@SALLY.informatik.haw-hamburg.de-<0.38.0>-Gruppe1-2 33te_Nachricht. COut: 20.10 15:47:23,986| HBQ In: 20.10 15:47:24,032|DLQ In: 20.10 15:47:24,033|*******C In:20.10 15:47:31,802|
6-client@SALLY.informatik.haw-hamburg.de-<0.38.0>-Gruppe1-2 34te_Nachricht. COut: 20.10 15:47:23,986| HBQ In: 20.10 15:47:24,016|DLQ In: 20.10 15:47:24,033|C In:20.10 15:47:31,880|
7-client@SALLY.informatik.haw-hamburg.de-<0.38.0>-Gruppe1-2 35te_Nachricht. COut: 20.10 15:47:23,986| HBQ In: 20.10 15:47:24,002|DLQ In: 20.10 15:47:24,033|C In:20.10 15:47:31,958|
8-client@SALLY.informatik.haw-hamburg.de-<0.38.0>-Gruppe1-2 36te_Nachricht. COut: 20.10 15:47:23,986| HBQ In: 20.10 15:47:24,002|DLQ In: 20.10 15:47:24,033|C In:20.10 15:47:32,036|
9-client@SALLY.informatik.haw-hamburg.de-<0.38.0>-Gruppe1-2 37te_Nachricht. COut: 20.10 15:47:23,986| HBQ In: 20.10 15:47:23,986|DLQ In: 20.10 15:47:24,033|C In:20.10 15:47:32,098|
10-client@SALLY.informatik.haw-hamburg.de-<0.38.0>-Gruppe1-2 38te_Nachricht. COut: 20.10 15:47:23,986| HBQ In: 20.10 15:47:23,986|DLQ In: 20.10 15:47:24,033|C In:20.10 15:47:32,176|
1-client@SALLY.informatik.haw-hamburg.de-<0.38.0>-Gruppe1-2 39te_Nachricht. COut: 20.10 15:47:24,002| HBQ In: 20.10 15:47:24,048|DLQ In: 20.10 15:47:24,048|C In:20.10 15:47:32,238|
2-client@SALLY.informatik.haw-hamburg.de-<0.38.0>-Gruppe1-2 40te_Nachricht. COut: 20.10 15:47:24,002| HBQ In: 20.10 15:47:24,048|DLQ In: 20.10 15:47:24,048|C In:20.10 15:47:32,316|
10-client@SALLY.informatik.haw-hamburg.de-<0.38.0>-Gruppe1-2 41te_Nachricht. COut: 20.10 15:47:28,994| HBQ In: 20.10 15:47:29,040|DLQ In: 20.10 15:47:29,056|C In:20.10 15:47:32,379|
9-client@SALLY.informatik.haw-hamburg.de-<0.38.0>-Gruppe1-2 42te_Nachricht. COut: 20.10 15:47:28,994| HBQ In: 20.10 15:47:29,040|DLQ In: 20.10 15:47:29,056|C In:20.10 15:47:32,457|
8-client@SALLY.informatik.haw-hamburg.de-<0.38.0>-Gruppe1-2 43te_Nachricht. COut: 20.10 15:47:28,994| HBQ In: 20.10 15:47:29,040|DLQ In: 20.10 15:47:29,056|C In:20.10 15:47:32,535|
7-client@SALLY.informatik.haw-hamburg.de-<0.38.0>-Gruppe1-2 44te_Nachricht. COut: 20.10 15:47:28,994| HBQ In: 20.10 15:47:29,024|DLQ In: 20.10 15:47:29,056|C In:20.10 15:47:32,613|
6-client@SALLY.informatik.haw-hamburg.de-<0.38.0>-Gruppe1-2 45te_Nachricht. COut: 20.10 15:47:28,994| HBQ In: 20.10 15:47:29,009|DLQ In: 20.10 15:47:29,056|C In:20.10 15:47:32,675|
5-client@SALLY.informatik.haw-hamburg.de-<0.38.0>-Gruppe1-2 46te_Nachricht. COut: 20.10 15:47:28,994| HBQ In: 20.10 15:47:29,009|DLQ In: 20.10 15:47:29,056|*******C In:20.10 15:47:32,753|
4-client@SALLY.informatik.haw-hamburg.de-<0.38.0>-Gruppe1-2 47te_Nachricht. COut: 20.10 15:47:28,994| HBQ In: 20.10 15:47:29,008|DLQ In: 20.10 15:47:29,056|C In:20.10 15:47:32,831|
3-client@SALLY.informatik.haw-hamburg.de-<0.38.0>-Gruppe1-2 48te_Nachricht. COut: 20.10 15:47:28,994| HBQ In: 20.10 15:47:28,994|DLQ In: 20.10 15:47:29,056|C In:20.10 15:47:32,894|
2-client@SALLY.informatik.haw-hamburg.de-<0.38.0>-Gruppe1-2 49te_Nachricht. COut: 20.10 15:47:29,009| HBQ In: 20.10 15:47:29,056|DLQ In: 20.10 15:47:29,056|C In:20.10 15:47:32,972|
1-client@SALLY.informatik.haw-hamburg.de-<0.38.0>-Gruppe1-2 50te_Nachricht. COut: 20.10 15:47:29,008| HBQ In: 20.10 15:47:29,056|DLQ In: 20.10 15:47:29,056|C In:20.10 15:47:33,065|
..getmessages..Done..
Neuer Sendeintervall: 6 Sekunden (5)
5-client@SALLY.informatik.haw-hamburg.de-<0.38.0>-Gruppe1-2: 63te_Nachricht. C Out: 20.10 15:47:39,071| gesendet
5-client@SALLY.informatik.haw-hamburg.de-<0.38.0>-Gruppe1-2: 76te_Nachricht. C Out: 20.10 15:47:45,077| gesendet
5-client@SALLY.informatik.haw-hamburg.de-<0.38.0>-Gruppe1-2: 87te_Nachricht. C Out: 20.10 15:47:51,083| gesendet
5-client@SALLY.informatik.haw-hamburg.de-<0.38.0>-Gruppe1-2: 100te_Nachricht. C Out: 20.10 15:47:57,089| gesendet
5-client@SALLY.informatik.haw-hamburg.de-<0.38.0>-Gruppe1-2: 114te_Nachricht. C Out: 20.10 15:48:03,095| gesendet
128te Nachricht um 20.10 15:48:03,127| vergessen zu senden
9-client@SALLY.informatik.haw-hamburg.de-<0.38.0>-Gruppe1-2 2te_Nachricht. COut: 20.10 15:47:08,963| HBQ In: 20.10 15:47:08,994|DLQ In: 20.10 15:47:08,994|C In:20.10 15:48:03,142|
8-client@SALLY.informatik.haw-hamburg.de-<0.38.0>-Gruppe1-2 3te_Nachricht. COut: 20.10 15:47:08,963| HBQ In: 20.10 15:47:08,994|DLQ In: 20.10 15:47:08,994|C In:20.10 15:48:03,158|
7-client@SALLY.informatik.haw-hamburg.de-<0.38.0>-Gruppe1-2 4te_Nachricht. COut: 20.10 15:47:08,963| HBQ In: 20.10 15:47:08,979|DLQ In: 20.10 15:47:08,994|C In:20.10 15:48:03,173|
6-client@SALLY.informatik.haw-hamburg.de-<0.38.0>-Gruppe1-2 5te_Nachricht. COut: 20.10 15:47:08,963| HBQ In: 20.10 15:47:08,979|DLQ In: 20.10 15:47:08,994|C In:20.10 15:48:03,205|
5-client@SALLY.informatik.haw-hamburg.de-<0.38.0>-Gruppe1-2 6te_Nachricht. COut: 20.10 15:47:08,963| HBQ In: 20.10 15:47:08,979|DLQ In: 20.10 15:47:08,994|C In:20.10 15:48:03,251|
4-client@SALLY.informatik.haw-hamburg.de-<0.38.0>-Gruppe1-2 7te_Nachricht. COut: 20.10 15:47:08,963| HBQ In: 20.10 15:47:08,963|DLQ In: 20.10 15:47:08,994|C In:20.10 15:48:03,283|
3-client@SALLY.informatik.haw-hamburg.de-<0.38.0>-Gruppe1-2 8te_Nachricht. COut: 20.10 15:47:08,963| HBQ In: 20.10 15:47:08,963|DLQ In: 20.10 15:47:08,994|C In:20.10 15:48:03,329|
2-client@SALLY.informatik.haw-hamburg.de-<0.38.0>-Gruppe1-2 9te_Nachricht. COut: 20.10 15:47:08,979| HBQ In: 20.10 15:47:09,010|DLQ In: 20.10 15:47:09,010|C In:20.10 15:48:03,376|
1-client@SALLY.informatik.haw-hamburg.de-<0.38.0>-Gruppe1-2 10te_Nachricht. COut: 20.10 15:47:08,979| HBQ In: 20.10 15:47:09,010|DLQ In: 20.10 15:47:09,010|C In:20.10 15:48:03,407|
3-client@SALLY.informatik.haw-hamburg.de-<0.38.0>-Gruppe1-2 11te_Nachricht. COut: 20.10 15:47:13,971| HBQ In: 20.10 15:47:14,016|DLQ In: 20.10 15:47:14,017|C In:20.10 15:48:03,454|
4-client@SALLY.informatik.haw-hamburg.de-<0.38.0>-Gruppe1-2 12te_Nachricht. COut: 20.10 15:47:13,971| HBQ In: 20.10 15:47:14,002|DLQ In: 20.10 15:47:14,017|C In:20.10 15:48:03,501|
5-client@SALLY.informatik.haw-hamburg.de-<0.38.0>-Gruppe1-2 13te_Nachricht. COut: 20.10 15:47:13,971| HBQ In: 20.10 15:47:14,002|DLQ In: 20.10 15:47:14,017|C In:20.10 15:48:03,548|
6-client@SALLY.informatik.haw-hamburg.de-<0.38.0>-Gruppe1-2 14te_Nachricht. COut: 20.10 15:47:13,971| HBQ In: 20.10 15:47:14,002|DLQ In: 20.10 15:47:14,017|C In:20.10 15:48:03,595|
7-client@SALLY.informatik.haw-hamburg.de-<0.38.0>-Gruppe1-2 15te_Nachricht. COut: 20.10 15:47:13,971| HBQ In: 20.10 15:47:13,986|DLQ In: 20.10 15:47:14,017|C In:20.10 15:48:03,657|
8-client@SALLY.informatik.haw-hamburg.de-<0.38.0>-Gruppe1-2 16te_Nachricht. COut: 20.10 15:47:13,971| HBQ In: 20.10 15:47:13,986|DLQ In: 20.10 15:47:14,017|C In:20.10 15:48:03,704|
9-client@SALLY.informatik.haw-hamburg.de-<0.38.0>-Gruppe1-2 17te_Nachricht. COut: 20.10 15:47:13,971| HBQ In: 20.10 15:47:13,971|DLQ In: 20.10 15:47:14,017|C In:20.10 15:48:03,751|
10-client@SALLY.informatik.haw-hamburg.de-<0.38.0>-Gruppe1-2 18te_Nachricht. COut: 20.10 15:47:13,971| HBQ In: 20.10 15:47:13,971|DLQ In: 20.10 15:47:14,017|C In:20.10 15:48:03,782|
1-client@SALLY.informatik.haw-hamburg.de-<0.38.0>-Gruppe1-2 19te_Nachricht. COut: 20.10 15:47:13,986| HBQ In: 20.10 15:47:14,032|DLQ In: 20.10 15:47:14,033|C In:20.10 15:48:03,829|
2-client@SALLY.informatik.haw-hamburg.de-<0.38.0>-Gruppe1-2 20te_Nachricht. COut: 20.10 15:47:13,986| HBQ In: 20.10 15:47:14,017|DLQ In: 20.10 15:47:14,033|C In:20.10 15:48:03,875|
10-client@SALLY.informatik.haw-hamburg.de-<0.38.0>-Gruppe1-2 21te_Nachricht. COut: 20.10 15:47:18,978| HBQ In: 20.10 15:47:19,072|DLQ In: 20.10 15:47:19,072|C In:20.10 15:48:03,907|
9-client@SALLY.informatik.haw-hamburg.de-<0.38.0>-Gruppe1-2 22te_Nachricht. COut: 20.10 15:47:18,978| HBQ In: 20.10 15:47:19,056|DLQ In: 20.10 15:47:19,072|C In:20.10 15:48:03,953|
8-client@SALLY.informatik.haw-hamburg.de-<0.38.0>-Gruppe1-2 23te_Nachricht. COut: 20.10 15:47:18,978| HBQ In: 20.10 15:47:19,041|DLQ In: 20.10 15:47:19,072|C In:20.10 15:48:04,000|
7-client@SALLY.informatik.haw-hamburg.de-<0.38.0>-Gruppe1-2 24te_Nachricht. COut: 20.10 15:47:18,978| HBQ In: 20.10 15:47:19,040|DLQ In: 20.10 15:47:19,072|C In:20.10 15:48:04,047|
6-client@SALLY.informatik.haw-hamburg.de-<0.38.0>-Gruppe1-2 25te_Nachricht. COut: 20.10 15:47:18,978| HBQ In: 20.10 15:47:19,024|DLQ In: 20.10 15:47:19,072|C In:20.10 15:48:04,078|
5-client@SALLY.informatik.haw-hamburg.de-<0.38.0>-Gruppe1-2 26te_Nachricht. COut: 20.10 15:47:18,978| HBQ In: 20.10 15:47:19,010|DLQ In: 20.10 15:47:19,072|C In:20.10 15:48:04,125|
4-client@SALLY.informatik.haw-hamburg.de-<0.38.0>-Gruppe1-2 27te_Nachricht. COut: 20.10 15:47:18,978| HBQ In: 20.10 15:47:18,994|DLQ In: 20.10 15:47:19,072|C In:20.10 15:48:04,172|
3-client@SALLY.informatik.haw-hamburg.de-<0.38.0>-Gruppe1-2 28te_Nachricht. COut: 20.10 15:47:18,978| HBQ In: 20.10 15:47:18,978|DLQ In: 20.10 15:47:19,072|C In:20.10 15:48:04,203|
2-client@SALLY.informatik.haw-hamburg.de-<0.38.0>-Gruppe1-2 29te_Nachricht. COut: 20.10 15:47:18,994| HBQ In: 20.10 15:47:19,088|DLQ In: 20.10 15:47:19,088|C In:20.10 15:48:04,250|
1-client@SALLY.informatik.haw-hamburg.de-<0.38.0>-Gruppe1-2 30te_Nachricht. COut: 20.10 15:47:18,994| HBQ In: 20.10 15:47:19,072|DLQ In: 20.10 15:47:19,088|C In:20.10 15:48:04,297|
3-client@SALLY.informatik.haw-hamburg.de-<0.38.0>-Gruppe1-2 31te_Nachricht. COut: 20.10 15:47:23,986| HBQ In: 20.10 15:47:24,033|DLQ In: 20.10 15:47:24,033|C In:20.10 15:48:04,328|
4-client@SALLY.informatik.haw-hamburg.de-<0.38.0>-Gruppe1-2 32te_Nachricht. COut: 20.10 15:47:23,986| HBQ In: 20.10 15:47:24,033|DLQ In: 20.10 15:47:24,033|C In:20.10 15:48:04,375|
5-client@SALLY.informatik.haw-hamburg.de-<0.38.0>-Gruppe1-2 33te_Nachricht. COut: 20.10 15:47:23,986| HBQ In: 20.10 15:47:24,032|DLQ In: 20.10 15:47:24,033|C In:20.10 15:48:04,421|
6-client@SALLY.informatik.haw-hamburg.de-<0.38.0>-Gruppe1-2 34te_Nachricht. COut: 20.10 15:47:23,986| HBQ In: 20.10 15:47:24,016|DLQ In: 20.10 15:47:24,033|C In:20.10 15:48:04,453|
7-client@SALLY.informatik.haw-hamburg.de-<0.38.0>-Gruppe1-2 35te_Nachricht. COut: 20.10 15:47:23,986| HBQ In: 20.10 15:47:24,002|DLQ In: 20.10 15:47:24,033|C In:20.10 15:48:04,499|
8-client@SALLY.informatik.haw-hamburg.de-<0.38.0>-Gruppe1-2 36te_Nachricht. COut: 20.10 15:47:23,986| HBQ In: 20.10 15:47:24,002|DLQ In: 20.10 15:47:24,033|C In:20.10 15:48:04,546|
9-client@SALLY.informatik.haw-hamburg.de-<0.38.0>-Gruppe1-2 37te_Nachricht. COut: 20.10 15:47:23,986| HBQ In: 20.10 15:47:23,986|DLQ In: 20.10 15:47:24,033|C In:20.10 15:48:04,577|
10-client@SALLY.informatik.haw-hamburg.de-<0.38.0>-Gruppe1-2 38te_Nachricht. COut: 20.10 15:47:23,986| HBQ In: 20.10 15:47:23,986|DLQ In: 20.10 15:47:24,033|C In:20.10 15:48:04,624|
1-client@SALLY.informatik.haw-hamburg.de-<0.38.0>-Gruppe1-2 39te_Nachricht. COut: 20.10 15:47:24,002| HBQ In: 20.10 15:47:24,048|DLQ In: 20.10 15:47:24,048|C In:20.10 15:48:04,671|
2-client@SALLY.informatik.haw-hamburg.de-<0.38.0>-Gruppe1-2 40te_Nachricht. COut: 20.10 15:47:24,002| HBQ In: 20.10 15:47:24,048|DLQ In: 20.10 15:47:24,048|C In:20.10 15:48:04,718|
10-client@SALLY.informatik.haw-hamburg.de-<0.38.0>-Gruppe1-2 41te_Nachricht. COut: 20.10 15:47:28,994| HBQ In: 20.10 15:47:29,040|DLQ In: 20.10 15:47:29,056|C In:20.10 15:48:04,749|
9-client@SALLY.informatik.haw-hamburg.de-<0.38.0>-Gruppe1-2 42te_Nachricht. COut: 20.10 15:47:28,994| HBQ In: 20.10 15:47:29,040|DLQ In: 20.10 15:47:29,056|C In:20.10 15:48:04,796|
8-client@SALLY.informatik.haw-hamburg.de-<0.38.0>-Gruppe1-2 43te_Nachricht. COut: 20.10 15:47:28,994| HBQ In: 20.10 15:47:29,040|DLQ In: 20.10 15:47:29,056|C In:20.10 15:48:04,843|
7-client@SALLY.informatik.haw-hamburg.de-<0.38.0>-Gruppe1-2 44te_Nachricht. COut: 20.10 15:47:28,994| HBQ In: 20.10 15:47:29,024|DLQ In: 20.10 15:47:29,056|C In:20.10 15:48:04,874|
6-client@SALLY.informatik.haw-hamburg.de-<0.38.0>-Gruppe1-2 45te_Nachricht. COut: 20.10 15:47:28,994| HBQ In: 20.10 15:47:29,009|DLQ In: 20.10 15:47:29,056|C In:20.10 15:48:04,921|
5-client@SALLY.informatik.haw-hamburg.de-<0.38.0>-Gruppe1-2 46te_Nachricht. COut: 20.10 15:47:28,994| HBQ In: 20.10 15:47:29,009|DLQ In: 20.10 15:47:29,056|C In:20.10 15:48:04,967|
4-client@SALLY.informatik.haw-hamburg.de-<0.38.0>-Gruppe1-2 47te_Nachricht. COut: 20.10 15:47:28,994| HBQ In: 20.10 15:47:29,008|DLQ In: 20.10 15:47:29,056|C In:20.10 15:48:05,014|
3-client@SALLY.informatik.haw-hamburg.de-<0.38.0>-Gruppe1-2 48te_Nachricht. COut: 20.10 15:47:28,994| HBQ In: 20.10 15:47:28,994|DLQ In: 20.10 15:47:29,056|C In:20.10 15:48:05,045|
2-client@SALLY.informatik.haw-hamburg.de-<0.38.0>-Gruppe1-2 49te_Nachricht. COut: 20.10 15:47:29,009| HBQ In: 20.10 15:47:29,056|DLQ In: 20.10 15:47:29,056|C In:20.10 15:48:05,092|
1-client@SALLY.informatik.haw-hamburg.de-<0.38.0>-Gruppe1-2 50te_Nachricht. COut: 20.10 15:47:29,008| HBQ In: 20.10 15:47:29,056|DLQ In: 20.10 15:47:29,056|C In:20.10 15:48:05,139|
***Fehlernachricht fuer Nachrichten 51 bis 60 um 20.10 15:48:00,568| 60te_Nachricht. COut:  HBQ In: DLQ In: 20.10 15:48:00,568|C In:20.10 15:48:05,186|
3-client@SALLY.informatik.haw-hamburg.de-<0.38.0>-Gruppe1-2 61te_Nachricht. COut: 20.10 15:47:37,042| HBQ In: 20.10 15:47:37,042|DLQ In: 20.10 15:48:00,568|C In:20.10 15:48:05,217|
4-client@SALLY.informatik.haw-hamburg.de-<0.38.0>-Gruppe1-2 62te_Nachricht. COut: 20.10 15:47:39,056| HBQ In: 20.10 15:47:39,056|DLQ In: 20.10 15:48:00,568|C In:20.10 15:48:05,264|
5-client@SALLY.informatik.haw-hamburg.de-<0.38.0>-Gruppe1-2 63te_Nachricht. COut: 20.10 15:47:39,071| HBQ In: 20.10 15:47:39,071|DLQ In: 20.10 15:48:00,568|*******C In:20.10 15:48:05,311|
6-client@SALLY.informatik.haw-hamburg.de-<0.38.0>-Gruppe1-2 64te_Nachricht. COut: 20.10 15:47:37,090| HBQ In: 20.10 15:47:37,090|DLQ In: 20.10 15:48:00,568|C In:20.10 15:48:05,342|
7-client@SALLY.informatik.haw-hamburg.de-<0.38.0>-Gruppe1-2 65te_Nachricht. COut: 20.10 15:47:37,106| HBQ In: 20.10 15:47:37,106|DLQ In: 20.10 15:48:00,568|C In:20.10 15:48:05,389|
8-client@SALLY.informatik.haw-hamburg.de-<0.38.0>-Gruppe1-2 66te_Nachricht. COut: 20.10 15:47:37,121| HBQ In: 20.10 15:47:37,121|DLQ In: 20.10 15:48:00,568|C In:20.10 15:48:05,435|
9-client@SALLY.informatik.haw-hamburg.de-<0.38.0>-Gruppe1-2 67te_Nachricht. COut: 20.10 15:47:39,133| HBQ In: 20.10 15:47:39,133|DLQ In: 20.10 15:48:00,568|C In:20.10 15:48:05,482|
10-client@SALLY.informatik.haw-hamburg.de-<0.38.0>-Gruppe1-2 68te_Nachricht. COut: 20.10 15:47:39,149| HBQ In: 20.10 15:47:39,149|DLQ In: 20.10 15:48:00,568|C In:20.10 15:48:05,513|
1-client@SALLY.informatik.haw-hamburg.de-<0.38.0>-Gruppe1-2 69te_Nachricht. COut: 20.10 15:47:39,149| HBQ In: 20.10 15:47:39,149|DLQ In: 20.10 15:48:00,568|C In:20.10 15:48:05,560|
2-client@SALLY.informatik.haw-hamburg.de-<0.38.0>-Gruppe1-2 70te_Nachricht. COut: 20.10 15:47:39,165| HBQ In: 20.10 15:47:39,165|DLQ In: 20.10 15:48:00,568|C In:20.10 15:48:05,607|
3-client@SALLY.informatik.haw-hamburg.de-<0.38.0>-Gruppe1-2 71te_Nachricht. COut: 20.10 15:47:41,052| HBQ In: 20.10 15:47:41,052|DLQ In: 20.10 15:48:00,568|C In:20.10 15:48:05,654|
6-client@SALLY.informatik.haw-hamburg.de-<0.38.0>-Gruppe1-2 72te_Nachricht. COut: 20.10 15:47:41,099| HBQ In: 20.10 15:47:41,099|DLQ In: 20.10 15:48:00,568|C In:20.10 15:48:05,685|
7-client@SALLY.informatik.haw-hamburg.de-<0.38.0>-Gruppe1-2 73te_Nachricht. COut: 20.10 15:47:41,115| HBQ In: 20.10 15:47:41,115|DLQ In: 20.10 15:48:00,568|C In:20.10 15:48:05,732|
8-client@SALLY.informatik.haw-hamburg.de-<0.38.0>-Gruppe1-2 74te_Nachricht. COut: 20.10 15:47:41,129| HBQ In: 20.10 15:47:41,129|DLQ In: 20.10 15:48:00,568|C In:20.10 15:48:05,794|
4-client@SALLY.informatik.haw-hamburg.de-<0.38.0>-Gruppe1-2 75te_Nachricht. COut: 20.10 15:47:45,062| HBQ In: 20.10 15:47:45,062|DLQ In: 20.10 15:48:00,568|C In:20.10 15:48:05,825|
5-client@SALLY.informatik.haw-hamburg.de-<0.38.0>-Gruppe1-2 76te_Nachricht. COut: 20.10 15:47:45,077| HBQ In: 20.10 15:47:45,077|DLQ In: 20.10 15:48:00,568|*******C In:20.10 15:48:05,872|
9-client@SALLY.informatik.haw-hamburg.de-<0.38.0>-Gruppe1-2 77te_Nachricht. COut: 20.10 15:47:45,140| HBQ In: 20.10 15:47:45,140|DLQ In: 20.10 15:48:00,568|C In:20.10 15:48:05,919|
1-client@SALLY.informatik.haw-hamburg.de-<0.38.0>-Gruppe1-2 78te_Nachricht. COut: 20.10 15:47:45,155| HBQ In: 20.10 15:47:45,171|DLQ In: 20.10 15:48:00,568|C In:20.10 15:48:05,950|
10-client@SALLY.informatik.haw-hamburg.de-<0.38.0>-Gruppe1-2 79te_Nachricht. COut: 20.10 15:47:45,155| HBQ In: 20.10 15:47:45,155|DLQ In: 20.10 15:48:00,568|C In:20.10 15:48:05,997|
2-client@SALLY.informatik.haw-hamburg.de-<0.38.0>-Gruppe1-2 80te_Nachricht. COut: 20.10 15:47:45,171| HBQ In: 20.10 15:47:45,171|DLQ In: 20.10 15:48:00,568|C In:20.10 15:48:06,044|
3-client@SALLY.informatik.haw-hamburg.de-<0.38.0>-Gruppe1-2 81te_Nachricht. COut: 20.10 15:47:45,062| HBQ In: 20.10 15:47:45,062|DLQ In: 20.10 15:48:00,568|C In:20.10 15:48:06,091|
6-client@SALLY.informatik.haw-hamburg.de-<0.38.0>-Gruppe1-2 82te_Nachricht. COut: 20.10 15:47:45,108| HBQ In: 20.10 15:47:45,108|DLQ In: 20.10 15:48:00,568|C In:20.10 15:48:06,122|
7-client@SALLY.informatik.haw-hamburg.de-<0.38.0>-Gruppe1-2 83te_Nachricht. COut: 20.10 15:47:45,124| HBQ In: 20.10 15:47:45,124|DLQ In: 20.10 15:48:00,568|C In:20.10 15:48:06,169|
8-client@SALLY.informatik.haw-hamburg.de-<0.38.0>-Gruppe1-2 84te_Nachricht. COut: 20.10 15:47:45,140| HBQ In: 20.10 15:47:45,140|DLQ In: 20.10 15:48:00,568|C In:20.10 15:48:06,200|
3-client@SALLY.informatik.haw-hamburg.de-<0.38.0>-Gruppe1-2 85te_Nachricht. COut: 20.10 15:47:49,071| HBQ In: 20.10 15:47:49,071|DLQ In: 20.10 15:48:00,568|C In:20.10 15:48:06,247|
4-client@SALLY.informatik.haw-hamburg.de-<0.38.0>-Gruppe1-2 86te_Nachricht. COut: 20.10 15:47:51,068| HBQ In: 20.10 15:47:51,068|DLQ In: 20.10 15:48:00,568|C In:20.10 15:48:06,293|
5-client@SALLY.informatik.haw-hamburg.de-<0.38.0>-Gruppe1-2 87te_Nachricht. COut: 20.10 15:47:51,083| HBQ In: 20.10 15:47:51,083|DLQ In: 20.10 15:48:00,568|*******C In:20.10 15:48:06,325|
6-client@SALLY.informatik.haw-hamburg.de-<0.38.0>-Gruppe1-2 88te_Nachricht. COut: 20.10 15:47:49,117| HBQ In: 20.10 15:47:49,117|DLQ In: 20.10 15:48:00,568|C In:20.10 15:48:06,371|
7-client@SALLY.informatik.haw-hamburg.de-<0.38.0>-Gruppe1-2 89te_Nachricht. COut: 20.10 15:47:49,133| HBQ In: 20.10 15:47:49,133|DLQ In: 20.10 15:48:00,568|C In:20.10 15:48:06,418|
8-client@SALLY.informatik.haw-hamburg.de-<0.38.0>-Gruppe1-2 90te_Nachricht. COut: 20.10 15:47:49,149| HBQ In: 20.10 15:47:49,149|DLQ In: 20.10 15:48:00,568|C In:20.10 15:48:06,465|
9-client@SALLY.informatik.haw-hamburg.de-<0.38.0>-Gruppe1-2 91te_Nachricht. COut: 20.10 15:47:51,145| HBQ In: 20.10 15:47:51,145|DLQ In: 20.10 15:48:00,568|C In:20.10 15:48:06,496|
10-client@SALLY.informatik.haw-hamburg.de-<0.38.0>-Gruppe1-2 92te_Nachricht. COut: 20.10 15:47:51,161| HBQ In: 20.10 15:47:51,161|DLQ In: 20.10 15:48:00,568|C In:20.10 15:48:06,543|
1-client@SALLY.informatik.haw-hamburg.de-<0.38.0>-Gruppe1-2 93te_Nachricht. COut: 20.10 15:47:51,161| HBQ In: 20.10 15:47:51,161|DLQ In: 20.10 15:48:00,568|C In:20.10 15:48:06,590|
2-client@SALLY.informatik.haw-hamburg.de-<0.38.0>-Gruppe1-2 94te_Nachricht. COut: 20.10 15:47:51,177| HBQ In: 20.10 15:47:51,177|DLQ In: 20.10 15:48:00,568|C In:20.10 15:48:06,652|
3-client@SALLY.informatik.haw-hamburg.de-<0.38.0>-Gruppe1-2 95te_Nachricht. COut: 20.10 15:47:53,080| HBQ In: 20.10 15:47:53,080|DLQ In: 20.10 15:48:00,568|C In:20.10 15:48:06,699|
6-client@SALLY.informatik.haw-hamburg.de-<0.38.0>-Gruppe1-2 96te_Nachricht. COut: 20.10 15:47:53,127| HBQ In: 20.10 15:47:53,157|DLQ In: 20.10 15:48:00,568|C In:20.10 15:48:06,746|
7-client@SALLY.informatik.haw-hamburg.de-<0.38.0>-Gruppe1-2 97te_Nachricht. COut: 20.10 15:47:53,143| HBQ In: 20.10 15:47:53,173|DLQ In: 20.10 15:48:00,568|C In:20.10 15:48:06,824|
8-client@SALLY.informatik.haw-hamburg.de-<0.38.0>-Gruppe1-2 98te_Nachricht. COut: 20.10 15:47:53,157| HBQ In: 20.10 15:47:53,189|DLQ In: 20.10 15:48:00,568|C In:20.10 15:48:06,871|
4-client@SALLY.informatik.haw-hamburg.de-<0.38.0>-Gruppe1-2 99te_Nachricht. COut: 20.10 15:47:57,074| HBQ In: 20.10 15:47:57,074|DLQ In: 20.10 15:48:00,568|C In:20.10 15:48:06,933|
5-client@SALLY.informatik.haw-hamburg.de-<0.38.0>-Gruppe1-2 100te_Nachricht. COut: 20.10 15:47:57,089| HBQ In: 20.10 15:47:57,089|DLQ In: 20.10 15:48:00,568|*******C In:20.10 15:48:06,995|
9-client@SALLY.informatik.haw-hamburg.de-<0.38.0>-Gruppe1-2 101te_Nachricht. COut: 20.10 15:47:57,151| HBQ In: 20.10 15:47:57,151|DLQ In: 20.10 15:48:00,568|C In:20.10 15:48:07,042|
1-client@SALLY.informatik.haw-hamburg.de-<0.38.0>-Gruppe1-2 102te_Nachricht. COut: 20.10 15:47:57,167| HBQ In: 20.10 15:47:57,167|DLQ In: 20.10 15:48:00,568|C In:20.10 15:48:07,073|
10-client@SALLY.informatik.haw-hamburg.de-<0.38.0>-Gruppe1-2 103te_Nachricht. COut: 20.10 15:47:57,167| HBQ In: 20.10 15:47:57,167|DLQ In: 20.10 15:48:00,568|C In:20.10 15:48:07,120|
2-client@SALLY.informatik.haw-hamburg.de-<0.38.0>-Gruppe1-2 104te_Nachricht. COut: 20.10 15:47:57,183| HBQ In: 20.10 15:47:57,183|DLQ In: 20.10 15:48:00,568|C In:20.10 15:48:07,151|
..getmessages..Done..
Neuer Sendeintervall: 7 Sekunden (6)
5-client@SALLY.informatik.haw-hamburg.de-<0.38.0>-Gruppe1-2: 142te_Nachricht. C Out: 20.10 15:48:14,155| gesendet
5-client@SALLY.informatik.haw-hamburg.de-<0.38.0>-Gruppe1-2: 159te_Nachricht. C Out: 20.10 15:48:21,159| gesendet
5-client@SALLY.informatik.haw-hamburg.de-<0.38.0>-Gruppe1-2: 179te_Nachricht. C Out: 20.10 15:48:28,165| gesendet
5-client@SALLY.informatik.haw-hamburg.de-<0.38.0>-Gruppe1-2: 198te_Nachricht. C Out: 20.10 15:48:35,169| gesendet
5-client@SALLY.informatik.haw-hamburg.de-<0.38.0>-Gruppe1-2: 218te_Nachricht. C Out: 20.10 15:48:42,173| gesendet
231te Nachricht um 20.10 15:48:42,189| vergessen zu senden
7-client@SALLY.informatik.haw-hamburg.de-<0.38.0>-Gruppe1-2 73te_Nachricht. COut: 20.10 15:47:41,115| HBQ In: 20.10 15:47:41,115|DLQ In: 20.10 15:48:00,568|C In:20.10 15:48:42,205|
8-client@SALLY.informatik.haw-hamburg.de-<0.38.0>-Gruppe1-2 74te_Nachricht. COut: 20.10 15:47:41,129| HBQ In: 20.10 15:47:41,129|DLQ In: 20.10 15:48:00,568|C In:20.10 15:48:42,220|
4-client@SALLY.informatik.haw-hamburg.de-<0.38.0>-Gruppe1-2 75te_Nachricht. COut: 20.10 15:47:45,062| HBQ In: 20.10 15:47:45,062|DLQ In: 20.10 15:48:00,568|C In:20.10 15:48:42,236|
5-client@SALLY.informatik.haw-hamburg.de-<0.38.0>-Gruppe1-2 76te_Nachricht. COut: 20.10 15:47:45,077| HBQ In: 20.10 15:47:45,077|DLQ In: 20.10 15:48:00,568|C In:20.10 15:48:42,236|
9-client@SALLY.informatik.haw-hamburg.de-<0.38.0>-Gruppe1-2 77te_Nachricht. COut: 20.10 15:47:45,140| HBQ In: 20.10 15:47:45,140|DLQ In: 20.10 15:48:00,568|C In:20.10 15:48:42,252|
1-client@SALLY.informatik.haw-hamburg.de-<0.38.0>-Gruppe1-2 78te_Nachricht. COut: 20.10 15:47:45,155| HBQ In: 20.10 15:47:45,171|DLQ In: 20.10 15:48:00,568|C In:20.10 15:48:42,267|
10-client@SALLY.informatik.haw-hamburg.de-<0.38.0>-Gruppe1-2 79te_Nachricht. COut: 20.10 15:47:45,155| HBQ In: 20.10 15:47:45,155|DLQ In: 20.10 15:48:00,568|C In:20.10 15:48:42,283|
2-client@SALLY.informatik.haw-hamburg.de-<0.38.0>-Gruppe1-2 80te_Nachricht. COut: 20.10 15:47:45,171| HBQ In: 20.10 15:47:45,171|DLQ In: 20.10 15:48:00,568|C In:20.10 15:48:42,298|
3-client@SALLY.informatik.haw-hamburg.de-<0.38.0>-Gruppe1-2 81te_Nachricht. COut: 20.10 15:47:45,062| HBQ In: 20.10 15:47:45,062|DLQ In: 20.10 15:48:00,568|C In:20.10 15:48:42,314|
6-client@SALLY.informatik.haw-hamburg.de-<0.38.0>-Gruppe1-2 82te_Nachricht. COut: 20.10 15:47:45,108| HBQ In: 20.10 15:47:45,108|DLQ In: 20.10 15:48:00,568|C In:20.10 15:48:42,330|
7-client@SALLY.informatik.haw-hamburg.de-<0.38.0>-Gruppe1-2 83te_Nachricht. COut: 20.10 15:47:45,124| HBQ In: 20.10 15:47:45,124|DLQ In: 20.10 15:48:00,568|C In:20.10 15:48:42,361|
8-client@SALLY.informatik.haw-hamburg.de-<0.38.0>-Gruppe1-2 84te_Nachricht. COut: 20.10 15:47:45,140| HBQ In: 20.10 15:47:45,140|DLQ In: 20.10 15:48:00,568|C In:20.10 15:48:42,376|
3-client@SALLY.informatik.haw-hamburg.de-<0.38.0>-Gruppe1-2 85te_Nachricht. COut: 20.10 15:47:49,071| HBQ In: 20.10 15:47:49,071|DLQ In: 20.10 15:48:00,568|C In:20.10 15:48:42,408|
4-client@SALLY.informatik.haw-hamburg.de-<0.38.0>-Gruppe1-2 86te_Nachricht. COut: 20.10 15:47:51,068| HBQ In: 20.10 15:47:51,068|DLQ In: 20.10 15:48:00,568|C In:20.10 15:48:42,423|
5-client@SALLY.informatik.haw-hamburg.de-<0.38.0>-Gruppe1-2 87te_Nachricht. COut: 20.10 15:47:51,083| HBQ In: 20.10 15:47:51,083|DLQ In: 20.10 15:48:00,568|C In:20.10 15:48:42,439|
6-client@SALLY.informatik.haw-hamburg.de-<0.38.0>-Gruppe1-2 88te_Nachricht. COut: 20.10 15:47:49,117| HBQ In: 20.10 15:47:49,117|DLQ In: 20.10 15:48:00,568|C In:20.10 15:48:42,470|
7-client@SALLY.informatik.haw-hamburg.de-<0.38.0>-Gruppe1-2 89te_Nachricht. COut: 20.10 15:47:49,133| HBQ In: 20.10 15:47:49,133|DLQ In: 20.10 15:48:00,568|C In:20.10 15:48:42,486|
8-client@SALLY.informatik.haw-hamburg.de-<0.38.0>-Gruppe1-2 90te_Nachricht. COut: 20.10 15:47:49,149| HBQ In: 20.10 15:47:49,149|DLQ In: 20.10 15:48:00,568|C In:20.10 15:48:42,532|
9-client@SALLY.informatik.haw-hamburg.de-<0.38.0>-Gruppe1-2 91te_Nachricht. COut: 20.10 15:47:51,145| HBQ In: 20.10 15:47:51,145|DLQ In: 20.10 15:48:00,568|C In:20.10 15:48:42,548|
10-client@SALLY.informatik.haw-hamburg.de-<0.38.0>-Gruppe1-2 92te_Nachricht. COut: 20.10 15:47:51,161| HBQ In: 20.10 15:47:51,161|DLQ In: 20.10 15:48:00,568|C In:20.10 15:48:42,564|
1-client@SALLY.informatik.haw-hamburg.de-<0.38.0>-Gruppe1-2 93te_Nachricht. COut: 20.10 15:47:51,161| HBQ In: 20.10 15:47:51,161|DLQ In: 20.10 15:48:00,568|C In:20.10 15:48:42,595|
2-client@SALLY.informatik.haw-hamburg.de-<0.38.0>-Gruppe1-2 94te_Nachricht. COut: 20.10 15:47:51,177| HBQ In: 20.10 15:47:51,177|DLQ In: 20.10 15:48:00,568|C In:20.10 15:48:42,610|
3-client@SALLY.informatik.haw-hamburg.de-<0.38.0>-Gruppe1-2 95te_Nachricht. COut: 20.10 15:47:53,080| HBQ In: 20.10 15:47:53,080|DLQ In: 20.10 15:48:00,568|C In:20.10 15:48:42,626|
6-client@SALLY.informatik.haw-hamburg.de-<0.38.0>-Gruppe1-2 96te_Nachricht. COut: 20.10 15:47:53,127| HBQ In: 20.10 15:47:53,157|DLQ In: 20.10 15:48:00,568|C In:20.10 15:48:42,657|
7-client@SALLY.informatik.haw-hamburg.de-<0.38.0>-Gruppe1-2 97te_Nachricht. COut: 20.10 15:47:53,143| HBQ In: 20.10 15:47:53,173|DLQ In: 20.10 15:48:00,568|C In:20.10 15:48:42,673|
8-client@SALLY.informatik.haw-hamburg.de-<0.38.0>-Gruppe1-2 98te_Nachricht. COut: 20.10 15:47:53,157| HBQ In: 20.10 15:47:53,189|DLQ In: 20.10 15:48:00,568|C In:20.10 15:48:42,688|
4-client@SALLY.informatik.haw-hamburg.de-<0.38.0>-Gruppe1-2 99te_Nachricht. COut: 20.10 15:47:57,074| HBQ In: 20.10 15:47:57,074|DLQ In: 20.10 15:48:00,568|C In:20.10 15:48:42,720|
5-client@SALLY.informatik.haw-hamburg.de-<0.38.0>-Gruppe1-2 100te_Nachricht. COut: 20.10 15:47:57,089| HBQ In: 20.10 15:47:57,089|DLQ In: 20.10 15:48:00,568|C In:20.10 15:48:42,735|
9-client@SALLY.informatik.haw-hamburg.de-<0.38.0>-Gruppe1-2 101te_Nachricht. COut: 20.10 15:47:57,151| HBQ In: 20.10 15:47:57,151|DLQ In: 20.10 15:48:00,568|C In:20.10 15:48:42,766|
1-client@SALLY.informatik.haw-hamburg.de-<0.38.0>-Gruppe1-2 102te_Nachricht. COut: 20.10 15:47:57,167| HBQ In: 20.10 15:47:57,167|DLQ In: 20.10 15:48:00,568|C In:20.10 15:48:42,798|
10-client@SALLY.informatik.haw-hamburg.de-<0.38.0>-Gruppe1-2 103te_Nachricht. COut: 20.10 15:47:57,167| HBQ In: 20.10 15:47:57,167|DLQ In: 20.10 15:48:00,568|C In:20.10 15:48:42,813|
2-client@SALLY.informatik.haw-hamburg.de-<0.38.0>-Gruppe1-2 104te_Nachricht. COut: 20.10 15:47:57,183| HBQ In: 20.10 15:47:57,183|DLQ In: 20.10 15:48:00,568|C In:20.10 15:48:42,829|
***Fehlernachricht fuer Nachrichten 105 bis 108 um 20.10 15:48:21,160| 108te_Nachricht. COut:  HBQ In: DLQ In: 20.10 15:48:21,160|C In:20.10 15:48:42,860|
3-client@SALLY.informatik.haw-hamburg.de-<0.38.0>-Gruppe1-2 109te_Nachricht. COut: 20.10 15:47:57,511| HBQ In: 20.10 15:47:57,511|DLQ In: 20.10 15:48:21,160|C In:20.10 15:48:42,876|
6-client@SALLY.informatik.haw-hamburg.de-<0.38.0>-Gruppe1-2 110te_Nachricht. COut: 20.10 15:47:57,542| HBQ In: 20.10 15:47:57,542|DLQ In: 20.10 15:48:21,160|C In:20.10 15:48:42,907|
7-client@SALLY.informatik.haw-hamburg.de-<0.38.0>-Gruppe1-2 111te_Nachricht. COut: 20.10 15:47:57,556| HBQ In: 20.10 15:47:57,556|DLQ In: 20.10 15:48:21,160|C In:20.10 15:48:42,922|
8-client@SALLY.informatik.haw-hamburg.de-<0.38.0>-Gruppe1-2 112te_Nachricht. COut: 20.10 15:47:57,573| HBQ In: 20.10 15:47:57,573|DLQ In: 20.10 15:48:21,160|C In:20.10 15:48:42,954|
4-client@SALLY.informatik.haw-hamburg.de-<0.38.0>-Gruppe1-2 113te_Nachricht. COut: 20.10 15:48:03,080| HBQ In: 20.10 15:48:03,080|DLQ In: 20.10 15:48:21,160|C In:20.10 15:48:42,969|
5-client@SALLY.informatik.haw-hamburg.de-<0.38.0>-Gruppe1-2 114te_Nachricht. COut: 20.10 15:48:03,095| HBQ In: 20.10 15:48:03,127|DLQ In: 20.10 15:48:21,175|C In:20.10 15:48:42,985|
9-client@SALLY.informatik.haw-hamburg.de-<0.38.0>-Gruppe1-2 115te_Nachricht. COut: 20.10 15:48:03,157| HBQ In: 20.10 15:48:03,173|DLQ In: 20.10 15:48:21,176|C In:20.10 15:48:43,016|
10-client@SALLY.informatik.haw-hamburg.de-<0.38.0>-Gruppe1-2 116te_Nachricht. COut: 20.10 15:48:03,173| HBQ In: 20.10 15:48:03,205|DLQ In: 20.10 15:48:21,176|C In:20.10 15:48:43,032|
1-client@SALLY.informatik.haw-hamburg.de-<0.38.0>-Gruppe1-2 117te_Nachricht. COut: 20.10 15:48:03,173| HBQ In: 20.10 15:48:03,205|DLQ In: 20.10 15:48:21,191|C In:20.10 15:48:43,047|
2-client@SALLY.informatik.haw-hamburg.de-<0.38.0>-Gruppe1-2 118te_Nachricht. COut: 20.10 15:48:03,189| HBQ In: 20.10 15:48:03,220|DLQ In: 20.10 15:48:21,192|C In:20.10 15:48:43,078|
3-client@SALLY.informatik.haw-hamburg.de-<0.38.0>-Gruppe1-2 119te_Nachricht. COut: 20.10 15:48:00,520| HBQ In: 20.10 15:48:00,520|DLQ In: 20.10 15:48:21,192|C In:20.10 15:48:43,094|
6-client@SALLY.informatik.haw-hamburg.de-<0.38.0>-Gruppe1-2 120te_Nachricht. COut: 20.10 15:48:00,552| HBQ In: 20.10 15:48:00,552|DLQ In: 20.10 15:48:21,207|C In:20.10 15:48:43,125|
7-client@SALLY.informatik.haw-hamburg.de-<0.38.0>-Gruppe1-2 121te_Nachricht. COut: 20.10 15:48:00,568| HBQ In: 20.10 15:48:00,568|DLQ In: 20.10 15:48:21,207|C In:20.10 15:48:43,156|
8-client@SALLY.informatik.haw-hamburg.de-<0.38.0>-Gruppe1-2 122te_Nachricht. COut: 20.10 15:48:00,584| HBQ In: 20.10 15:48:00,584|DLQ In: 20.10 15:48:21,207|C In:20.10 15:48:43,172|
3-client@SALLY.informatik.haw-hamburg.de-<0.38.0>-Gruppe1-2 123te_Nachricht. COut: 20.10 15:48:03,532| HBQ In: 20.10 15:48:03,579|DLQ In: 20.10 15:48:21,223|C In:20.10 15:48:43,203|
6-client@SALLY.informatik.haw-hamburg.de-<0.38.0>-Gruppe1-2 124te_Nachricht. COut: 20.10 15:48:03,562| HBQ In: 20.10 15:48:03,625|DLQ In: 20.10 15:48:21,223|C In:20.10 15:48:43,219|
7-client@SALLY.informatik.haw-hamburg.de-<0.38.0>-Gruppe1-2 125te_Nachricht. COut: 20.10 15:48:03,579| HBQ In: 20.10 15:48:03,641|DLQ In: 20.10 15:48:21,238|C In:20.10 15:48:43,250|
8-client@SALLY.informatik.haw-hamburg.de-<0.38.0>-Gruppe1-2 126te_Nachricht. COut: 20.10 15:48:03,595| HBQ In: 20.10 15:48:03,657|DLQ In: 20.10 15:48:21,238|C In:20.10 15:48:43,266|
***Fehlernachricht fuer Nachrichten 127 bis 132 um 20.10 15:48:28,305| 132te_Nachricht. COut:  HBQ In: DLQ In: 20.10 15:48:28,305|C In:20.10 15:48:43,281|
3-client@SALLY.informatik.haw-hamburg.de-<0.38.0>-Gruppe1-2 133te_Nachricht. COut: 20.10 15:48:06,543| HBQ In: 20.10 15:48:06,589|DLQ In: 20.10 15:48:28,305|C In:20.10 15:48:43,312|
6-client@SALLY.informatik.haw-hamburg.de-<0.38.0>-Gruppe1-2 134te_Nachricht. COut: 20.10 15:48:06,573| HBQ In: 20.10 15:48:06,637|DLQ In: 20.10 15:48:28,321|C In:20.10 15:48:43,328|
7-client@SALLY.informatik.haw-hamburg.de-<0.38.0>-Gruppe1-2 135te_Nachricht. COut: 20.10 15:48:06,589| HBQ In: 20.10 15:48:06,652|DLQ In: 20.10 15:48:28,321|C In:20.10 15:48:43,359|
8-client@SALLY.informatik.haw-hamburg.de-<0.38.0>-Gruppe1-2 136te_Nachricht. COut: 20.10 15:48:06,605| HBQ In: 20.10 15:48:06,668|DLQ In: 20.10 15:48:28,336|C In:20.10 15:48:43,375|
3-client@SALLY.informatik.haw-hamburg.de-<0.38.0>-Gruppe1-2 137te_Nachricht. COut: 20.10 15:48:09,554| HBQ In: 20.10 15:48:09,554|DLQ In: 20.10 15:48:28,336|C In:20.10 15:48:43,390|
6-client@SALLY.informatik.haw-hamburg.de-<0.38.0>-Gruppe1-2 138te_Nachricht. COut: 20.10 15:48:09,585| HBQ In: 20.10 15:48:09,585|DLQ In: 20.10 15:48:28,336|C In:20.10 15:48:43,422|
7-client@SALLY.informatik.haw-hamburg.de-<0.38.0>-Gruppe1-2 139te_Nachricht. COut: 20.10 15:48:09,601| HBQ In: 20.10 15:48:09,616|DLQ In: 20.10 15:48:28,351|C In:20.10 15:48:43,437|
8-client@SALLY.informatik.haw-hamburg.de-<0.38.0>-Gruppe1-2 140te_Nachricht. COut: 20.10 15:48:09,616| HBQ In: 20.10 15:48:09,632|DLQ In: 20.10 15:48:28,352|C In:20.10 15:48:43,468|
4-client@SALLY.informatik.haw-hamburg.de-<0.38.0>-Gruppe1-2 141te_Nachricht. COut: 20.10 15:48:14,078| HBQ In: 20.10 15:48:14,078|DLQ In: 20.10 15:48:28,352|C In:20.10 15:48:43,500|
5-client@SALLY.informatik.haw-hamburg.de-<0.38.0>-Gruppe1-2 142te_Nachricht. COut: 20.10 15:48:14,155| HBQ In: 20.10 15:48:14,155|DLQ In: 20.10 15:48:28,367|*******C In:20.10 15:48:43,531|
9-client@SALLY.informatik.haw-hamburg.de-<0.38.0>-Gruppe1-2 143te_Nachricht. COut: 20.10 15:48:12,268| HBQ In: 20.10 15:48:12,314|DLQ In: 20.10 15:48:28,368|C In:20.10 15:48:43,546|
1-client@SALLY.informatik.haw-hamburg.de-<0.38.0>-Gruppe1-2 144te_Nachricht. COut: 20.10 15:48:12,284| HBQ In: 20.10 15:48:12,315|DLQ In: 20.10 15:48:28,368|C In:20.10 15:48:43,562|
10-client@SALLY.informatik.haw-hamburg.de-<0.38.0>-Gruppe1-2 145te_Nachricht. COut: 20.10 15:48:12,284| HBQ In: 20.10 15:48:12,315|DLQ In: 20.10 15:48:28,383|C In:20.10 15:48:43,593|
2-client@SALLY.informatik.haw-hamburg.de-<0.38.0>-Gruppe1-2 146te_Nachricht. COut: 20.10 15:48:14,296| HBQ In: 20.10 15:48:14,296|DLQ In: 20.10 15:48:28,383|C In:20.10 15:48:43,609|
***Fehlernachricht fuer Nachrichten 147 bis 150 um 20.10 15:48:34,530| 150te_Nachricht. COut:  HBQ In: DLQ In: 20.10 15:48:34,544|C In:20.10 15:48:43,624|
3-client@SALLY.informatik.haw-hamburg.de-<0.38.0>-Gruppe1-2 151te_Nachricht. COut: 20.10 15:48:16,153| HBQ In: 20.10 15:48:16,153|DLQ In: 20.10 15:48:34,545|C In:20.10 15:48:43,656|
9-client@SALLY.informatik.haw-hamburg.de-<0.38.0>-Gruppe1-2 152te_Nachricht. COut: 20.10 15:48:17,276| HBQ In: 20.10 15:48:17,276|DLQ In: 20.10 15:48:34,545|C In:20.10 15:48:43,687|
6-client@SALLY.informatik.haw-hamburg.de-<0.38.0>-Gruppe1-2 153te_Nachricht. COut: 20.10 15:48:14,281| HBQ In: 20.10 15:48:14,281|DLQ In: 20.10 15:48:34,560|C In:20.10 15:48:43,702|
10-client@SALLY.informatik.haw-hamburg.de-<0.38.0>-Gruppe1-2 154te_Nachricht. COut: 20.10 15:48:17,291| HBQ In: 20.10 15:48:17,291|DLQ In: 20.10 15:48:34,561|C In:20.10 15:48:43,734|
1-client@SALLY.informatik.haw-hamburg.de-<0.38.0>-Gruppe1-2 155te_Nachricht. COut: 20.10 15:48:17,290| HBQ In: 20.10 15:48:17,290|DLQ In: 20.10 15:48:34,561|C In:20.10 15:48:43,749|
7-client@SALLY.informatik.haw-hamburg.de-<0.38.0>-Gruppe1-2 156te_Nachricht. COut: 20.10 15:48:14,359| HBQ In: 20.10 15:48:14,359|DLQ In: 20.10 15:48:34,576|C In:20.10 15:48:43,765|
8-client@SALLY.informatik.haw-hamburg.de-<0.38.0>-Gruppe1-2 157te_Nachricht. COut: 20.10 15:48:14,359| HBQ In: 20.10 15:48:14,359|DLQ In: 20.10 15:48:34,576|C In:20.10 15:48:43,812|
4-client@SALLY.informatik.haw-hamburg.de-<0.38.0>-Gruppe1-2 158te_Nachricht. COut: 20.10 15:48:21,082| HBQ In: 20.10 15:48:21,082|DLQ In: 20.10 15:48:34,576|C In:20.10 15:48:43,827|
5-client@SALLY.informatik.haw-hamburg.de-<0.38.0>-Gruppe1-2 159te_Nachricht. COut: 20.10 15:48:21,159| HBQ In: 20.10 15:48:21,159|DLQ In: 20.10 15:48:34,592|*******C In:20.10 15:48:43,858|
6-client@SALLY.informatik.haw-hamburg.de-<0.38.0>-Gruppe1-2 160te_Nachricht. COut: 20.10 15:48:16,292| HBQ In: 20.10 15:48:16,292|DLQ In: 20.10 15:48:34,592|C In:20.10 15:48:43,890|
2-client@SALLY.informatik.haw-hamburg.de-<0.38.0>-Gruppe1-2 161te_Nachricht. COut: 20.10 15:48:21,300| HBQ In: 20.10 15:48:21,300|DLQ In: 20.10 15:48:34,608|C In:20.10 15:48:43,921|
8-client@SALLY.informatik.haw-hamburg.de-<0.38.0>-Gruppe1-2 162te_Nachricht. COut: 20.10 15:48:16,371| HBQ In: 20.10 15:48:16,371|DLQ In: 20.10 15:48:34,608|C In:20.10 15:48:43,936|
7-client@SALLY.informatik.haw-hamburg.de-<0.38.0>-Gruppe1-2 163te_Nachricht. COut: 20.10 15:48:16,371| HBQ In: 20.10 15:48:16,371|DLQ In: 20.10 15:48:34,608|C In:20.10 15:48:43,968|
3-client@SALLY.informatik.haw-hamburg.de-<0.38.0>-Gruppe1-2 164te_Nachricht. COut: 20.10 15:48:20,161| HBQ In: 20.10 15:48:20,161|DLQ In: 20.10 15:48:34,623|C In:20.10 15:48:43,999|
6-client@SALLY.informatik.haw-hamburg.de-<0.38.0>-Gruppe1-2 165te_Nachricht. COut: 20.10 15:48:18,304| HBQ In: 20.10 15:48:18,304|DLQ In: 20.10 15:48:34,623|C In:20.10 15:48:44,014|
7-client@SALLY.informatik.haw-hamburg.de-<0.38.0>-Gruppe1-2 166te_Nachricht. COut: 20.10 15:48:18,383| HBQ In: 20.10 15:48:18,383|DLQ In: 20.10 15:48:34,623|C In:20.10 15:48:44,046|
8-client@SALLY.informatik.haw-hamburg.de-<0.38.0>-Gruppe1-2 167te_Nachricht. COut: 20.10 15:48:18,383| HBQ In: 20.10 15:48:18,383|DLQ In: 20.10 15:48:34,639|C In:20.10 15:48:44,061|
9-client@SALLY.informatik.haw-hamburg.de-<0.38.0>-Gruppe1-2 168te_Nachricht. COut: 20.10 15:48:22,284| HBQ In: 20.10 15:48:22,284|DLQ In: 20.10 15:48:34,639|C In:20.10 15:48:44,108|
1-client@SALLY.informatik.haw-hamburg.de-<0.38.0>-Gruppe1-2 169te_Nachricht. COut: 20.10 15:48:22,299| HBQ In: 20.10 15:48:22,299|DLQ In: 20.10 15:48:34,653|C In:20.10 15:48:44,124|
10-client@SALLY.informatik.haw-hamburg.de-<0.38.0>-Gruppe1-2 170te_Nachricht. COut: 20.10 15:48:22,298| HBQ In: 20.10 15:48:22,298|DLQ In: 20.10 15:48:34,654|C In:20.10 15:48:44,139|
6-client@SALLY.informatik.haw-hamburg.de-<0.38.0>-Gruppe1-2 171te_Nachricht. COut: 20.10 15:48:20,318| HBQ In: 20.10 15:48:20,318|DLQ In: 20.10 15:48:34,654|C In:20.10 15:48:44,170|
8-client@SALLY.informatik.haw-hamburg.de-<0.38.0>-Gruppe1-2 172te_Nachricht. COut: 20.10 15:48:20,396| HBQ In: 20.10 15:48:20,396|DLQ In: 20.10 15:48:34,669|C In:20.10 15:48:44,186|
7-client@SALLY.informatik.haw-hamburg.de-<0.38.0>-Gruppe1-2 173te_Nachricht. COut: 20.10 15:48:20,395| HBQ In: 20.10 15:48:20,395|DLQ In: 20.10 15:48:34,670|C In:20.10 15:48:44,202|
3-client@SALLY.informatik.haw-hamburg.de-<0.38.0>-Gruppe1-2 174te_Nachricht. COut: 20.10 15:48:24,171| HBQ In: 20.10 15:48:24,202|DLQ In: 20.10 15:48:34,670|C In:20.10 15:48:44,233|
6-client@SALLY.informatik.haw-hamburg.de-<0.38.0>-Gruppe1-2 175te_Nachricht. COut: 20.10 15:48:22,330| HBQ In: 20.10 15:48:22,330|DLQ In: 20.10 15:48:34,685|C In:20.10 15:48:44,248|
7-client@SALLY.informatik.haw-hamburg.de-<0.38.0>-Gruppe1-2 176te_Nachricht. COut: 20.10 15:48:22,408| HBQ In: 20.10 15:48:22,424|DLQ In: 20.10 15:48:34,686|C In:20.10 15:48:44,264|
8-client@SALLY.informatik.haw-hamburg.de-<0.38.0>-Gruppe1-2 177te_Nachricht. COut: 20.10 15:48:22,407| HBQ In: 20.10 15:48:22,423|DLQ In: 20.10 15:48:34,686|C In:20.10 15:48:44,280|
4-client@SALLY.informatik.haw-hamburg.de-<0.38.0>-Gruppe1-2 178te_Nachricht. COut: 20.10 15:48:28,087| HBQ In: 20.10 15:48:28,087|DLQ In: 20.10 15:48:34,701|C In:20.10 15:48:44,295|
5-client@SALLY.informatik.haw-hamburg.de-<0.38.0>-Gruppe1-2 179te_Nachricht. COut: 20.10 15:48:28,165| HBQ In: 20.10 15:48:28,165|DLQ In: 20.10 15:48:34,701|*******C In:20.10 15:48:44,311|
2-client@SALLY.informatik.haw-hamburg.de-<0.38.0>-Gruppe1-2 180te_Nachricht. COut: 20.10 15:48:28,304| HBQ In: 20.10 15:48:28,304|DLQ In: 20.10 15:48:34,717|C In:20.10 15:48:44,326|
9-client@SALLY.informatik.haw-hamburg.de-<0.38.0>-Gruppe1-2 181te_Nachricht. COut: 20.10 15:48:27,290| HBQ In: 20.10 15:48:27,290|DLQ In: 20.10 15:48:34,717|C In:20.10 15:48:44,342|
10-client@SALLY.informatik.haw-hamburg.de-<0.38.0>-Gruppe1-2 182te_Nachricht. COut: 20.10 15:48:27,307| HBQ In: 20.10 15:48:27,307|DLQ In: 20.10 15:48:34,717|C In:20.10 15:48:44,342|
1-client@SALLY.informatik.haw-hamburg.de-<0.38.0>-Gruppe1-2 183te_Nachricht. COut: 20.10 15:48:27,306| HBQ In: 20.10 15:48:27,306|DLQ In: 20.10 15:48:34,732|C In:20.10 15:48:44,358|
..getmessages..Done..
Neuer Sendeintervall: 8 Sekunden (7)
5-client@SALLY.informatik.haw-hamburg.de-<0.38.0>-Gruppe1-2: 239te_Nachricht. C Out: 20.10 15:48:52,375| gesendet
5-client@SALLY.informatik.haw-hamburg.de-<0.38.0>-Gruppe1-2: 260te_Nachricht. C Out: 20.10 15:49:00,379| gesendet
