Name chef erfolgreich registriert
Starter <7270.38.0> Angemeldet
GGT-Prozess 3251 Angemeldet
GGT-Prozess 3231 Angemeldet
GGT-Prozess 3261 Angemeldet
GGT-Prozess 3221 Angemeldet
GGT-Prozess 3211 Angemeldet
GGT-Prozess 3241 Angemeldet
Name chef erfolgreich registriert
Starter <7270.38.0> Angemeldet
GGT-Prozess 3231 Angemeldet
GGT-Prozess 3261 Angemeldet
GGT-Prozess 3251 Angemeldet
GGT-Prozess 3211 Angemeldet
GGT-Prozess 3241 Angemeldet
GGT-Prozess 3221 Angemeldet
Wechsle in Arbeitsphase
Name chef erfolgreich registriert
Starter <7270.38.0> Angemeldet
GGT-Prozess 3211 Angemeldet
GGT-Prozess 3261 Angemeldet
GGT-Prozess 3241 Angemeldet
GGT-Prozess 3251 Angemeldet
GGT-Prozess 3221 Angemeldet
GGT-Prozess 3231 Angemeldet
Wechsle in Arbeitsphase
Name chef erfolgreich registriert
Starter <7270.38.0> Angemeldet
GGT-Prozess 3211 Angemeldet
GGT-Prozess 3261 Angemeldet
GGT-Prozess 3221 Angemeldet
GGT-Prozess 3231 Angemeldet
GGT-Prozess 3251 Angemeldet
Name chef erfolgreich registriert
Starter <7270.40.0> Angemeldet
GGT-Prozess 3241 Angemeldet
GGT-Prozess 3261 Angemeldet
GGT-Prozess 3211 Angemeldet
GGT-Prozess 3221 Angemeldet
GGT-Prozess 3251 Angemeldet
GGT-Prozess 3231 Angemeldet
Name chef erfolgreich registriert
Starter <7270.38.0> Angemeldet
GGT-Prozess 3261 Angemeldet
GGT-Prozess 3231 Angemeldet
GGT-Prozess 3251 Angemeldet
GGT-Prozess 3221 Angemeldet
GGT-Prozess 3241 Angemeldet
GGT-Prozess 3211 Angemeldet
Wechsle in Arbeitsphase
Name chef erfolgreich registriert
Starter <7270.38.0> Angemeldet
GGT-Prozess 3261 Angemeldet
GGT-Prozess 3241 Angemeldet
GGT-Prozess 3211 Angemeldet
GGT-Prozess 3231 Angemeldet
GGT-Prozess 3221 Angemeldet
GGT-Prozess 3251 Angemeldet
Wechsle in Arbeitsphase
Name chef erfolgreich registriert
Starter <7270.38.0> Angemeldet
GGT-Prozess 3221 Angemeldet
GGT-Prozess 3231 Angemeldet
GGT-Prozess 3261 Angemeldet
GGT-Prozess 3241 Angemeldet
GGT-Prozess 3251 Angemeldet
GGT-Prozess 3211 Angemeldet
Wechsle in Arbeitsphase
Das korrekte Ergebnis -1wurde von 3241um 09.11 16:34:33,330|gefundenName chef erfolgreich registriert
Starter <7270.38.0> Angemeldet
GGT-Prozess 3251 Angemeldet
GGT-Prozess 3211 Angemeldet
GGT-Prozess 3221 Angemeldet
GGT-Prozess 3241 Angemeldet
GGT-Prozess 3231 Angemeldet
GGT-Prozess 3261 Angemeldet
Wechsle in Arbeitsphase
Das korrekte Ergebnis -1wurde von 3241um 09.11 16:39:46,015|gefundenName chef erfolgreich registriert
Starter <7270.38.0> Angemeldet
GGT-Prozess 3231 Angemeldet
GGT-Prozess 3251 Angemeldet
GGT-Prozess 3261 Angemeldet
GGT-Prozess 3241 Angemeldet
GGT-Prozess 3221 Angemeldet
GGT-Prozess 3211 Angemeldet
Name chef erfolgreich registriert
Starter <7270.40.0> Angemeldet
GGT-Prozess 3221 Angemeldet
GGT-Prozess 3231 Angemeldet
GGT-Prozess 3241 Angemeldet
GGT-Prozess 3261 Angemeldet
GGT-Prozess 3211 Angemeldet
GGT-Prozess 3251 Angemeldet
Wechsle in Arbeitsphase
Das korrekte Ergebnis -1wurde von 3261um 09.11 16:44:33,531|gefundenName chef erfolgreich registriert
Starter <7270.38.0> Angemeldet
GGT-Prozess 3251 Angemeldet
GGT-Prozess 3221 Angemeldet
GGT-Prozess 3231 Angemeldet
GGT-Prozess 3211 Angemeldet
GGT-Prozess 3261 Angemeldet
GGT-Prozess 3241 Angemeldet
Wechsle in Arbeitsphase
Das korrekte Ergebnis -1wurde von 3211um 09.11 16:47:21,598|gefundenStarte Berechnung mit Wunsch-GGT 10
Gesundheitszustand der ggT-Prozesse
