Name 3241 erfolgreich registriert
Name 3211 erfolgreich registriert
Name 3221 erfolgreich registriert
Name 3261 erfolgreich registriert
Name 3231 erfolgreich registriert
Name 3251 erfolgreich registriert
Name 3221 erfolgreich registriert
Name 3241 erfolgreich registriert
Name 3211 erfolgreich registriert
Name 3251 erfolgreich registriert
Name 3261 erfolgreich registriert
Name 3231 erfolgreich registriert
Name 3231 erfolgreich registriert
Name 3221 erfolgreich registriert
Name 3251 erfolgreich registriert
Name 3241 erfolgreich registriert
Name 3261 erfolgreich registriert
Name 3211 erfolgreich registriert
Name 3251 erfolgreich registriert
Name 3231 erfolgreich registriert
Name 3221 erfolgreich registriert
Name 3261 erfolgreich registriert
Name 3211 erfolgreich registriert
Name 3241 erfolgreich registriert
Name 3261 erfolgreich registriert
Name 3211 erfolgreich registriert
Name 3221 erfolgreich registriert
Name 3251 erfolgreich registriert
Name 3231 erfolgreich registriert
Name 3261 erfolgreich registriert
Name 3231 erfolgreich registriert
Name 3251 erfolgreich registriert
Name 3221 erfolgreich registriert
Name 3241 erfolgreich registriert
Name 3211 erfolgreich registriert
Name 3261 erfolgreich registriert
Name 3241 erfolgreich registriert
Name 3211 erfolgreich registriert
Name 3231 erfolgreich registriert
Name 3221 erfolgreich registriert
Name 3251 erfolgreich registriert
Name 3221 erfolgreich registriert
Name 3231 erfolgreich registriert
Name 3261 erfolgreich registriert
Name 3241 erfolgreich registriert
Name 3251 erfolgreich registriert
Name 3211 erfolgreich registriert
Name 3251 erfolgreich registriert
Name 3211 erfolgreich registriert
Name 3221 erfolgreich registriert
Name 3241 erfolgreich registriert
Name 3231 erfolgreich registriert
Name 3261 erfolgreich registriert
Name 3231 erfolgreich registriert
Name 3251 erfolgreich registriert
Name 3261 erfolgreich registriert
Name 3241 erfolgreich registriert
Name 3221 erfolgreich registriert
Name 3211 erfolgreich registriert
Name 3221 erfolgreich registriert
Name 3231 erfolgreich registriert
Name 3241 erfolgreich registriert
Name 3261 erfolgreich registriert
Name 3211 erfolgreich registriert
Name 3251 erfolgreich registriert
Name 3251 erfolgreich registriert
Name 3221 erfolgreich registriert
Name 3231 erfolgreich registriert
Name 3211 erfolgreich registriert
Name 3261 erfolgreich registriert
Name 3241 erfolgreich registriert
Name 3231 erfolgreich registriert
Name 3211 erfolgreich registriert
Name 3241 erfolgreich registriert
Name 3251 erfolgreich registriert
Name 3261 erfolgreich registriert
Name 3221 erfolgreich registriert
Name 3241 erfolgreich registriert
Name 3261 erfolgreich registriert
Name 3211 erfolgreich registriert
Name 3251 erfolgreich registriert
Name 3221 erfolgreich registriert
Name 3241 erfolgreich registriert
Name 3251 erfolgreich registriert
Name 3221 erfolgreich registriert
Name 3211 erfolgreich registriert
Name 3231 erfolgreich registriert
Name 3261 erfolgreich registriert
Name 3221 erfolgreich registriert
Name 3231 erfolgreich registriert
Name 3261 erfolgreich registriert
Name 3241 erfolgreich registriert
Name 3251 erfolgreich registriert
Name 3211 erfolgreich registriert
Name 3241 erfolgreich registriert
Name 3251 erfolgreich registriert
Name 3211 erfolgreich registriert
Name 3231 erfolgreich registriert
Name 3221 erfolgreich registriert
Name 3261 erfolgreich registriert
Name 3261 erfolgreich registriert
Name 3241 erfolgreich registriert
Name 3251 erfolgreich registriert
Name 3231 erfolgreich registriert
Name 3211 erfolgreich registriert
Name 3221 erfolgreich registriert
Name 3231 erfolgreich registriert
Name 3261 erfolgreich registriert
Name 3211 erfolgreich registriert
Name 3251 erfolgreich registriert
Name 3221 erfolgreich registriert
Name 3241 erfolgreich registriert
Name 3291 erfolgreich registriert
Name 3271 erfolgreich registriert
Name 32101 erfolgreich registriert
Name 3221 erfolgreich registriert
Name 3251 erfolgreich registriert
Name 3261 erfolgreich registriert
Name 3241 erfolgreich registriert
Name 3281 erfolgreich registriert
Name 3231 erfolgreich registriert
Name 3211 erfolgreich registriert
Name 32101 erfolgreich registriert
Name 3291 erfolgreich registriert
Name 3281 erfolgreich registriert
Name 3251 erfolgreich registriert
Name 3231 erfolgreich registriert
Name 3241 erfolgreich registriert
Name 3221 erfolgreich registriert
Name 3271 erfolgreich registriert
Name 3261 erfolgreich registriert
Name 3211 erfolgreich registriert
Name 3232 erfolgreich registriert
Name 3292 erfolgreich registriert
Name 3272 erfolgreich registriert
Name 3262 erfolgreich registriert
Name 3242 erfolgreich registriert
Name 3212 erfolgreich registriert
Name 3222 erfolgreich registriert
Name 3252 erfolgreich registriert
Name 32102 erfolgreich registriert
Name 3282 erfolgreich registriert
Name 3271 erfolgreich registriert
Name 3211 erfolgreich registriert
Name 3251 erfolgreich registriert
Name 3231 erfolgreich registriert
Name 3281 erfolgreich registriert
Name 3221 erfolgreich registriert
Name 3241 erfolgreich registriert
Name 3261 erfolgreich registriert
Name 3251 erfolgreich registriert
Name 3261 erfolgreich registriert
Name 3271 erfolgreich registriert
Name 3221 erfolgreich registriert
Name 3241 erfolgreich registriert
Name 3281 erfolgreich registriert
Name 3231 erfolgreich registriert
Name 3211 erfolgreich registriert
Name 3271 erfolgreich registriert
Name 3241 erfolgreich registriert
Name 3231 erfolgreich registriert
Name 3211 erfolgreich registriert
Name 3261 erfolgreich registriert
Name 3251 erfolgreich registriert
Name 3281 erfolgreich registriert
Name 3221 erfolgreich registriert
Name 3251 erfolgreich registriert
Name 3241 erfolgreich registriert
Name 3231 erfolgreich registriert
Name 3221 erfolgreich registriert
Name 3211 erfolgreich registriert
Name 3211 erfolgreich registriert
Name 3251 erfolgreich registriert
Name 3231 erfolgreich registriert
Name 3241 erfolgreich registriert
Name 3221 erfolgreich registriert
Name 3241 erfolgreich registriert
Name 3251 erfolgreich registriert
Name 3261 erfolgreich registriert
Name 3221 erfolgreich registriert
Name 3231 erfolgreich registriert
Name 3211 erfolgreich registriert
Name 3231 erfolgreich registriert
Name 3241 erfolgreich registriert
Name 3211 erfolgreich registriert
Name 3261 erfolgreich registriert
Name 3251 erfolgreich registriert
Name 3221 erfolgreich registriert
### linker Nachbar 3261 ich: 3211 rechter Nachbar 3221
### linker Nachbar 3211 ich: 3221 rechter Nachbar 3251
### linker Nachbar 3221 ich: 3251 rechter Nachbar 3231
### linker Nachbar 3251 ich: 3231 rechter Nachbar 3241
### linker Nachbar 3231 ich: 3241 rechter Nachbar 3261
### linker Nachbar 3241 ich: 3261 rechter Nachbar 3211
Name 3261 erfolgreich registriert
Name 3221 erfolgreich registriert
Name 3211 erfolgreich registriert
Name 3251 erfolgreich registriert
Name 3241 erfolgreich registriert
Name 3231 erfolgreich registriert
3211: linker Nachbar 3251 ich: 3211 rechter Nachbar 3231
3231: linker Nachbar 3211 ich: 3231 rechter Nachbar 3241
3241: linker Nachbar 3231 ich: 3241 rechter Nachbar 3261
3261: linker Nachbar 3241 ich: 3261 rechter Nachbar 3221
3221: linker Nachbar 3261 ich: 3221 rechter Nachbar 3251
3251: linker Nachbar 3221 ich: 3251 rechter Nachbar 3211
3231: Mi auf 195730 gesetzt
3241: Mi auf 372710250 gesetzt
3251: Mi auf 750 gesetzt
3211: Mi auf 7150 gesetzt
3221: Mi auf 842490 gesetzt
3261: Mi auf 321750 gesetzt
3231: Berechne Mi: 195730 Y: 24963510
3241: Berechne Mi: 372710250 Y: 2221377937350
3251: Starte Abstimmung
3211: Starte Abstimmung
3221: Starte Abstimmung
3211: Abstimmungsanfrage erhalten - nehme an
3261: Starte Abstimmung
3251: Abstimmungsanfrage erhalten - nehme an
3221: Abstimmungsanfrage erhalten - nehme an
3231: Abstimmungsanfrage erhalten - lehne ab
3211: Abstimmungsanfrage erhalten - lehne ab
3231: Abstimmungsanfrage erhalten - lehne ab
3251: Abstimmungsanfrage erhalten - lehne ab
3261: Starte Abstimmung
3211: Starte Abstimmung
3241: Starte Abstimmung
3221: Starte Abstimmung
3231: Starte Abstimmung
3261: Abstimmungsanfrage erhalten - nehme an
3251: Starte Abstimmung
3221: Abstimmungsanfrage erhalten - nehme an
3241: Abstimmungsanfrage erhalten - nehme an
3231: Abstimmungsanfrage erhalten - nehme an
3211: Abstimmungsanfrage erhalten - nehme an
3251: Abstimmungsanfrage erhalten - nehme an
3221: Abstimmungsanfrage erhalten - lehne ab
3261: Abstimmungsanfrage erhalten - lehne ab
3241: Abstimmungsanfrage erhalten - lehne ab
3231: Abstimmungsanfrage erhalten - lehne ab
3211: Abstimmungsanfrage erhalten - lehne ab
3251: Abstimmungsanfrage erhalten - lehne ab
3221: Starte Abstimmung
3261: Starte Abstimmung
3241: Starte Abstimmung
3231: Starte Abstimmung
3211: Starte Abstimmung
3251: Abstimmungsanfrage erhalten - nehme an
3221: Abstimmungsanfrage erhalten - nehme an
3261: Abstimmungsanfrage erhalten - nehme an
3241: Abstimmungsanfrage erhalten - nehme an
3231: Abstimmungsanfrage erhalten - nehme an
3251: Abstimmungsanfrage erhalten - lehne ab
3211: Abstimmungsanfrage erhalten - nehme an
3221: Abstimmungsanfrage erhalten - lehne ab
3241: Abstimmungsanfrage erhalten - lehne ab
3261: Abstimmungsanfrage erhalten - lehne ab
3231: Abstimmungsanfrage erhalten - lehne ab
3251: Starte Abstimmung
3221: Starte Abstimmung
3241: Starte Abstimmung
3211: Starte Abstimmung
3231: Starte Abstimmung
3261: Starte Abstimmung
3251: Abstimmungsanfrage erhalten - nehme an
3241: Abstimmungsanfrage erhalten - nehme an
3231: Abstimmungsanfrage erhalten - nehme an
3211: Abstimmungsanfrage erhalten - nehme an
3221: Abstimmungsanfrage erhalten - nehme an
3261: Abstimmungsanfrage erhalten - nehme an
3211: Abstimmungsanfrage erhalten - lehne ab
3231: Abstimmungsanfrage erhalten - lehne ab
3241: Abstimmungsanfrage erhalten - lehne ab
3251: Abstimmungsanfrage erhalten - lehne ab
3221: Abstimmungsanfrage erhalten - lehne ab
3261: Abstimmungsanfrage erhalten - lehne ab
3211: Starte Abstimmung
3231: Starte Abstimmung
3251: Starte Abstimmung
3221: Starte Abstimmung
3261: Starte Abstimmung
3241: Starte Abstimmung
3231: Abstimmungsanfrage erhalten - nehme an
3211: Abstimmungsanfrage erhalten - nehme an
3251: Abstimmungsanfrage erhalten - nehme an
3221: Abstimmungsanfrage erhalten - nehme an
3261: Abstimmungsanfrage erhalten - nehme an
3241: Abstimmungsanfrage erhalten - nehme an
3211: Abstimmungsanfrage erhalten - lehne ab
3231: Abstimmungsanfrage erhalten - lehne ab
3251: Abstimmungsanfrage erhalten - lehne ab
3221: Abstimmungsanfrage erhalten - lehne ab
3261: Abstimmungsanfrage erhalten - lehne ab
3241: Abstimmungsanfrage erhalten - lehne ab
Name 3241 erfolgreich registriert
Name 3221 erfolgreich registriert
Name 3251 erfolgreich registriert
Name 3231 erfolgreich registriert
Name 3261 erfolgreich registriert
Name 3211 erfolgreich registriert
3251: linker Nachbar 3231 ich: 3251 rechter Nachbar 3211
3211: linker Nachbar 3251 ich: 3211 rechter Nachbar 3261
3261: linker Nachbar 3211 ich: 3261 rechter Nachbar 3241
3241: linker Nachbar 3261 ich: 3241 rechter Nachbar 3221
3221: linker Nachbar 3241 ich: 3221 rechter Nachbar 3231
3231: linker Nachbar 3221 ich: 3231 rechter Nachbar 3251
3211: Mi auf 195730 gesetzt
3261: Mi auf 372710250 gesetzt
3231: Mi auf 750 gesetzt
3251: Mi auf 7150 gesetzt
3221: Mi auf 842490 gesetzt
3241: Mi auf 321750 gesetzt
3211: Berechne Mi: 195730 Y: 24963510
3261: Berechne Mi: 372710250 Y: 2221377937350
3231: Starte Abstimmung
3251: Starte Abstimmung
3221: Starte Abstimmung
3251: Abstimmungsanfrage erhalten - nehme an
3241: Starte Abstimmung
3231: Abstimmungsanfrage erhalten - nehme an
3211: Abstimmungsanfrage erhalten - lehne ab
3221: Abstimmungsanfrage erhalten - nehme an
3211: Abstimmungsanfrage erhalten - lehne ab
3251: Abstimmungsanfrage erhalten - nehme an
3231: Abstimmungsanfrage erhalten - nehme an
3211: Abstimmungsanfrage erhalten - lehne ab
3251: Abstimmungsanfrage erhalten - nehme an
3211: Abstimmungsanfrage erhalten - lehne ab
3241: Starte Abstimmung
3261: Starte Abstimmung
3221: Starte Abstimmung
3241: Abstimmungsanfrage erhalten - nehme an
3231: Starte Abstimmung
3221: Abstimmungsanfrage erhalten - nehme an
3221: Abstimmungsanfrage erhalten - nehme an
3231: Abstimmungsanfrage erhalten - nehme an
3251: Starte Abstimmung
3211: Starte Abstimmung
3251: Abstimmungsanfrage erhalten - nehme an
3231: Abstimmungsanfrage erhalten - nehme an
3261: Abstimmungsanfrage erhalten - nehme an
3211: Abstimmungsanfrage erhalten - nehme an
3251: Abstimmungsanfrage erhalten - nehme an
3231: Abstimmungsanfrage erhalten - nehme an
3261: Abstimmungsanfrage erhalten - nehme an
3211: Abstimmungsanfrage erhalten - nehme an
3241: Abstimmungsanfrage erhalten - nehme an
3251: Abstimmungsanfrage erhalten - nehme an
3261: Abstimmungsanfrage erhalten - nehme an
3211: Abstimmungsanfrage erhalten - nehme an
3221: Abstimmungsanfrage erhalten - nehme an
3241: Abstimmungsanfrage erhalten - nehme an
3251: Abstimmungsanfrage erhalten - nehme an
3261: Abstimmungsanfrage erhalten - nehme an
3211: Abstimmungsanfrage erhalten - nehme an
3231: Abstimmungsanfrage erhalten - nehme an
3221: Abstimmungsanfrage erhalten - nehme an
3241: Abstimmungsanfrage erhalten - nehme an
3261: Abstimmungsanfrage erhalten - nehme an
3211: Abstimmungsanfrage erhalten - nehme an
3251: Abstimmungsanfrage erhalten - nehme an
3231: Abstimmungsanfrage erhalten - nehme an
3221: Abstimmungsanfrage erhalten - nehme an
3241: Abstimmungsanfrage erhalten - nehme an
3261: Abstimmung erfolgreich beendet
3211: Abstimmung erfolgreich beendet
3251: Abstimmung erfolgreich beendet
3231: Abstimmung erfolgreich beendet
3221: Abstimmung erfolgreich beendet
3241: Abstimmung erfolgreich beendet
Name 3241 erfolgreich registriert
Name 3251 erfolgreich registriert
Name 3221 erfolgreich registriert
Name 3211 erfolgreich registriert
Name 3231 erfolgreich registriert
Name 3261 erfolgreich registriert
3221: linker Nachbar 3211 ich: 3221 rechter Nachbar 3261
3261: linker Nachbar 3221 ich: 3261 rechter Nachbar 3231
3231: linker Nachbar 3261 ich: 3231 rechter Nachbar 3241
3241: linker Nachbar 3231 ich: 3241 rechter Nachbar 3251
3251: linker Nachbar 3241 ich: 3251 rechter Nachbar 3211
3211: linker Nachbar 3251 ich: 3211 rechter Nachbar 3221
3261: Mi auf 24963510 gesetzt
3231: Mi auf 2221377937350 gesetzt
3211: Mi auf 195730 gesetzt
3221: Mi auf 372710250 gesetzt
3251: Mi auf 750 gesetzt
3241: Mi auf 7150 gesetzt
3261: Berechne Mi: 24963510 Y: 842490
3231: Berechne Mi: 2221377937350 Y: 321750
3211: Starte Abstimmung
3221: Starte Abstimmung
3251: Starte Abstimmung
3221: Abstimmungsanfrage erhalten - nehme an
3211: Abstimmungsanfrage erhalten - nehme an
3241: Starte Abstimmung
3251: Abstimmungsanfrage erhalten - nehme an
3221: Abstimmungsanfrage erhalten - nehme an
3211: Abstimmungsanfrage erhalten - nehme an
3261: Abstimmungsanfrage erhalten - lehne ab
3221: Berechne Mi: 372710250 Y: 531300
3241: Berechne Mi: 7150 Y: 171600
3261: Abstimmungsanfrage erhalten - lehne ab
3261: Berechne Mi: 531300 Y: 171600
3231: Berechne Mi: 171600 Y: 531300
3251: Starte Abstimmung
3211: Starte Abstimmung
3211: Abstimmungsanfrage erhalten - nehme an
3221: Abstimmungsanfrage erhalten - lehne ab
3231: Berechne Mi: 171600 Y: 16500
3221: Berechne Mi: 268950 Y: 16500
3261: Abstimmungsanfrage erhalten - lehne ab
3261: Berechne Mi: 16500 Y: 268950
3211: Berechne Mi: 195730 Y: 268950
3251: Starte Abstimmung
3241: Starte Abstimmung
3251: Abstimmungsanfrage erhalten - nehme an
3261: Berechne Mi: 16500 Y: 6600
3211: Abstimmungsanfrage erhalten - lehne ab
3241: Berechne Mi: 7150 Y: 6600
3211: Abstimmungsanfrage erhalten - lehne ab
3211: Berechne Mi: 195730 Y: 4950
3221: Abstimmungsanfrage erhalten - lehne ab
3221: Abstimmungsanfrage erhalten - lehne ab
3251: Starte Abstimmung
3221: Berechne Mi: 4950 Y: 3300
3231: Starte Abstimmung
3261: Berechne Mi: 3300 Y: 4950
3251: Berechne Mi: 750 Y: 550
3231: Berechne Mi: 6600 Y: 3300
3241: Abstimmungsanfrage erhalten - lehne ab
3211: Abstimmungsanfrage erhalten - lehne ab
3211: Berechne Mi: 2680 Y: 1650
3261: Berechne Mi: 3300 Y: 1650
3221: Berechne Mi: 1650 Y: 2680
3241: Berechne Mi: 550 Y: 200
3251: Berechne Mi: 200 Y: 2680
3231: Berechne Mi: 3300 Y: 550
3221: Berechne Mi: 1650 Y: 1030
3211: Berechne Mi: 1030 Y: 200
3251: Berechne Mi: 200 Y: 1030
3261: Berechne Mi: 1650 Y: 3300
3241: Berechne Mi: 150 Y: 3300
3231: Berechne Mi: 550 Y: 1650
3251: Berechne Mi: 200 Y: 150
3261: Berechne Mi: 1650 Y: 550
3221: Berechne Mi: 620 Y: 1650
3241: Berechne Mi: 150 Y: 550
3211: Berechne Mi: 30 Y: 620
3231: Berechne Mi: 550 Y: 150
3221: Berechne Mi: 620 Y: 30
3211: Berechne Mi: 30 Y: 50
3241: Berechne Mi: 150 Y: 50
3251: Berechne Mi: 50 Y: 30
3261: Berechne Mi: 550 Y: 620
3231: Berechne Mi: 100 Y: 550
3211: Berechne Mi: 30 Y: 20
3261: Berechne Mi: 550 Y: 100
3221: Berechne Mi: 20 Y: 550
3241: Berechne Mi: 50 Y: 100
3231: Berechne Mi: 100 Y: 50
3251: Berechne Mi: 20 Y: 50
3221: Berechne Mi: 20 Y: 10
3241: Berechne Mi: 50 Y: 20
3211: Berechne Mi: 10 Y: 20
3251: Berechne Mi: 20 Y: 10
3261: Berechne Mi: 50 Y: 20
3231: Berechne Mi: 50 Y: 50
3211: Berechne Mi: 10 Y: 10
3221: Berechne Mi: 10 Y: 50
3231: Berechne Mi: 50 Y: 10
3241: Berechne Mi: 10 Y: 50
3251: Berechne Mi: 10 Y: 10
3261: Berechne Mi: 10 Y: 50
3211: Berechne Mi: 10 Y: 10
3221: Berechne Mi: 10 Y: 10
3241: Berechne Mi: 10 Y: 10
3261: Berechne Mi: 10 Y: 10
3231: Berechne Mi: 10 Y: 10
3241: Berechne Mi: 10 Y: 10
3251: Starte Abstimmung
3261: Berechne Mi: 10 Y: 10
3211: Abstimmungsanfrage erhalten - lehne ab
3221: Starte Abstimmung
3261: Abstimmungsanfrage erhalten - lehne ab
3231: Starte Abstimmung
3251: Starte Abstimmung
3211: Starte Abstimmung
3241: Abstimmungsanfrage erhalten - lehne ab
3221: Abstimmungsanfrage erhalten - nehme an
3211: Abstimmungsanfrage erhalten - nehme an
3261: Abstimmungsanfrage erhalten - lehne ab
3221: Abstimmungsanfrage erhalten - nehme an
3261: Abstimmungsanfrage erhalten - lehne ab
3231: Starte Abstimmung
3251: Starte Abstimmung
3241: Starte Abstimmung
3211: Abstimmungsanfrage erhalten - nehme an
3251: Abstimmungsanfrage erhalten - nehme an
3241: Abstimmungsanfrage erhalten - nehme an
3221: Abstimmungsanfrage erhalten - nehme an
3261: Starte Abstimmung
3211: Abstimmungsanfrage erhalten - nehme an
3251: Abstimmungsanfrage erhalten - nehme an
3231: Abstimmungsanfrage erhalten - nehme an
3261: Abstimmungsanfrage erhalten - nehme an
3221: Abstimmungsanfrage erhalten - nehme an
3211: Abstimmungsanfrage erhalten - nehme an
3261: Abstimmungsanfrage erhalten - nehme an
3221: Abstimmungsanfrage erhalten - nehme an
3241: Abstimmungsanfrage erhalten - nehme an
3231: Abstimmungsanfrage erhalten - nehme an
3251: Abstimmungsanfrage erhalten - nehme an
3261: Abstimmungsanfrage erhalten - nehme an
3241: Abstimmungsanfrage erhalten - nehme an
3231: Abstimmungsanfrage erhalten - nehme an
3211: Abstimmungsanfrage erhalten - nehme an
3251: Abstimmung erfolgreich beendet
3241: Abstimmung erfolgreich beendet
3231: Abstimmung erfolgreich beendet
3221: Abstimmungsanfrage erhalten - nehme an
3261: Abstimmung erfolgreich beendet
3211: Starte Abstimmung
3221: Abstimmungsanfrage erhalten - nehme an
3261: Abstimmungsanfrage erhalten - nehme an
3231: Abstimmungsanfrage erhalten - nehme an
3241: Abstimmungsanfrage erhalten - nehme an
3251: Abstimmungsanfrage erhalten - nehme an
3211: Abstimmung erfolgreich beendet
3221: Starte Abstimmung
3261: Starte Abstimmung
3261: Abstimmungsanfrage erhalten - nehme an
3231: Starte Abstimmung
3241: Starte Abstimmung
3231: Abstimmungsanfrage erhalten - nehme an
3251: Abstimmungsanfrage erhalten - nehme an
3241: Abstimmungsanfrage erhalten - nehme an
3231: Abstimmungsanfrage erhalten - nehme an
3211: Abstimmungsanfrage erhalten - nehme an
3251: Abstimmungsanfrage erhalten - nehme an
3241: Abstimmungsanfrage erhalten - nehme an
3221: Abstimmungsanfrage erhalten - nehme an
3211: Abstimmungsanfrage erhalten - nehme an
3251: Abstimmungsanfrage erhalten - nehme an
3241: Abstimmungsanfrage erhalten - nehme an
3261: Abstimmungsanfrage erhalten - nehme an
3221: Abstimmungsanfrage erhalten - nehme an
3211: Abstimmungsanfrage erhalten - nehme an
3251: Abstimmungsanfrage erhalten - nehme an
3231: Abstimmungsanfrage erhalten - nehme an
3261: Abstimmungsanfrage erhalten - nehme an
3221: Abstimmungsanfrage erhalten - nehme an
3211: Abstimmungsanfrage erhalten - nehme an
3241: Abstimmung erfolgreich beendet
3231: Abstimmung erfolgreich beendet
3261: Abstimmung erfolgreich beendet
3221: Abstimmung erfolgreich beendet
3251: Starte Abstimmung
3211: Abstimmungsanfrage erhalten - nehme an
3221: Abstimmungsanfrage erhalten - nehme an
3261: Abstimmungsanfrage erhalten - nehme an
3231: Abstimmungsanfrage erhalten - nehme an
3241: Abstimmungsanfrage erhalten - nehme an
3251: Abstimmung erfolgreich beendet
