Name ggT32151 erfolgreich registriert
ggT32151: linker Nachbar ggT3261 ich: ggT32151 rechter Nachbar ggT3271
ggT32151: Mi auf 15730 gesetzt
ggT32151: Berechne Mi: 15730 Y: 230
ggT32151: Berechne Mi: 90 Y: 70
ggT32151: Berechne Mi: 20 Y: 50
ggT32151: Berechne Mi: 20 Y: 20
ggT32151: Berechne Mi: 20 Y: 10
ggT32151: Berechne Mi: 10 Y: 10
ggT32151: Abstimmungsanfrage erhalten - nehme an
ggT32151: Abstimmungsanfrage erhalten - nehme an
ggT32151: Abstimmungsanfrage erhalten - nehme an
ggT32151: Abstimmungsanfrage erhalten - nehme an
ggT32151: Abstimmungsanfrage erhalten - nehme an
ggT32151: Abstimmungsanfrage erhalten - nehme an
ggT32151: Abstimmungsanfrage erhalten - nehme an
ggT32151: Mi auf 53835925 gesetzt
ggT32151: Berechne Mi: 53835925 Y: 60575
ggT32151: Berechne Mi: 45325 Y: 2000
ggT32151: Berechne Mi: 1325 Y: 35150
ggT32151: Berechne Mi: 1325 Y: 490
ggT32151: Berechne Mi: 345 Y: 700
ggT32151: Berechne Mi: 345 Y: 225
ggT32151: Berechne Mi: 120 Y: 10
ggT32151: Berechne Mi: 10 Y: 25
ggT32151: Berechne Mi: 10 Y: 5
ggT32151: Berechne Mi: 5 Y: 5
ggT32151: Abstimmungsanfrage erhalten - nehme an
ggT32151: Abstimmungsanfrage erhalten - nehme an
ggT32151: Abstimmungsanfrage erhalten - nehme an
ggT32151: Abstimmungsanfrage erhalten - nehme an
Name ggT32151 erfolgreich registriert
ggT32151: linker Nachbar ggT32201 ich: ggT32151 rechter Nachbar ggT3231
ggT32151: Mi auf 10465 gesetzt
ggT32151: Berechne Mi: 10465 Y: 1232
ggT32151: Berechne Mi: 609 Y: 343
ggT32151: Berechne Mi: 266 Y: 497
ggT32151: Berechne Mi: 266 Y: 49
ggT32151: Berechne Mi: 21 Y: 231
ggT32151: Berechne Mi: 21 Y: 7
ggT32151: Berechne Mi: 7 Y: 21
ggT32151: Berechne Mi: 7 Y: 7
ggT32151: Starte Abstimmung
ggT32151: Abstimmungsanfrage erhalten - nehme an
ggT32151: Abstimmungsanfrage erhalten - nehme an
ggT32151: Abstimmungsanfrage erhalten - nehme an
ggT32151: Abstimmung erfolgreich beendet
