Name ggT3241 erfolgreich registriert
ggT3241: linker Nachbar ggT3251 ich: ggT3241 rechter Nachbar ggT32131
ggT3241: Mi auf 1119250 gesetzt
ggT3241: Berechne Mi: 1119250 Y: 7242010
ggT3241: Berechne Mi: 1119250 Y: 1889220
ggT3241: Berechne Mi: 1119250 Y: 156630
ggT3241: Berechne Mi: 22840 Y: 6230
ggT3241: Berechne Mi: 4150 Y: 2070
ggT3241: Berechne Mi: 10 Y: 480
ggT3241: Berechne Mi: 10 Y: 230
ggT3241: Berechne Mi: 10 Y: 20
ggT3241: Berechne Mi: 10 Y: 10
ggT3241: Berechne Mi: 10 Y: 10
ggT3241: Starte Abstimmung
ggT3241: Abstimmungsanfrage erhalten - nehme an
ggT3241: Abstimmungsanfrage erhalten - nehme an
ggT3241: Abstimmungsanfrage erhalten - nehme an
ggT3241: Abstimmungsanfrage erhalten - nehme an
ggT3241: Abstimmungsanfrage erhalten - nehme an
ggT3241: Abstimmungsanfrage erhalten - nehme an
ggT3241: Abstimmung erfolgreich beendet
ggT3241: Mi auf 10953540125 gesetzt
ggT3241: Berechne Mi: 10953540125 Y: 1995488625
ggT3241: Berechne Mi: 976097000 Y: 100815
ggT3241: Berechne Mi: 6170 Y: 17820
ggT3241: Berechne Mi: 6170 Y: 2305
ggT3241: Berechne Mi: 1560 Y: 5480
ggT3241: Berechne Mi: 1560 Y: 475
ggT3241: Berechne Mi: 135 Y: 800
ggT3241: Berechne Mi: 135 Y: 100
ggT3241: Berechne Mi: 35 Y: 45
ggT3241: Berechne Mi: 35 Y: 10
ggT3241: Berechne Mi: 5 Y: 10
ggT3241: Berechne Mi: 5 Y: 5
ggT3241: Berechne Mi: 5 Y: 5
ggT3241: Abstimmungsanfrage erhalten - nehme an
ggT3241: Abstimmungsanfrage erhalten - nehme an
ggT3241: Abstimmungsanfrage erhalten - nehme an
ggT3241: Abstimmungsanfrage erhalten - nehme an
Name ggT3241 erfolgreich registriert
ggT3241: linker Nachbar ggT3211 ich: ggT3241 rechter Nachbar ggT32131
ggT3241: Mi auf 609073465 gesetzt
ggT3241: Berechne Mi: 609073465 Y: 1808807
ggT3241: Berechne Mi: 1314313 Y: 533533
ggT3241: Berechne Mi: 247247 Y: 117117
ggT3241: Berechne Mi: 13013 Y: 91
ggT3241: Berechne Mi: 91 Y: 91
ggT3241: Berechne Mi: 91 Y: 7
ggT3241: Berechne Mi: 7 Y: 7
ggT3241: Abstimmungsanfrage erhalten - nehme an
ggT3241: Abstimmungsanfrage erhalten - nehme an
ggT3241: Abstimmungsanfrage erhalten - nehme an
ggT3241: Abstimmungsanfrage erhalten - nehme an
