Name ggT32101 erfolgreich registriert
ggT32101: linker Nachbar ggT32161 ich: ggT32101 rechter Nachbar ggT32191
ggT32101: Mi auf 2221377937350 gesetzt
ggT32101: Abstimmungsanfrage erhalten - lehne ab
ggT32101: Starte Abstimmung
ggT32101: Abstimmungsanfrage erhalten - nehme an
ggT32101: Abstimmungsanfrage erhalten - nehme an
ggT32101: Berechne Mi: 2221377937350 Y: 30
ggT32101: Starte Abstimmung
ggT32101: Berechne Mi: 30 Y: 30
ggT32101: Starte Abstimmung
ggT32101: Abstimmungsanfrage erhalten - nehme an
ggT32101: Berechne Mi: 30 Y: 10
ggT32101: Berechne Mi: 10 Y: 10
ggT32101: Abstimmungsanfrage erhalten - lehne ab
ggT32101: Starte Abstimmung
ggT32101: Abstimmungsanfrage erhalten - nehme an
ggT32101: Abstimmungsanfrage erhalten - nehme an
ggT32101: Abstimmungsanfrage erhalten - nehme an
ggT32101: Abstimmungsanfrage erhalten - nehme an
ggT32101: Abstimmungsanfrage erhalten - nehme an
ggT32101: Abstimmungsanfrage erhalten - nehme an
ggT32101: Abstimmungsanfrage erhalten - nehme an
ggT32101: Abstimmungsanfrage erhalten - nehme an
ggT32101: Abstimmungsanfrage erhalten - nehme an
ggT32101: Abstimmungsanfrage erhalten - nehme an
ggT32101: Abstimmungsanfrage erhalten - nehme an
ggT32101: Abstimmungsanfrage erhalten - nehme an
ggT32101: Abstimmungsanfrage erhalten - nehme an
ggT32101: Abstimmungsanfrage erhalten - nehme an
ggT32101: Abstimmungsanfrage erhalten - nehme an
ggT32101: Abstimmungsanfrage erhalten - nehme an
ggT32101: Abstimmung erfolgreich beendet
ggT32101: Abstimmungsanfrage erhalten - nehme an
ggT32101: Abstimmungsanfrage erhalten - nehme an
ggT32101: Abstimmungsanfrage erhalten - nehme an
ggT32101: Abstimmung erfolgreich beendet
ggT32101: Mi auf 20079345 gesetzt
ggT32101: Berechne Mi: 20079345 Y: 1045
ggT32101: Starte Abstimmung
ggT32101: Berechne Mi: 715 Y: 330
ggT32101: Berechne Mi: 55 Y: 605
ggT32101: Abstimmungsanfrage erhalten - lehne ab
ggT32101: Abstimmungsanfrage erhalten - nehme an
ggT32101: Berechne Mi: 55 Y: 55
ggT32101: Berechne Mi: 55 Y: 154
ggT32101: Starte Abstimmung
ggT32101: Berechne Mi: 55 Y: 44
ggT32101: Abstimmungsanfrage erhalten - lehne ab
ggT32101: Berechne Mi: 11 Y: 11
ggT32101: Berechne Mi: 11 Y: 11
ggT32101: Starte Abstimmung
ggT32101: Abstimmungsanfrage erhalten - nehme an
ggT32101: Abstimmungsanfrage erhalten - nehme an
ggT32101: Abstimmungsanfrage erhalten - nehme an
ggT32101: Abstimmungsanfrage erhalten - nehme an
ggT32101: Abstimmungsanfrage erhalten - nehme an
ggT32101: Abstimmungsanfrage erhalten - nehme an
ggT32101: Abstimmungsanfrage erhalten - nehme an
ggT32101: Abstimmungsanfrage erhalten - nehme an
ggT32101: Abstimmungsanfrage erhalten - nehme an
ggT32101: Abstimmungsanfrage erhalten - nehme an
ggT32101: Abstimmungsanfrage erhalten - nehme an
ggT32101: Abstimmungsanfrage erhalten - nehme an
ggT32101: Abstimmungsanfrage erhalten - nehme an
ggT32101: Abstimmungsanfrage erhalten - nehme an
ggT32101: Abstimmungsanfrage erhalten - nehme an
ggT32101: Abstimmungsanfrage erhalten - nehme an
ggT32101: Abstimmungsanfrage erhalten - nehme an
ggT32101: Abstimmungsanfrage erhalten - nehme an
ggT32101: Abstimmungsanfrage erhalten - nehme an
ggT32101: Abstimmungsanfrage erhalten - nehme an
ggT32101: Abstimmung erfolgreich beendet
ggT32101: Abstimmung erfolgreich beendet
ggT32101: Beendet
Name ggT32101 erfolgreich registriert
ggT32101: linker Nachbar ggT3271 ich: ggT32101 rechter Nachbar ggT3291
ggT32101: Mi auf 1183 gesetzt
ggT32101: Berechne Mi: 1183 Y: 154
ggT32101: Abstimmungsanfrage erhalten - lehne ab
ggT32101: Starte Abstimmung
ggT32101: Berechne Mi: 105 Y: 49
ggT32101: Berechne Mi: 7 Y: 105
ggT32101: Berechne Mi: 7 Y: 7
ggT32101: Berechne Mi: 7 Y: 14
ggT32101: Starte Abstimmung
ggT32101: Abstimmungsanfrage erhalten - nehme an
ggT32101: Abstimmungsanfrage erhalten - nehme an
ggT32101: Berechne Mi: 7 Y: 7
ggT32101: Starte Abstimmung
ggT32101: Abstimmungsanfrage erhalten - nehme an
ggT32101: Abstimmungsanfrage erhalten - nehme an
ggT32101: Abstimmungsanfrage erhalten - nehme an
ggT32101: Abstimmungsanfrage erhalten - nehme an
ggT32101: Abstimmungsanfrage erhalten - nehme an
ggT32101: Abstimmungsanfrage erhalten - nehme an
ggT32101: Abstimmungsanfrage erhalten - nehme an
ggT32101: Abstimmungsanfrage erhalten - nehme an
ggT32101: Abstimmungsanfrage erhalten - nehme an
ggT32101: Beendet
