Name ggT32201 erfolgreich registriert
ggT32201: linker Nachbar ggT32121 ich: ggT32201 rechter Nachbar ggT3221
ggT32201: Mi auf 13386230 gesetzt
ggT32201: Berechne Mi: 13386230 Y: 30
ggT32201: Berechne Mi: 20 Y: 230
ggT32201: Berechne Mi: 20 Y: 10
ggT32201: Berechne Mi: 10 Y: 10
ggT32201: Abstimmungsanfrage erhalten - nehme an
ggT32201: Abstimmungsanfrage erhalten - nehme an
ggT32201: Abstimmungsanfrage erhalten - nehme an
ggT32201: Abstimmungsanfrage erhalten - nehme an
ggT32201: Abstimmungsanfrage erhalten - nehme an
ggT32201: Abstimmungsanfrage erhalten - nehme an
ggT32201: Abstimmungsanfrage erhalten - nehme an
ggT32201: Mi auf 20802925 gesetzt
ggT32201: Berechne Mi: 20802925 Y: 275
ggT32201: Berechne Mi: 275 Y: 55
ggT32201: Berechne Mi: 55 Y: 25
ggT32201: Berechne Mi: 5 Y: 5
ggT32201: Berechne Mi: 5 Y: 5
ggT32201: Abstimmungsanfrage erhalten - nehme an
ggT32201: Abstimmungsanfrage erhalten - nehme an
ggT32201: Abstimmungsanfrage erhalten - nehme an
ggT32201: Abstimmungsanfrage erhalten - nehme an
Name ggT32201 erfolgreich registriert
ggT32201: linker Nachbar ggT32121 ich: ggT32201 rechter Nachbar ggT32151
ggT32201: Mi auf 622895 gesetzt
ggT32201: Berechne Mi: 622895 Y: 609
ggT32201: Berechne Mi: 497 Y: 266
ggT32201: Berechne Mi: 231 Y: 420
ggT32201: Berechne Mi: 231 Y: 21
ggT32201: Berechne Mi: 21 Y: 189
ggT32201: Berechne Mi: 21 Y: 7
ggT32201: Berechne Mi: 7 Y: 21
ggT32201: Berechne Mi: 7 Y: 7
ggT32201: Abstimmungsanfrage erhalten - nehme an
ggT32201: Abstimmungsanfrage erhalten - nehme an
ggT32201: Abstimmungsanfrage erhalten - nehme an
ggT32201: Abstimmungsanfrage erhalten - nehme an
