Name ggT3221 erfolgreich registriert
ggT3221: linker Nachbar ggT32191 ich: ggT3221 rechter Nachbar ggT32171
ggT3221: Mi auf 3450 gesetzt
ggT3221: Berechne Mi: 3450 Y: 15210
ggT3221: Starte Abstimmung
ggT3221: Berechne Mi: 3450 Y: 30
ggT3221: Starte Abstimmung
ggT3221: Berechne Mi: 30 Y: 30
ggT3221: Starte Abstimmung
ggT3221: Abstimmungsanfrage erhalten - nehme an
ggT3221: Abstimmungsanfrage erhalten - nehme an
ggT3221: Abstimmungsanfrage erhalten - nehme an
ggT3221: Berechne Mi: 30 Y: 10
ggT3221: Abstimmungsanfrage erhalten - lehne ab
ggT3221: Abstimmungsanfrage erhalten - nehme an
ggT3221: Berechne Mi: 10 Y: 10
ggT3221: Starte Abstimmung
ggT3221: Abstimmungsanfrage erhalten - nehme an
ggT3221: Abstimmungsanfrage erhalten - nehme an
ggT3221: Abstimmungsanfrage erhalten - nehme an
ggT3221: Abstimmungsanfrage erhalten - nehme an
ggT3221: Abstimmungsanfrage erhalten - nehme an
ggT3221: Abstimmungsanfrage erhalten - nehme an
ggT3221: Abstimmungsanfrage erhalten - nehme an
ggT3221: Abstimmungsanfrage erhalten - nehme an
ggT3221: Abstimmungsanfrage erhalten - nehme an
ggT3221: Abstimmungsanfrage erhalten - nehme an
ggT3221: Abstimmungsanfrage erhalten - nehme an
ggT3221: Abstimmung erfolgreich beendet
ggT3221: Abstimmungsanfrage erhalten - nehme an
ggT3221: Abstimmung erfolgreich beendet
ggT3221: Abstimmungsanfrage erhalten - nehme an
ggT3221: Abstimmungsanfrage erhalten - nehme an
ggT3221: Abstimmungsanfrage erhalten - nehme an
ggT3221: Abstimmungsanfrage erhalten - nehme an
ggT3221: Abstimmung erfolgreich beendet
ggT3221: Abstimmungsanfrage erhalten - nehme an
ggT3221: Mi auf 37271025 gesetzt
ggT3221: Berechne Mi: 37271025 Y: 41909197
ggT3221: Starte Abstimmung
ggT3221: Berechne Mi: 37271025 Y: 2442
ggT3221: Starte Abstimmung
ggT3221: Berechne Mi: 1221 Y: 1045
ggT3221: Berechne Mi: 176 Y: 1221
ggT3221: Abstimmungsanfrage erhalten - lehne ab
ggT3221: Berechne Mi: 176 Y: 330
ggT3221: Berechne Mi: 176 Y: 165
ggT3221: Berechne Mi: 11 Y: 154
ggT3221: Starte Abstimmung
ggT3221: Berechne Mi: 11 Y: 11
ggT3221: Starte Abstimmung
ggT3221: Berechne Mi: 11 Y: 44
ggT3221: Starte Abstimmung
ggT3221: Berechne Mi: 11 Y: 11
ggT3221: Starte Abstimmung
ggT3221: Abstimmungsanfrage erhalten - nehme an
ggT3221: Abstimmungsanfrage erhalten - nehme an
ggT3221: Abstimmungsanfrage erhalten - nehme an
ggT3221: Abstimmungsanfrage erhalten - nehme an
ggT3221: Abstimmungsanfrage erhalten - nehme an
ggT3221: Abstimmungsanfrage erhalten - nehme an
ggT3221: Abstimmungsanfrage erhalten - nehme an
ggT3221: Abstimmungsanfrage erhalten - nehme an
ggT3221: Abstimmungsanfrage erhalten - nehme an
ggT3221: Abstimmungsanfrage erhalten - nehme an
ggT3221: Abstimmungsanfrage erhalten - nehme an
ggT3221: Abstimmungsanfrage erhalten - nehme an
ggT3221: Abstimmungsanfrage erhalten - nehme an
ggT3221: Abstimmungsanfrage erhalten - nehme an
ggT3221: Abstimmungsanfrage erhalten - nehme an
ggT3221: Abstimmungsanfrage erhalten - nehme an
ggT3221: Abstimmungsanfrage erhalten - nehme an
ggT3221: Abstimmungsanfrage erhalten - nehme an
ggT3221: Abstimmungsanfrage erhalten - nehme an
ggT3221: Abstimmungsanfrage erhalten - nehme an
ggT3221: Abstimmungsanfrage erhalten - nehme an
ggT3221: Abstimmungsanfrage erhalten - nehme an
ggT3221: Abstimmungsanfrage erhalten - nehme an
ggT3221: Beendet
Name ggT3221 erfolgreich registriert
ggT3221: linker Nachbar ggT3251 ich: ggT3221 rechter Nachbar ggT3261
ggT3221: Mi auf 12777765 gesetzt
ggT3221: Berechne Mi: 12777765 Y: 28749
ggT3221: Starte Abstimmung
ggT3221: Berechne Mi: 13209 Y: 1232
ggT3221: Berechne Mi: 889 Y: 8799
ggT3221: Abstimmungsanfrage erhalten - lehne ab
ggT3221: Starte Abstimmung
ggT3221: Berechne Mi: 889 Y: 343
ggT3221: Berechne Mi: 203 Y: 798
ggT3221: Berechne Mi: 203 Y: 42
ggT3221: Berechne Mi: 35 Y: 77
ggT3221: Abstimmungsanfrage erhalten - lehne ab
ggT3221: Berechne Mi: 35 Y: 7
ggT3221: Berechne Mi: 7 Y: 7
ggT3221: Abstimmungsanfrage erhalten - lehne ab
ggT3221: Abstimmungsanfrage erhalten - nehme an
ggT3221: Abstimmungsanfrage erhalten - nehme an
ggT3221: Abstimmungsanfrage erhalten - nehme an
ggT3221: Abstimmungsanfrage erhalten - nehme an
ggT3221: Abstimmungsanfrage erhalten - nehme an
ggT3221: Abstimmungsanfrage erhalten - nehme an
ggT3221: Abstimmungsanfrage erhalten - nehme an
ggT3221: Beendet
