Name ggT32181 erfolgreich registriert
ggT32181: linker Nachbar ggT3211 ich: ggT32181 rechter Nachbar ggT32131
ggT32181: Mi auf 46336950 gesetzt
ggT32181: Abstimmungsanfrage erhalten - lehne ab
ggT32181: Starte Abstimmung
ggT32181: Abstimmungsanfrage erhalten - nehme an
ggT32181: Abstimmungsanfrage erhalten - nehme an
ggT32181: Berechne Mi: 46336950 Y: 920
ggT32181: Abstimmungsanfrage erhalten - lehne ab
ggT32181: Berechne Mi: 230 Y: 230
ggT32181: Starte Abstimmung
ggT32181: Berechne Mi: 230 Y: 230
ggT32181: Starte Abstimmung
ggT32181: Abstimmungsanfrage erhalten - nehme an
ggT32181: Berechne Mi: 230 Y: 10
ggT32181: Berechne Mi: 10 Y: 10
ggT32181: Abstimmungsanfrage erhalten - lehne ab
ggT32181: Abstimmungsanfrage erhalten - nehme an
ggT32181: Abstimmungsanfrage erhalten - nehme an
ggT32181: Abstimmungsanfrage erhalten - nehme an
ggT32181: Abstimmungsanfrage erhalten - nehme an
ggT32181: Abstimmungsanfrage erhalten - nehme an
ggT32181: Abstimmungsanfrage erhalten - nehme an
ggT32181: Abstimmungsanfrage erhalten - nehme an
ggT32181: Abstimmungsanfrage erhalten - nehme an
ggT32181: Abstimmungsanfrage erhalten - nehme an
ggT32181: Abstimmungsanfrage erhalten - nehme an
ggT32181: Abstimmungsanfrage erhalten - nehme an
ggT32181: Abstimmungsanfrage erhalten - nehme an
ggT32181: Abstimmungsanfrage erhalten - nehme an
ggT32181: Abstimmungsanfrage erhalten - nehme an
ggT32181: Abstimmungsanfrage erhalten - nehme an
ggT32181: Abstimmungsanfrage erhalten - nehme an
ggT32181: Abstimmungsanfrage erhalten - nehme an
ggT32181: Abstimmungsanfrage erhalten - nehme an
ggT32181: Abstimmungsanfrage erhalten - nehme an
ggT32181: Abstimmungsanfrage erhalten - nehme an
ggT32181: Abstimmungsanfrage erhalten - nehme an
ggT32181: Mi auf 13620489025 gesetzt
ggT32181: Abstimmungsanfrage erhalten - lehne ab
ggT32181: Starte Abstimmung
ggT32181: Abstimmungsanfrage erhalten - nehme an
ggT32181: Berechne Mi: 13620489025 Y: 3201
ggT32181: Starte Abstimmung
ggT32181: Berechne Mi: 352 Y: 187
ggT32181: Berechne Mi: 165 Y: 33
ggT32181: Abstimmungsanfrage erhalten - lehne ab
ggT32181: Berechne Mi: 33 Y: 11
ggT32181: Abstimmungsanfrage erhalten - lehne ab
ggT32181: Berechne Mi: 11 Y: 11
ggT32181: Abstimmungsanfrage erhalten - lehne ab
ggT32181: Abstimmungsanfrage erhalten - nehme an
ggT32181: Abstimmungsanfrage erhalten - nehme an
ggT32181: Abstimmungsanfrage erhalten - nehme an
ggT32181: Abstimmungsanfrage erhalten - nehme an
ggT32181: Abstimmungsanfrage erhalten - nehme an
ggT32181: Abstimmungsanfrage erhalten - nehme an
ggT32181: Abstimmungsanfrage erhalten - nehme an
ggT32181: Abstimmungsanfrage erhalten - nehme an
ggT32181: Abstimmungsanfrage erhalten - nehme an
ggT32181: Abstimmungsanfrage erhalten - nehme an
ggT32181: Abstimmungsanfrage erhalten - nehme an
ggT32181: Abstimmungsanfrage erhalten - nehme an
ggT32181: Abstimmungsanfrage erhalten - nehme an
ggT32181: Abstimmungsanfrage erhalten - nehme an
ggT32181: Abstimmungsanfrage erhalten - nehme an
ggT32181: Abstimmungsanfrage erhalten - nehme an
ggT32181: Abstimmungsanfrage erhalten - nehme an
ggT32181: Abstimmungsanfrage erhalten - nehme an
ggT32181: Abstimmungsanfrage erhalten - nehme an
ggT32181: Abstimmungsanfrage erhalten - nehme an
ggT32181: Abstimmungsanfrage erhalten - nehme an
ggT32181: Abstimmungsanfrage erhalten - nehme an
ggT32181: Beendet
Name ggT32181 erfolgreich registriert
ggT32181: linker Nachbar ggT32141 ich: ggT32181 rechter Nachbar ggT3211
ggT32181: Mi auf 2424499 gesetzt
ggT32181: Berechne Mi: 2424499 Y: 35
ggT32181: Berechne Mi: 14 Y: 42
ggT32181: Abstimmungsanfrage erhalten - lehne ab
ggT32181: Starte Abstimmung
ggT32181: Berechne Mi: 14 Y: 7
ggT32181: Berechne Mi: 7 Y: 14
ggT32181: Abstimmungsanfrage erhalten - lehne ab
ggT32181: Berechne Mi: 7 Y: 7
ggT32181: Abstimmungsanfrage erhalten - lehne ab
ggT32181: Starte Abstimmung
ggT32181: Abstimmungsanfrage erhalten - nehme an
ggT32181: Abstimmungsanfrage erhalten - nehme an
ggT32181: Abstimmungsanfrage erhalten - nehme an
ggT32181: Abstimmungsanfrage erhalten - nehme an
ggT32181: Abstimmungsanfrage erhalten - nehme an
ggT32181: Abstimmungsanfrage erhalten - nehme an
ggT32181: Abstimmungsanfrage erhalten - nehme an
ggT32181: Abstimmungsanfrage erhalten - nehme an
ggT32181: Abstimmungsanfrage erhalten - nehme an
ggT32181: Abstimmungsanfrage erhalten - nehme an
ggT32181: Abstimmungsanfrage erhalten - nehme an
ggT32181: Beendet
