Name ggT3261 erfolgreich registriert
ggT3261: linker Nachbar ggT32131 ich: ggT3261 rechter Nachbar ggT32111
ggT3261: Mi auf 6119498450 gesetzt
ggT3261: Abstimmungsanfrage erhalten - lehne ab
ggT3261: Starte Abstimmung
ggT3261: Abstimmungsanfrage erhalten - nehme an
ggT3261: Abstimmungsanfrage erhalten - nehme an
ggT3261: Berechne Mi: 6119498450 Y: 230
ggT3261: Abstimmungsanfrage erhalten - lehne ab
ggT3261: Berechne Mi: 230 Y: 10
ggT3261: Abstimmungsanfrage erhalten - lehne ab
ggT3261: Abstimmungsanfrage erhalten - nehme an
ggT3261: Berechne Mi: 10 Y: 10
ggT3261: Starte Abstimmung
ggT3261: Abstimmungsanfrage erhalten - nehme an
ggT3261: Abstimmungsanfrage erhalten - nehme an
ggT3261: Abstimmungsanfrage erhalten - nehme an
ggT3261: Abstimmungsanfrage erhalten - nehme an
ggT3261: Abstimmungsanfrage erhalten - nehme an
ggT3261: Abstimmungsanfrage erhalten - nehme an
ggT3261: Abstimmungsanfrage erhalten - nehme an
ggT3261: Abstimmungsanfrage erhalten - nehme an
ggT3261: Abstimmungsanfrage erhalten - nehme an
ggT3261: Abstimmungsanfrage erhalten - nehme an
ggT3261: Abstimmungsanfrage erhalten - nehme an
ggT3261: Abstimmungsanfrage erhalten - nehme an
ggT3261: Abstimmungsanfrage erhalten - nehme an
ggT3261: Abstimmungsanfrage erhalten - nehme an
ggT3261: Abstimmungsanfrage erhalten - nehme an
ggT3261: Abstimmungsanfrage erhalten - nehme an
ggT3261: Abstimmungsanfrage erhalten - nehme an
ggT3261: Abstimmungsanfrage erhalten - nehme an
ggT3261: Abstimmungsanfrage erhalten - nehme an
ggT3261: Abstimmung erfolgreich beendet
ggT3261: Mi auf 2950233 gesetzt
ggT3261: Abstimmungsanfrage erhalten - lehne ab
ggT3261: Starte Abstimmung
ggT3261: Abstimmungsanfrage erhalten - nehme an
ggT3261: Berechne Mi: 2950233 Y: 242
ggT3261: Berechne Mi: 11 Y: 187
ggT3261: Starte Abstimmung
ggT3261: Berechne Mi: 11 Y: 121
ggT3261: Berechne Mi: 11 Y: 11
ggT3261: Starte Abstimmung
ggT3261: Abstimmungsanfrage erhalten - nehme an
ggT3261: Berechne Mi: 11 Y: 11
ggT3261: Starte Abstimmung
ggT3261: Abstimmungsanfrage erhalten - nehme an
ggT3261: Abstimmungsanfrage erhalten - nehme an
ggT3261: Abstimmungsanfrage erhalten - nehme an
ggT3261: Abstimmungsanfrage erhalten - nehme an
ggT3261: Abstimmungsanfrage erhalten - nehme an
ggT3261: Abstimmungsanfrage erhalten - nehme an
ggT3261: Abstimmungsanfrage erhalten - nehme an
ggT3261: Abstimmungsanfrage erhalten - nehme an
ggT3261: Abstimmungsanfrage erhalten - nehme an
ggT3261: Abstimmungsanfrage erhalten - nehme an
ggT3261: Abstimmungsanfrage erhalten - nehme an
ggT3261: Abstimmungsanfrage erhalten - nehme an
ggT3261: Abstimmungsanfrage erhalten - nehme an
ggT3261: Abstimmungsanfrage erhalten - nehme an
ggT3261: Abstimmungsanfrage erhalten - nehme an
ggT3261: Abstimmungsanfrage erhalten - nehme an
ggT3261: Abstimmungsanfrage erhalten - nehme an
ggT3261: Abstimmungsanfrage erhalten - nehme an
ggT3261: Abstimmungsanfrage erhalten - nehme an
ggT3261: Abstimmung erfolgreich beendet
ggT3261: Abstimmung erfolgreich beendet
ggT3261: Abstimmungsanfrage erhalten - nehme an
ggT3261: Beendet
Name ggT3261 erfolgreich registriert
ggT3261: linker Nachbar ggT3221 ich: ggT3261 rechter Nachbar ggT32111
ggT3261: Mi auf 722085 gesetzt
ggT3261: Berechne Mi: 722085 Y: 13209
ggT3261: Abstimmungsanfrage erhalten - lehne ab
ggT3261: Starte Abstimmung
ggT3261: Berechne Mi: 8799 Y: 889
ggT3261: Berechne Mi: 798 Y: 189
ggT3261: Berechne Mi: 42 Y: 35
ggT3261: Abstimmungsanfrage erhalten - lehne ab
ggT3261: Berechne Mi: 7 Y: 203
ggT3261: Berechne Mi: 7 Y: 35
ggT3261: Berechne Mi: 7 Y: 7
ggT3261: Starte Abstimmung
ggT3261: Berechne Mi: 7 Y: 7
ggT3261: Starte Abstimmung
ggT3261: Abstimmungsanfrage erhalten - nehme an
ggT3261: Abstimmungsanfrage erhalten - nehme an
ggT3261: Abstimmungsanfrage erhalten - nehme an
ggT3261: Abstimmungsanfrage erhalten - nehme an
ggT3261: Abstimmungsanfrage erhalten - nehme an
ggT3261: Abstimmungsanfrage erhalten - nehme an
ggT3261: Abstimmungsanfrage erhalten - nehme an
ggT3261: Beendet
