Name ggT3271 erfolgreich registriert
ggT3271: linker Nachbar ggT32151 ich: ggT3271 rechter Nachbar ggT32161
ggT3271: Mi auf 58190 gesetzt
ggT3271: Berechne Mi: 58190 Y: 1732590
ggT3271: Berechne Mi: 58190 Y: 9660
ggT3271: Berechne Mi: 230 Y: 90
ggT3271: Berechne Mi: 50 Y: 230
ggT3271: Berechne Mi: 50 Y: 30
ggT3271: Berechne Mi: 20 Y: 20
ggT3271: Berechne Mi: 20 Y: 10
ggT3271: Berechne Mi: 10 Y: 10
ggT3271: Abstimmungsanfrage erhalten - nehme an
ggT3271: Abstimmungsanfrage erhalten - nehme an
ggT3271: Abstimmungsanfrage erhalten - nehme an
ggT3271: Abstimmungsanfrage erhalten - nehme an
ggT3271: Abstimmungsanfrage erhalten - nehme an
ggT3271: Abstimmungsanfrage erhalten - nehme an
ggT3271: Abstimmungsanfrage erhalten - nehme an
ggT3271: Mi auf 90525125 gesetzt
ggT3271: Berechne Mi: 90525125 Y: 82995
ggT3271: Berechne Mi: 60575 Y: 11715
ggT3271: Berechne Mi: 2000 Y: 45325
ggT3271: Berechne Mi: 2000 Y: 755
ggT3271: Berechne Mi: 490 Y: 1325
ggT3271: Berechne Mi: 490 Y: 265
ggT3271: Berechne Mi: 225 Y: 345
ggT3271: Berechne Mi: 225 Y: 40
ggT3271: Berechne Mi: 25 Y: 120
ggT3271: Berechne Mi: 25 Y: 10
ggT3271: Berechne Mi: 5 Y: 10
ggT3271: Berechne Mi: 5 Y: 5
ggT3271: Berechne Mi: 5 Y: 5
ggT3271: Abstimmungsanfrage erhalten - nehme an
ggT3271: Abstimmungsanfrage erhalten - nehme an
ggT3271: Abstimmungsanfrage erhalten - nehme an
ggT3271: Abstimmungsanfrage erhalten - nehme an
Name ggT3271 erfolgreich registriert
ggT3271: linker Nachbar ggT3291 ich: ggT3271 rechter Nachbar ggT32161
ggT3271: Mi auf 30827475 gesetzt
ggT3271: Berechne Mi: 30827475 Y: 105
ggT3271: Berechne Mi: 105 Y: 49
ggT3271: Berechne Mi: 7 Y: 7
ggT3271: Berechne Mi: 7 Y: 7
ggT3271: Abstimmungsanfrage erhalten - nehme an
ggT3271: Abstimmungsanfrage erhalten - nehme an
ggT3271: Abstimmungsanfrage erhalten - nehme an
ggT3271: Abstimmungsanfrage erhalten - nehme an
