Name ggT32121 erfolgreich registriert
ggT32121: linker Nachbar ggT3231 ich: ggT32121 rechter Nachbar ggT3281
ggT32121: Mi auf 74750 gesetzt
ggT32121: Abstimmungsanfrage erhalten - lehne ab
ggT32121: Starte Abstimmung
ggT32121: Abstimmungsanfrage erhalten - nehme an
ggT32121: Abstimmungsanfrage erhalten - nehme an
ggT32121: Berechne Mi: 74750 Y: 22840
ggT32121: Abstimmungsanfrage erhalten - lehne ab
ggT32121: Starte Abstimmung
ggT32121: Berechne Mi: 6230 Y: 1150
ggT32121: Berechne Mi: 480 Y: 3250
ggT32121: Berechne Mi: 480 Y: 230
ggT32121: Berechne Mi: 20 Y: 10
ggT32121: Abstimmungsanfrage erhalten - lehne ab
ggT32121: Berechne Mi: 10 Y: 10
ggT32121: Abstimmungsanfrage erhalten - lehne ab
ggT32121: Abstimmungsanfrage erhalten - nehme an
ggT32121: Abstimmungsanfrage erhalten - nehme an
ggT32121: Abstimmungsanfrage erhalten - nehme an
ggT32121: Abstimmungsanfrage erhalten - nehme an
ggT32121: Abstimmungsanfrage erhalten - nehme an
ggT32121: Abstimmungsanfrage erhalten - nehme an
ggT32121: Abstimmungsanfrage erhalten - nehme an
ggT32121: Abstimmungsanfrage erhalten - nehme an
ggT32121: Abstimmungsanfrage erhalten - nehme an
ggT32121: Abstimmungsanfrage erhalten - nehme an
ggT32121: Abstimmungsanfrage erhalten - nehme an
ggT32121: Abstimmungsanfrage erhalten - nehme an
ggT32121: Abstimmungsanfrage erhalten - nehme an
ggT32121: Abstimmungsanfrage erhalten - nehme an
ggT32121: Abstimmungsanfrage erhalten - nehme an
ggT32121: Abstimmungsanfrage erhalten - nehme an
ggT32121: Abstimmungsanfrage erhalten - nehme an
ggT32121: Abstimmungsanfrage erhalten - nehme an
ggT32121: Abstimmungsanfrage erhalten - nehme an
ggT32121: Abstimmungsanfrage erhalten - nehme an
ggT32121: Abstimmungsanfrage erhalten - nehme an
ggT32121: Mi auf 1792397475 gesetzt
ggT32121: Berechne Mi: 1792397475 Y: 2147413400
ggT32121: Starte Abstimmung
ggT32121: Abstimmungsanfrage erhalten - nehme an
ggT32121: Berechne Mi: 1792397475 Y: 13574
ggT32121: Starte Abstimmung
ggT32121: Berechne Mi: 5071 Y: 4026
ggT32121: Berechne Mi: 1045 Y: 3432
ggT32121: Abstimmungsanfrage erhalten - lehne ab
ggT32121: Berechne Mi: 1045 Y: 297
ggT32121: Berechne Mi: 154 Y: 891
ggT32121: Abstimmungsanfrage erhalten - lehne ab
ggT32121: Berechne Mi: 154 Y: 33
ggT32121: Berechne Mi: 22 Y: 22
ggT32121: Starte Abstimmung
ggT32121: Abstimmungsanfrage erhalten - nehme an
ggT32121: Abstimmungsanfrage erhalten - nehme an
ggT32121: Berechne Mi: 22 Y: 11
ggT32121: Berechne Mi: 11 Y: 11
ggT32121: Starte Abstimmung
ggT32121: Abstimmungsanfrage erhalten - nehme an
ggT32121: Abstimmungsanfrage erhalten - nehme an
ggT32121: Abstimmungsanfrage erhalten - nehme an
ggT32121: Abstimmungsanfrage erhalten - nehme an
ggT32121: Abstimmungsanfrage erhalten - nehme an
ggT32121: Abstimmungsanfrage erhalten - nehme an
ggT32121: Abstimmungsanfrage erhalten - nehme an
ggT32121: Abstimmungsanfrage erhalten - nehme an
ggT32121: Abstimmungsanfrage erhalten - nehme an
ggT32121: Abstimmungsanfrage erhalten - nehme an
ggT32121: Abstimmungsanfrage erhalten - nehme an
ggT32121: Abstimmungsanfrage erhalten - nehme an
ggT32121: Abstimmungsanfrage erhalten - nehme an
ggT32121: Abstimmungsanfrage erhalten - nehme an
ggT32121: Abstimmungsanfrage erhalten - nehme an
ggT32121: Abstimmungsanfrage erhalten - nehme an
ggT32121: Abstimmungsanfrage erhalten - nehme an
ggT32121: Abstimmungsanfrage erhalten - nehme an
ggT32121: Abstimmungsanfrage erhalten - nehme an
ggT32121: Abstimmungsanfrage erhalten - nehme an
ggT32121: Abstimmung erfolgreich beendet
ggT32121: Beendet
Name ggT32121 erfolgreich registriert
ggT32121: linker Nachbar ggT32161 ich: ggT32121 rechter Nachbar ggT32141
ggT32121: Mi auf 5797715 gesetzt
ggT32121: Berechne Mi: 5797715 Y: 49
ggT32121: Abstimmungsanfrage erhalten - lehne ab
ggT32121: Berechne Mi: 35 Y: 35
ggT32121: Starte Abstimmung
ggT32121: Berechne Mi: 35 Y: 14
ggT32121: Berechne Mi: 7 Y: 7
ggT32121: Berechne Mi: 7 Y: 7
ggT32121: Starte Abstimmung
ggT32121: Abstimmungsanfrage erhalten - nehme an
ggT32121: Abstimmungsanfrage erhalten - nehme an
ggT32121: Abstimmungsanfrage erhalten - nehme an
ggT32121: Abstimmungsanfrage erhalten - nehme an
ggT32121: Abstimmungsanfrage erhalten - nehme an
ggT32121: Abstimmungsanfrage erhalten - nehme an
ggT32121: Abstimmungsanfrage erhalten - nehme an
ggT32121: Abstimmungsanfrage erhalten - nehme an
ggT32121: Abstimmungsanfrage erhalten - nehme an
ggT32121: Abstimmungsanfrage erhalten - nehme an
ggT32121: Abstimmungsanfrage erhalten - nehme an
ggT32121: Abstimmungsanfrage erhalten - nehme an
ggT32121: Beendet
