Name ggT3291 erfolgreich registriert
ggT3291: linker Nachbar ggT32171 ich: ggT3291 rechter Nachbar ggT3271
ggT3291: Mi auf 349830 gesetzt
ggT3291: Abstimmungsanfrage erhalten - lehne ab
ggT3291: Starte Abstimmung
ggT3291: Berechne Mi: 349830 Y: 70
ggT3291: Starte Abstimmung
ggT3291: Berechne Mi: 40 Y: 10
ggT3291: Berechne Mi: 10 Y: 30
ggT3291: Abstimmungsanfrage erhalten - lehne ab
ggT3291: Abstimmungsanfrage erhalten - nehme an
ggT3291: Abstimmungsanfrage erhalten - nehme an
ggT3291: Abstimmungsanfrage erhalten - nehme an
ggT3291: Abstimmungsanfrage erhalten - nehme an
ggT3291: Abstimmungsanfrage erhalten - nehme an
ggT3291: Berechne Mi: 10 Y: 10
ggT3291: Starte Abstimmung
ggT3291: Abstimmungsanfrage erhalten - nehme an
ggT3291: Abstimmungsanfrage erhalten - nehme an
ggT3291: Abstimmungsanfrage erhalten - nehme an
ggT3291: Abstimmungsanfrage erhalten - nehme an
ggT3291: Abstimmungsanfrage erhalten - nehme an
ggT3291: Abstimmungsanfrage erhalten - nehme an
ggT3291: Abstimmungsanfrage erhalten - nehme an
ggT3291: Abstimmungsanfrage erhalten - nehme an
ggT3291: Abstimmungsanfrage erhalten - nehme an
ggT3291: Abstimmungsanfrage erhalten - nehme an
ggT3291: Abstimmungsanfrage erhalten - nehme an
ggT3291: Abstimmungsanfrage erhalten - nehme an
ggT3291: Abstimmungsanfrage erhalten - nehme an
ggT3291: Abstimmungsanfrage erhalten - nehme an
ggT3291: Abstimmungsanfrage erhalten - nehme an
ggT3291: Abstimmungsanfrage erhalten - nehme an
ggT3291: Abstimmung erfolgreich beendet
ggT3291: Abstimmungsanfrage erhalten - nehme an
ggT3291: Mi auf 3714678825 gesetzt
ggT3291: Abstimmungsanfrage erhalten - lehne ab
ggT3291: Starte Abstimmung
ggT3291: Berechne Mi: 3714678825 Y: 77330
ggT3291: Starte Abstimmung
ggT3291: Berechne Mi: 54945 Y: 10175
ggT3291: Berechne Mi: 4070 Y: 2442
ggT3291: Abstimmungsanfrage erhalten - lehne ab
ggT3291: Berechne Mi: 1628 Y: 2035
ggT3291: Berechne Mi: 1628 Y: 1221
ggT3291: Berechne Mi: 407 Y: 407
ggT3291: Berechne Mi: 407 Y: 165
ggT3291: Abstimmungsanfrage erhalten - lehne ab
ggT3291: Berechne Mi: 77 Y: 154
ggT3291: Berechne Mi: 77 Y: 11
ggT3291: Berechne Mi: 11 Y: 22
ggT3291: Abstimmungsanfrage erhalten - lehne ab
ggT3291: Abstimmungsanfrage erhalten - nehme an
ggT3291: Berechne Mi: 11 Y: 11
ggT3291: Abstimmungsanfrage erhalten - lehne ab
ggT3291: Abstimmungsanfrage erhalten - nehme an
ggT3291: Abstimmungsanfrage erhalten - nehme an
ggT3291: Abstimmungsanfrage erhalten - nehme an
ggT3291: Abstimmungsanfrage erhalten - nehme an
ggT3291: Abstimmungsanfrage erhalten - nehme an
ggT3291: Abstimmungsanfrage erhalten - nehme an
ggT3291: Abstimmungsanfrage erhalten - nehme an
ggT3291: Abstimmungsanfrage erhalten - nehme an
ggT3291: Abstimmungsanfrage erhalten - nehme an
ggT3291: Abstimmungsanfrage erhalten - nehme an
ggT3291: Abstimmungsanfrage erhalten - nehme an
ggT3291: Abstimmungsanfrage erhalten - nehme an
ggT3291: Abstimmungsanfrage erhalten - nehme an
ggT3291: Abstimmungsanfrage erhalten - nehme an
ggT3291: Abstimmungsanfrage erhalten - nehme an
ggT3291: Abstimmungsanfrage erhalten - nehme an
ggT3291: Abstimmungsanfrage erhalten - nehme an
ggT3291: Abstimmungsanfrage erhalten - nehme an
ggT3291: Abstimmungsanfrage erhalten - nehme an
ggT3291: Abstimmungsanfrage erhalten - nehme an
ggT3291: Abstimmungsanfrage erhalten - nehme an
ggT3291: Abstimmungsanfrage erhalten - nehme an
ggT3291: Abstimmungsanfrage erhalten - nehme an
ggT3291: Beendet
Name ggT3291 erfolgreich registriert
ggT3291: linker Nachbar ggT32101 ich: ggT3291 rechter Nachbar ggT32161
ggT3291: Mi auf 30827475 gesetzt
ggT3291: Berechne Mi: 30827475 Y: 105
ggT3291: Abstimmungsanfrage erhalten - lehne ab
ggT3291: Berechne Mi: 105 Y: 49
ggT3291: Berechne Mi: 7 Y: 7
ggT3291: Starte Abstimmung
ggT3291: Berechne Mi: 7 Y: 14
ggT3291: Abstimmungsanfrage erhalten - lehne ab
ggT3291: Starte Abstimmung
ggT3291: Abstimmungsanfrage erhalten - nehme an
ggT3291: Abstimmungsanfrage erhalten - nehme an
ggT3291: Berechne Mi: 7 Y: 7
ggT3291: Starte Abstimmung
ggT3291: Abstimmungsanfrage erhalten - nehme an
ggT3291: Abstimmungsanfrage erhalten - nehme an
ggT3291: Abstimmungsanfrage erhalten - nehme an
ggT3291: Abstimmungsanfrage erhalten - nehme an
ggT3291: Abstimmungsanfrage erhalten - nehme an
ggT3291: Abstimmungsanfrage erhalten - nehme an
ggT3291: Abstimmungsanfrage erhalten - nehme an
ggT3291: Abstimmungsanfrage erhalten - nehme an
ggT3291: Abstimmungsanfrage erhalten - nehme an
ggT3291: Beendet
