Name ggT32161 erfolgreich registriert
ggT32161: linker Nachbar ggT3271 ich: ggT32161 rechter Nachbar ggT3251
ggT32161: Mi auf 7400250 gesetzt
ggT32161: Berechne Mi: 7400250 Y: 1889220
ggT32161: Berechne Mi: 1732590 Y: 156630
ggT32161: Berechne Mi: 9660 Y: 230
ggT32161: Berechne Mi: 230 Y: 2070
ggT32161: Berechne Mi: 230 Y: 50
ggT32161: Berechne Mi: 30 Y: 230
ggT32161: Berechne Mi: 30 Y: 20
ggT32161: Berechne Mi: 10 Y: 10
ggT32161: Berechne Mi: 10 Y: 10
ggT32161: Abstimmungsanfrage erhalten - nehme an
ggT32161: Abstimmungsanfrage erhalten - nehme an
ggT32161: Abstimmungsanfrage erhalten - nehme an
ggT32161: Abstimmungsanfrage erhalten - nehme an
ggT32161: Abstimmungsanfrage erhalten - nehme an
ggT32161: Abstimmungsanfrage erhalten - nehme an
ggT32161: Abstimmungsanfrage erhalten - nehme an
ggT32161: Mi auf 284625 gesetzt
ggT32161: Berechne Mi: 284625 Y: 100815
ggT32161: Berechne Mi: 82995 Y: 17820
ggT32161: Berechne Mi: 11715 Y: 60575
ggT32161: Berechne Mi: 11715 Y: 5480
ggT32161: Berechne Mi: 755 Y: 2000
ggT32161: Berechne Mi: 755 Y: 800
ggT32161: Berechne Mi: 755 Y: 490
ggT32161: Berechne Mi: 265 Y: 45
ggT32161: Berechne Mi: 40 Y: 225
ggT32161: Berechne Mi: 40 Y: 10
ggT32161: Berechne Mi: 10 Y: 25
ggT32161: Berechne Mi: 10 Y: 5
ggT32161: Berechne Mi: 5 Y: 5
ggT32161: Abstimmungsanfrage erhalten - nehme an
ggT32161: Abstimmungsanfrage erhalten - nehme an
ggT32161: Abstimmungsanfrage erhalten - nehme an
ggT32161: Abstimmungsanfrage erhalten - nehme an
Name ggT32161 erfolgreich registriert
ggT32161: linker Nachbar ggT3271 ich: ggT32161 rechter Nachbar ggT32191
ggT32161: Mi auf 259 gesetzt
ggT32161: Berechne Mi: 259 Y: 105
ggT32161: Berechne Mi: 49 Y: 7
ggT32161: Berechne Mi: 7 Y: 35
ggT32161: Berechne Mi: 7 Y: 7
ggT32161: Abstimmungsanfrage erhalten - nehme an
ggT32161: Abstimmungsanfrage erhalten - nehme an
ggT32161: Abstimmungsanfrage erhalten - nehme an
ggT32161: Abstimmungsanfrage erhalten - nehme an
