Name ggT32191 erfolgreich registriert
ggT32191: linker Nachbar ggT32101 ich: ggT32191 rechter Nachbar ggT3221
ggT32191: Mi auf 1058235750 gesetzt
ggT32191: Berechne Mi: 1058235750 Y: 30
ggT32191: Abstimmungsanfrage erhalten - lehne ab
ggT32191: Abstimmungsanfrage erhalten - nehme an
ggT32191: Abstimmungsanfrage erhalten - nehme an
ggT32191: Berechne Mi: 30 Y: 30
ggT32191: Starte Abstimmung
ggT32191: Abstimmungsanfrage erhalten - nehme an
ggT32191: Abstimmungsanfrage erhalten - nehme an
ggT32191: Berechne Mi: 30 Y: 10
ggT32191: Abstimmungsanfrage erhalten - lehne ab
ggT32191: Berechne Mi: 10 Y: 10
ggT32191: Starte Abstimmung
ggT32191: Abstimmungsanfrage erhalten - nehme an
ggT32191: Abstimmungsanfrage erhalten - nehme an
ggT32191: Abstimmungsanfrage erhalten - nehme an
ggT32191: Abstimmungsanfrage erhalten - nehme an
ggT32191: Abstimmungsanfrage erhalten - nehme an
ggT32191: Abstimmungsanfrage erhalten - nehme an
ggT32191: Abstimmungsanfrage erhalten - nehme an
ggT32191: Abstimmungsanfrage erhalten - nehme an
ggT32191: Abstimmungsanfrage erhalten - nehme an
ggT32191: Abstimmungsanfrage erhalten - nehme an
ggT32191: Abstimmungsanfrage erhalten - nehme an
ggT32191: Abstimmungsanfrage erhalten - nehme an
ggT32191: Abstimmungsanfrage erhalten - nehme an
ggT32191: Abstimmungsanfrage erhalten - nehme an
ggT32191: Abstimmungsanfrage erhalten - nehme an
ggT32191: Abstimmungsanfrage erhalten - nehme an
ggT32191: Abstimmungsanfrage erhalten - nehme an
ggT32191: Abstimmungsanfrage erhalten - nehme an
ggT32191: Abstimmung erfolgreich beendet
ggT32191: Abstimmungsanfrage erhalten - nehme an
ggT32191: Mi auf 86515 gesetzt
ggT32191: Berechne Mi: 86515 Y: 1221
ggT32191: Starte Abstimmung
ggT32191: Berechne Mi: 1045 Y: 715
ggT32191: Berechne Mi: 330 Y: 176
ggT32191: Abstimmungsanfrage erhalten - lehne ab
ggT32191: Berechne Mi: 154 Y: 55
ggT32191: Berechne Mi: 44 Y: 11
ggT32191: Abstimmungsanfrage erhalten - lehne ab
ggT32191: Abstimmungsanfrage erhalten - nehme an
ggT32191: Abstimmungsanfrage erhalten - nehme an
ggT32191: Abstimmungsanfrage erhalten - nehme an
ggT32191: Abstimmungsanfrage erhalten - nehme an
ggT32191: Abstimmungsanfrage erhalten - nehme an
ggT32191: Abstimmungsanfrage erhalten - nehme an
ggT32191: Abstimmungsanfrage erhalten - nehme an
ggT32191: Abstimmungsanfrage erhalten - nehme an
ggT32191: Abstimmungsanfrage erhalten - nehme an
ggT32191: Abstimmungsanfrage erhalten - nehme an
ggT32191: Abstimmungsanfrage erhalten - nehme an
ggT32191: Abstimmungsanfrage erhalten - nehme an
ggT32191: Abstimmungsanfrage erhalten - nehme an
ggT32191: Abstimmungsanfrage erhalten - nehme an
ggT32191: Abstimmungsanfrage erhalten - nehme an
ggT32191: Abstimmungsanfrage erhalten - nehme an
ggT32191: Abstimmungsanfrage erhalten - nehme an
ggT32191: Abstimmungsanfrage erhalten - nehme an
ggT32191: Abstimmungsanfrage erhalten - nehme an
ggT32191: Abstimmungsanfrage erhalten - nehme an
ggT32191: Abstimmungsanfrage erhalten - nehme an
ggT32191: Abstimmungsanfrage erhalten - nehme an
ggT32191: Berechne Mi: 11 Y: 11
ggT32191: Starte Abstimmung
ggT32191: Beendet
Name ggT32191 erfolgreich registriert
ggT32191: linker Nachbar ggT3241 ich: ggT32191 rechter Nachbar ggT3281
ggT32191: Mi auf 26481455 gesetzt
ggT32191: Abstimmungsanfrage erhalten - lehne ab
ggT32191: Starte Abstimmung
ggT32191: Berechne Mi: 26481455 Y: 3084081
ggT32191: Starte Abstimmung
ggT32191: Berechne Mi: 1808807 Y: 1275274
ggT32191: Berechne Mi: 533533 Y: 1314313
ggT32191: Abstimmungsanfrage erhalten - lehne ab
ggT32191: Berechne Mi: 533533 Y: 208208
ggT32191: Berechne Mi: 117117 Y: 247247
ggT32191: Berechne Mi: 117117 Y: 308
ggT32191: Berechne Mi: 77 Y: 13013
ggT32191: Berechne Mi: 77 Y: 28
ggT32191: Berechne Mi: 21 Y: 77
ggT32191: Berechne Mi: 21 Y: 7
ggT32191: Berechne Mi: 7 Y: 14
ggT32191: Starte Abstimmung
ggT32191: Berechne Mi: 7 Y: 7
ggT32191: Starte Abstimmung
ggT32191: Abstimmungsanfrage erhalten - nehme an
ggT32191: Abstimmungsanfrage erhalten - nehme an
ggT32191: Beendet
