Name ggT3251 erfolgreich registriert
ggT3251: linker Nachbar ggT32141 ich: ggT3251 rechter Nachbar ggT32151
ggT3251: Mi auf 58190 gesetzt
ggT3251: Berechne Mi: 58190 Y: 1732590
ggT3251: Starte Abstimmung
ggT3251: Berechne Mi: 58190 Y: 9660
ggT3251: Abstimmungsanfrage erhalten - lehne ab
ggT3251: Berechne Mi: 230 Y: 230
ggT3251: Berechne Mi: 230 Y: 90
ggT3251: Abstimmungsanfrage erhalten - lehne ab
ggT3251: Starte Abstimmung
ggT3251: Berechne Mi: 50 Y: 30
ggT3251: Berechne Mi: 20 Y: 20
ggT3251: Abstimmungsanfrage erhalten - lehne ab
ggT3251: Starte Abstimmung
ggT3251: Berechne Mi: 20 Y: 10
ggT3251: Berechne Mi: 10 Y: 10
ggT3251: Abstimmungsanfrage erhalten - lehne ab
ggT3251: Starte Abstimmung
ggT3251: Abstimmungsanfrage erhalten - nehme an
ggT3251: Abstimmungsanfrage erhalten - nehme an
ggT3251: Abstimmungsanfrage erhalten - nehme an
ggT3251: Abstimmungsanfrage erhalten - nehme an
ggT3251: Abstimmungsanfrage erhalten - nehme an
ggT3251: Abstimmungsanfrage erhalten - nehme an
ggT3251: Abstimmungsanfrage erhalten - nehme an
ggT3251: Abstimmungsanfrage erhalten - nehme an
ggT3251: Abstimmungsanfrage erhalten - nehme an
ggT3251: Abstimmungsanfrage erhalten - nehme an
ggT3251: Abstimmungsanfrage erhalten - nehme an
ggT3251: Abstimmungsanfrage erhalten - nehme an
ggT3251: Abstimmungsanfrage erhalten - nehme an
ggT3251: Abstimmungsanfrage erhalten - nehme an
ggT3251: Abstimmungsanfrage erhalten - nehme an
ggT3251: Abstimmungsanfrage erhalten - nehme an
ggT3251: Abstimmungsanfrage erhalten - nehme an
ggT3251: Abstimmungsanfrage erhalten - nehme an
ggT3251: Abstimmungsanfrage erhalten - nehme an
ggT3251: Abstimmungsanfrage erhalten - nehme an
ggT3251: Abstimmungsanfrage erhalten - nehme an
ggT3251: Abstimmung erfolgreich beendet
ggT3251: Abstimmungsanfrage erhalten - nehme an
ggT3251: Mi auf 199155275 gesetzt
ggT3251: Berechne Mi: 199155275 Y: 182589
ggT3251: Starte Abstimmung
ggT3251: Berechne Mi: 133265 Y: 49324
ggT3251: Berechne Mi: 34617 Y: 99715
ggT3251: Abstimmungsanfrage erhalten - lehne ab
ggT3251: Berechne Mi: 34617 Y: 10120
ggT3251: Berechne Mi: 4257 Y: 22385
ggT3251: Berechne Mi: 4257 Y: 1320
ggT3251: Berechne Mi: 297 Y: 2035
ggT3251: Abstimmungsanfrage erhalten - lehne ab
ggT3251: Berechne Mi: 297 Y: 220
ggT3251: Berechne Mi: 77 Y: 253
ggT3251: Starte Abstimmung
ggT3251: Berechne Mi: 77 Y: 22
ggT3251: Berechne Mi: 11 Y: 66
ggT3251: Abstimmungsanfrage erhalten - lehne ab
ggT3251: Berechne Mi: 11 Y: 11
ggT3251: Starte Abstimmung
ggT3251: Berechne Mi: 11 Y: 11
ggT3251: Starte Abstimmung
ggT3251: Abstimmungsanfrage erhalten - nehme an
ggT3251: Abstimmungsanfrage erhalten - nehme an
ggT3251: Abstimmungsanfrage erhalten - nehme an
ggT3251: Abstimmungsanfrage erhalten - nehme an
ggT3251: Abstimmungsanfrage erhalten - nehme an
ggT3251: Abstimmungsanfrage erhalten - nehme an
ggT3251: Abstimmungsanfrage erhalten - nehme an
ggT3251: Abstimmungsanfrage erhalten - nehme an
ggT3251: Abstimmungsanfrage erhalten - nehme an
ggT3251: Abstimmungsanfrage erhalten - nehme an
ggT3251: Abstimmungsanfrage erhalten - nehme an
ggT3251: Abstimmungsanfrage erhalten - nehme an
ggT3251: Abstimmungsanfrage erhalten - nehme an
ggT3251: Abstimmungsanfrage erhalten - nehme an
ggT3251: Abstimmungsanfrage erhalten - nehme an
ggT3251: Abstimmungsanfrage erhalten - nehme an
ggT3251: Abstimmungsanfrage erhalten - nehme an
ggT3251: Abstimmungsanfrage erhalten - nehme an
ggT3251: Abstimmungsanfrage erhalten - nehme an
ggT3251: Abstimmungsanfrage erhalten - nehme an
ggT3251: Abstimmung erfolgreich beendet
ggT3251: Abstimmung erfolgreich beendet
ggT3251: Abstimmungsanfrage erhalten - nehme an
ggT3251: Beendet
Name ggT3251 erfolgreich registriert
ggT3251: linker Nachbar ggT32151 ich: ggT3251 rechter Nachbar ggT3221
ggT3251: Mi auf 1018325 gesetzt
ggT3251: Berechne Mi: 1018325 Y: 13209
ggT3251: Starte Abstimmung
ggT3251: Berechne Mi: 1232 Y: 889
ggT3251: Berechne Mi: 343 Y: 609
ggT3251: Abstimmungsanfrage erhalten - lehne ab
ggT3251: Berechne Mi: 343 Y: 266
ggT3251: Berechne Mi: 77 Y: 203
ggT3251: Starte Abstimmung
ggT3251: Berechne Mi: 77 Y: 35
ggT3251: Berechne Mi: 7 Y: 35
ggT3251: Abstimmungsanfrage erhalten - lehne ab
ggT3251: Starte Abstimmung
ggT3251: Berechne Mi: 7 Y: 7
ggT3251: Berechne Mi: 7 Y: 7
ggT3251: Starte Abstimmung
ggT3251: Abstimmungsanfrage erhalten - nehme an
ggT3251: Abstimmungsanfrage erhalten - nehme an
ggT3251: Abstimmungsanfrage erhalten - nehme an
ggT3251: Abstimmungsanfrage erhalten - nehme an
ggT3251: Abstimmungsanfrage erhalten - nehme an
ggT3251: Abstimmungsanfrage erhalten - nehme an
ggT3251: Abstimmungsanfrage erhalten - nehme an
ggT3251: Beendet
