Name ggT32171 erfolgreich registriert
ggT32171: linker Nachbar ggT3221 ich: ggT32171 rechter Nachbar ggT3291
ggT32171: Mi auf 10350 gesetzt
ggT32171: Abstimmungsanfrage erhalten - lehne ab
ggT32171: Starte Abstimmung
ggT32171: Berechne Mi: 10350 Y: 40
ggT32171: Starte Abstimmung
ggT32171: Berechne Mi: 30 Y: 30
ggT32171: Starte Abstimmung
ggT32171: Abstimmungsanfrage erhalten - nehme an
ggT32171: Abstimmungsanfrage erhalten - nehme an
ggT32171: Abstimmungsanfrage erhalten - nehme an
ggT32171: Abstimmungsanfrage erhalten - nehme an
ggT32171: Berechne Mi: 30 Y: 10
ggT32171: Abstimmungsanfrage erhalten - lehne ab
ggT32171: Starte Abstimmung
ggT32171: Berechne Mi: 10 Y: 10
ggT32171: Starte Abstimmung
ggT32171: Abstimmungsanfrage erhalten - nehme an
ggT32171: Abstimmungsanfrage erhalten - nehme an
ggT32171: Abstimmungsanfrage erhalten - nehme an
ggT32171: Abstimmungsanfrage erhalten - nehme an
ggT32171: Abstimmungsanfrage erhalten - nehme an
ggT32171: Abstimmungsanfrage erhalten - nehme an
ggT32171: Abstimmungsanfrage erhalten - nehme an
ggT32171: Abstimmungsanfrage erhalten - nehme an
ggT32171: Abstimmungsanfrage erhalten - nehme an
ggT32171: Abstimmungsanfrage erhalten - nehme an
ggT32171: Abstimmungsanfrage erhalten - nehme an
ggT32171: Abstimmungsanfrage erhalten - nehme an
ggT32171: Abstimmungsanfrage erhalten - nehme an
ggT32171: Abstimmungsanfrage erhalten - nehme an
ggT32171: Abstimmungsanfrage erhalten - nehme an
ggT32171: Abstimmungsanfrage erhalten - nehme an
ggT32171: Abstimmung erfolgreich beendet
ggT32171: Abstimmung erfolgreich beendet
ggT32171: Abstimmung erfolgreich beendet
ggT32171: Mi auf 92364987 gesetzt
ggT32171: Abstimmungsanfrage erhalten - lehne ab
ggT32171: Starte Abstimmung
ggT32171: Berechne Mi: 92364987 Y: 54945
ggT32171: Starte Abstimmung
ggT32171: Berechne Mi: 2442 Y: 4070
ggT32171: Berechne Mi: 2442 Y: 1221
ggT32171: Abstimmungsanfrage erhalten - lehne ab
ggT32171: Berechne Mi: 1221 Y: 1628
ggT32171: Berechne Mi: 1221 Y: 176
ggT32171: Berechne Mi: 165 Y: 407
ggT32171: Starte Abstimmung
ggT32171: Berechne Mi: 165 Y: 11
ggT32171: Abstimmungsanfrage erhalten - lehne ab
ggT32171: Berechne Mi: 11 Y: 77
ggT32171: Abstimmungsanfrage erhalten - lehne ab
ggT32171: Starte Abstimmung
ggT32171: Abstimmungsanfrage erhalten - nehme an
ggT32171: Berechne Mi: 11 Y: 11
ggT32171: Starte Abstimmung
ggT32171: Abstimmungsanfrage erhalten - nehme an
ggT32171: Abstimmungsanfrage erhalten - nehme an
ggT32171: Abstimmungsanfrage erhalten - nehme an
ggT32171: Abstimmungsanfrage erhalten - nehme an
ggT32171: Abstimmungsanfrage erhalten - nehme an
ggT32171: Abstimmungsanfrage erhalten - nehme an
ggT32171: Abstimmungsanfrage erhalten - nehme an
ggT32171: Abstimmungsanfrage erhalten - nehme an
ggT32171: Abstimmungsanfrage erhalten - nehme an
ggT32171: Abstimmungsanfrage erhalten - nehme an
ggT32171: Abstimmungsanfrage erhalten - nehme an
ggT32171: Abstimmungsanfrage erhalten - nehme an
ggT32171: Abstimmungsanfrage erhalten - nehme an
ggT32171: Abstimmungsanfrage erhalten - nehme an
ggT32171: Abstimmungsanfrage erhalten - nehme an
ggT32171: Abstimmungsanfrage erhalten - nehme an
ggT32171: Abstimmungsanfrage erhalten - nehme an
ggT32171: Abstimmungsanfrage erhalten - nehme an
ggT32171: Abstimmungsanfrage erhalten - nehme an
ggT32171: Abstimmungsanfrage erhalten - nehme an
ggT32171: Abstimmungsanfrage erhalten - nehme an
ggT32171: Abstimmungsanfrage erhalten - nehme an
ggT32171: Abstimmung erfolgreich beendet
ggT32171: Abstimmungsanfrage erhalten - nehme an
ggT32171: Beendet
Name ggT32171 erfolgreich registriert
ggT32171: linker Nachbar ggT3281 ich: ggT32171 rechter Nachbar ggT3231
ggT32171: Mi auf 17037595575 gesetzt
ggT32171: Berechne Mi: 17037595575 Y: 72878715
ggT32171: Abstimmungsanfrage erhalten - lehne ab
ggT32171: Starte Abstimmung
ggT32171: Berechne Mi: 56854980 Y: 16023735
ggT32171: Abstimmungsanfrage erhalten - lehne ab
ggT32171: Starte Abstimmung
ggT32171: Berechne Mi: 8783775 Y: 7239960
ggT32171: Berechne Mi: 1543815 Y: 3084081
ggT32171: Abstimmungsanfrage erhalten - lehne ab
ggT32171: Berechne Mi: 1543815 Y: 420
ggT32171: Berechne Mi: 315 Y: 1275274
ggT32171: Berechne Mi: 315 Y: 35
ggT32171: Berechne Mi: 35 Y: 208208
ggT32171: Berechne Mi: 35 Y: 7
ggT32171: Berechne Mi: 7 Y: 308
ggT32171: Berechne Mi: 7 Y: 28
ggT32171: Starte Abstimmung
ggT32171: Berechne Mi: 7 Y: 7
ggT32171: Starte Abstimmung
ggT32171: Abstimmungsanfrage erhalten - nehme an
ggT32171: Abstimmungsanfrage erhalten - nehme an
ggT32171: Abstimmungsanfrage erhalten - nehme an
ggT32171: Abstimmungsanfrage erhalten - nehme an
ggT32171: Abstimmungsanfrage erhalten - nehme an
ggT32171: Abstimmungsanfrage erhalten - nehme an
ggT32171: Beendet
