Name ggT3281 erfolgreich registriert
ggT3281: linker Nachbar ggT32121 ich: ggT3281 rechter Nachbar ggT3211
ggT3281: Mi auf 419840850 gesetzt
ggT3281: Abstimmungsanfrage erhalten - lehne ab
ggT3281: Starte Abstimmung
ggT3281: Abstimmungsanfrage erhalten - nehme an
ggT3281: Abstimmungsanfrage erhalten - nehme an
ggT3281: Berechne Mi: 419840850 Y: 6230
ggT3281: Abstimmungsanfrage erhalten - lehne ab
ggT3281: Berechne Mi: 1150 Y: 920
ggT3281: Berechne Mi: 230 Y: 480
ggT3281: Starte Abstimmung
ggT3281: Berechne Mi: 230 Y: 230
ggT3281: Berechne Mi: 230 Y: 20
ggT3281: Berechne Mi: 10 Y: 10
ggT3281: Starte Abstimmung
ggT3281: Berechne Mi: 10 Y: 10
ggT3281: Starte Abstimmung
ggT3281: Abstimmungsanfrage erhalten - nehme an
ggT3281: Abstimmungsanfrage erhalten - nehme an
ggT3281: Abstimmungsanfrage erhalten - nehme an
ggT3281: Abstimmungsanfrage erhalten - nehme an
ggT3281: Abstimmungsanfrage erhalten - nehme an
ggT3281: Abstimmungsanfrage erhalten - nehme an
ggT3281: Abstimmungsanfrage erhalten - nehme an
ggT3281: Abstimmungsanfrage erhalten - nehme an
ggT3281: Abstimmungsanfrage erhalten - nehme an
ggT3281: Abstimmungsanfrage erhalten - nehme an
ggT3281: Abstimmungsanfrage erhalten - nehme an
ggT3281: Abstimmungsanfrage erhalten - nehme an
ggT3281: Abstimmungsanfrage erhalten - nehme an
ggT3281: Abstimmungsanfrage erhalten - nehme an
ggT3281: Abstimmungsanfrage erhalten - nehme an
ggT3281: Abstimmungsanfrage erhalten - nehme an
ggT3281: Abstimmungsanfrage erhalten - nehme an
ggT3281: Abstimmungsanfrage erhalten - nehme an
ggT3281: Abstimmungsanfrage erhalten - nehme an
ggT3281: Abstimmungsanfrage erhalten - nehme an
ggT3281: Abstimmungsanfrage erhalten - nehme an
ggT3281: Mi auf 353925 gesetzt
ggT3281: Abstimmungsanfrage erhalten - lehne ab
ggT3281: Starte Abstimmung
ggT3281: Abstimmungsanfrage erhalten - nehme an
ggT3281: Berechne Mi: 353925 Y: 5071
ggT3281: Abstimmungsanfrage erhalten - lehne ab
ggT3281: Starte Abstimmung
ggT3281: Berechne Mi: 4026 Y: 1045
ggT3281: Berechne Mi: 891 Y: 3201
ggT3281: Berechne Mi: 891 Y: 33
ggT3281: Berechne Mi: 33 Y: 154
ggT3281: Berechne Mi: 33 Y: 22
ggT3281: Abstimmungsanfrage erhalten - lehne ab
ggT3281: Starte Abstimmung
ggT3281: Abstimmungsanfrage erhalten - nehme an
ggT3281: Abstimmungsanfrage erhalten - nehme an
ggT3281: Berechne Mi: 11 Y: 11
ggT3281: Starte Abstimmung
ggT3281: Berechne Mi: 11 Y: 11
ggT3281: Starte Abstimmung
ggT3281: Abstimmungsanfrage erhalten - nehme an
ggT3281: Abstimmungsanfrage erhalten - nehme an
ggT3281: Abstimmungsanfrage erhalten - nehme an
ggT3281: Abstimmungsanfrage erhalten - nehme an
ggT3281: Abstimmungsanfrage erhalten - nehme an
ggT3281: Abstimmungsanfrage erhalten - nehme an
ggT3281: Abstimmungsanfrage erhalten - nehme an
ggT3281: Abstimmungsanfrage erhalten - nehme an
ggT3281: Abstimmungsanfrage erhalten - nehme an
ggT3281: Abstimmungsanfrage erhalten - nehme an
ggT3281: Abstimmungsanfrage erhalten - nehme an
ggT3281: Abstimmungsanfrage erhalten - nehme an
ggT3281: Abstimmungsanfrage erhalten - nehme an
ggT3281: Abstimmungsanfrage erhalten - nehme an
ggT3281: Abstimmungsanfrage erhalten - nehme an
ggT3281: Abstimmungsanfrage erhalten - nehme an
ggT3281: Abstimmungsanfrage erhalten - nehme an
ggT3281: Abstimmungsanfrage erhalten - nehme an
ggT3281: Abstimmung erfolgreich beendet
ggT3281: Abstimmungsanfrage erhalten - nehme an
ggT3281: Abstimmung erfolgreich beendet
ggT3281: Beendet
Name ggT3281 erfolgreich registriert
ggT3281: linker Nachbar ggT32191 ich: ggT3281 rechter Nachbar ggT32171
ggT3281: Mi auf 20651631 gesetzt
ggT3281: Berechne Mi: 20651631 Y: 56854980
ggT3281: Starte Abstimmung
ggT3281: Abstimmungsanfrage erhalten - nehme an
ggT3281: Berechne Mi: 20651631 Y: 8783775
ggT3281: Starte Abstimmung
ggT3281: Berechne Mi: 3084081 Y: 1808807
ggT3281: Berechne Mi: 1275274 Y: 1543815
ggT3281: Abstimmungsanfrage erhalten - lehne ab
ggT3281: Berechne Mi: 1275274 Y: 533533
ggT3281: Berechne Mi: 208208 Y: 315
ggT3281: Berechne Mi: 308 Y: 35
ggT3281: Berechne Mi: 28 Y: 117117
ggT3281: Berechne Mi: 28 Y: 7
ggT3281: Berechne Mi: 7 Y: 77
ggT3281: Berechne Mi: 7 Y: 21
ggT3281: Starte Abstimmung
ggT3281: Berechne Mi: 7 Y: 7
ggT3281: Starte Abstimmung
ggT3281: Abstimmungsanfrage erhalten - nehme an
ggT3281: Abstimmungsanfrage erhalten - nehme an
ggT3281: Abstimmungsanfrage erhalten - nehme an
ggT3281: Abstimmungsanfrage erhalten - nehme an
ggT3281: Beendet
