Name ggT32111 erfolgreich registriert
ggT32111: linker Nachbar ggT3261 ich: ggT32111 rechter Nachbar ggT32201
ggT32111: Mi auf 10765150 gesetzt
ggT32111: Abstimmungsanfrage erhalten - lehne ab
ggT32111: Starte Abstimmung
ggT32111: Abstimmungsanfrage erhalten - nehme an
ggT32111: Abstimmungsanfrage erhalten - nehme an
ggT32111: Berechne Mi: 10765150 Y: 20
ggT32111: Berechne Mi: 10 Y: 230
ggT32111: Starte Abstimmung
ggT32111: Berechne Mi: 10 Y: 10
ggT32111: Berechne Mi: 10 Y: 10
ggT32111: Starte Abstimmung
ggT32111: Abstimmungsanfrage erhalten - nehme an
ggT32111: Abstimmungsanfrage erhalten - nehme an
ggT32111: Abstimmungsanfrage erhalten - nehme an
ggT32111: Abstimmungsanfrage erhalten - nehme an
ggT32111: Abstimmungsanfrage erhalten - nehme an
ggT32111: Abstimmungsanfrage erhalten - nehme an
ggT32111: Abstimmungsanfrage erhalten - nehme an
ggT32111: Abstimmungsanfrage erhalten - nehme an
ggT32111: Abstimmungsanfrage erhalten - nehme an
ggT32111: Abstimmungsanfrage erhalten - nehme an
ggT32111: Abstimmungsanfrage erhalten - nehme an
ggT32111: Abstimmungsanfrage erhalten - nehme an
ggT32111: Abstimmungsanfrage erhalten - nehme an
ggT32111: Abstimmungsanfrage erhalten - nehme an
ggT32111: Abstimmungsanfrage erhalten - nehme an
ggT32111: Abstimmungsanfrage erhalten - nehme an
ggT32111: Abstimmungsanfrage erhalten - nehme an
ggT32111: Abstimmungsanfrage erhalten - nehme an
ggT32111: Abstimmungsanfrage erhalten - nehme an
ggT32111: Abstimmungsanfrage erhalten - nehme an
ggT32111: Abstimmung erfolgreich beendet
ggT32111: Mi auf 192027 gesetzt
ggT32111: Abstimmungsanfrage erhalten - lehne ab
ggT32111: Starte Abstimmung
ggT32111: Abstimmungsanfrage erhalten - nehme an
ggT32111: Berechne Mi: 192027 Y: 605
ggT32111: Starte Abstimmung
ggT32111: Berechne Mi: 242 Y: 121
ggT32111: Berechne Mi: 121 Y: 11
ggT32111: Abstimmungsanfrage erhalten - lehne ab
ggT32111: Abstimmungsanfrage erhalten - nehme an
ggT32111: Abstimmungsanfrage erhalten - nehme an
ggT32111: Abstimmungsanfrage erhalten - nehme an
ggT32111: Abstimmungsanfrage erhalten - nehme an
ggT32111: Berechne Mi: 11 Y: 11
ggT32111: Abstimmungsanfrage erhalten - lehne ab
ggT32111: Starte Abstimmung
ggT32111: Abstimmungsanfrage erhalten - nehme an
ggT32111: Abstimmungsanfrage erhalten - nehme an
ggT32111: Abstimmungsanfrage erhalten - nehme an
ggT32111: Abstimmungsanfrage erhalten - nehme an
ggT32111: Abstimmungsanfrage erhalten - nehme an
ggT32111: Abstimmungsanfrage erhalten - nehme an
ggT32111: Abstimmungsanfrage erhalten - nehme an
ggT32111: Abstimmungsanfrage erhalten - nehme an
ggT32111: Abstimmungsanfrage erhalten - nehme an
ggT32111: Abstimmungsanfrage erhalten - nehme an
ggT32111: Abstimmungsanfrage erhalten - nehme an
ggT32111: Abstimmungsanfrage erhalten - nehme an
ggT32111: Abstimmungsanfrage erhalten - nehme an
ggT32111: Abstimmungsanfrage erhalten - nehme an
ggT32111: Abstimmungsanfrage erhalten - nehme an
ggT32111: Abstimmungsanfrage erhalten - nehme an
ggT32111: Abstimmungsanfrage erhalten - nehme an
ggT32111: Abstimmung erfolgreich beendet
ggT32111: Beendet
Name ggT32111 erfolgreich registriert
ggT32111: linker Nachbar ggT3261 ich: ggT32111 rechter Nachbar ggT3271
ggT32111: Mi auf 2147145 gesetzt
ggT32111: Berechne Mi: 2147145 Y: 8799
ggT32111: Abstimmungsanfrage erhalten - lehne ab
ggT32111: Berechne Mi: 189 Y: 154
ggT32111: Berechne Mi: 35 Y: 798
ggT32111: Starte Abstimmung
ggT32111: Berechne Mi: 35 Y: 49
ggT32111: Starte Abstimmung
ggT32111: Berechne Mi: 35 Y: 42
ggT32111: Starte Abstimmung
ggT32111: Berechne Mi: 35 Y: 14
ggT32111: Berechne Mi: 7 Y: 7
ggT32111: Abstimmungsanfrage erhalten - lehne ab
ggT32111: Starte Abstimmung
ggT32111: Abstimmungsanfrage erhalten - nehme an
ggT32111: Berechne Mi: 7 Y: 7
ggT32111: Starte Abstimmung
ggT32111: Abstimmungsanfrage erhalten - nehme an
ggT32111: Abstimmungsanfrage erhalten - nehme an
ggT32111: Abstimmungsanfrage erhalten - nehme an
ggT32111: Abstimmungsanfrage erhalten - nehme an
ggT32111: Abstimmungsanfrage erhalten - nehme an
ggT32111: Abstimmungsanfrage erhalten - nehme an
ggT32111: Abstimmungsanfrage erhalten - nehme an
ggT32111: Beendet
