Name ggT3211 erfolgreich registriert
ggT3211: linker Nachbar ggT3281 ich: ggT3211 rechter Nachbar ggT32181
ggT3211: Mi auf 33078370 gesetzt
ggT3211: Abstimmungsanfrage erhalten - lehne ab
ggT3211: Starte Abstimmung
ggT3211: Abstimmungsanfrage erhalten - nehme an
ggT3211: Abstimmungsanfrage erhalten - nehme an
ggT3211: Berechne Mi: 33078370 Y: 1150
ggT3211: Starte Abstimmung
ggT3211: Berechne Mi: 920 Y: 230
ggT3211: Berechne Mi: 230 Y: 230
ggT3211: Abstimmungsanfrage erhalten - lehne ab
ggT3211: Starte Abstimmung
ggT3211: Berechne Mi: 230 Y: 10
ggT3211: Abstimmungsanfrage erhalten - lehne ab
ggT3211: Abstimmungsanfrage erhalten - nehme an
ggT3211: Abstimmungsanfrage erhalten - nehme an
ggT3211: Abstimmungsanfrage erhalten - nehme an
ggT3211: Abstimmungsanfrage erhalten - nehme an
ggT3211: Abstimmungsanfrage erhalten - nehme an
ggT3211: Abstimmungsanfrage erhalten - nehme an
ggT3211: Abstimmungsanfrage erhalten - nehme an
ggT3211: Berechne Mi: 10 Y: 10
ggT3211: Starte Abstimmung
ggT3211: Abstimmungsanfrage erhalten - nehme an
ggT3211: Abstimmungsanfrage erhalten - nehme an
ggT3211: Abstimmungsanfrage erhalten - nehme an
ggT3211: Abstimmungsanfrage erhalten - nehme an
ggT3211: Abstimmungsanfrage erhalten - nehme an
ggT3211: Abstimmungsanfrage erhalten - nehme an
ggT3211: Abstimmungsanfrage erhalten - nehme an
ggT3211: Abstimmungsanfrage erhalten - nehme an
ggT3211: Abstimmungsanfrage erhalten - nehme an
ggT3211: Abstimmungsanfrage erhalten - nehme an
ggT3211: Abstimmungsanfrage erhalten - nehme an
ggT3211: Abstimmungsanfrage erhalten - nehme an
ggT3211: Abstimmungsanfrage erhalten - nehme an
ggT3211: Abstimmungsanfrage erhalten - nehme an
ggT3211: Abstimmung erfolgreich beendet
ggT3211: Mi auf 2269839 gesetzt
ggT3211: Abstimmungsanfrage erhalten - lehne ab
ggT3211: Starte Abstimmung
ggT3211: Abstimmungsanfrage erhalten - nehme an
ggT3211: Berechne Mi: 2269839 Y: 4026
ggT3211: Abstimmungsanfrage erhalten - lehne ab
ggT3211: Berechne Mi: 3201 Y: 352
ggT3211: Berechne Mi: 33 Y: 891
ggT3211: Starte Abstimmung
ggT3211: Berechne Mi: 33 Y: 165
ggT3211: Berechne Mi: 33 Y: 33
ggT3211: Starte Abstimmung
ggT3211: Berechne Mi: 33 Y: 11
ggT3211: Berechne Mi: 11 Y: 33
ggT3211: Abstimmungsanfrage erhalten - lehne ab
ggT3211: Abstimmungsanfrage erhalten - nehme an
ggT3211: Abstimmungsanfrage erhalten - nehme an
ggT3211: Abstimmungsanfrage erhalten - nehme an
ggT3211: Berechne Mi: 11 Y: 11
ggT3211: Starte Abstimmung
ggT3211: Abstimmungsanfrage erhalten - nehme an
ggT3211: Abstimmungsanfrage erhalten - nehme an
ggT3211: Abstimmungsanfrage erhalten - nehme an
ggT3211: Abstimmungsanfrage erhalten - nehme an
ggT3211: Abstimmungsanfrage erhalten - nehme an
ggT3211: Abstimmungsanfrage erhalten - nehme an
ggT3211: Abstimmungsanfrage erhalten - nehme an
ggT3211: Abstimmungsanfrage erhalten - nehme an
ggT3211: Abstimmungsanfrage erhalten - nehme an
ggT3211: Abstimmungsanfrage erhalten - nehme an
ggT3211: Abstimmungsanfrage erhalten - nehme an
ggT3211: Abstimmungsanfrage erhalten - nehme an
ggT3211: Abstimmungsanfrage erhalten - nehme an
ggT3211: Abstimmungsanfrage erhalten - nehme an
ggT3211: Abstimmungsanfrage erhalten - nehme an
ggT3211: Abstimmungsanfrage erhalten - nehme an
ggT3211: Abstimmungsanfrage erhalten - nehme an
ggT3211: Abstimmungsanfrage erhalten - nehme an
ggT3211: Abstimmungsanfrage erhalten - nehme an
ggT3211: Abstimmung erfolgreich beendet
ggT3211: Beendet
Name ggT3211 erfolgreich registriert
ggT3211: linker Nachbar ggT32181 ich: ggT3211 rechter Nachbar ggT3241
ggT3211: Mi auf 273 gesetzt
ggT3211: Berechne Mi: 273 Y: 4383225
ggT3211: Starte Abstimmung
ggT3211: Berechne Mi: 273 Y: 1314313
ggT3211: Starte Abstimmung
ggT3211: Berechne Mi: 273 Y: 247247
ggT3211: Starte Abstimmung
ggT3211: Berechne Mi: 273 Y: 13013
ggT3211: Starte Abstimmung
ggT3211: Berechne Mi: 273 Y: 77
ggT3211: Berechne Mi: 42 Y: 14
ggT3211: Berechne Mi: 14 Y: 14
ggT3211: Abstimmungsanfrage erhalten - lehne ab
ggT3211: Berechne Mi: 14 Y: 7
ggT3211: Berechne Mi: 7 Y: 7
ggT3211: Beendet
