Name ggT32131 erfolgreich registriert
ggT32131: linker Nachbar ggT32181 ich: ggT32131 rechter Nachbar ggT3261
ggT32131: Mi auf 470730650 gesetzt
ggT32131: Abstimmungsanfrage erhalten - lehne ab
ggT32131: Starte Abstimmung
ggT32131: Abstimmungsanfrage erhalten - nehme an
ggT32131: Abstimmungsanfrage erhalten - nehme an
ggT32131: Berechne Mi: 470730650 Y: 230
ggT32131: Abstimmungsanfrage erhalten - lehne ab
ggT32131: Starte Abstimmung
ggT32131: Abstimmungsanfrage erhalten - nehme an
ggT32131: Berechne Mi: 230 Y: 230
ggT32131: Abstimmungsanfrage erhalten - lehne ab
ggT32131: Starte Abstimmung
ggT32131: Berechne Mi: 230 Y: 10
ggT32131: Berechne Mi: 10 Y: 10
ggT32131: Starte Abstimmung
ggT32131: Abstimmungsanfrage erhalten - nehme an
ggT32131: Abstimmungsanfrage erhalten - nehme an
ggT32131: Abstimmungsanfrage erhalten - nehme an
ggT32131: Abstimmungsanfrage erhalten - nehme an
ggT32131: Abstimmungsanfrage erhalten - nehme an
ggT32131: Abstimmungsanfrage erhalten - nehme an
ggT32131: Abstimmungsanfrage erhalten - nehme an
ggT32131: Abstimmungsanfrage erhalten - nehme an
ggT32131: Abstimmungsanfrage erhalten - nehme an
ggT32131: Abstimmungsanfrage erhalten - nehme an
ggT32131: Abstimmungsanfrage erhalten - nehme an
ggT32131: Abstimmungsanfrage erhalten - nehme an
ggT32131: Abstimmungsanfrage erhalten - nehme an
ggT32131: Abstimmungsanfrage erhalten - nehme an
ggT32131: Abstimmungsanfrage erhalten - nehme an
ggT32131: Abstimmungsanfrage erhalten - nehme an
ggT32131: Abstimmungsanfrage erhalten - nehme an
ggT32131: Abstimmungsanfrage erhalten - nehme an
ggT32131: Abstimmung erfolgreich beendet
ggT32131: Abstimmungsanfrage erhalten - nehme an
ggT32131: Abstimmung erfolgreich beendet
ggT32131: Mi auf 26773364475 gesetzt
ggT32131: Abstimmungsanfrage erhalten - lehne ab
ggT32131: Starte Abstimmung
ggT32131: Abstimmungsanfrage erhalten - nehme an
ggT32131: Berechne Mi: 26773364475 Y: 352
ggT32131: Berechne Mi: 187 Y: 11
ggT32131: Abstimmungsanfrage erhalten - lehne ab
ggT32131: Berechne Mi: 11 Y: 165
ggT32131: Starte Abstimmung
ggT32131: Berechne Mi: 11 Y: 33
ggT32131: Starte Abstimmung
ggT32131: Berechne Mi: 11 Y: 11
ggT32131: Starte Abstimmung
ggT32131: Abstimmungsanfrage erhalten - nehme an
ggT32131: Abstimmungsanfrage erhalten - nehme an
ggT32131: Abstimmungsanfrage erhalten - nehme an
ggT32131: Abstimmungsanfrage erhalten - nehme an
ggT32131: Abstimmungsanfrage erhalten - nehme an
ggT32131: Abstimmungsanfrage erhalten - nehme an
ggT32131: Abstimmungsanfrage erhalten - nehme an
ggT32131: Abstimmungsanfrage erhalten - nehme an
ggT32131: Abstimmungsanfrage erhalten - nehme an
ggT32131: Abstimmungsanfrage erhalten - nehme an
ggT32131: Abstimmungsanfrage erhalten - nehme an
ggT32131: Abstimmungsanfrage erhalten - nehme an
ggT32131: Abstimmungsanfrage erhalten - nehme an
ggT32131: Abstimmungsanfrage erhalten - nehme an
ggT32131: Abstimmungsanfrage erhalten - nehme an
ggT32131: Abstimmungsanfrage erhalten - nehme an
ggT32131: Abstimmungsanfrage erhalten - nehme an
ggT32131: Abstimmungsanfrage erhalten - nehme an
ggT32131: Abstimmung erfolgreich beendet
ggT32131: Abstimmung erfolgreich beendet
ggT32131: Abstimmungsanfrage erhalten - nehme an
ggT32131: Abstimmungsanfrage erhalten - nehme an
ggT32131: Beendet
Name ggT32131 erfolgreich registriert
ggT32131: linker Nachbar ggT3231 ich: ggT32131 rechter Nachbar ggT32201
ggT32131: Mi auf 156975 gesetzt
ggT32131: Berechne Mi: 156975 Y: 72878715
ggT32131: Starte Abstimmung
ggT32131: Abstimmungsanfrage erhalten - nehme an
ggT32131: Berechne Mi: 156975 Y: 16023735
ggT32131: Starte Abstimmung
ggT32131: Berechne Mi: 156975 Y: 497
ggT32131: Abstimmungsanfrage erhalten - lehne ab
ggT32131: Berechne Mi: 420 Y: 7239960
ggT32131: Starte Abstimmung
ggT32131: Berechne Mi: 420 Y: 77
ggT32131: Berechne Mi: 35 Y: 420
ggT32131: Berechne Mi: 35 Y: 7
ggT32131: Berechne Mi: 7 Y: 35
ggT32131: Starte Abstimmung
ggT32131: Berechne Mi: 7 Y: 7
ggT32131: Starte Abstimmung
ggT32131: Abstimmungsanfrage erhalten - nehme an
ggT32131: Abstimmungsanfrage erhalten - nehme an
ggT32131: Abstimmungsanfrage erhalten - nehme an
ggT32131: Abstimmungsanfrage erhalten - nehme an
ggT32131: Beendet
