Name ggT3231 erfolgreich registriert
ggT3231: linker Nachbar ggT3241 ich: ggT3231 rechter Nachbar ggT32121
ggT3231: Mi auf 1119250 gesetzt
ggT3231: Berechne Mi: 1119250 Y: 7242010
ggT3231: Starte Abstimmung
ggT3231: Berechne Mi: 1119250 Y: 1889220
ggT3231: Starte Abstimmung
ggT3231: Abstimmungsanfrage erhalten - nehme an
ggT3231: Berechne Mi: 1119250 Y: 156630
ggT3231: Starte Abstimmung
ggT3231: Berechne Mi: 22840 Y: 19590
ggT3231: Berechne Mi: 3250 Y: 6230
ggT3231: Berechne Mi: 3250 Y: 270
ggT3231: Berechne Mi: 10 Y: 480
ggT3231: Berechne Mi: 10 Y: 40
ggT3231: Berechne Mi: 10 Y: 20
ggT3231: Starte Abstimmung
ggT3231: Berechne Mi: 10 Y: 10
ggT3231: Starte Abstimmung
ggT3231: Berechne Mi: 10 Y: 10
ggT3231: Starte Abstimmung
ggT3231: Abstimmungsanfrage erhalten - nehme an
ggT3231: Abstimmungsanfrage erhalten - nehme an
ggT3231: Abstimmungsanfrage erhalten - nehme an
ggT3231: Abstimmungsanfrage erhalten - nehme an
ggT3231: Abstimmungsanfrage erhalten - nehme an
ggT3231: Abstimmung erfolgreich beendet
ggT3231: Abstimmungsanfrage erhalten - nehme an
ggT3231: Abstimmungsanfrage erhalten - nehme an
ggT3231: Abstimmungsanfrage erhalten - nehme an
ggT3231: Abstimmungsanfrage erhalten - nehme an
ggT3231: Abstimmungsanfrage erhalten - nehme an
ggT3231: Abstimmungsanfrage erhalten - nehme an
ggT3231: Abstimmungsanfrage erhalten - nehme an
ggT3231: Abstimmungsanfrage erhalten - nehme an
ggT3231: Abstimmungsanfrage erhalten - nehme an
ggT3231: Abstimmungsanfrage erhalten - nehme an
ggT3231: Abstimmungsanfrage erhalten - nehme an
ggT3231: Abstimmungsanfrage erhalten - nehme an
ggT3231: Abstimmungsanfrage erhalten - nehme an
ggT3231: Abstimmungsanfrage erhalten - nehme an
ggT3231: Abstimmung erfolgreich beendet
ggT3231: Abstimmungsanfrage erhalten - nehme an
ggT3231: Mi auf 24097788275 gesetzt
ggT3231: Berechne Mi: 24097788275 Y: 4390074975
ggT3231: Starte Abstimmung
ggT3231: Berechne Mi: 2147413400 Y: 221793
ggT3231: Berechne Mi: 13574 Y: 39204
ggT3231: Berechne Mi: 13574 Y: 5071
ggT3231: Berechne Mi: 3432 Y: 12056
ggT3231: Starte Abstimmung
ggT3231: Berechne Mi: 3432 Y: 1045
ggT3231: Berechne Mi: 297 Y: 1760
ggT3231: Starte Abstimmung
ggT3231: Berechne Mi: 297 Y: 275
ggT3231: Berechne Mi: 22 Y: 154
ggT3231: Abstimmungsanfrage erhalten - lehne ab
ggT3231: Berechne Mi: 22 Y: 22
ggT3231: Starte Abstimmung
ggT3231: Berechne Mi: 22 Y: 55
ggT3231: Starte Abstimmung
ggT3231: Berechne Mi: 22 Y: 11
ggT3231: Berechne Mi: 11 Y: 11
ggT3231: Abstimmungsanfrage erhalten - lehne ab
ggT3231: Starte Abstimmung
ggT3231: Abstimmungsanfrage erhalten - nehme an
ggT3231: Abstimmungsanfrage erhalten - nehme an
ggT3231: Abstimmungsanfrage erhalten - nehme an
ggT3231: Abstimmungsanfrage erhalten - nehme an
ggT3231: Abstimmungsanfrage erhalten - nehme an
ggT3231: Abstimmungsanfrage erhalten - nehme an
ggT3231: Abstimmungsanfrage erhalten - nehme an
ggT3231: Abstimmungsanfrage erhalten - nehme an
ggT3231: Abstimmungsanfrage erhalten - nehme an
ggT3231: Abstimmungsanfrage erhalten - nehme an
ggT3231: Abstimmungsanfrage erhalten - nehme an
ggT3231: Abstimmungsanfrage erhalten - nehme an
ggT3231: Abstimmungsanfrage erhalten - nehme an
ggT3231: Abstimmungsanfrage erhalten - nehme an
ggT3231: Abstimmungsanfrage erhalten - nehme an
ggT3231: Abstimmungsanfrage erhalten - nehme an
ggT3231: Abstimmung erfolgreich beendet
ggT3231: Abstimmungsanfrage erhalten - nehme an
ggT3231: Abstimmungsanfrage erhalten - nehme an
ggT3231: Abstimmungsanfrage erhalten - nehme an
ggT3231: Abstimmungsanfrage erhalten - nehme an
ggT3231: Abstimmung erfolgreich beendet
ggT3231: Beendet
Name ggT3231 erfolgreich registriert
ggT3231: linker Nachbar ggT32171 ich: ggT3231 rechter Nachbar ggT32131
ggT3231: Mi auf 8818324515 gesetzt
ggT3231: Berechne Mi: 8818324515 Y: 364393575
ggT3231: Starte Abstimmung
ggT3231: Berechne Mi: 72878715 Y: 56854980
ggT3231: Abstimmungsanfrage erhalten - lehne ab
ggT3231: Starte Abstimmung
ggT3231: Berechne Mi: 16023735 Y: 8783775
ggT3231: Berechne Mi: 7239960 Y: 420
ggT3231: Abstimmungsanfrage erhalten - lehne ab
ggT3231: Berechne Mi: 420 Y: 1543815
ggT3231: Berechne Mi: 420 Y: 35
ggT3231: Berechne Mi: 35 Y: 315
ggT3231: Berechne Mi: 35 Y: 7
ggT3231: Berechne Mi: 7 Y: 35
ggT3231: Starte Abstimmung
ggT3231: Berechne Mi: 7 Y: 7
ggT3231: Starte Abstimmung
ggT3231: Abstimmungsanfrage erhalten - nehme an
ggT3231: Abstimmungsanfrage erhalten - nehme an
ggT3231: Beendet
