Name ggT32141 erfolgreich registriert
ggT32141: linker Nachbar ggT3271 ich: ggT32141 rechter Nachbar ggT3251
ggT32141: Mi auf 15730 gesetzt
ggT32141: Abstimmungsanfrage erhalten - lehne ab
ggT32141: Starte Abstimmung
ggT32141: Berechne Mi: 15730 Y: 230
ggT32141: Starte Abstimmung
ggT32141: Berechne Mi: 90 Y: 70
ggT32141: Berechne Mi: 20 Y: 50
ggT32141: Abstimmungsanfrage erhalten - lehne ab
ggT32141: Starte Abstimmung
ggT32141: Berechne Mi: 20 Y: 20
ggT32141: Berechne Mi: 20 Y: 10
ggT32141: Abstimmungsanfrage erhalten - lehne ab
ggT32141: Abstimmungsanfrage erhalten - nehme an
ggT32141: Abstimmungsanfrage erhalten - nehme an
ggT32141: Abstimmungsanfrage erhalten - nehme an
ggT32141: Abstimmungsanfrage erhalten - nehme an
ggT32141: Abstimmungsanfrage erhalten - nehme an
ggT32141: Abstimmungsanfrage erhalten - nehme an
ggT32141: Abstimmungsanfrage erhalten - nehme an
ggT32141: Berechne Mi: 10 Y: 10
ggT32141: Starte Abstimmung
ggT32141: Abstimmungsanfrage erhalten - nehme an
ggT32141: Abstimmungsanfrage erhalten - nehme an
ggT32141: Abstimmungsanfrage erhalten - nehme an
ggT32141: Abstimmungsanfrage erhalten - nehme an
ggT32141: Abstimmungsanfrage erhalten - nehme an
ggT32141: Abstimmungsanfrage erhalten - nehme an
ggT32141: Abstimmungsanfrage erhalten - nehme an
ggT32141: Abstimmungsanfrage erhalten - nehme an
ggT32141: Abstimmungsanfrage erhalten - nehme an
ggT32141: Abstimmungsanfrage erhalten - nehme an
ggT32141: Abstimmungsanfrage erhalten - nehme an
ggT32141: Abstimmungsanfrage erhalten - nehme an
ggT32141: Abstimmungsanfrage erhalten - nehme an
ggT32141: Abstimmungsanfrage erhalten - nehme an
ggT32141: Abstimmungsanfrage erhalten - nehme an
ggT32141: Abstimmungsanfrage erhalten - nehme an
ggT32141: Abstimmung erfolgreich beendet
ggT32141: Mi auf 118439035 gesetzt
ggT32141: Berechne Mi: 118439035 Y: 133265
ggT32141: Abstimmungsanfrage erhalten - lehne ab
ggT32141: Starte Abstimmung
ggT32141: Berechne Mi: 99715 Y: 77330
ggT32141: Berechne Mi: 22385 Y: 34617
ggT32141: Abstimmungsanfrage erhalten - lehne ab
ggT32141: Berechne Mi: 22385 Y: 10175
ggT32141: Berechne Mi: 2035 Y: 4257
ggT32141: Starte Abstimmung
ggT32141: Berechne Mi: 2035 Y: 297
ggT32141: Berechne Mi: 253 Y: 2035
ggT32141: Berechne Mi: 253 Y: 407
ggT32141: Berechne Mi: 253 Y: 77
ggT32141: Berechne Mi: 22 Y: 154
ggT32141: Starte Abstimmung
ggT32141: Berechne Mi: 22 Y: 11
ggT32141: Berechne Mi: 11 Y: 22
ggT32141: Starte Abstimmung
ggT32141: Berechne Mi: 11 Y: 11
ggT32141: Starte Abstimmung
ggT32141: Abstimmungsanfrage erhalten - nehme an
ggT32141: Abstimmungsanfrage erhalten - nehme an
ggT32141: Abstimmungsanfrage erhalten - nehme an
ggT32141: Abstimmungsanfrage erhalten - nehme an
ggT32141: Abstimmungsanfrage erhalten - nehme an
ggT32141: Abstimmungsanfrage erhalten - nehme an
ggT32141: Abstimmungsanfrage erhalten - nehme an
ggT32141: Abstimmungsanfrage erhalten - nehme an
ggT32141: Abstimmungsanfrage erhalten - nehme an
ggT32141: Abstimmungsanfrage erhalten - nehme an
ggT32141: Abstimmungsanfrage erhalten - nehme an
ggT32141: Abstimmungsanfrage erhalten - nehme an
ggT32141: Abstimmungsanfrage erhalten - nehme an
ggT32141: Abstimmungsanfrage erhalten - nehme an
ggT32141: Abstimmungsanfrage erhalten - nehme an
ggT32141: Abstimmungsanfrage erhalten - nehme an
ggT32141: Abstimmungsanfrage erhalten - nehme an
ggT32141: Abstimmungsanfrage erhalten - nehme an
ggT32141: Abstimmungsanfrage erhalten - nehme an
ggT32141: Abstimmungsanfrage erhalten - nehme an
ggT32141: Abstimmung erfolgreich beendet
ggT32141: Abstimmung erfolgreich beendet
ggT32141: Abstimmungsanfrage erhalten - nehme an
ggT32141: Beendet
Name ggT32141 erfolgreich registriert
ggT32141: linker Nachbar ggT32121 ich: ggT32141 rechter Nachbar ggT32181
ggT32141: Mi auf 10275825 gesetzt
ggT32141: Berechne Mi: 10275825 Y: 35
ggT32141: Abstimmungsanfrage erhalten - lehne ab
ggT32141: Starte Abstimmung
ggT32141: Berechne Mi: 35 Y: 14
ggT32141: Berechne Mi: 7 Y: 7
ggT32141: Abstimmungsanfrage erhalten - lehne ab
ggT32141: Berechne Mi: 7 Y: 7
ggT32141: Starte Abstimmung
ggT32141: Abstimmungsanfrage erhalten - nehme an
ggT32141: Abstimmungsanfrage erhalten - nehme an
ggT32141: Abstimmungsanfrage erhalten - nehme an
ggT32141: Abstimmungsanfrage erhalten - nehme an
ggT32141: Abstimmungsanfrage erhalten - nehme an
ggT32141: Abstimmungsanfrage erhalten - nehme an
ggT32141: Abstimmungsanfrage erhalten - nehme an
ggT32141: Abstimmungsanfrage erhalten - nehme an
ggT32141: Abstimmungsanfrage erhalten - nehme an
ggT32141: Abstimmungsanfrage erhalten - nehme an
ggT32141: Abstimmungsanfrage erhalten - nehme an
ggT32141: Abstimmungsanfrage erhalten - nehme an
ggT32141: Beendet
