Name chef erfolgreich registriert
Starter <7272.40.0> Angemeldet
GGT-Prozess ggT32201 Angemeldet
GGT-Prozess ggT32191 Angemeldet
GGT-Prozess ggT32181 Angemeldet
GGT-Prozess ggT32171 Angemeldet
GGT-Prozess ggT32161 Angemeldet
GGT-Prozess ggT3221 Angemeldet
GGT-Prozess ggT32151 Angemeldet
GGT-Prozess ggT32141 Angemeldet
GGT-Prozess ggT3211 Angemeldet
GGT-Prozess ggT32131 Angemeldet
GGT-Prozess ggT32121 Angemeldet
GGT-Prozess ggT32111 Angemeldet
GGT-Prozess ggT32101 Angemeldet
GGT-Prozess ggT3291 Angemeldet
GGT-Prozess ggT3261 Angemeldet
GGT-Prozess ggT3281 Angemeldet
GGT-Prozess ggT3271 Angemeldet
GGT-Prozess ggT3251 Angemeldet
GGT-Prozess ggT3241 Angemeldet
GGT-Prozess ggT3231 Angemeldet
Wechsle in Arbeitsphase
Starte Berechnung mit Wunsch-GGT 10
ggT3251 hat das neue Mi 57948989670 | 10.11 13:56:19,933|
ggT32161 hat das neue Mi 7400250 | 10.11 13:56:20,120|
ggT3251 hat das neue Mi 1889220 | 10.11 13:56:20,370|
ggT32161 hat das neue Mi 1732590 | 10.11 13:56:20,541|
ggT3241 hat das neue Mi 1119250 | 10.11 13:56:20,619|
ggT3271 hat das neue Mi 58190 | 10.11 13:56:20,744|
ggT3251 hat das neue Mi 156630 | 10.11 13:56:20,838|
ggT32131 hat das neue Mi 74750 | 10.11 13:56:20,869|
ggT32151 hat das neue Mi 15730 | 10.11 13:56:20,978|
ggT32161 hat das neue Mi 9660 | 10.11 13:56:21,072|
ggT3241 hat das neue Mi 22840 | 10.11 13:56:21,103|
ggT3291 hat das neue Mi 419840850 | 10.11 13:56:21,118|
ggT3261 hat das neue Mi 127248550 | 10.11 13:56:21,181|
ggT3271 hat das neue Mi 230 | 10.11 13:56:21,337|
ggT32131 hat das neue Mi 6230 | 10.11 13:56:21,446|
ggT32141 hat das neue Mi 33078370 | 10.11 13:56:21,633|
ggT32101 hat das neue Mi 349830 | 10.11 13:56:21,664|
ggT32151 hat das neue Mi 90 | 10.11 13:56:21,727|
ggT3241 hat das neue Mi 4150 | 10.11 13:56:21,774|
ggT3251 hat das neue Mi 2070 | 10.11 13:56:21,852|
ggT32161 hat das neue Mi 230 | 10.11 13:56:21,976|
ggT3291 hat das neue Mi 1150 | 10.11 13:56:22,023|
ggT32171 hat das neue Mi 10350 | 10.11 13:56:22,117|
ggT3261 hat das neue Mi 70 | 10.11 13:56:22,179|
ggT32181 hat das neue Mi 46336950 | 10.11 13:56:22,335|
ggT3271 hat das neue Mi 50 | 10.11 13:56:22,429|
ggT32131 hat das neue Mi 480 | 10.11 13:56:22,476|
ggT3231 hat das neue Mi 3450 | 10.11 13:56:22,507|
ggT32101 hat das neue Mi 40 | 10.11 13:56:22,663|
ggT32141 hat das neue Mi 920 | 10.11 13:56:22,678|
ggT3211 hat das neue Mi 470730650 | 10.11 13:56:23,131|
ggT3251 hat das neue Mi 230 | 10.11 13:56:22,928|
ggT32191 hat das neue Mi 1058235750 | 10.11 13:56:22,959|
ggT32151 hat das neue Mi 20 | 10.11 13:56:23,068|
ggT32171 hat das neue Mi 30 | 10.11 13:56:23,178|
ggT32161 hat das neue Mi 30 | 10.11 13:56:23,209|
ggT3291 hat das neue Mi 230 | 10.11 13:56:23,209|
ggT32111 hat das neue Mi 2221377937350 | 10.11 13:56:23,224|
ggT3231 hat das neue Mi 30 | 10.11 13:56:23,271|
ggT32131 hat das neue Mi 20 | 10.11 13:56:23,271|
ggT3271 hat das neue Mi 20 | 10.11 13:56:23,287|
ggT3281 hat das neue Mi 6119498450 | 10.11 13:56:23,614|
ggT3221 hat das neue Mi 91792476750 | 10.11 13:56:23,630|
ggT32191 hat das neue Mi 30 | 10.11 13:56:23,661|
ggT32141 hat das neue Mi 230 | 10.11 13:56:23,677|
ggT32201 hat das neue Mi 13386230 | 10.11 13:56:23,926|
ggT32111 hat das neue Mi 30 | 10.11 13:56:23,973|
ggT32121 hat das neue Mi 10765150 | 10.11 13:56:23,989|
ggT32181 hat das neue Mi 230 | 10.11 13:56:24,067|
ggT3221 hat das neue Mi 30 | 10.11 13:56:24,192|
ggT3211 hat das neue Mi 230 | 10.11 13:56:24,316|
ggT32121 hat das neue Mi 230 | 10.11 13:56:24,363|
ggT32201 hat das neue Mi 20 | 10.11 13:56:24,441|
ggT3281 hat das neue Mi 230 | 10.11 13:56:24,582|
Das korrekte Ergebnis 10wurde von ggT3261um 10.11 13:56:30,837|gefunden
Das korrekte Ergebnis 10wurde von ggT32101um 10.11 13:56:31,118|gefunden
Das korrekte Ergebnis 10wurde von ggT3241um 10.11 13:56:31,368|gefunden
Das korrekte Ergebnis 10wurde von ggT32171um 10.11 13:56:31,524|gefunden
Das korrekte Ergebnis 10wurde von ggT3231um 10.11 13:56:31,789|gefunden
Das korrekte Ergebnis 10wurde von ggT32191um 10.11 13:56:32,085|gefunden
Das korrekte Ergebnis 10wurde von ggT32111um 10.11 13:56:32,241|gefunden
Starte Berechnung mit Wunsch-GGT 5
ggT3241 hat das neue Mi 10953540125 | 10.11 13:56:45,564|
ggT3251 hat das neue Mi 11349195 | 10.11 13:56:45,642|
ggT32161 hat das neue Mi 284625 | 10.11 13:56:45,845|
ggT3241 hat das neue Mi 976097000 | 10.11 13:56:45,923|
ggT3271 hat das neue Mi 90525125 | 10.11 13:56:46,047|
ggT3251 hat das neue Mi 100815 | 10.11 13:56:46,094|
ggT32131 hat das neue Mi 814726125 | 10.11 13:56:46,172|
ggT32151 hat das neue Mi 53835925 | 10.11 13:56:46,250|
ggT32161 hat das neue Mi 82995 | 10.11 13:56:46,297|
ggT3291 hat das neue Mi 160875 | 10.11 13:56:46,422|
ggT3261 hat das neue Mi 171125 | 10.11 13:56:46,453|
ggT3251 hat das neue Mi 17820 | 10.11 13:56:46,453|
ggT3271 hat das neue Mi 60575 | 10.11 13:56:46,500|
ggT3241 hat das neue Mi 6170 | 10.11 13:56:46,531|
ggT32131 hat das neue Mi 2305 | 10.11 13:56:46,609|
ggT32101 hat das neue Mi 1688490375 | 10.11 13:56:46,671|
ggT32141 hat das neue Mi 1031745 | 10.11 13:56:46,671|
ggT32151 hat das neue Mi 45325 | 10.11 13:56:46,703|
ggT32161 hat das neue Mi 11715 | 10.11 13:56:46,718|
ggT3291 hat das neue Mi 1830 | 10.11 13:56:46,859|
ggT32171 hat das neue Mi 41984085 | 10.11 13:56:46,983|
ggT3251 hat das neue Mi 5480 | 10.11 13:56:47,077|
ggT32181 hat das neue Mi 6191131375 | 10.11 13:56:47,171|
ggT3261 hat das neue Mi 35150 | 10.11 13:56:47,233|
ggT3271 hat das neue Mi 2000 | 10.11 13:56:47,280|
ggT3241 hat das neue Mi 1560 | 10.11 13:56:47,327|
ggT3231 hat das neue Mi 16941375 | 10.11 13:56:47,436|
ggT32131 hat das neue Mi 475 | 10.11 13:56:47,514|
ggT32141 hat das neue Mi 1455 | 10.11 13:56:47,670|
ggT32101 hat das neue Mi 24975 | 10.11 13:56:47,732|
ggT32151 hat das neue Mi 1325 | 10.11 13:56:47,810|
ggT32191 hat das neue Mi 39325 | 10.11 13:56:47,935|
ggT3211 hat das neue Mi 12169711125 | 10.11 13:56:47,966|
ggT32161 hat das neue Mi 755 | 10.11 13:56:48,029|
ggT3291 hat das neue Mi 375 | 10.11 13:56:48,075|
ggT3251 hat das neue Mi 800 | 10.11 13:56:48,231|
ggT32171 hat das neue Mi 1110 | 10.11 13:56:48,263|
ggT32111 hat das neue Mi 9126975 | 10.11 13:56:48,341|
ggT32181 hat das neue Mi 160 | 10.11 13:56:48,590|
ggT3261 hat das neue Mi 700 | 10.11 13:56:48,699|
ggT3271 hat das neue Mi 490 | 10.11 13:56:48,746|
ggT3241 hat das neue Mi 135 | 10.11 13:56:48,887|
ggT3231 hat das neue Mi 555 | 10.11 13:56:48,980|
ggT3281 hat das neue Mi 1341015 | 10.11 13:56:49,058|
ggT32131 hat das neue Mi 100 | 10.11 13:56:49,136|
ggT32141 hat das neue Mi 330 | 10.11 13:56:49,183|
ggT3221 hat das neue Mi 2574275 | 10.11 13:56:49,230|
ggT32101 hat das neue Mi 475 | 10.11 13:56:49,417|
ggT32151 hat das neue Mi 345 | 10.11 13:56:49,464|
ggT32191 hat das neue Mi 475 | 10.11 13:56:49,479|
ggT32161 hat das neue Mi 265 | 10.11 13:56:49,526|
ggT3211 hat das neue Mi 85 | 10.11 13:56:49,682|
ggT3291 hat das neue Mi 45 | 10.11 13:56:49,776|
ggT32201 hat das neue Mi 20802925 | 10.11 13:56:49,807|
ggT32171 hat das neue Mi 160 | 10.11 13:56:50,010|
ggT32111 hat das neue Mi 325 | 10.11 13:56:50,010|
ggT32121 hat das neue Mi 87285 | 10.11 13:56:50,010|
ggT3251 hat das neue Mi 45 | 10.11 13:56:50,010|
ggT32181 hat das neue Mi 75 | 10.11 13:56:50,010|
ggT3271 hat das neue Mi 225 | 10.11 13:56:50,041|
ggT3241 hat das neue Mi 35 | 10.11 13:56:50,072|
ggT3261 hat das neue Mi 10 | 10.11 13:56:50,072|
ggT3281 hat das neue Mi 55 | 10.11 13:56:50,135|
ggT3231 hat das neue Mi 75 | 10.11 13:56:50,166|
ggT3221 hat das neue Mi 275 | 10.11 13:56:50,181|
ggT32131 hat das neue Mi 10 | 10.11 13:56:50,213|
ggT32151 hat das neue Mi 120 | 10.11 13:56:50,665|
ggT32191 hat das neue Mi 150 | 10.11 13:56:50,759|
ggT32141 hat das neue Mi 10 | 10.11 13:56:50,821|
ggT32201 hat das neue Mi 275 | 10.11 13:56:50,837|
ggT32161 hat das neue Mi 40 | 10.11 13:56:50,868|
ggT3211 hat das neue Mi 30 | 10.11 13:56:50,915|
ggT32121 hat das neue Mi 55 | 10.11 13:56:50,930|
ggT3251 hat das neue Mi 10 | 10.11 13:56:50,961|
ggT3271 hat das neue Mi 25 | 10.11 13:56:51,227|
ggT3281 hat das neue Mi 25 | 10.11 13:56:51,258|
ggT32191 hat das neue Mi 75 | 10.11 13:56:51,461|
ggT32151 hat das neue Mi 10 | 10.11 13:56:51,476|
ggT32201 hat das neue Mi 55 | 10.11 13:56:51,570|
ggT32161 hat das neue Mi 10 | 10.11 13:56:51,632|
ggT3221 hat das neue Mi 25 | 10.11 13:56:51,819|
ggT32191 hat das neue Mi 25 | 10.11 13:56:51,851|
ggT32111 hat das neue Mi 25 | 10.11 13:56:52,053|
Das korrekte Ergebnis 5wurde von ggT32101um 10.11 13:56:57,514|gefunden
Das korrekte Ergebnis 5wurde von ggT32171um 10.11 13:56:57,529|gefunden
Das korrekte Ergebnis 5wurde von ggT3291um 10.11 13:56:57,888|gefunden
Das korrekte Ergebnis 5wurde von ggT32131um 10.11 13:56:58,122|gefunden
Resette Clients
Starter <7272.40.0> Angemeldet
GGT-Prozess ggT32201 Angemeldet
GGT-Prozess ggT32181 Angemeldet
GGT-Prozess ggT32171 Angemeldet
GGT-Prozess ggT32161 Angemeldet
GGT-Prozess ggT32151 Angemeldet
GGT-Prozess ggT32141 Angemeldet
GGT-Prozess ggT32131 Angemeldet
GGT-Prozess ggT32121 Angemeldet
GGT-Prozess ggT32191 Angemeldet
GGT-Prozess ggT3281 Angemeldet
GGT-Prozess ggT3291 Angemeldet
GGT-Prozess ggT32111 Angemeldet
GGT-Prozess ggT3271 Angemeldet
GGT-Prozess ggT3261 Angemeldet
GGT-Prozess ggT3251 Angemeldet
GGT-Prozess ggT3241 Angemeldet
GGT-Prozess ggT3231 Angemeldet
GGT-Prozess ggT3221 Angemeldet
GGT-Prozess ggT3211 Angemeldet
GGT-Prozess ggT32101 Angemeldet
Wechsle in Arbeitsphase
Starte Berechnung mit Wunsch-GGT 7
ggT32101 hat das neue Mi 8818324515 | 10.11 13:57:39,185|
ggT3221 hat das neue Mi 12777765 | 10.11 13:57:39,325|
ggT32171 hat das neue Mi 17037595575 | 10.11 13:57:39,388|
ggT3231 hat das neue Mi 1018325 | 10.11 13:57:39,513|
ggT3251 hat das neue Mi 722085 | 10.11 13:57:39,591|
ggT32101 hat das neue Mi 72878715 | 10.11 13:57:39,778|
ggT32151 hat das neue Mi 10465 | 10.11 13:57:39,809|
ggT3221 hat das neue Mi 13209 | 10.11 13:57:39,856|
ggT3281 hat das neue Mi 2147145 | 10.11 13:57:39,949|
ggT32171 hat das neue Mi 56854980 | 10.11 13:57:40,074|
ggT32201 hat das neue Mi 622895 | 10.11 13:57:40,168|
ggT3231 hat das neue Mi 1232 | 10.11 13:57:40,199|
ggT3251 hat das neue Mi 8799 | 10.11 13:57:40,308|
ggT32111 hat das neue Mi 20651631 | 10.11 13:57:40,324|
ggT3261 hat das neue Mi 3367 | 10.11 13:57:40,402|
ggT32121 hat das neue Mi 156975 | 10.11 13:57:40,433|
ggT32131 hat das neue Mi 26481455 | 10.11 13:57:40,464|
ggT32101 hat das neue Mi 16023735 | 10.11 13:57:40,464|
ggT32151 hat das neue Mi 609 | 10.11 13:57:40,464|
ggT3221 hat das neue Mi 889 | 10.11 13:57:40,527|
ggT3281 hat das neue Mi 189 | 10.11 13:57:40,870|
ggT32171 hat das neue Mi 8783775 | 10.11 13:57:40,995|
ggT3291 hat das neue Mi 1183 | 10.11 13:57:41,041|
ggT3241 hat das neue Mi 609073465 | 10.11 13:57:41,057|
ggT32201 hat das neue Mi 497 | 10.11 13:57:41,073|
ggT32111 hat das neue Mi 3084081 | 10.11 13:57:41,151|
ggT3231 hat das neue Mi 343 | 10.11 13:57:41,229|
ggT3251 hat das neue Mi 105 | 10.11 13:57:41,260|
ggT32101 hat das neue Mi 7239960 | 10.11 13:57:41,447|
ggT3261 hat das neue Mi 154 | 10.11 13:57:41,572|
ggT32121 hat das neue Mi 420 | 10.11 13:57:41,650|
ggT32131 hat das neue Mi 1808807 | 10.11 13:57:41,712|
ggT32151 hat das neue Mi 266 | 10.11 13:57:41,728|
ggT3221 hat das neue Mi 49 | 10.11 13:57:41,790|
ggT3271 hat das neue Mi 30827475 | 10.11 13:57:41,931|
ggT3241 hat das neue Mi 1314313 | 10.11 13:57:42,227|
ggT3281 hat das neue Mi 35 | 10.11 13:57:42,305|
ggT32171 hat das neue Mi 2615613 | 10.11 13:57:42,352|
ggT32201 hat das neue Mi 231 | 10.11 13:57:42,367|
ggT3291 hat das neue Mi 105 | 10.11 13:57:42,523|
ggT32111 hat das neue Mi 1275274 | 10.11 13:57:42,555|
ggT3231 hat das neue Mi 49 | 10.11 13:57:42,601|
ggT32161 hat das neue Mi 259 | 10.11 13:57:42,601|
ggT32101 hat das neue Mi 420 | 10.11 13:57:42,601|
ggT3261 hat das neue Mi 49 | 10.11 13:57:42,601|
ggT32131 hat das neue Mi 533533 | 10.11 13:57:42,664|
ggT32121 hat das neue Mi 189 | 10.11 13:57:42,664|
ggT32151 hat das neue Mi 21 | 10.11 13:57:42,711|
ggT3271 hat das neue Mi 105 | 10.11 13:57:42,773|
ggT3241 hat das neue Mi 247247 | 10.11 13:57:43,163|
ggT32191 hat das neue Mi 5797715 | 10.11 13:57:43,179|
ggT32111 hat das neue Mi 208208 | 10.11 13:57:43,225|
ggT32201 hat das neue Mi 21 | 10.11 13:57:43,272|
ggT32171 hat das neue Mi 273 | 10.11 13:57:43,303|
ggT3261 hat das neue Mi 14 | 10.11 13:57:43,319|
ggT32161 hat das neue Mi 49 | 10.11 13:57:43,350|
ggT32101 hat das neue Mi 42 | 10.11 13:57:43,584|
ggT32131 hat das neue Mi 117117 | 10.11 13:57:43,771|
ggT32121 hat das neue Mi 21 | 10.11 13:57:43,803|
ggT32141 hat das neue Mi 10275825 | 10.11 13:57:43,927|
ggT3241 hat das neue Mi 13013 | 10.11 13:57:44,052|
ggT32191 hat das neue Mi 35 | 10.11 13:57:44,099|
ggT32111 hat das neue Mi 182 | 10.11 13:57:44,224|
ggT3211 hat das neue Mi 273 | 10.11 13:57:44,317|
ggT32101 hat das neue Mi 21 | 10.11 13:57:44,458|
ggT32181 hat das neue Mi 2424499 | 10.11 13:57:44,520|
ggT32131 hat das neue Mi 91 | 10.11 13:57:44,567|
ggT32141 hat das neue Mi 35 | 10.11 13:57:44,645|
ggT32171 hat das neue Mi 21 | 10.11 13:57:44,692|
ggT3241 hat das neue Mi 91 | 10.11 13:57:44,754|
ggT3211 hat das neue Mi 91 | 10.11 13:57:44,785|
ggT32111 hat das neue Mi 14 | 10.11 13:57:44,801|
ggT32181 hat das neue Mi 14 | 10.11 13:57:45,035|
Das korrekte Ergebnis 7wurde von ggT3251um 10.11 13:57:49,169|gefunden
Das korrekte Ergebnis 7wurde von ggT3221um 10.11 13:57:49,887|gefunden
Das korrekte Ergebnis 7wurde von ggT3231um 10.11 13:57:50,027|gefunden
Das korrekte Ergebnis 7wurde von ggT32151um 10.11 13:57:50,511|gefunden
System wird heruntergefahren
