Name ggT32121 erfolgreich registriert
ggT32121: linker Nachbar ggT3281 ich: ggT32121 rechter Nachbar ggT32201
ggT32121: Mi auf 10765150 gesetzt
ggT32121: Berechne Mi: 10765150 Y: 230
ggT32121: Berechne Mi: 230 Y: 20
ggT32121: Berechne Mi: 10 Y: 10
ggT32121: Berechne Mi: 10 Y: 10
ggT32121: Abstimmungsanfrage erhalten - nehme an
ggT32121: Abstimmungsanfrage erhalten - nehme an
ggT32121: Abstimmungsanfrage erhalten - nehme an
ggT32121: Abstimmungsanfrage erhalten - nehme an
ggT32121: Abstimmungsanfrage erhalten - nehme an
ggT32121: Abstimmungsanfrage erhalten - nehme an
ggT32121: Abstimmungsanfrage erhalten - nehme an
ggT32121: Mi auf 87285 gesetzt
ggT32121: Berechne Mi: 87285 Y: 55
ggT32121: Berechne Mi: 55 Y: 275
ggT32121: Berechne Mi: 55 Y: 25
ggT32121: Berechne Mi: 5 Y: 55
ggT32121: Berechne Mi: 5 Y: 5
ggT32121: Berechne Mi: 5 Y: 5
ggT32121: Abstimmungsanfrage erhalten - nehme an
ggT32121: Abstimmungsanfrage erhalten - nehme an
ggT32121: Abstimmungsanfrage erhalten - nehme an
ggT32121: Abstimmungsanfrage erhalten - nehme an
Name ggT32121 erfolgreich registriert
ggT32121: linker Nachbar ggT32101 ich: ggT32121 rechter Nachbar ggT32201
ggT32121: Mi auf 156975 gesetzt
ggT32121: Berechne Mi: 156975 Y: 72878715
ggT32121: Berechne Mi: 156975 Y: 16023735
ggT32121: Berechne Mi: 156975 Y: 497
ggT32121: Berechne Mi: 420 Y: 7239960
ggT32121: Berechne Mi: 420 Y: 231
ggT32121: Berechne Mi: 189 Y: 420
ggT32121: Berechne Mi: 189 Y: 21
ggT32121: Berechne Mi: 21 Y: 42
ggT32121: Berechne Mi: 21 Y: 7
ggT32121: Berechne Mi: 7 Y: 21
ggT32121: Berechne Mi: 7 Y: 7
ggT32121: Abstimmungsanfrage erhalten - nehme an
ggT32121: Abstimmungsanfrage erhalten - nehme an
ggT32121: Abstimmungsanfrage erhalten - nehme an
ggT32121: Abstimmungsanfrage erhalten - nehme an
