Name ggT32131 erfolgreich registriert
ggT32131: linker Nachbar ggT3241 ich: ggT32131 rechter Nachbar ggT3291
ggT32131: Mi auf 74750 gesetzt
ggT32131: Berechne Mi: 74750 Y: 22840
ggT32131: Berechne Mi: 6230 Y: 1150
ggT32131: Berechne Mi: 480 Y: 4150
ggT32131: Berechne Mi: 480 Y: 230
ggT32131: Berechne Mi: 20 Y: 10
ggT32131: Berechne Mi: 10 Y: 10
ggT32131: Abstimmungsanfrage erhalten - nehme an
ggT32131: Abstimmungsanfrage erhalten - nehme an
ggT32131: Abstimmungsanfrage erhalten - nehme an
ggT32131: Abstimmungsanfrage erhalten - nehme an
ggT32131: Abstimmungsanfrage erhalten - nehme an
ggT32131: Abstimmungsanfrage erhalten - nehme an
ggT32131: Abstimmungsanfrage erhalten - nehme an
ggT32131: Mi auf 814726125 gesetzt
ggT32131: Berechne Mi: 814726125 Y: 976097000
ggT32131: Berechne Mi: 814726125 Y: 6170
ggT32131: Berechne Mi: 2305 Y: 1830
ggT32131: Berechne Mi: 475 Y: 1560
ggT32131: Berechne Mi: 475 Y: 375
ggT32131: Berechne Mi: 100 Y: 135
ggT32131: Berechne Mi: 100 Y: 45
ggT32131: Berechne Mi: 10 Y: 35
ggT32131: Berechne Mi: 10 Y: 5
ggT32131: Berechne Mi: 5 Y: 5
ggT32131: Starte Abstimmung
ggT32131: Abstimmungsanfrage erhalten - nehme an
ggT32131: Abstimmungsanfrage erhalten - nehme an
ggT32131: Abstimmungsanfrage erhalten - nehme an
ggT32131: Abstimmung erfolgreich beendet
Name ggT32131 erfolgreich registriert
ggT32131: linker Nachbar ggT3241 ich: ggT32131 rechter Nachbar ggT32111
ggT32131: Mi auf 26481455 gesetzt
ggT32131: Berechne Mi: 26481455 Y: 3084081
ggT32131: Berechne Mi: 1808807 Y: 1275274
ggT32131: Berechne Mi: 533533 Y: 1314313
ggT32131: Berechne Mi: 533533 Y: 208208
ggT32131: Berechne Mi: 117117 Y: 247247
ggT32131: Berechne Mi: 117117 Y: 182
ggT32131: Berechne Mi: 91 Y: 13013
ggT32131: Berechne Mi: 91 Y: 14
ggT32131: Berechne Mi: 7 Y: 91
ggT32131: Berechne Mi: 7 Y: 7
ggT32131: Berechne Mi: 7 Y: 7
ggT32131: Abstimmungsanfrage erhalten - nehme an
ggT32131: Abstimmungsanfrage erhalten - nehme an
ggT32131: Abstimmungsanfrage erhalten - nehme an
ggT32131: Abstimmungsanfrage erhalten - nehme an
