Name ggT32111 erfolgreich registriert
ggT32111: linker Nachbar ggT3221 ich: ggT32111 rechter Nachbar ggT32191
ggT32111: Mi auf 2221377937350 gesetzt
ggT32111: Berechne Mi: 2221377937350 Y: 30
ggT32111: Berechne Mi: 30 Y: 10
ggT32111: Berechne Mi: 10 Y: 30
ggT32111: Berechne Mi: 10 Y: 10
ggT32111: Starte Abstimmung
ggT32111: Abstimmungsanfrage erhalten - nehme an
ggT32111: Abstimmungsanfrage erhalten - nehme an
ggT32111: Abstimmungsanfrage erhalten - nehme an
ggT32111: Abstimmungsanfrage erhalten - nehme an
ggT32111: Abstimmungsanfrage erhalten - nehme an
ggT32111: Abstimmungsanfrage erhalten - nehme an
ggT32111: Abstimmung erfolgreich beendet
ggT32111: Mi auf 9126975 gesetzt
ggT32111: Berechne Mi: 9126975 Y: 475
ggT32111: Berechne Mi: 325 Y: 150
ggT32111: Berechne Mi: 25 Y: 275
ggT32111: Berechne Mi: 25 Y: 25
ggT32111: Berechne Mi: 25 Y: 75
ggT32111: Berechne Mi: 25 Y: 25
ggT32111: Berechne Mi: 25 Y: 5
ggT32111: Berechne Mi: 5 Y: 5
ggT32111: Abstimmungsanfrage erhalten - nehme an
ggT32111: Abstimmungsanfrage erhalten - nehme an
ggT32111: Abstimmungsanfrage erhalten - nehme an
ggT32111: Abstimmungsanfrage erhalten - nehme an
Name ggT32111 erfolgreich registriert
ggT32111: linker Nachbar ggT32131 ich: ggT32111 rechter Nachbar ggT32171
ggT32111: Mi auf 20651631 gesetzt
ggT32111: Berechne Mi: 20651631 Y: 56854980
ggT32111: Berechne Mi: 20651631 Y: 8783775
ggT32111: Berechne Mi: 3084081 Y: 1808807
ggT32111: Berechne Mi: 1275274 Y: 2615613
ggT32111: Berechne Mi: 1275274 Y: 533533
ggT32111: Berechne Mi: 208208 Y: 273
ggT32111: Berechne Mi: 182 Y: 117117
ggT32111: Berechne Mi: 182 Y: 21
ggT32111: Berechne Mi: 14 Y: 91
ggT32111: Berechne Mi: 14 Y: 7
ggT32111: Berechne Mi: 7 Y: 7
ggT32111: Abstimmungsanfrage erhalten - nehme an
ggT32111: Abstimmungsanfrage erhalten - nehme an
ggT32111: Abstimmungsanfrage erhalten - nehme an
ggT32111: Abstimmungsanfrage erhalten - nehme an
