Name ggT3251 erfolgreich registriert
ggT3251: linker Nachbar ggT32161 ich: ggT3251 rechter Nachbar ggT3241
ggT3251: Mi auf 57948989670 gesetzt
ggT3251: Berechne Mi: 57948989670 Y: 4723050
ggT3251: Berechne Mi: 1889220 Y: 1732590
ggT3251: Berechne Mi: 156630 Y: 9660
ggT3251: Berechne Mi: 2070 Y: 22840
ggT3251: Berechne Mi: 2070 Y: 4150
ggT3251: Berechne Mi: 2070 Y: 230
ggT3251: Berechne Mi: 230 Y: 10
ggT3251: Berechne Mi: 10 Y: 30
ggT3251: Berechne Mi: 10 Y: 10
ggT3251: Abstimmungsanfrage erhalten - nehme an
ggT3251: Abstimmungsanfrage erhalten - nehme an
ggT3251: Abstimmungsanfrage erhalten - nehme an
ggT3251: Abstimmungsanfrage erhalten - nehme an
ggT3251: Abstimmungsanfrage erhalten - nehme an
ggT3251: Abstimmungsanfrage erhalten - nehme an
ggT3251: Abstimmungsanfrage erhalten - nehme an
ggT3251: Mi auf 11349195 gesetzt
ggT3251: Berechne Mi: 11349195 Y: 148005
ggT3251: Berechne Mi: 100815 Y: 976097000
ggT3251: Berechne Mi: 100815 Y: 82995
ggT3251: Berechne Mi: 17820 Y: 6170
ggT3251: Berechne Mi: 5480 Y: 11715
ggT3251: Berechne Mi: 5480 Y: 1560
ggT3251: Berechne Mi: 800 Y: 755
ggT3251: Berechne Mi: 45 Y: 135
ggT3251: Berechne Mi: 45 Y: 265
ggT3251: Berechne Mi: 45 Y: 35
ggT3251: Berechne Mi: 10 Y: 40
ggT3251: Berechne Mi: 10 Y: 5
ggT3251: Berechne Mi: 5 Y: 10
ggT3251: Berechne Mi: 5 Y: 5
ggT3251: Abstimmungsanfrage erhalten - nehme an
ggT3251: Abstimmungsanfrage erhalten - nehme an
ggT3251: Abstimmungsanfrage erhalten - nehme an
ggT3251: Abstimmungsanfrage erhalten - nehme an
Name ggT3251 erfolgreich registriert
ggT3251: linker Nachbar ggT3221 ich: ggT3251 rechter Nachbar ggT3281
ggT3251: Mi auf 722085 gesetzt
ggT3251: Berechne Mi: 722085 Y: 13209
ggT3251: Berechne Mi: 8799 Y: 189
ggT3251: Berechne Mi: 105 Y: 889
ggT3251: Berechne Mi: 105 Y: 49
ggT3251: Berechne Mi: 7 Y: 35
ggT3251: Berechne Mi: 7 Y: 7
ggT3251: Berechne Mi: 7 Y: 7
ggT3251: Starte Abstimmung
ggT3251: Abstimmungsanfrage erhalten - nehme an
ggT3251: Abstimmungsanfrage erhalten - nehme an
ggT3251: Abstimmungsanfrage erhalten - nehme an
ggT3251: Abstimmung erfolgreich beendet
