Name ggT3221 erfolgreich registriert
ggT3221: linker Nachbar ggT32201 ich: ggT3221 rechter Nachbar ggT32111
ggT3221: Mi auf 91792476750 gesetzt
ggT3221: Berechne Mi: 91792476750 Y: 30
ggT3221: Berechne Mi: 30 Y: 10
ggT3221: Berechne Mi: 10 Y: 20
ggT3221: Berechne Mi: 10 Y: 10
ggT3221: Abstimmungsanfrage erhalten - nehme an
ggT3221: Abstimmungsanfrage erhalten - nehme an
ggT3221: Abstimmungsanfrage erhalten - nehme an
ggT3221: Abstimmungsanfrage erhalten - nehme an
ggT3221: Abstimmungsanfrage erhalten - nehme an
ggT3221: Abstimmungsanfrage erhalten - nehme an
ggT3221: Abstimmungsanfrage erhalten - nehme an
ggT3221: Mi auf 2574275 gesetzt
ggT3221: Berechne Mi: 2574275 Y: 325
ggT3221: Berechne Mi: 275 Y: 25
ggT3221: Berechne Mi: 25 Y: 275
ggT3221: Berechne Mi: 25 Y: 55
ggT3221: Berechne Mi: 25 Y: 5
ggT3221: Berechne Mi: 5 Y: 5
ggT3221: Abstimmungsanfrage erhalten - nehme an
ggT3221: Abstimmungsanfrage erhalten - nehme an
ggT3221: Abstimmungsanfrage erhalten - nehme an
ggT3221: Abstimmungsanfrage erhalten - nehme an
Name ggT3221 erfolgreich registriert
ggT3221: linker Nachbar ggT3231 ich: ggT3221 rechter Nachbar ggT3251
ggT3221: Mi auf 12777765 gesetzt
ggT3221: Berechne Mi: 12777765 Y: 28749
ggT3221: Berechne Mi: 13209 Y: 1232
ggT3221: Berechne Mi: 889 Y: 8799
ggT3221: Berechne Mi: 889 Y: 105
ggT3221: Berechne Mi: 49 Y: 343
ggT3221: Berechne Mi: 49 Y: 7
ggT3221: Berechne Mi: 7 Y: 49
ggT3221: Berechne Mi: 7 Y: 7
ggT3221: Starte Abstimmung
ggT3221: Abstimmungsanfrage erhalten - nehme an
ggT3221: Abstimmungsanfrage erhalten - nehme an
ggT3221: Abstimmungsanfrage erhalten - nehme an
ggT3221: Abstimmung erfolgreich beendet
