Name ggT32181 erfolgreich registriert
ggT32181: linker Nachbar ggT32141 ich: ggT32181 rechter Nachbar ggT3211
ggT32181: Mi auf 46336950 gesetzt
ggT32181: Berechne Mi: 46336950 Y: 920
ggT32181: Berechne Mi: 230 Y: 230
ggT32181: Berechne Mi: 230 Y: 230
ggT32181: Berechne Mi: 230 Y: 10
ggT32181: Berechne Mi: 10 Y: 10
ggT32181: Abstimmungsanfrage erhalten - nehme an
ggT32181: Abstimmungsanfrage erhalten - nehme an
ggT32181: Abstimmungsanfrage erhalten - nehme an
ggT32181: Abstimmungsanfrage erhalten - nehme an
ggT32181: Abstimmungsanfrage erhalten - nehme an
ggT32181: Abstimmungsanfrage erhalten - nehme an
ggT32181: Abstimmungsanfrage erhalten - nehme an
ggT32181: Mi auf 6191131375 gesetzt
ggT32181: Berechne Mi: 6191131375 Y: 1455
ggT32181: Berechne Mi: 160 Y: 85
ggT32181: Berechne Mi: 75 Y: 330
ggT32181: Berechne Mi: 75 Y: 10
ggT32181: Berechne Mi: 5 Y: 30
ggT32181: Berechne Mi: 5 Y: 5
ggT32181: Berechne Mi: 5 Y: 5
ggT32181: Abstimmungsanfrage erhalten - nehme an
ggT32181: Abstimmungsanfrage erhalten - nehme an
ggT32181: Abstimmungsanfrage erhalten - nehme an
ggT32181: Abstimmungsanfrage erhalten - nehme an
Name ggT32181 erfolgreich registriert
ggT32181: linker Nachbar ggT32141 ich: ggT32181 rechter Nachbar ggT3211
ggT32181: Mi auf 2424499 gesetzt
ggT32181: Starte Abstimmung
ggT32181: Berechne Mi: 2424499 Y: 35
ggT32181: Berechne Mi: 14 Y: 91
ggT32181: Berechne Mi: 14 Y: 7
ggT32181: Berechne Mi: 7 Y: 7
ggT32181: Abstimmungsanfrage erhalten - nehme an
ggT32181: Abstimmungsanfrage erhalten - nehme an
ggT32181: Abstimmungsanfrage erhalten - nehme an
ggT32181: Abstimmungsanfrage erhalten - nehme an
