Name ggT32141 erfolgreich registriert
ggT32141: linker Nachbar ggT3291 ich: ggT32141 rechter Nachbar ggT32181
ggT32141: Mi auf 33078370 gesetzt
ggT32141: Berechne Mi: 33078370 Y: 1150
ggT32141: Berechne Mi: 920 Y: 230
ggT32141: Berechne Mi: 230 Y: 230
ggT32141: Berechne Mi: 230 Y: 10
ggT32141: Berechne Mi: 10 Y: 10
ggT32141: Abstimmungsanfrage erhalten - nehme an
ggT32141: Abstimmungsanfrage erhalten - nehme an
ggT32141: Abstimmungsanfrage erhalten - nehme an
ggT32141: Abstimmungsanfrage erhalten - nehme an
ggT32141: Abstimmungsanfrage erhalten - nehme an
ggT32141: Abstimmungsanfrage erhalten - nehme an
ggT32141: Abstimmungsanfrage erhalten - nehme an
ggT32141: Mi auf 1031745 gesetzt
ggT32141: Berechne Mi: 1031745 Y: 1830
ggT32141: Berechne Mi: 1455 Y: 375
ggT32141: Berechne Mi: 330 Y: 160
ggT32141: Berechne Mi: 10 Y: 45
ggT32141: Berechne Mi: 10 Y: 75
ggT32141: Berechne Mi: 10 Y: 5
ggT32141: Berechne Mi: 5 Y: 5
ggT32141: Abstimmungsanfrage erhalten - nehme an
ggT32141: Abstimmungsanfrage erhalten - nehme an
ggT32141: Abstimmungsanfrage erhalten - nehme an
ggT32141: Abstimmungsanfrage erhalten - nehme an
Name ggT32141 erfolgreich registriert
ggT32141: linker Nachbar ggT32191 ich: ggT32141 rechter Nachbar ggT32181
ggT32141: Mi auf 10275825 gesetzt
ggT32141: Berechne Mi: 10275825 Y: 35
ggT32141: Berechne Mi: 35 Y: 7
ggT32141: Berechne Mi: 7 Y: 14
ggT32141: Berechne Mi: 7 Y: 7
ggT32141: Abstimmungsanfrage erhalten - nehme an
ggT32141: Abstimmungsanfrage erhalten - nehme an
ggT32141: Abstimmungsanfrage erhalten - nehme an
ggT32141: Abstimmungsanfrage erhalten - nehme an
