Name ggT3281 erfolgreich registriert
ggT3281: linker Nachbar ggT3211 ich: ggT3281 rechter Nachbar ggT32121
ggT3281: Mi auf 6119498450 gesetzt
ggT3281: Berechne Mi: 6119498450 Y: 230
ggT3281: Berechne Mi: 230 Y: 230
ggT3281: Berechne Mi: 230 Y: 10
ggT3281: Berechne Mi: 10 Y: 10
ggT3281: Abstimmungsanfrage erhalten - nehme an
ggT3281: Abstimmungsanfrage erhalten - nehme an
ggT3281: Abstimmungsanfrage erhalten - nehme an
ggT3281: Abstimmungsanfrage erhalten - nehme an
ggT3281: Abstimmungsanfrage erhalten - nehme an
ggT3281: Abstimmungsanfrage erhalten - nehme an
ggT3281: Abstimmungsanfrage erhalten - nehme an
ggT3281: Mi auf 1341015 gesetzt
ggT3281: Berechne Mi: 1341015 Y: 85
ggT3281: Berechne Mi: 55 Y: 30
ggT3281: Berechne Mi: 25 Y: 55
ggT3281: Berechne Mi: 25 Y: 5
ggT3281: Berechne Mi: 5 Y: 5
ggT3281: Abstimmungsanfrage erhalten - nehme an
ggT3281: Abstimmungsanfrage erhalten - nehme an
ggT3281: Abstimmungsanfrage erhalten - nehme an
ggT3281: Abstimmungsanfrage erhalten - nehme an
Name ggT3281 erfolgreich registriert
ggT3281: linker Nachbar ggT3251 ich: ggT3281 rechter Nachbar ggT3261
ggT3281: Mi auf 2147145 gesetzt
ggT3281: Berechne Mi: 2147145 Y: 8799
ggT3281: Berechne Mi: 189 Y: 154
ggT3281: Berechne Mi: 35 Y: 105
ggT3281: Berechne Mi: 35 Y: 49
ggT3281: Berechne Mi: 35 Y: 7
ggT3281: Berechne Mi: 7 Y: 14
ggT3281: Berechne Mi: 7 Y: 7
ggT3281: Abstimmungsanfrage erhalten - nehme an
ggT3281: Abstimmungsanfrage erhalten - nehme an
ggT3281: Abstimmungsanfrage erhalten - nehme an
ggT3281: Abstimmungsanfrage erhalten - nehme an
