Name ggT32171 erfolgreich registriert
ggT32171: linker Nachbar ggT3231 ich: ggT32171 rechter Nachbar ggT32101
ggT32171: Mi auf 10350 gesetzt
ggT32171: Berechne Mi: 10350 Y: 40
ggT32171: Berechne Mi: 30 Y: 10
ggT32171: Berechne Mi: 10 Y: 30
ggT32171: Berechne Mi: 10 Y: 10
ggT32171: Starte Abstimmung
ggT32171: Abstimmungsanfrage erhalten - nehme an
ggT32171: Abstimmungsanfrage erhalten - nehme an
ggT32171: Abstimmungsanfrage erhalten - nehme an
ggT32171: Abstimmungsanfrage erhalten - nehme an
ggT32171: Abstimmungsanfrage erhalten - nehme an
ggT32171: Abstimmungsanfrage erhalten - nehme an
ggT32171: Abstimmung erfolgreich beendet
ggT32171: Mi auf 41984085 gesetzt
ggT32171: Berechne Mi: 41984085 Y: 24975
ggT32171: Berechne Mi: 1110 Y: 475
ggT32171: Berechne Mi: 160 Y: 555
ggT32171: Berechne Mi: 160 Y: 5
ggT32171: Berechne Mi: 5 Y: 75
ggT32171: Berechne Mi: 5 Y: 5
ggT32171: Starte Abstimmung
ggT32171: Abstimmungsanfrage erhalten - nehme an
ggT32171: Abstimmungsanfrage erhalten - nehme an
ggT32171: Abstimmungsanfrage erhalten - nehme an
ggT32171: Abstimmung erfolgreich beendet
Name ggT32171 erfolgreich registriert
ggT32171: linker Nachbar ggT32111 ich: ggT32171 rechter Nachbar ggT32101
ggT32171: Mi auf 17037595575 gesetzt
ggT32171: Berechne Mi: 17037595575 Y: 72878715
ggT32171: Berechne Mi: 56854980 Y: 16023735
ggT32171: Berechne Mi: 8783775 Y: 3084081
ggT32171: Berechne Mi: 2615613 Y: 7239960
ggT32171: Berechne Mi: 2615613 Y: 420
ggT32171: Berechne Mi: 273 Y: 1275274
ggT32171: Berechne Mi: 273 Y: 42
ggT32171: Berechne Mi: 21 Y: 208208
ggT32171: Berechne Mi: 21 Y: 182
ggT32171: Berechne Mi: 21 Y: 21
ggT32171: Berechne Mi: 21 Y: 14
ggT32171: Berechne Mi: 7 Y: 7
ggT32171: Berechne Mi: 7 Y: 7
ggT32171: Abstimmungsanfrage erhalten - nehme an
ggT32171: Abstimmungsanfrage erhalten - nehme an
ggT32171: Abstimmungsanfrage erhalten - nehme an
ggT32171: Abstimmungsanfrage erhalten - nehme an
