Name ggT3291 erfolgreich registriert
ggT3291: linker Nachbar ggT32131 ich: ggT3291 rechter Nachbar ggT32141
ggT3291: Mi auf 419840850 gesetzt
ggT3291: Berechne Mi: 419840850 Y: 6230
ggT3291: Berechne Mi: 1150 Y: 920
ggT3291: Berechne Mi: 230 Y: 480
ggT3291: Berechne Mi: 230 Y: 230
ggT3291: Berechne Mi: 230 Y: 20
ggT3291: Berechne Mi: 10 Y: 10
ggT3291: Berechne Mi: 10 Y: 10
ggT3291: Abstimmungsanfrage erhalten - nehme an
ggT3291: Abstimmungsanfrage erhalten - nehme an
ggT3291: Abstimmungsanfrage erhalten - nehme an
ggT3291: Abstimmungsanfrage erhalten - nehme an
ggT3291: Abstimmungsanfrage erhalten - nehme an
ggT3291: Abstimmungsanfrage erhalten - nehme an
ggT3291: Abstimmungsanfrage erhalten - nehme an
ggT3291: Mi auf 160875 gesetzt
ggT3291: Berechne Mi: 160875 Y: 2305
ggT3291: Berechne Mi: 1830 Y: 1455
ggT3291: Berechne Mi: 375 Y: 475
ggT3291: Berechne Mi: 375 Y: 330
ggT3291: Berechne Mi: 45 Y: 100
ggT3291: Berechne Mi: 45 Y: 10
ggT3291: Berechne Mi: 5 Y: 10
ggT3291: Berechne Mi: 5 Y: 5
ggT3291: Berechne Mi: 5 Y: 5
ggT3291: Starte Abstimmung
ggT3291: Abstimmungsanfrage erhalten - nehme an
ggT3291: Abstimmungsanfrage erhalten - nehme an
ggT3291: Abstimmungsanfrage erhalten - nehme an
ggT3291: Abstimmung erfolgreich beendet
Name ggT3291 erfolgreich registriert
ggT3291: linker Nachbar ggT3261 ich: ggT3291 rechter Nachbar ggT3271
ggT3291: Mi auf 1183 gesetzt
ggT3291: Berechne Mi: 1183 Y: 154
ggT3291: Berechne Mi: 105 Y: 105
ggT3291: Berechne Mi: 105 Y: 49
ggT3291: Berechne Mi: 7 Y: 14
ggT3291: Berechne Mi: 7 Y: 7
ggT3291: Berechne Mi: 7 Y: 7
ggT3291: Abstimmungsanfrage erhalten - nehme an
ggT3291: Abstimmungsanfrage erhalten - nehme an
ggT3291: Abstimmungsanfrage erhalten - nehme an
ggT3291: Abstimmungsanfrage erhalten - nehme an
