Name ggT3231 erfolgreich registriert
ggT3231: linker Nachbar ggT32191 ich: ggT3231 rechter Nachbar ggT32171
ggT3231: Mi auf 3450 gesetzt
ggT3231: Berechne Mi: 3450 Y: 15210
ggT3231: Berechne Mi: 3450 Y: 30
ggT3231: Berechne Mi: 30 Y: 10
ggT3231: Berechne Mi: 10 Y: 30
ggT3231: Berechne Mi: 10 Y: 10
ggT3231: Starte Abstimmung
ggT3231: Abstimmungsanfrage erhalten - nehme an
ggT3231: Abstimmungsanfrage erhalten - nehme an
ggT3231: Abstimmungsanfrage erhalten - nehme an
ggT3231: Abstimmungsanfrage erhalten - nehme an
ggT3231: Abstimmungsanfrage erhalten - nehme an
ggT3231: Abstimmungsanfrage erhalten - nehme an
ggT3231: Abstimmung erfolgreich beendet
ggT3231: Mi auf 16941375 gesetzt
ggT3231: Berechne Mi: 16941375 Y: 19049635
ggT3231: Berechne Mi: 16941375 Y: 1110
ggT3231: Berechne Mi: 555 Y: 160
ggT3231: Berechne Mi: 75 Y: 475
ggT3231: Berechne Mi: 75 Y: 150
ggT3231: Berechne Mi: 75 Y: 5
ggT3231: Berechne Mi: 5 Y: 75
ggT3231: Berechne Mi: 5 Y: 25
ggT3231: Berechne Mi: 5 Y: 5
ggT3231: Abstimmungsanfrage erhalten - nehme an
ggT3231: Abstimmungsanfrage erhalten - nehme an
ggT3231: Abstimmungsanfrage erhalten - nehme an
ggT3231: Abstimmungsanfrage erhalten - nehme an
Name ggT3231 erfolgreich registriert
ggT3231: linker Nachbar ggT32151 ich: ggT3231 rechter Nachbar ggT3221
ggT3231: Mi auf 1018325 gesetzt
ggT3231: Berechne Mi: 1018325 Y: 13209
ggT3231: Berechne Mi: 1232 Y: 889
ggT3231: Berechne Mi: 343 Y: 609
ggT3231: Berechne Mi: 343 Y: 49
ggT3231: Berechne Mi: 49 Y: 266
ggT3231: Berechne Mi: 49 Y: 7
ggT3231: Berechne Mi: 7 Y: 21
ggT3231: Berechne Mi: 7 Y: 7
ggT3231: Starte Abstimmung
ggT3231: Abstimmungsanfrage erhalten - nehme an
ggT3231: Abstimmungsanfrage erhalten - nehme an
ggT3231: Abstimmungsanfrage erhalten - nehme an
ggT3231: Abstimmung erfolgreich beendet
