Name ggT3211 erfolgreich registriert
ggT3211: linker Nachbar ggT32181 ich: ggT3211 rechter Nachbar ggT3281
ggT3211: Mi auf 470730650 gesetzt
ggT3211: Berechne Mi: 470730650 Y: 230
ggT3211: Berechne Mi: 230 Y: 230
ggT3211: Berechne Mi: 230 Y: 10
ggT3211: Berechne Mi: 10 Y: 10
ggT3211: Abstimmungsanfrage erhalten - nehme an
ggT3211: Abstimmungsanfrage erhalten - nehme an
ggT3211: Abstimmungsanfrage erhalten - nehme an
ggT3211: Abstimmungsanfrage erhalten - nehme an
ggT3211: Abstimmungsanfrage erhalten - nehme an
ggT3211: Abstimmungsanfrage erhalten - nehme an
ggT3211: Abstimmungsanfrage erhalten - nehme an
ggT3211: Mi auf 12169711125 gesetzt
ggT3211: Berechne Mi: 12169711125 Y: 160
ggT3211: Berechne Mi: 85 Y: 55
ggT3211: Berechne Mi: 30 Y: 75
ggT3211: Berechne Mi: 30 Y: 25
ggT3211: Berechne Mi: 5 Y: 5
ggT3211: Berechne Mi: 5 Y: 5
ggT3211: Abstimmungsanfrage erhalten - nehme an
ggT3211: Abstimmungsanfrage erhalten - nehme an
ggT3211: Abstimmungsanfrage erhalten - nehme an
ggT3211: Abstimmungsanfrage erhalten - nehme an
Name ggT3211 erfolgreich registriert
ggT3211: linker Nachbar ggT32181 ich: ggT3211 rechter Nachbar ggT3241
ggT3211: Mi auf 273 gesetzt
ggT3211: Berechne Mi: 273 Y: 4383225
ggT3211: Berechne Mi: 273 Y: 1314313
ggT3211: Berechne Mi: 273 Y: 247247
ggT3211: Berechne Mi: 273 Y: 13013
ggT3211: Berechne Mi: 273 Y: 91
ggT3211: Abstimmungsanfrage erhalten - lehne ab
ggT3211: Berechne Mi: 91 Y: 14
ggT3211: Berechne Mi: 7 Y: 7
ggT3211: Berechne Mi: 7 Y: 7
ggT3211: Abstimmungsanfrage erhalten - nehme an
ggT3211: Abstimmungsanfrage erhalten - nehme an
ggT3211: Abstimmungsanfrage erhalten - nehme an
ggT3211: Abstimmungsanfrage erhalten - nehme an
